[Fri, 06 May 22 21:56:49 +0000][ERROR] une première erreur
[Fri, 06 May 22 21:58:01 +0000][DEBUG] un log de debug
[Fri, 06 May 22 22:18:59 +0000][DEBUG] un log de debug
[Fri, 06 May 22 22:19:10 +0000][DEBUG] un log de debug
[Fri, 06 May 22 22:25:31 +0000][DEBUG] un log de debug
[Fri, 06 May 22 22:25:32 +0000][DEBUG] un log de debug
[Fri, 06 May 22 22:34:24 +0000][DEBUG] un log de debug
[Fri, 06 May 22 22:45:32 +0000][DEBUG] un log de debug
[Fri, 06 May 22 22:54:37 +0000][ERROR] LolController handler class cannot be loaded
#0 [internal function]: Phalcon\Mvc\Dispatcher->_throwDispatchException('LolController h...', 2)
#1 [internal function]: Phalcon\Dispatcher->dispatch()
#2 /var/www/html/public/index.php(42): Phalcon\Mvc\Application->handle()
#3 {main}
[Fri, 06 May 22 22:54:38 +0000][ERROR] ImgController handler class cannot be loaded
#0 [internal function]: Phalcon\Mvc\Dispatcher->_throwDispatchException('ImgController h...', 2)
#1 [internal function]: Phalcon\Dispatcher->dispatch()
#2 /var/www/html/public/index.php(42): Phalcon\Mvc\Application->handle()
#3 {main}
[Fri, 06 May 22 22:54:57 +0000][ERROR] LolController handler class cannot be loaded
#0 [internal function]: Phalcon\Mvc\Dispatcher->_throwDispatchException('LolController h...', 2)
#1 [internal function]: Phalcon\Dispatcher->dispatch()
#2 /var/www/html/public/index.php(42): Phalcon\Mvc\Application->handle()
#3 {main}
[Fri, 06 May 22 22:55:39 +0000][DEBUG] un log de debug
[Fri, 06 May 22 22:55:42 +0000][ERROR] MovieController handler class cannot be loaded
#0 [internal function]: Phalcon\Mvc\Dispatcher->_throwDispatchException('MovieController...', 2)
#1 [internal function]: Phalcon\Dispatcher->dispatch()
#2 /var/www/html/public/index.php(42): Phalcon\Mvc\Application->handle()
#3 {main}
[Fri, 06 May 22 22:55:44 +0000][DEBUG] un log de debug
[Fri, 06 May 22 23:07:31 +0000][DEBUG] un log de debug
[Fri, 06 May 22 23:18:00 +0000][DEBUG] Evenement beforeRender - Action demandéindex
[Fri, 06 May 22 23:18:22 +0000][DEBUG] Evenement beforeRender - Action demandé index
[Fri, 06 May 22 23:18:24 +0000][DEBUG] Evenement beforeRender - Action demandé add
[Fri, 06 May 22 23:32:32 +0000][DEBUG] beforeRender/Action : add
[Fri, 06 May 22 23:32:34 +0000][DEBUG] beforeRender/Action : index
[Fri, 06 May 22 23:45:00 +0000][DEBUG] beforeRender/Action : index
[Fri, 06 May 22 23:51:58 +0000][DEBUG] beforeRender/Action : index
[Fri, 06 May 22 23:51:59 +0000][DEBUG] beforeRender/Action : index
[Fri, 06 May 22 23:52:36 +0000][DEBUG] beforeRender/Action : connexion
[Fri, 06 May 22 23:52:42 +0000][DEBUG] beforeRender/Action : index
[Fri, 06 May 22 23:55:40 +0000][DEBUG] beforeRender/Action : index
[Fri, 06 May 22 23:55:41 +0000][DEBUG] beforeRender/Action : index
[Fri, 06 May 22 23:55:59 +0000][DEBUG] beforeRender/Action : index
[Fri, 06 May 22 23:56:03 +0000][DEBUG] beforeRender/Action : index
[Fri, 06 May 22 23:56:45 +0000][DEBUG] beforeRender/Action : index
[Fri, 06 May 22 23:56:47 +0000][DEBUG] beforeRender/Action : index
[Fri, 06 May 22 23:58:37 +0000][DEBUG] beforeRender/Action : index
[Sat, 07 May 22 19:53:04 +0000][DEBUG] beforeRender/Action : connexion
[Sat, 07 May 22 19:53:09 +0000][DEBUG] beforeRender/Action : connexion
[Sat, 07 May 22 19:53:10 +0000][DEBUG] beforeRender/Action : connexion
[Sat, 07 May 22 19:53:12 +0000][DEBUG] beforeRender/Action : connexion
[Sat, 07 May 22 19:53:15 +0000][DEBUG] beforeRender/Action : connexion
[Sat, 07 May 22 19:53:19 +0000][DEBUG] beforeRender/Action : connexion
[Sat, 07 May 22 19:53:24 +0000][DEBUG] beforeRender/Action : index
[Sat, 07 May 22 19:53:29 +0000][DEBUG] beforeRender/Action : connexion
[Sat, 07 May 22 19:54:20 +0000][DEBUG] beforeRender/Action : connexion
[Sat, 07 May 22 19:54:23 +0000][DEBUG] beforeRender/Action : connexion
[Sat, 07 May 22 19:55:14 +0000][DEBUG] beforeRender/Action : connexion
[Sat, 07 May 22 19:56:02 +0000][DEBUG] beforeRender/Action : connexion
[Sat, 07 May 22 19:56:04 +0000][DEBUG] beforeRender/Action : connexion
[Sat, 07 May 22 19:56:12 +0000][DEBUG] beforeRender/Action : connexion
[Sat, 07 May 22 19:57:56 +0000][DEBUG] beforeRender/Action : index
[Sat, 07 May 22 19:58:01 +0000][DEBUG] beforeRender/Action : connexion
[Sat, 07 May 22 20:01:15 +0000][DEBUG] beforeRender/Action : index
[Sat, 07 May 22 20:01:16 +0000][DEBUG] beforeRender/Action : index
[Sat, 07 May 22 20:07:23 +0000][DEBUG] beforeRender/Action : index
[Sat, 07 May 22 20:08:58 +0000][DEBUG] beforeRender/Action : index
[Sat, 07 May 22 20:09:06 +0000][DEBUG] beforeRender/Action : connexion
[Sat, 07 May 22 20:09:28 +0000][DEBUG] beforeRender/Action : connexion
[Sat, 07 May 22 20:09:29 +0000][DEBUG] beforeRender/Action : connexion
[Sat, 07 May 22 20:10:33 +0000][DEBUG] beforeRender/Action : connexion
[Sat, 07 May 22 20:10:47 +0000][DEBUG] beforeRender/Action : index
[Sat, 07 May 22 20:11:08 +0000][DEBUG] beforeRender/Action : index
[Sat, 07 May 22 20:11:08 +0000][DEBUG] beforeRender/Action : index
[Sat, 07 May 22 20:11:22 +0000][DEBUG] beforeRender/Action : connexion
[Sat, 07 May 22 20:11:39 +0000][DEBUG] beforeRender/Action : connexion
[Sat, 07 May 22 20:12:54 +0000][DEBUG] beforeRender/Action : index
[Sat, 07 May 22 20:31:10 +0000][DEBUG] beforeRender/Action : index
[Sat, 07 May 22 20:57:15 +0000][DEBUG] beforeRender/Action : index
[Sat, 07 May 22 20:57:20 +0000][DEBUG] beforeRender/Action : connexion
[Sat, 07 May 22 20:57:23 +0000][DEBUG] beforeRender/Action : connexion
[Sat, 07 May 22 20:57:26 +0000][DEBUG] beforeRender/Action : index
[Sat, 07 May 22 20:57:29 +0000][DEBUG] beforeRender/Action : connexion
[Sat, 07 May 22 20:57:56 +0000][DEBUG] beforeRender/Action : index
[Sat, 07 May 22 20:57:57 +0000][DEBUG] beforeRender/Action : index
[Sat, 07 May 22 20:57:58 +0000][DEBUG] beforeRender/Action : index
[Sat, 07 May 22 20:58:25 +0000][DEBUG] beforeRender/Action : connexion
[Sat, 07 May 22 21:05:23 +0000][DEBUG] Avant accès
[Sat, 07 May 22 21:05:23 +0000][DEBUG] Rôle actif : 
[Sat, 07 May 22 21:05:23 +0000][DEBUG] Contrôleur : index
[Sat, 07 May 22 21:05:23 +0000][DEBUG] Action : index
[Sat, 07 May 22 21:05:23 +0000][DEBUG] Avant accès
[Sat, 07 May 22 21:05:23 +0000][DEBUG] Rôle actif : 
[Sat, 07 May 22 21:05:23 +0000][DEBUG] Contrôleur : index
[Sat, 07 May 22 21:05:23 +0000][DEBUG] Action : index
[Sat, 07 May 22 21:07:34 +0000][DEBUG] beforeRender/Action : index
[Sat, 07 May 22 21:07:38 +0000][DEBUG] beforeRender/Action : index
[Sat, 07 May 22 21:08:12 +0000][DEBUG] beforeRender/Action : index
[Sat, 07 May 22 21:08:13 +0000][DEBUG] beforeRender/Action : index
[Sat, 07 May 22 21:08:58 +0000][DEBUG] beforeRender/Action : index
[Sat, 07 May 22 21:09:00 +0000][DEBUG] beforeRender/Action : index
[Sat, 07 May 22 21:09:05 +0000][DEBUG] beforeRender/Action : index
[Sat, 07 May 22 21:10:55 +0000][DEBUG] beforeRender/Action : index
[Sat, 07 May 22 21:11:23 +0000][DEBUG] beforeRender/Action : index
[Sat, 07 May 22 21:19:10 +0000][DEBUG] beforeRender/Action : index
[Sat, 07 May 22 21:19:15 +0000][DEBUG] beforeRender/Action : index
