2022-05-02 05:47:35.970 UTC [24] LOG:  database system was interrupted; last known up at 2022-04-25 15:34:04 UTC
2022-05-02 05:47:39.343 UTC [24] LOG:  database system was not properly shut down; automatic recovery in progress
2022-05-02 05:47:39.389 UTC [24] LOG:  redo starts at 0/16DEA80
2022-05-02 05:47:39.389 UTC [24] LOG:  invalid record length at 0/16DEB60: wanted 24, got 0
2022-05-02 05:47:39.389 UTC [24] LOG:  redo done at 0/16DEB28
2022-05-02 05:47:39.421 UTC [1] LOG:  database system is ready to accept connections
2022-05-02 05:54:49.124 UTC [39] LOG:  statement: SELECT n.nspname as "Schema",
	  c.relname as "Name",
	  CASE c.relkind WHEN 'r' THEN 'table' WHEN 'v' THEN 'view' WHEN 'm' THEN 'materialized view' WHEN 'i' THEN 'index' WHEN 'S' THEN 'sequence' WHEN 's' THEN 'special' WHEN 'f' THEN 'foreign table' WHEN 'p' THEN 'table' END as "Type",
	  pg_catalog.pg_get_userbyid(c.relowner) as "Owner"
	FROM pg_catalog.pg_class c
	     LEFT JOIN pg_catalog.pg_namespace n ON n.oid = c.relnamespace
	WHERE c.relkind IN ('r','p','')
	      AND n.nspname <> 'pg_catalog'
	      AND n.nspname <> 'information_schema'
	      AND n.nspname !~ '^pg_toast'
	  AND pg_catalog.pg_table_is_visible(c.oid)
	ORDER BY 1,2;
2022-05-02 05:54:51.012 UTC [39] LOG:  statement: SELECT d.datname as "Name",
	       pg_catalog.pg_get_userbyid(d.datdba) as "Owner",
	       pg_catalog.pg_encoding_to_char(d.encoding) as "Encoding",
	       d.datcollate as "Collate",
	       d.datctype as "Ctype",
	       pg_catalog.array_to_string(d.datacl, E'\n') AS "Access privileges"
	FROM pg_catalog.pg_database d
	ORDER BY 1;
2022-05-02 05:54:55.413 UTC [39] LOG:  statement: SELECT pg_catalog.quote_ident(datname) FROM pg_catalog.pg_database  WHERE substring(pg_catalog.quote_ident(datname),1,2)='ph'
	LIMIT 1000
2022-05-02 05:55:06.413 UTC [41] LOG:  statement: SELECT n.nspname as "Schema",
	  c.relname as "Name",
	  CASE c.relkind WHEN 'r' THEN 'table' WHEN 'v' THEN 'view' WHEN 'm' THEN 'materialized view' WHEN 'i' THEN 'index' WHEN 'S' THEN 'sequence' WHEN 's' THEN 'special' WHEN 'f' THEN 'foreign table' WHEN 'p' THEN 'table' END as "Type",
	  pg_catalog.pg_get_userbyid(c.relowner) as "Owner"
	FROM pg_catalog.pg_class c
	     LEFT JOIN pg_catalog.pg_namespace n ON n.oid = c.relnamespace
	WHERE c.relkind IN ('r','p','')
	      AND n.nspname <> 'pg_catalog'
	      AND n.nspname <> 'information_schema'
	      AND n.nspname !~ '^pg_toast'
	  AND pg_catalog.pg_table_is_visible(c.oid)
	ORDER BY 1,2;
2022-05-02 05:59:39.698 UTC [28] WARNING:  could not open statistics file "pg_stat_tmp/global.stat": Operation not permitted
2022-05-02 06:01:18.286 UTC [41] LOG:  statement: create table movies (
	id int primary key,
	title varchar(255),
	year int,
	director varchar(255),
	plot varchar(255),
	country varchar(255));
2022-05-02 06:01:32.061 UTC [41] LOG:  statement: SELECT pg_catalog.quote_ident(c.relname) FROM pg_catalog.pg_class c WHERE c.relkind IN ('r', 'p') AND substring(pg_catalog.quote_ident(c.relname),1,3)='mov' AND pg_catalog.pg_table_is_visible(c.oid) AND c.relnamespace <> (SELECT oid FROM pg_catalog.pg_namespace WHERE nspname = 'pg_catalog')
	UNION
	SELECT pg_catalog.quote_ident(n.nspname) || '.' FROM pg_catalog.pg_namespace n WHERE substring(pg_catalog.quote_ident(n.nspname) || '.',1,3)='mov' AND (SELECT pg_catalog.count(*) FROM pg_catalog.pg_namespace WHERE substring(pg_catalog.quote_ident(nspname) || '.',1,3) = substring('mov',1,pg_catalog.length(pg_catalog.quote_ident(nspname))+1)) > 1
	UNION
	SELECT pg_catalog.quote_ident(n.nspname) || '.' || pg_catalog.quote_ident(c.relname) FROM pg_catalog.pg_class c, pg_catalog.pg_namespace n WHERE c.relnamespace = n.oid AND c.relkind IN ('r', 'p') AND substring(pg_catalog.quote_ident(n.nspname) || '.' || pg_catalog.quote_ident(c.relname),1,3)='mov' AND substring(pg_catalog.quote_ident(n.nspname) || '.',1,3) = substring('mov',1,pg_catalog.length(pg_catalog.quote_ident(n.nspname))+1) AND (SELECT pg_catalog.count(*) FROM pg_catalog.pg_namespace WHERE substring(pg_catalog.quote_ident(nspname) || '.',1,3) = substring('mov',1,pg_catalog.length(pg_catalog.quote_ident(nspname))+1)) = 1
	UNION SELECT 'ALL IN TABLESPACE'
	LIMIT 1000
2022-05-02 06:02:07.034 UTC [41] LOG:  statement: create sequence movies_id_seq owned by movies.id;
2022-05-02 06:02:10.410 UTC [41] LOG:  statement: SELECT pg_catalog.quote_ident(c.relname) FROM pg_catalog.pg_class c WHERE c.relkind IN ('r', 'p') AND substring(pg_catalog.quote_ident(c.relname),1,4)='moci' AND pg_catalog.pg_table_is_visible(c.oid) AND c.relnamespace <> (SELECT oid FROM pg_catalog.pg_namespace WHERE nspname = 'pg_catalog')
	UNION
	SELECT pg_catalog.quote_ident(n.nspname) || '.' FROM pg_catalog.pg_namespace n WHERE substring(pg_catalog.quote_ident(n.nspname) || '.',1,4)='moci' AND (SELECT pg_catalog.count(*) FROM pg_catalog.pg_namespace WHERE substring(pg_catalog.quote_ident(nspname) || '.',1,4) = substring('moci',1,pg_catalog.length(pg_catalog.quote_ident(nspname))+1)) > 1
	UNION
	SELECT pg_catalog.quote_ident(n.nspname) || '.' || pg_catalog.quote_ident(c.relname) FROM pg_catalog.pg_class c, pg_catalog.pg_namespace n WHERE c.relnamespace = n.oid AND c.relkind IN ('r', 'p') AND substring(pg_catalog.quote_ident(n.nspname) || '.' || pg_catalog.quote_ident(c.relname),1,4)='moci' AND substring(pg_catalog.quote_ident(n.nspname) || '.',1,4) = substring('moci',1,pg_catalog.length(pg_catalog.quote_ident(n.nspname))+1) AND (SELECT pg_catalog.count(*) FROM pg_catalog.pg_namespace WHERE substring(pg_catalog.quote_ident(nspname) || '.',1,4) = substring('moci',1,pg_catalog.length(pg_catalog.quote_ident(nspname))+1)) = 1
	UNION SELECT 'ALL IN TABLESPACE'
	LIMIT 1000
2022-05-02 06:02:11.220 UTC [41] LOG:  statement: SELECT pg_catalog.quote_ident(c.relname) FROM pg_catalog.pg_class c WHERE c.relkind IN ('r', 'p') AND substring(pg_catalog.quote_ident(c.relname),1,3)='mov' AND pg_catalog.pg_table_is_visible(c.oid) AND c.relnamespace <> (SELECT oid FROM pg_catalog.pg_namespace WHERE nspname = 'pg_catalog')
	UNION
	SELECT pg_catalog.quote_ident(n.nspname) || '.' FROM pg_catalog.pg_namespace n WHERE substring(pg_catalog.quote_ident(n.nspname) || '.',1,3)='mov' AND (SELECT pg_catalog.count(*) FROM pg_catalog.pg_namespace WHERE substring(pg_catalog.quote_ident(nspname) || '.',1,3) = substring('mov',1,pg_catalog.length(pg_catalog.quote_ident(nspname))+1)) > 1
	UNION
	SELECT pg_catalog.quote_ident(n.nspname) || '.' || pg_catalog.quote_ident(c.relname) FROM pg_catalog.pg_class c, pg_catalog.pg_namespace n WHERE c.relnamespace = n.oid AND c.relkind IN ('r', 'p') AND substring(pg_catalog.quote_ident(n.nspname) || '.' || pg_catalog.quote_ident(c.relname),1,3)='mov' AND substring(pg_catalog.quote_ident(n.nspname) || '.',1,3) = substring('mov',1,pg_catalog.length(pg_catalog.quote_ident(n.nspname))+1) AND (SELECT pg_catalog.count(*) FROM pg_catalog.pg_namespace WHERE substring(pg_catalog.quote_ident(nspname) || '.',1,3) = substring('mov',1,pg_catalog.length(pg_catalog.quote_ident(nspname))+1)) = 1
	UNION SELECT 'ALL IN TABLESPACE'
	LIMIT 1000
2022-05-02 06:02:51.430 UTC [41] ERROR:  syntax error at or near "create" at character 74
2022-05-02 06:02:51.430 UTC [41] STATEMENT:  alter table movies alter column id set default nextval('movies_id_seq;')
	create sequence movies_id_seq owned by movies.id;
2022-05-02 06:03:17.272 UTC [41] LOG:  statement: alter table movies alter column id set default nextval('movies_id_seq');
2022-05-02 06:03:25.047 UTC [41] LOG:  statement: SELECT pg_catalog.quote_ident(c.relname) FROM pg_catalog.pg_class c WHERE c.relkind IN ('r', 'f', 'v', 'p') AND substring(pg_catalog.quote_ident(c.relname),1,4)='movi' AND pg_catalog.pg_table_is_visible(c.oid) AND c.relnamespace <> (SELECT oid FROM pg_catalog.pg_namespace WHERE nspname = 'pg_catalog')
	UNION
	SELECT pg_catalog.quote_ident(n.nspname) || '.' FROM pg_catalog.pg_namespace n WHERE substring(pg_catalog.quote_ident(n.nspname) || '.',1,4)='movi' AND (SELECT pg_catalog.count(*) FROM pg_catalog.pg_namespace WHERE substring(pg_catalog.quote_ident(nspname) || '.',1,4) = substring('movi',1,pg_catalog.length(pg_catalog.quote_ident(nspname))+1)) > 1
	UNION
	SELECT pg_catalog.quote_ident(n.nspname) || '.' || pg_catalog.quote_ident(c.relname) FROM pg_catalog.pg_class c, pg_catalog.pg_namespace n WHERE c.relnamespace = n.oid AND c.relkind IN ('r', 'f', 'v', 'p') AND substring(pg_catalog.quote_ident(n.nspname) || '.' || pg_catalog.quote_ident(c.relname),1,4)='movi' AND substring(pg_catalog.quote_ident(n.nspname) || '.',1,4) = substring('movi',1,pg_catalog.length(pg_catalog.quote_ident(n.nspname))+1) AND (SELECT pg_catalog.count(*) FROM pg_catalog.pg_namespace WHERE substring(pg_catalog.quote_ident(nspname) || '.',1,4) = substring('movi',1,pg_catalog.length(pg_catalog.quote_ident(nspname))+1)) = 1
	LIMIT 1000
2022-05-02 06:03:37.078 UTC [41] LOG:  statement: update movies set id = nextval('movies_id_seq');
2022-05-02 06:05:40.072 UTC [62] WARNING:  could not open statistics file "pg_stat_tmp/global.stat": Operation not permitted
2022-05-02 06:06:41.498 UTC [65] LOG:  execute pdo_stmt_00000001: SELECT CASE WHEN COUNT(*) > 0 THEN 1 ELSE 0 END FROM information_schema.tables WHERE table_schema = 'public' AND table_name='movies'
2022-05-02 06:06:41.499 UTC [65] LOG:  statement: DEALLOCATE pdo_stmt_00000001
2022-05-02 06:06:41.565 UTC [65] LOG:  execute pdo_stmt_00000002: SELECT DISTINCT c.column_name AS Field, c.data_type AS Type, c.character_maximum_length AS Size, c.numeric_precision AS NumericSize, c.numeric_scale AS NumericScale, c.is_nullable AS Null, CASE WHEN pkc.column_name NOTNULL THEN 'PRI' ELSE '' END AS Key, CASE WHEN c.data_type LIKE '%int%' AND c.column_default LIKE '%nextval%' THEN 'auto_increment' ELSE '' END AS Extra, c.ordinal_position AS Position, c.column_default FROM information_schema.columns c LEFT JOIN ( SELECT kcu.column_name, kcu.table_name, kcu.table_schema FROM information_schema.table_constraints tc INNER JOIN information_schema.key_column_usage kcu on (kcu.constraint_name = tc.constraint_name and kcu.table_name=tc.table_name and kcu.table_schema=tc.table_schema) WHERE tc.constraint_type='PRIMARY KEY') pkc ON (c.column_name=pkc.column_name AND c.table_schema = pkc.table_schema AND c.table_name=pkc.table_name) WHERE c.table_schema='public' AND c.table_name='movies' ORDER BY c.ordinal_position
2022-05-02 06:06:41.573 UTC [65] LOG:  statement: DEALLOCATE pdo_stmt_00000002
2022-05-02 06:06:41.575 UTC [65] LOG:  execute pdo_stmt_00000003: SELECT table_name FROM information_schema.tables WHERE table_schema = 'public' ORDER BY table_name
2022-05-02 06:06:41.575 UTC [65] LOG:  statement: DEALLOCATE pdo_stmt_00000003
2022-05-02 06:06:41.581 UTC [65] LOG:  execute pdo_stmt_00000004: SELECT DISTINCT tc.table_name as TABLE_NAME, kcu.column_name as COLUMN_NAME, tc.constraint_name as CONSTRAINT_NAME, tc.table_catalog as REFERENCED_TABLE_SCHEMA, ccu.table_name AS REFERENCED_TABLE_NAME, ccu.column_name AS REFERENCED_COLUMN_NAME FROM information_schema.table_constraints AS tc JOIN information_schema.key_column_usage AS kcu ON tc.constraint_name = kcu.constraint_name JOIN information_schema.constraint_column_usage AS ccu ON ccu.constraint_name = tc.constraint_name WHERE constraint_type = 'FOREIGN KEY' AND tc.table_schema = 'public' AND tc.table_name='countries'
2022-05-02 06:06:41.584 UTC [65] LOG:  statement: DEALLOCATE pdo_stmt_00000004
2022-05-02 06:06:41.589 UTC [65] LOG:  execute pdo_stmt_00000005: SELECT DISTINCT tc.table_name as TABLE_NAME, kcu.column_name as COLUMN_NAME, tc.constraint_name as CONSTRAINT_NAME, tc.table_catalog as REFERENCED_TABLE_SCHEMA, ccu.table_name AS REFERENCED_TABLE_NAME, ccu.column_name AS REFERENCED_COLUMN_NAME FROM information_schema.table_constraints AS tc JOIN information_schema.key_column_usage AS kcu ON tc.constraint_name = kcu.constraint_name JOIN information_schema.constraint_column_usage AS ccu ON ccu.constraint_name = tc.constraint_name WHERE constraint_type = 'FOREIGN KEY' AND tc.table_schema = 'public' AND tc.table_name='movies'
2022-05-02 06:06:41.590 UTC [65] LOG:  statement: DEALLOCATE pdo_stmt_00000005
2022-05-02 06:06:41.595 UTC [65] LOG:  execute pdo_stmt_00000006: SELECT DISTINCT tc.table_name as TABLE_NAME, kcu.column_name as COLUMN_NAME, tc.constraint_name as CONSTRAINT_NAME, tc.table_catalog as REFERENCED_TABLE_SCHEMA, ccu.table_name AS REFERENCED_TABLE_NAME, ccu.column_name AS REFERENCED_COLUMN_NAME FROM information_schema.table_constraints AS tc JOIN information_schema.key_column_usage AS kcu ON tc.constraint_name = kcu.constraint_name JOIN information_schema.constraint_column_usage AS ccu ON ccu.constraint_name = tc.constraint_name WHERE constraint_type = 'FOREIGN KEY' AND tc.table_schema = 'public' AND tc.table_name='users'
2022-05-02 06:06:41.596 UTC [65] LOG:  statement: DEALLOCATE pdo_stmt_00000006
2022-05-02 06:06:41.601 UTC [65] LOG:  execute pdo_stmt_00000007: SELECT DISTINCT tc.table_name as TABLE_NAME, kcu.column_name as COLUMN_NAME, tc.constraint_name as CONSTRAINT_NAME, tc.table_catalog as REFERENCED_TABLE_SCHEMA, ccu.table_name AS REFERENCED_TABLE_NAME, ccu.column_name AS REFERENCED_COLUMN_NAME FROM information_schema.table_constraints AS tc JOIN information_schema.key_column_usage AS kcu ON tc.constraint_name = kcu.constraint_name JOIN information_schema.constraint_column_usage AS ccu ON ccu.constraint_name = tc.constraint_name WHERE constraint_type = 'FOREIGN KEY' AND tc.table_schema = 'public' AND tc.table_name='movies'
2022-05-02 06:06:41.602 UTC [65] LOG:  statement: DEALLOCATE pdo_stmt_00000007
2022-05-02 06:16:10.130 UTC [28] WARNING:  could not open statistics file "pg_stat_tmp/global.stat": Operation not permitted
2022-05-02 06:42:10.943 UTC [136] WARNING:  could not open statistics file "pg_stat_tmp/global.stat": Operation not permitted
2022-05-02 06:44:11.057 UTC [140] WARNING:  could not open statistics file "pg_stat_tmp/global.stat": Operation not permitted
2022-05-02 06:53:42.187 UTC [28] WARNING:  could not open statistics file "pg_stat_tmp/global.stat": Operation not permitted
2022-05-02 07:01:11.894 UTC [28] WARNING:  could not open statistics file "pg_stat_tmp/global.stat": Operation not permitted
2022-05-02 07:10:12.141 UTC [28] WARNING:  could not open statistics file "pg_stat_tmp/global.stat": Operation not permitted
2022-05-02 07:13:16.259 UTC [199] LOG:  execute pdo_stmt_00000001: SELECT CASE WHEN COUNT(*) > 0 THEN 1 ELSE 0 END FROM information_schema.tables WHERE table_schema = 'public' AND table_name='movies'
2022-05-02 07:13:16.260 UTC [199] LOG:  statement: DEALLOCATE pdo_stmt_00000001
2022-05-02 07:13:16.313 UTC [199] LOG:  execute pdo_stmt_00000002: SELECT DISTINCT c.column_name AS Field, c.data_type AS Type, c.character_maximum_length AS Size, c.numeric_precision AS NumericSize, c.numeric_scale AS NumericScale, c.is_nullable AS Null, CASE WHEN pkc.column_name NOTNULL THEN 'PRI' ELSE '' END AS Key, CASE WHEN c.data_type LIKE '%int%' AND c.column_default LIKE '%nextval%' THEN 'auto_increment' ELSE '' END AS Extra, c.ordinal_position AS Position, c.column_default FROM information_schema.columns c LEFT JOIN ( SELECT kcu.column_name, kcu.table_name, kcu.table_schema FROM information_schema.table_constraints tc INNER JOIN information_schema.key_column_usage kcu on (kcu.constraint_name = tc.constraint_name and kcu.table_name=tc.table_name and kcu.table_schema=tc.table_schema) WHERE tc.constraint_type='PRIMARY KEY') pkc ON (c.column_name=pkc.column_name AND c.table_schema = pkc.table_schema AND c.table_name=pkc.table_name) WHERE c.table_schema='public' AND c.table_name='movies' ORDER BY c.ordinal_position
2022-05-02 07:13:16.317 UTC [199] LOG:  statement: DEALLOCATE pdo_stmt_00000002
2022-05-02 07:13:16.322 UTC [199] ERROR:  value too long for type character varying(255)
2022-05-02 07:13:16.322 UTC [199] STATEMENT:  INSERT INTO "public"."movies" ("title", "year", "director", "plot", "country", "id") VALUES ($1, $2, $3, $4, $5, DEFAULT)
2022-05-02 07:13:16.323 UTC [199] LOG:  statement: DEALLOCATE pdo_stmt_00000003
2022-05-02 07:13:46.164 UTC [201] LOG:  execute pdo_stmt_00000001: SELECT CASE WHEN COUNT(*) > 0 THEN 1 ELSE 0 END FROM information_schema.tables WHERE table_schema = 'public' AND table_name='movies'
2022-05-02 07:13:46.165 UTC [201] LOG:  statement: DEALLOCATE pdo_stmt_00000001
2022-05-02 07:13:46.197 UTC [201] LOG:  execute pdo_stmt_00000002: SELECT DISTINCT c.column_name AS Field, c.data_type AS Type, c.character_maximum_length AS Size, c.numeric_precision AS NumericSize, c.numeric_scale AS NumericScale, c.is_nullable AS Null, CASE WHEN pkc.column_name NOTNULL THEN 'PRI' ELSE '' END AS Key, CASE WHEN c.data_type LIKE '%int%' AND c.column_default LIKE '%nextval%' THEN 'auto_increment' ELSE '' END AS Extra, c.ordinal_position AS Position, c.column_default FROM information_schema.columns c LEFT JOIN ( SELECT kcu.column_name, kcu.table_name, kcu.table_schema FROM information_schema.table_constraints tc INNER JOIN information_schema.key_column_usage kcu on (kcu.constraint_name = tc.constraint_name and kcu.table_name=tc.table_name and kcu.table_schema=tc.table_schema) WHERE tc.constraint_type='PRIMARY KEY') pkc ON (c.column_name=pkc.column_name AND c.table_schema = pkc.table_schema AND c.table_name=pkc.table_name) WHERE c.table_schema='public' AND c.table_name='movies' ORDER BY c.ordinal_position
2022-05-02 07:13:46.201 UTC [201] LOG:  statement: DEALLOCATE pdo_stmt_00000002
2022-05-02 07:13:46.202 UTC [201] LOG:  execute pdo_stmt_00000003: INSERT INTO "public"."movies" ("title", "year", "director", "plot", "country", "id") VALUES ($1, $2, $3, $4, $5, DEFAULT)
2022-05-02 07:13:46.202 UTC [201] DETAIL:  parameters: $1 = 'Seven', $2 = '1995', $3 = 'David FINCHER', $4 = 'Pour conclure sa carrière, l''inspecteur Somerset, vieux flic blasé, tombe à sept jours de la retraite sur un criminel peu ordinaire.', $5 = 'USA'
2022-05-02 07:13:46.221 UTC [201] LOG:  statement: DEALLOCATE pdo_stmt_00000003
2022-05-02 07:13:46.222 UTC [201] LOG:  execute <unnamed>: SELECT CURRVAL($1)
2022-05-02 07:13:46.222 UTC [201] DETAIL:  parameters: $1 = 'movies_id_seq'
2022-05-02 07:14:14.820 UTC [211] LOG:  statement: SELECT pg_catalog.quote_ident(datname) FROM pg_catalog.pg_database  WHERE substring(pg_catalog.quote_ident(datname),1,2)='ph'
	LIMIT 1000
2022-05-02 07:14:21.837 UTC [213] LOG:  statement: SELECT pg_catalog.quote_ident(c.relname) FROM pg_catalog.pg_class c WHERE c.relkind IN ('r', 'S', 'v', 'm', 'f', 'p') AND substring(pg_catalog.quote_ident(c.relname),1,2)='ph' AND pg_catalog.pg_table_is_visible(c.oid) AND c.relnamespace <> (SELECT oid FROM pg_catalog.pg_namespace WHERE nspname = 'pg_catalog')
	UNION
	SELECT pg_catalog.quote_ident(n.nspname) || '.' FROM pg_catalog.pg_namespace n WHERE substring(pg_catalog.quote_ident(n.nspname) || '.',1,2)='ph' AND (SELECT pg_catalog.count(*) FROM pg_catalog.pg_namespace WHERE substring(pg_catalog.quote_ident(nspname) || '.',1,2) = substring('ph',1,pg_catalog.length(pg_catalog.quote_ident(nspname))+1)) > 1
	UNION
	SELECT pg_catalog.quote_ident(n.nspname) || '.' || pg_catalog.quote_ident(c.relname) FROM pg_catalog.pg_class c, pg_catalog.pg_namespace n WHERE c.relnamespace = n.oid AND c.relkind IN ('r', 'S', 'v', 'm', 'f', 'p') AND substring(pg_catalog.quote_ident(n.nspname) || '.' || pg_catalog.quote_ident(c.relname),1,2)='ph' AND substring(pg_catalog.quote_ident(n.nspname) || '.',1,2) = substring('ph',1,pg_catalog.length(pg_catalog.quote_ident(n.nspname))+1) AND (SELECT pg_catalog.count(*) FROM pg_catalog.pg_namespace WHERE substring(pg_catalog.quote_ident(nspname) || '.',1,2) = substring('ph',1,pg_catalog.length(pg_catalog.quote_ident(nspname))+1)) = 1
	LIMIT 1000
2022-05-02 07:14:28.549 UTC [213] LOG:  statement: select * from movies;
2022-05-02 07:18:43.177 UTC [28] WARNING:  could not open statistics file "pg_stat_tmp/global.stat": Operation not permitted
2022-05-02 07:32:43.632 UTC [28] WARNING:  could not open statistics file "pg_stat_tmp/global.stat": Operation not permitted
2022-05-02 07:33:13.171 UTC [28] WARNING:  could not open statistics file "pg_stat_tmp/global.stat": Operation not permitted
2022-05-02 07:34:13.177 UTC [28] WARNING:  could not open statistics file "pg_stat_tmp/global.stat": Operation not permitted
2022-05-02 07:37:56.814 UTC [262] LOG:  execute pdo_stmt_00000001: SELECT CASE WHEN COUNT(*) > 0 THEN 1 ELSE 0 END FROM information_schema.tables WHERE table_schema = 'public' AND table_name='movies'
2022-05-02 07:37:56.815 UTC [262] LOG:  statement: DEALLOCATE pdo_stmt_00000001
2022-05-02 07:37:56.845 UTC [262] LOG:  execute pdo_stmt_00000002: SELECT DISTINCT c.column_name AS Field, c.data_type AS Type, c.character_maximum_length AS Size, c.numeric_precision AS NumericSize, c.numeric_scale AS NumericScale, c.is_nullable AS Null, CASE WHEN pkc.column_name NOTNULL THEN 'PRI' ELSE '' END AS Key, CASE WHEN c.data_type LIKE '%int%' AND c.column_default LIKE '%nextval%' THEN 'auto_increment' ELSE '' END AS Extra, c.ordinal_position AS Position, c.column_default FROM information_schema.columns c LEFT JOIN ( SELECT kcu.column_name, kcu.table_name, kcu.table_schema FROM information_schema.table_constraints tc INNER JOIN information_schema.key_column_usage kcu on (kcu.constraint_name = tc.constraint_name and kcu.table_name=tc.table_name and kcu.table_schema=tc.table_schema) WHERE tc.constraint_type='PRIMARY KEY') pkc ON (c.column_name=pkc.column_name AND c.table_schema = pkc.table_schema AND c.table_name=pkc.table_name) WHERE c.table_schema='public' AND c.table_name='movies' ORDER BY c.ordinal_position
2022-05-02 07:37:56.848 UTC [262] LOG:  statement: DEALLOCATE pdo_stmt_00000002
2022-05-02 07:37:56.849 UTC [262] LOG:  execute pdo_stmt_00000003: INSERT INTO "public"."movies" ("title", "year", "director", "plot", "country", "id") VALUES ($1, $2, $3, $4, $5, DEFAULT)
2022-05-02 07:37:56.849 UTC [262] DETAIL:  parameters: $1 = 'Dune', $2 = '2021', $3 = 'Denis Villeneuve', $4 = 'L''histoire de Paul Atreides, jeune homme aussi doué que brillant, voué à connaître un destin hors du commun qui le dépasse totalement', $5 = 'USA'
2022-05-02 07:37:56.854 UTC [262] LOG:  statement: DEALLOCATE pdo_stmt_00000003
2022-05-02 07:37:56.856 UTC [262] LOG:  execute <unnamed>: SELECT CURRVAL($1)
2022-05-02 07:37:56.856 UTC [262] DETAIL:  parameters: $1 = 'movies_id_seq'
2022-05-02 07:40:13.329 UTC [28] WARNING:  could not open statistics file "pg_stat_tmp/global.stat": Operation not permitted
2022-05-02 07:43:13.431 UTC [28] WARNING:  could not open statistics file "pg_stat_tmp/global.stat": Operation not permitted
2022-05-02 07:43:13.474 UTC [273] WARNING:  could not open statistics file "pg_stat_tmp/global.stat": Operation not permitted
2022-05-02 07:50:29.736 UTC [288] LOG:  execute pdo_stmt_00000001: SELECT CASE WHEN COUNT(*) > 0 THEN 1 ELSE 0 END FROM information_schema.tables WHERE table_schema = 'public' AND table_name='movies'
2022-05-02 07:50:29.738 UTC [288] LOG:  statement: DEALLOCATE pdo_stmt_00000001
2022-05-02 07:50:29.772 UTC [288] LOG:  execute pdo_stmt_00000002: SELECT DISTINCT c.column_name AS Field, c.data_type AS Type, c.character_maximum_length AS Size, c.numeric_precision AS NumericSize, c.numeric_scale AS NumericScale, c.is_nullable AS Null, CASE WHEN pkc.column_name NOTNULL THEN 'PRI' ELSE '' END AS Key, CASE WHEN c.data_type LIKE '%int%' AND c.column_default LIKE '%nextval%' THEN 'auto_increment' ELSE '' END AS Extra, c.ordinal_position AS Position, c.column_default FROM information_schema.columns c LEFT JOIN ( SELECT kcu.column_name, kcu.table_name, kcu.table_schema FROM information_schema.table_constraints tc INNER JOIN information_schema.key_column_usage kcu on (kcu.constraint_name = tc.constraint_name and kcu.table_name=tc.table_name and kcu.table_schema=tc.table_schema) WHERE tc.constraint_type='PRIMARY KEY') pkc ON (c.column_name=pkc.column_name AND c.table_schema = pkc.table_schema AND c.table_name=pkc.table_name) WHERE c.table_schema='public' AND c.table_name='movies' ORDER BY c.ordinal_position
2022-05-02 07:50:29.775 UTC [288] LOG:  statement: DEALLOCATE pdo_stmt_00000002
2022-05-02 07:50:29.781 UTC [288] LOG:  execute pdo_stmt_00000003: SELECT "movies"."id", "movies"."title", "movies"."year", "movies"."director", "movies"."plot", "movies"."country" FROM "public"."movies"
2022-05-02 07:50:29.782 UTC [288] LOG:  statement: DEALLOCATE pdo_stmt_00000003
2022-05-02 07:50:30.675 UTC [289] LOG:  execute pdo_stmt_00000001: SELECT CASE WHEN COUNT(*) > 0 THEN 1 ELSE 0 END FROM information_schema.tables WHERE table_schema = 'public' AND table_name='movies'
2022-05-02 07:50:30.676 UTC [289] LOG:  statement: DEALLOCATE pdo_stmt_00000001
2022-05-02 07:50:30.702 UTC [289] LOG:  execute pdo_stmt_00000002: SELECT DISTINCT c.column_name AS Field, c.data_type AS Type, c.character_maximum_length AS Size, c.numeric_precision AS NumericSize, c.numeric_scale AS NumericScale, c.is_nullable AS Null, CASE WHEN pkc.column_name NOTNULL THEN 'PRI' ELSE '' END AS Key, CASE WHEN c.data_type LIKE '%int%' AND c.column_default LIKE '%nextval%' THEN 'auto_increment' ELSE '' END AS Extra, c.ordinal_position AS Position, c.column_default FROM information_schema.columns c LEFT JOIN ( SELECT kcu.column_name, kcu.table_name, kcu.table_schema FROM information_schema.table_constraints tc INNER JOIN information_schema.key_column_usage kcu on (kcu.constraint_name = tc.constraint_name and kcu.table_name=tc.table_name and kcu.table_schema=tc.table_schema) WHERE tc.constraint_type='PRIMARY KEY') pkc ON (c.column_name=pkc.column_name AND c.table_schema = pkc.table_schema AND c.table_name=pkc.table_name) WHERE c.table_schema='public' AND c.table_name='movies' ORDER BY c.ordinal_position
2022-05-02 07:50:30.705 UTC [289] LOG:  statement: DEALLOCATE pdo_stmt_00000002
2022-05-02 07:50:30.708 UTC [289] LOG:  execute pdo_stmt_00000003: SELECT "movies"."id", "movies"."title", "movies"."year", "movies"."director", "movies"."plot", "movies"."country" FROM "public"."movies"
2022-05-02 07:50:30.708 UTC [289] LOG:  statement: DEALLOCATE pdo_stmt_00000003
2022-05-02 07:50:50.015 UTC [291] LOG:  execute pdo_stmt_00000001: SELECT CASE WHEN COUNT(*) > 0 THEN 1 ELSE 0 END FROM information_schema.tables WHERE table_schema = 'public' AND table_name='movies'
2022-05-02 07:50:50.017 UTC [291] LOG:  statement: DEALLOCATE pdo_stmt_00000001
2022-05-02 07:50:50.057 UTC [291] LOG:  execute pdo_stmt_00000002: SELECT DISTINCT c.column_name AS Field, c.data_type AS Type, c.character_maximum_length AS Size, c.numeric_precision AS NumericSize, c.numeric_scale AS NumericScale, c.is_nullable AS Null, CASE WHEN pkc.column_name NOTNULL THEN 'PRI' ELSE '' END AS Key, CASE WHEN c.data_type LIKE '%int%' AND c.column_default LIKE '%nextval%' THEN 'auto_increment' ELSE '' END AS Extra, c.ordinal_position AS Position, c.column_default FROM information_schema.columns c LEFT JOIN ( SELECT kcu.column_name, kcu.table_name, kcu.table_schema FROM information_schema.table_constraints tc INNER JOIN information_schema.key_column_usage kcu on (kcu.constraint_name = tc.constraint_name and kcu.table_name=tc.table_name and kcu.table_schema=tc.table_schema) WHERE tc.constraint_type='PRIMARY KEY') pkc ON (c.column_name=pkc.column_name AND c.table_schema = pkc.table_schema AND c.table_name=pkc.table_name) WHERE c.table_schema='public' AND c.table_name='movies' ORDER BY c.ordinal_position
2022-05-02 07:50:50.060 UTC [291] LOG:  statement: DEALLOCATE pdo_stmt_00000002
2022-05-02 07:50:50.063 UTC [291] LOG:  execute pdo_stmt_00000003: SELECT "movies"."id", "movies"."title", "movies"."year", "movies"."director", "movies"."plot", "movies"."country" FROM "public"."movies"
2022-05-02 07:50:50.070 UTC [291] LOG:  statement: DEALLOCATE pdo_stmt_00000003
2022-05-02 07:51:45.893 UTC [294] LOG:  execute pdo_stmt_00000001: SELECT CASE WHEN COUNT(*) > 0 THEN 1 ELSE 0 END FROM information_schema.tables WHERE table_schema = 'public' AND table_name='movies'
2022-05-02 07:51:45.894 UTC [294] LOG:  statement: DEALLOCATE pdo_stmt_00000001
2022-05-02 07:51:45.920 UTC [294] LOG:  execute pdo_stmt_00000002: SELECT DISTINCT c.column_name AS Field, c.data_type AS Type, c.character_maximum_length AS Size, c.numeric_precision AS NumericSize, c.numeric_scale AS NumericScale, c.is_nullable AS Null, CASE WHEN pkc.column_name NOTNULL THEN 'PRI' ELSE '' END AS Key, CASE WHEN c.data_type LIKE '%int%' AND c.column_default LIKE '%nextval%' THEN 'auto_increment' ELSE '' END AS Extra, c.ordinal_position AS Position, c.column_default FROM information_schema.columns c LEFT JOIN ( SELECT kcu.column_name, kcu.table_name, kcu.table_schema FROM information_schema.table_constraints tc INNER JOIN information_schema.key_column_usage kcu on (kcu.constraint_name = tc.constraint_name and kcu.table_name=tc.table_name and kcu.table_schema=tc.table_schema) WHERE tc.constraint_type='PRIMARY KEY') pkc ON (c.column_name=pkc.column_name AND c.table_schema = pkc.table_schema AND c.table_name=pkc.table_name) WHERE c.table_schema='public' AND c.table_name='movies' ORDER BY c.ordinal_position
2022-05-02 07:51:45.924 UTC [294] LOG:  statement: DEALLOCATE pdo_stmt_00000002
2022-05-02 07:51:45.928 UTC [294] LOG:  execute pdo_stmt_00000003: SELECT "movies"."id", "movies"."title", "movies"."year", "movies"."director", "movies"."plot", "movies"."country" FROM "public"."movies"
2022-05-02 07:51:45.943 UTC [294] LOG:  statement: DEALLOCATE pdo_stmt_00000003
2022-05-02 07:58:14.100 UTC [28] WARNING:  could not open statistics file "pg_stat_tmp/global.stat": Operation not permitted
2022-05-02 08:06:53.560 UTC [325] LOG:  execute pdo_stmt_00000001: SELECT CASE WHEN COUNT(*) > 0 THEN 1 ELSE 0 END FROM information_schema.tables WHERE table_schema = 'public' AND table_name='movies'
2022-05-02 08:06:53.560 UTC [325] LOG:  statement: DEALLOCATE pdo_stmt_00000001
2022-05-02 08:06:53.588 UTC [325] LOG:  execute pdo_stmt_00000002: SELECT DISTINCT c.column_name AS Field, c.data_type AS Type, c.character_maximum_length AS Size, c.numeric_precision AS NumericSize, c.numeric_scale AS NumericScale, c.is_nullable AS Null, CASE WHEN pkc.column_name NOTNULL THEN 'PRI' ELSE '' END AS Key, CASE WHEN c.data_type LIKE '%int%' AND c.column_default LIKE '%nextval%' THEN 'auto_increment' ELSE '' END AS Extra, c.ordinal_position AS Position, c.column_default FROM information_schema.columns c LEFT JOIN ( SELECT kcu.column_name, kcu.table_name, kcu.table_schema FROM information_schema.table_constraints tc INNER JOIN information_schema.key_column_usage kcu on (kcu.constraint_name = tc.constraint_name and kcu.table_name=tc.table_name and kcu.table_schema=tc.table_schema) WHERE tc.constraint_type='PRIMARY KEY') pkc ON (c.column_name=pkc.column_name AND c.table_schema = pkc.table_schema AND c.table_name=pkc.table_name) WHERE c.table_schema='public' AND c.table_name='movies' ORDER BY c.ordinal_position
2022-05-02 08:06:53.590 UTC [325] LOG:  statement: DEALLOCATE pdo_stmt_00000002
2022-05-02 08:06:53.596 UTC [325] LOG:  execute pdo_stmt_00000003: SELECT "movies"."id", "movies"."title", "movies"."year", "movies"."director", "movies"."plot", "movies"."country" FROM "public"."movies" WHERE "movies"."title" LIKE $1
2022-05-02 08:06:53.596 UTC [325] DETAIL:  parameters: $1 = '%une%'
2022-05-02 08:06:53.606 UTC [325] LOG:  statement: DEALLOCATE pdo_stmt_00000003
2022-05-02 08:07:01.893 UTC [326] LOG:  execute pdo_stmt_00000001: SELECT CASE WHEN COUNT(*) > 0 THEN 1 ELSE 0 END FROM information_schema.tables WHERE table_schema = 'public' AND table_name='movies'
2022-05-02 08:07:01.894 UTC [326] LOG:  statement: DEALLOCATE pdo_stmt_00000001
2022-05-02 08:07:01.922 UTC [326] LOG:  execute pdo_stmt_00000002: SELECT DISTINCT c.column_name AS Field, c.data_type AS Type, c.character_maximum_length AS Size, c.numeric_precision AS NumericSize, c.numeric_scale AS NumericScale, c.is_nullable AS Null, CASE WHEN pkc.column_name NOTNULL THEN 'PRI' ELSE '' END AS Key, CASE WHEN c.data_type LIKE '%int%' AND c.column_default LIKE '%nextval%' THEN 'auto_increment' ELSE '' END AS Extra, c.ordinal_position AS Position, c.column_default FROM information_schema.columns c LEFT JOIN ( SELECT kcu.column_name, kcu.table_name, kcu.table_schema FROM information_schema.table_constraints tc INNER JOIN information_schema.key_column_usage kcu on (kcu.constraint_name = tc.constraint_name and kcu.table_name=tc.table_name and kcu.table_schema=tc.table_schema) WHERE tc.constraint_type='PRIMARY KEY') pkc ON (c.column_name=pkc.column_name AND c.table_schema = pkc.table_schema AND c.table_name=pkc.table_name) WHERE c.table_schema='public' AND c.table_name='movies' ORDER BY c.ordinal_position
2022-05-02 08:07:01.925 UTC [326] LOG:  statement: DEALLOCATE pdo_stmt_00000002
2022-05-02 08:07:01.928 UTC [326] LOG:  execute pdo_stmt_00000003: SELECT "movies"."id", "movies"."title", "movies"."year", "movies"."director", "movies"."plot", "movies"."country" FROM "public"."movies" WHERE "movies"."title" LIKE $1
2022-05-02 08:07:01.928 UTC [326] DETAIL:  parameters: $1 = '%en%'
2022-05-02 08:07:01.932 UTC [326] LOG:  statement: DEALLOCATE pdo_stmt_00000003
2022-05-02 08:11:45.154 UTC [28] WARNING:  could not open statistics file "pg_stat_tmp/global.stat": Operation not permitted
2022-05-02 08:12:22.667 UTC [338] LOG:  execute pdo_stmt_00000001: SELECT CASE WHEN COUNT(*) > 0 THEN 1 ELSE 0 END FROM information_schema.tables WHERE table_schema = 'public' AND table_name='movies'
2022-05-02 08:12:22.668 UTC [338] LOG:  statement: DEALLOCATE pdo_stmt_00000001
2022-05-02 08:12:22.697 UTC [338] LOG:  execute pdo_stmt_00000002: SELECT DISTINCT c.column_name AS Field, c.data_type AS Type, c.character_maximum_length AS Size, c.numeric_precision AS NumericSize, c.numeric_scale AS NumericScale, c.is_nullable AS Null, CASE WHEN pkc.column_name NOTNULL THEN 'PRI' ELSE '' END AS Key, CASE WHEN c.data_type LIKE '%int%' AND c.column_default LIKE '%nextval%' THEN 'auto_increment' ELSE '' END AS Extra, c.ordinal_position AS Position, c.column_default FROM information_schema.columns c LEFT JOIN ( SELECT kcu.column_name, kcu.table_name, kcu.table_schema FROM information_schema.table_constraints tc INNER JOIN information_schema.key_column_usage kcu on (kcu.constraint_name = tc.constraint_name and kcu.table_name=tc.table_name and kcu.table_schema=tc.table_schema) WHERE tc.constraint_type='PRIMARY KEY') pkc ON (c.column_name=pkc.column_name AND c.table_schema = pkc.table_schema AND c.table_name=pkc.table_name) WHERE c.table_schema='public' AND c.table_name='movies' ORDER BY c.ordinal_position
2022-05-02 08:12:22.701 UTC [338] LOG:  statement: DEALLOCATE pdo_stmt_00000002
2022-05-02 08:12:22.705 UTC [338] LOG:  execute pdo_stmt_00000003: SELECT "movies"."id", "movies"."title", "movies"."year", "movies"."director", "movies"."plot", "movies"."country" FROM "public"."movies" WHERE "movies"."title" LIKE $1
2022-05-02 08:12:22.705 UTC [338] DETAIL:  parameters: $1 = '%en%'
2022-05-02 08:12:22.714 UTC [338] LOG:  statement: DEALLOCATE pdo_stmt_00000003
2022-05-02 08:12:31.396 UTC [339] LOG:  execute pdo_stmt_00000001: SELECT CASE WHEN COUNT(*) > 0 THEN 1 ELSE 0 END FROM information_schema.tables WHERE table_schema = 'public' AND table_name='movies'
2022-05-02 08:12:31.397 UTC [339] LOG:  statement: DEALLOCATE pdo_stmt_00000001
2022-05-02 08:12:31.432 UTC [339] LOG:  execute pdo_stmt_00000002: SELECT DISTINCT c.column_name AS Field, c.data_type AS Type, c.character_maximum_length AS Size, c.numeric_precision AS NumericSize, c.numeric_scale AS NumericScale, c.is_nullable AS Null, CASE WHEN pkc.column_name NOTNULL THEN 'PRI' ELSE '' END AS Key, CASE WHEN c.data_type LIKE '%int%' AND c.column_default LIKE '%nextval%' THEN 'auto_increment' ELSE '' END AS Extra, c.ordinal_position AS Position, c.column_default FROM information_schema.columns c LEFT JOIN ( SELECT kcu.column_name, kcu.table_name, kcu.table_schema FROM information_schema.table_constraints tc INNER JOIN information_schema.key_column_usage kcu on (kcu.constraint_name = tc.constraint_name and kcu.table_name=tc.table_name and kcu.table_schema=tc.table_schema) WHERE tc.constraint_type='PRIMARY KEY') pkc ON (c.column_name=pkc.column_name AND c.table_schema = pkc.table_schema AND c.table_name=pkc.table_name) WHERE c.table_schema='public' AND c.table_name='movies' ORDER BY c.ordinal_position
2022-05-02 08:12:31.435 UTC [339] LOG:  statement: DEALLOCATE pdo_stmt_00000002
2022-05-02 08:12:31.440 UTC [339] LOG:  execute pdo_stmt_00000003: SELECT "movies"."id", "movies"."title", "movies"."year", "movies"."director", "movies"."plot", "movies"."country" FROM "public"."movies" WHERE "movies"."title" LIKE $1
2022-05-02 08:12:31.440 UTC [339] DETAIL:  parameters: $1 = '%en%'
2022-05-02 08:12:31.444 UTC [339] LOG:  statement: DEALLOCATE pdo_stmt_00000003
2022-05-02 08:12:32.221 UTC [340] LOG:  execute pdo_stmt_00000001: SELECT CASE WHEN COUNT(*) > 0 THEN 1 ELSE 0 END FROM information_schema.tables WHERE table_schema = 'public' AND table_name='movies'
2022-05-02 08:12:32.222 UTC [340] LOG:  statement: DEALLOCATE pdo_stmt_00000001
2022-05-02 08:12:32.266 UTC [340] LOG:  execute pdo_stmt_00000002: SELECT DISTINCT c.column_name AS Field, c.data_type AS Type, c.character_maximum_length AS Size, c.numeric_precision AS NumericSize, c.numeric_scale AS NumericScale, c.is_nullable AS Null, CASE WHEN pkc.column_name NOTNULL THEN 'PRI' ELSE '' END AS Key, CASE WHEN c.data_type LIKE '%int%' AND c.column_default LIKE '%nextval%' THEN 'auto_increment' ELSE '' END AS Extra, c.ordinal_position AS Position, c.column_default FROM information_schema.columns c LEFT JOIN ( SELECT kcu.column_name, kcu.table_name, kcu.table_schema FROM information_schema.table_constraints tc INNER JOIN information_schema.key_column_usage kcu on (kcu.constraint_name = tc.constraint_name and kcu.table_name=tc.table_name and kcu.table_schema=tc.table_schema) WHERE tc.constraint_type='PRIMARY KEY') pkc ON (c.column_name=pkc.column_name AND c.table_schema = pkc.table_schema AND c.table_name=pkc.table_name) WHERE c.table_schema='public' AND c.table_name='movies' ORDER BY c.ordinal_position
2022-05-02 08:12:32.269 UTC [340] LOG:  statement: DEALLOCATE pdo_stmt_00000002
2022-05-02 08:12:32.272 UTC [340] LOG:  execute pdo_stmt_00000003: SELECT "movies"."id", "movies"."title", "movies"."year", "movies"."director", "movies"."plot", "movies"."country" FROM "public"."movies" WHERE "movies"."title" LIKE $1
2022-05-02 08:12:32.272 UTC [340] DETAIL:  parameters: $1 = '%en%'
2022-05-02 08:12:32.277 UTC [340] LOG:  statement: DEALLOCATE pdo_stmt_00000003
2022-05-02 08:23:44.402 UTC [363] LOG:  execute pdo_stmt_00000001: SELECT CASE WHEN COUNT(*) > 0 THEN 1 ELSE 0 END FROM information_schema.tables WHERE table_schema = 'public' AND table_name='movies'
2022-05-02 08:23:44.403 UTC [363] LOG:  statement: DEALLOCATE pdo_stmt_00000001
2022-05-02 08:23:44.459 UTC [363] LOG:  execute pdo_stmt_00000002: SELECT DISTINCT c.column_name AS Field, c.data_type AS Type, c.character_maximum_length AS Size, c.numeric_precision AS NumericSize, c.numeric_scale AS NumericScale, c.is_nullable AS Null, CASE WHEN pkc.column_name NOTNULL THEN 'PRI' ELSE '' END AS Key, CASE WHEN c.data_type LIKE '%int%' AND c.column_default LIKE '%nextval%' THEN 'auto_increment' ELSE '' END AS Extra, c.ordinal_position AS Position, c.column_default FROM information_schema.columns c LEFT JOIN ( SELECT kcu.column_name, kcu.table_name, kcu.table_schema FROM information_schema.table_constraints tc INNER JOIN information_schema.key_column_usage kcu on (kcu.constraint_name = tc.constraint_name and kcu.table_name=tc.table_name and kcu.table_schema=tc.table_schema) WHERE tc.constraint_type='PRIMARY KEY') pkc ON (c.column_name=pkc.column_name AND c.table_schema = pkc.table_schema AND c.table_name=pkc.table_name) WHERE c.table_schema='public' AND c.table_name='movies' ORDER BY c.ordinal_position
2022-05-02 08:23:44.461 UTC [363] LOG:  statement: DEALLOCATE pdo_stmt_00000002
2022-05-02 08:23:44.466 UTC [363] LOG:  execute pdo_stmt_00000003: SELECT "movies"."id", "movies"."title", "movies"."year", "movies"."director", "movies"."plot", "movies"."country" FROM "public"."movies" WHERE "movies"."title" LIKE $1
2022-05-02 08:23:44.466 UTC [363] DETAIL:  parameters: $1 = '%en%'
2022-05-02 08:23:44.470 UTC [363] LOG:  statement: DEALLOCATE pdo_stmt_00000003
2022-05-02 08:23:45.679 UTC [364] WARNING:  could not open statistics file "pg_stat_tmp/global.stat": Operation not permitted
2022-05-02 08:24:51.420 UTC [367] LOG:  execute pdo_stmt_00000001: SELECT CASE WHEN COUNT(*) > 0 THEN 1 ELSE 0 END FROM information_schema.tables WHERE table_schema = 'public' AND table_name='movies'
2022-05-02 08:24:51.421 UTC [367] LOG:  statement: DEALLOCATE pdo_stmt_00000001
2022-05-02 08:24:51.450 UTC [367] LOG:  execute pdo_stmt_00000002: SELECT DISTINCT c.column_name AS Field, c.data_type AS Type, c.character_maximum_length AS Size, c.numeric_precision AS NumericSize, c.numeric_scale AS NumericScale, c.is_nullable AS Null, CASE WHEN pkc.column_name NOTNULL THEN 'PRI' ELSE '' END AS Key, CASE WHEN c.data_type LIKE '%int%' AND c.column_default LIKE '%nextval%' THEN 'auto_increment' ELSE '' END AS Extra, c.ordinal_position AS Position, c.column_default FROM information_schema.columns c LEFT JOIN ( SELECT kcu.column_name, kcu.table_name, kcu.table_schema FROM information_schema.table_constraints tc INNER JOIN information_schema.key_column_usage kcu on (kcu.constraint_name = tc.constraint_name and kcu.table_name=tc.table_name and kcu.table_schema=tc.table_schema) WHERE tc.constraint_type='PRIMARY KEY') pkc ON (c.column_name=pkc.column_name AND c.table_schema = pkc.table_schema AND c.table_name=pkc.table_name) WHERE c.table_schema='public' AND c.table_name='movies' ORDER BY c.ordinal_position
2022-05-02 08:24:51.452 UTC [367] LOG:  statement: DEALLOCATE pdo_stmt_00000002
2022-05-02 08:24:51.455 UTC [367] LOG:  execute pdo_stmt_00000003: SELECT "movies"."id", "movies"."title", "movies"."year", "movies"."director", "movies"."plot", "movies"."country" FROM "public"."movies" WHERE "movies"."title" LIKE $1
2022-05-02 08:24:51.455 UTC [367] DETAIL:  parameters: $1 = '%en%'
2022-05-02 08:24:51.459 UTC [367] LOG:  statement: DEALLOCATE pdo_stmt_00000003
2022-05-02 08:24:52.300 UTC [368] LOG:  execute pdo_stmt_00000001: SELECT CASE WHEN COUNT(*) > 0 THEN 1 ELSE 0 END FROM information_schema.tables WHERE table_schema = 'public' AND table_name='movies'
2022-05-02 08:24:52.300 UTC [368] LOG:  statement: DEALLOCATE pdo_stmt_00000001
2022-05-02 08:24:52.331 UTC [368] LOG:  execute pdo_stmt_00000002: SELECT DISTINCT c.column_name AS Field, c.data_type AS Type, c.character_maximum_length AS Size, c.numeric_precision AS NumericSize, c.numeric_scale AS NumericScale, c.is_nullable AS Null, CASE WHEN pkc.column_name NOTNULL THEN 'PRI' ELSE '' END AS Key, CASE WHEN c.data_type LIKE '%int%' AND c.column_default LIKE '%nextval%' THEN 'auto_increment' ELSE '' END AS Extra, c.ordinal_position AS Position, c.column_default FROM information_schema.columns c LEFT JOIN ( SELECT kcu.column_name, kcu.table_name, kcu.table_schema FROM information_schema.table_constraints tc INNER JOIN information_schema.key_column_usage kcu on (kcu.constraint_name = tc.constraint_name and kcu.table_name=tc.table_name and kcu.table_schema=tc.table_schema) WHERE tc.constraint_type='PRIMARY KEY') pkc ON (c.column_name=pkc.column_name AND c.table_schema = pkc.table_schema AND c.table_name=pkc.table_name) WHERE c.table_schema='public' AND c.table_name='movies' ORDER BY c.ordinal_position
2022-05-02 08:24:52.334 UTC [368] LOG:  statement: DEALLOCATE pdo_stmt_00000002
2022-05-02 08:24:52.336 UTC [368] LOG:  execute pdo_stmt_00000003: SELECT "movies"."id", "movies"."title", "movies"."year", "movies"."director", "movies"."plot", "movies"."country" FROM "public"."movies" WHERE "movies"."title" LIKE $1
2022-05-02 08:24:52.336 UTC [368] DETAIL:  parameters: $1 = '%en%'
2022-05-02 08:24:52.341 UTC [368] LOG:  statement: DEALLOCATE pdo_stmt_00000003
2022-05-02 08:25:00.312 UTC [369] LOG:  execute pdo_stmt_00000001: SELECT CASE WHEN COUNT(*) > 0 THEN 1 ELSE 0 END FROM information_schema.tables WHERE table_schema = 'public' AND table_name='movies'
2022-05-02 08:25:00.314 UTC [369] LOG:  statement: DEALLOCATE pdo_stmt_00000001
2022-05-02 08:25:00.343 UTC [369] LOG:  execute pdo_stmt_00000002: SELECT DISTINCT c.column_name AS Field, c.data_type AS Type, c.character_maximum_length AS Size, c.numeric_precision AS NumericSize, c.numeric_scale AS NumericScale, c.is_nullable AS Null, CASE WHEN pkc.column_name NOTNULL THEN 'PRI' ELSE '' END AS Key, CASE WHEN c.data_type LIKE '%int%' AND c.column_default LIKE '%nextval%' THEN 'auto_increment' ELSE '' END AS Extra, c.ordinal_position AS Position, c.column_default FROM information_schema.columns c LEFT JOIN ( SELECT kcu.column_name, kcu.table_name, kcu.table_schema FROM information_schema.table_constraints tc INNER JOIN information_schema.key_column_usage kcu on (kcu.constraint_name = tc.constraint_name and kcu.table_name=tc.table_name and kcu.table_schema=tc.table_schema) WHERE tc.constraint_type='PRIMARY KEY') pkc ON (c.column_name=pkc.column_name AND c.table_schema = pkc.table_schema AND c.table_name=pkc.table_name) WHERE c.table_schema='public' AND c.table_name='movies' ORDER BY c.ordinal_position
2022-05-02 08:25:00.346 UTC [369] LOG:  statement: DEALLOCATE pdo_stmt_00000002
2022-05-02 08:25:00.349 UTC [369] LOG:  execute pdo_stmt_00000003: SELECT "movies"."id", "movies"."title", "movies"."year", "movies"."director", "movies"."plot", "movies"."country" FROM "public"."movies" WHERE "movies"."title" LIKE $1
2022-05-02 08:25:00.349 UTC [369] DETAIL:  parameters: $1 = '%en%'
2022-05-02 08:25:00.354 UTC [369] LOG:  statement: DEALLOCATE pdo_stmt_00000003
2022-05-02 08:27:40.123 UTC [375] LOG:  execute pdo_stmt_00000001: SELECT CASE WHEN COUNT(*) > 0 THEN 1 ELSE 0 END FROM information_schema.tables WHERE table_schema = 'public' AND table_name='movies'
2022-05-02 08:27:40.124 UTC [375] LOG:  statement: DEALLOCATE pdo_stmt_00000001
2022-05-02 08:27:41.162 UTC [375] LOG:  execute pdo_stmt_00000002: SELECT DISTINCT c.column_name AS Field, c.data_type AS Type, c.character_maximum_length AS Size, c.numeric_precision AS NumericSize, c.numeric_scale AS NumericScale, c.is_nullable AS Null, CASE WHEN pkc.column_name NOTNULL THEN 'PRI' ELSE '' END AS Key, CASE WHEN c.data_type LIKE '%int%' AND c.column_default LIKE '%nextval%' THEN 'auto_increment' ELSE '' END AS Extra, c.ordinal_position AS Position, c.column_default FROM information_schema.columns c LEFT JOIN ( SELECT kcu.column_name, kcu.table_name, kcu.table_schema FROM information_schema.table_constraints tc INNER JOIN information_schema.key_column_usage kcu on (kcu.constraint_name = tc.constraint_name and kcu.table_name=tc.table_name and kcu.table_schema=tc.table_schema) WHERE tc.constraint_type='PRIMARY KEY') pkc ON (c.column_name=pkc.column_name AND c.table_schema = pkc.table_schema AND c.table_name=pkc.table_name) WHERE c.table_schema='public' AND c.table_name='movies' ORDER BY c.ordinal_position
2022-05-02 08:27:41.165 UTC [375] LOG:  statement: DEALLOCATE pdo_stmt_00000002
2022-05-02 08:27:41.169 UTC [375] LOG:  execute pdo_stmt_00000003: SELECT "movies"."id", "movies"."title", "movies"."year", "movies"."director", "movies"."plot", "movies"."country" FROM "public"."movies" WHERE "movies"."title" LIKE $1
2022-05-02 08:27:41.169 UTC [375] DETAIL:  parameters: $1 = '%en%'
2022-05-02 08:27:41.170 UTC [375] LOG:  statement: DEALLOCATE pdo_stmt_00000003
2022-05-02 08:28:44.100 UTC [378] LOG:  execute pdo_stmt_00000001: SELECT CASE WHEN COUNT(*) > 0 THEN 1 ELSE 0 END FROM information_schema.tables WHERE table_schema = 'public' AND table_name='movies'
2022-05-02 08:28:44.101 UTC [378] LOG:  statement: DEALLOCATE pdo_stmt_00000001
2022-05-02 08:28:44.130 UTC [378] LOG:  execute pdo_stmt_00000002: SELECT DISTINCT c.column_name AS Field, c.data_type AS Type, c.character_maximum_length AS Size, c.numeric_precision AS NumericSize, c.numeric_scale AS NumericScale, c.is_nullable AS Null, CASE WHEN pkc.column_name NOTNULL THEN 'PRI' ELSE '' END AS Key, CASE WHEN c.data_type LIKE '%int%' AND c.column_default LIKE '%nextval%' THEN 'auto_increment' ELSE '' END AS Extra, c.ordinal_position AS Position, c.column_default FROM information_schema.columns c LEFT JOIN ( SELECT kcu.column_name, kcu.table_name, kcu.table_schema FROM information_schema.table_constraints tc INNER JOIN information_schema.key_column_usage kcu on (kcu.constraint_name = tc.constraint_name and kcu.table_name=tc.table_name and kcu.table_schema=tc.table_schema) WHERE tc.constraint_type='PRIMARY KEY') pkc ON (c.column_name=pkc.column_name AND c.table_schema = pkc.table_schema AND c.table_name=pkc.table_name) WHERE c.table_schema='public' AND c.table_name='movies' ORDER BY c.ordinal_position
2022-05-02 08:28:44.133 UTC [378] LOG:  statement: DEALLOCATE pdo_stmt_00000002
2022-05-02 08:28:44.136 UTC [378] LOG:  execute pdo_stmt_00000003: SELECT "movies"."id", "movies"."title", "movies"."year", "movies"."director", "movies"."plot", "movies"."country" FROM "public"."movies" WHERE "movies"."title" LIKE $1
2022-05-02 08:28:44.136 UTC [378] DETAIL:  parameters: $1 = '%en%'
2022-05-02 08:28:44.137 UTC [378] LOG:  statement: DEALLOCATE pdo_stmt_00000003
2022-05-02 08:29:15.217 UTC [28] WARNING:  could not open statistics file "pg_stat_tmp/global.stat": Operation not permitted
2022-05-02 08:33:23.053 UTC [389] LOG:  execute pdo_stmt_00000001: SELECT CASE WHEN COUNT(*) > 0 THEN 1 ELSE 0 END FROM information_schema.tables WHERE table_schema = 'public' AND table_name='movies'
2022-05-02 08:33:23.054 UTC [389] LOG:  statement: DEALLOCATE pdo_stmt_00000001
2022-05-02 08:33:23.077 UTC [389] LOG:  execute pdo_stmt_00000002: SELECT DISTINCT c.column_name AS Field, c.data_type AS Type, c.character_maximum_length AS Size, c.numeric_precision AS NumericSize, c.numeric_scale AS NumericScale, c.is_nullable AS Null, CASE WHEN pkc.column_name NOTNULL THEN 'PRI' ELSE '' END AS Key, CASE WHEN c.data_type LIKE '%int%' AND c.column_default LIKE '%nextval%' THEN 'auto_increment' ELSE '' END AS Extra, c.ordinal_position AS Position, c.column_default FROM information_schema.columns c LEFT JOIN ( SELECT kcu.column_name, kcu.table_name, kcu.table_schema FROM information_schema.table_constraints tc INNER JOIN information_schema.key_column_usage kcu on (kcu.constraint_name = tc.constraint_name and kcu.table_name=tc.table_name and kcu.table_schema=tc.table_schema) WHERE tc.constraint_type='PRIMARY KEY') pkc ON (c.column_name=pkc.column_name AND c.table_schema = pkc.table_schema AND c.table_name=pkc.table_name) WHERE c.table_schema='public' AND c.table_name='movies' ORDER BY c.ordinal_position
2022-05-02 08:33:23.080 UTC [389] LOG:  statement: DEALLOCATE pdo_stmt_00000002
2022-05-02 08:33:23.083 UTC [389] LOG:  execute pdo_stmt_00000003: SELECT "movies"."id", "movies"."title", "movies"."year", "movies"."director", "movies"."plot", "movies"."country" FROM "public"."movies" WHERE "movies"."title" LIKE $1
2022-05-02 08:33:23.083 UTC [389] DETAIL:  parameters: $1 = '%une%'
2022-05-02 08:33:23.091 UTC [389] LOG:  statement: DEALLOCATE pdo_stmt_00000003
2022-05-02 08:39:33.651 UTC [402] LOG:  execute pdo_stmt_00000001: SELECT CASE WHEN COUNT(*) > 0 THEN 1 ELSE 0 END FROM information_schema.tables WHERE table_schema = 'public' AND table_name='movies'
2022-05-02 08:39:33.652 UTC [402] LOG:  statement: DEALLOCATE pdo_stmt_00000001
2022-05-02 08:39:33.683 UTC [402] LOG:  execute pdo_stmt_00000002: SELECT DISTINCT c.column_name AS Field, c.data_type AS Type, c.character_maximum_length AS Size, c.numeric_precision AS NumericSize, c.numeric_scale AS NumericScale, c.is_nullable AS Null, CASE WHEN pkc.column_name NOTNULL THEN 'PRI' ELSE '' END AS Key, CASE WHEN c.data_type LIKE '%int%' AND c.column_default LIKE '%nextval%' THEN 'auto_increment' ELSE '' END AS Extra, c.ordinal_position AS Position, c.column_default FROM information_schema.columns c LEFT JOIN ( SELECT kcu.column_name, kcu.table_name, kcu.table_schema FROM information_schema.table_constraints tc INNER JOIN information_schema.key_column_usage kcu on (kcu.constraint_name = tc.constraint_name and kcu.table_name=tc.table_name and kcu.table_schema=tc.table_schema) WHERE tc.constraint_type='PRIMARY KEY') pkc ON (c.column_name=pkc.column_name AND c.table_schema = pkc.table_schema AND c.table_name=pkc.table_name) WHERE c.table_schema='public' AND c.table_name='movies' ORDER BY c.ordinal_position
2022-05-02 08:39:33.687 UTC [402] LOG:  statement: DEALLOCATE pdo_stmt_00000002
2022-05-02 08:39:33.690 UTC [402] LOG:  execute pdo_stmt_00000003: SELECT "movies"."id", "movies"."title", "movies"."year", "movies"."director", "movies"."plot", "movies"."country" FROM "public"."movies"
2022-05-02 08:39:33.695 UTC [402] LOG:  statement: DEALLOCATE pdo_stmt_00000003
2022-05-02 08:40:15.638 UTC [28] WARNING:  could not open statistics file "pg_stat_tmp/global.stat": Operation not permitted
2022-05-02 08:43:19.802 UTC [411] LOG:  execute pdo_stmt_00000001: SELECT CASE WHEN COUNT(*) > 0 THEN 1 ELSE 0 END FROM information_schema.tables WHERE table_schema = 'public' AND table_name='movies'
2022-05-02 08:43:19.804 UTC [411] LOG:  statement: DEALLOCATE pdo_stmt_00000001
2022-05-02 08:43:19.834 UTC [411] LOG:  execute pdo_stmt_00000002: SELECT DISTINCT c.column_name AS Field, c.data_type AS Type, c.character_maximum_length AS Size, c.numeric_precision AS NumericSize, c.numeric_scale AS NumericScale, c.is_nullable AS Null, CASE WHEN pkc.column_name NOTNULL THEN 'PRI' ELSE '' END AS Key, CASE WHEN c.data_type LIKE '%int%' AND c.column_default LIKE '%nextval%' THEN 'auto_increment' ELSE '' END AS Extra, c.ordinal_position AS Position, c.column_default FROM information_schema.columns c LEFT JOIN ( SELECT kcu.column_name, kcu.table_name, kcu.table_schema FROM information_schema.table_constraints tc INNER JOIN information_schema.key_column_usage kcu on (kcu.constraint_name = tc.constraint_name and kcu.table_name=tc.table_name and kcu.table_schema=tc.table_schema) WHERE tc.constraint_type='PRIMARY KEY') pkc ON (c.column_name=pkc.column_name AND c.table_schema = pkc.table_schema AND c.table_name=pkc.table_name) WHERE c.table_schema='public' AND c.table_name='movies' ORDER BY c.ordinal_position
2022-05-02 08:43:19.836 UTC [411] LOG:  statement: DEALLOCATE pdo_stmt_00000002
2022-05-02 08:43:19.841 UTC [411] LOG:  execute pdo_stmt_00000003: SELECT "movies"."id", "movies"."title", "movies"."year", "movies"."director", "movies"."plot", "movies"."country" FROM "public"."movies" LIMIT $1
2022-05-02 08:43:19.841 UTC [411] DETAIL:  parameters: $1 = '1'
2022-05-02 08:43:19.846 UTC [411] LOG:  statement: DEALLOCATE pdo_stmt_00000003
2022-05-02 08:51:48.480 UTC [429] LOG:  execute pdo_stmt_00000001: SELECT CASE WHEN COUNT(*) > 0 THEN 1 ELSE 0 END FROM information_schema.tables WHERE table_schema = 'public' AND table_name='movies'
2022-05-02 08:51:48.480 UTC [429] LOG:  statement: DEALLOCATE pdo_stmt_00000001
2022-05-02 08:51:48.508 UTC [429] LOG:  execute pdo_stmt_00000002: SELECT DISTINCT c.column_name AS Field, c.data_type AS Type, c.character_maximum_length AS Size, c.numeric_precision AS NumericSize, c.numeric_scale AS NumericScale, c.is_nullable AS Null, CASE WHEN pkc.column_name NOTNULL THEN 'PRI' ELSE '' END AS Key, CASE WHEN c.data_type LIKE '%int%' AND c.column_default LIKE '%nextval%' THEN 'auto_increment' ELSE '' END AS Extra, c.ordinal_position AS Position, c.column_default FROM information_schema.columns c LEFT JOIN ( SELECT kcu.column_name, kcu.table_name, kcu.table_schema FROM information_schema.table_constraints tc INNER JOIN information_schema.key_column_usage kcu on (kcu.constraint_name = tc.constraint_name and kcu.table_name=tc.table_name and kcu.table_schema=tc.table_schema) WHERE tc.constraint_type='PRIMARY KEY') pkc ON (c.column_name=pkc.column_name AND c.table_schema = pkc.table_schema AND c.table_name=pkc.table_name) WHERE c.table_schema='public' AND c.table_name='movies' ORDER BY c.ordinal_position
2022-05-02 08:51:48.510 UTC [429] LOG:  statement: DEALLOCATE pdo_stmt_00000002
2022-05-02 08:51:48.512 UTC [429] LOG:  execute pdo_stmt_00000003: SELECT "movies"."id", "movies"."title", "movies"."year", "movies"."director", "movies"."plot", "movies"."country" FROM "public"."movies" WHERE "movies"."year" = $1 LIMIT $2
2022-05-02 08:51:48.512 UTC [429] DETAIL:  parameters: $1 = '1995', $2 = '1'
2022-05-02 08:51:48.517 UTC [429] LOG:  statement: DEALLOCATE pdo_stmt_00000003
2022-05-02 08:51:49.438 UTC [430] LOG:  execute pdo_stmt_00000001: SELECT CASE WHEN COUNT(*) > 0 THEN 1 ELSE 0 END FROM information_schema.tables WHERE table_schema = 'public' AND table_name='movies'
2022-05-02 08:51:49.439 UTC [430] LOG:  statement: DEALLOCATE pdo_stmt_00000001
2022-05-02 08:51:49.467 UTC [430] LOG:  execute pdo_stmt_00000002: SELECT DISTINCT c.column_name AS Field, c.data_type AS Type, c.character_maximum_length AS Size, c.numeric_precision AS NumericSize, c.numeric_scale AS NumericScale, c.is_nullable AS Null, CASE WHEN pkc.column_name NOTNULL THEN 'PRI' ELSE '' END AS Key, CASE WHEN c.data_type LIKE '%int%' AND c.column_default LIKE '%nextval%' THEN 'auto_increment' ELSE '' END AS Extra, c.ordinal_position AS Position, c.column_default FROM information_schema.columns c LEFT JOIN ( SELECT kcu.column_name, kcu.table_name, kcu.table_schema FROM information_schema.table_constraints tc INNER JOIN information_schema.key_column_usage kcu on (kcu.constraint_name = tc.constraint_name and kcu.table_name=tc.table_name and kcu.table_schema=tc.table_schema) WHERE tc.constraint_type='PRIMARY KEY') pkc ON (c.column_name=pkc.column_name AND c.table_schema = pkc.table_schema AND c.table_name=pkc.table_name) WHERE c.table_schema='public' AND c.table_name='movies' ORDER BY c.ordinal_position
2022-05-02 08:51:49.471 UTC [430] LOG:  statement: DEALLOCATE pdo_stmt_00000002
2022-05-02 08:51:49.474 UTC [430] LOG:  execute pdo_stmt_00000003: SELECT "movies"."id", "movies"."title", "movies"."year", "movies"."director", "movies"."plot", "movies"."country" FROM "public"."movies" WHERE "movies"."year" = $1 LIMIT $2
2022-05-02 08:51:49.474 UTC [430] DETAIL:  parameters: $1 = '1995', $2 = '1'
2022-05-02 08:51:49.478 UTC [430] LOG:  statement: DEALLOCATE pdo_stmt_00000003
2022-05-02 08:51:56.932 UTC [431] LOG:  execute pdo_stmt_00000001: SELECT CASE WHEN COUNT(*) > 0 THEN 1 ELSE 0 END FROM information_schema.tables WHERE table_schema = 'public' AND table_name='movies'
2022-05-02 08:51:56.933 UTC [431] LOG:  statement: DEALLOCATE pdo_stmt_00000001
2022-05-02 08:51:56.960 UTC [431] LOG:  execute pdo_stmt_00000002: SELECT DISTINCT c.column_name AS Field, c.data_type AS Type, c.character_maximum_length AS Size, c.numeric_precision AS NumericSize, c.numeric_scale AS NumericScale, c.is_nullable AS Null, CASE WHEN pkc.column_name NOTNULL THEN 'PRI' ELSE '' END AS Key, CASE WHEN c.data_type LIKE '%int%' AND c.column_default LIKE '%nextval%' THEN 'auto_increment' ELSE '' END AS Extra, c.ordinal_position AS Position, c.column_default FROM information_schema.columns c LEFT JOIN ( SELECT kcu.column_name, kcu.table_name, kcu.table_schema FROM information_schema.table_constraints tc INNER JOIN information_schema.key_column_usage kcu on (kcu.constraint_name = tc.constraint_name and kcu.table_name=tc.table_name and kcu.table_schema=tc.table_schema) WHERE tc.constraint_type='PRIMARY KEY') pkc ON (c.column_name=pkc.column_name AND c.table_schema = pkc.table_schema AND c.table_name=pkc.table_name) WHERE c.table_schema='public' AND c.table_name='movies' ORDER BY c.ordinal_position
2022-05-02 08:51:56.962 UTC [431] LOG:  statement: DEALLOCATE pdo_stmt_00000002
2022-05-02 08:51:56.966 UTC [431] LOG:  execute pdo_stmt_00000003: SELECT "movies"."id", "movies"."title", "movies"."year", "movies"."director", "movies"."plot", "movies"."country" FROM "public"."movies" WHERE "movies"."year" = $1 LIMIT $2
2022-05-02 08:51:56.966 UTC [431] DETAIL:  parameters: $1 = '2021', $2 = '1'
2022-05-02 08:51:56.972 UTC [431] LOG:  statement: DEALLOCATE pdo_stmt_00000003
2022-05-02 08:54:59.497 UTC [438] LOG:  execute pdo_stmt_00000001: SELECT CASE WHEN COUNT(*) > 0 THEN 1 ELSE 0 END FROM information_schema.tables WHERE table_schema = 'public' AND table_name='movies'
2022-05-02 08:54:59.497 UTC [438] LOG:  statement: DEALLOCATE pdo_stmt_00000001
2022-05-02 08:54:59.524 UTC [438] LOG:  execute pdo_stmt_00000002: SELECT DISTINCT c.column_name AS Field, c.data_type AS Type, c.character_maximum_length AS Size, c.numeric_precision AS NumericSize, c.numeric_scale AS NumericScale, c.is_nullable AS Null, CASE WHEN pkc.column_name NOTNULL THEN 'PRI' ELSE '' END AS Key, CASE WHEN c.data_type LIKE '%int%' AND c.column_default LIKE '%nextval%' THEN 'auto_increment' ELSE '' END AS Extra, c.ordinal_position AS Position, c.column_default FROM information_schema.columns c LEFT JOIN ( SELECT kcu.column_name, kcu.table_name, kcu.table_schema FROM information_schema.table_constraints tc INNER JOIN information_schema.key_column_usage kcu on (kcu.constraint_name = tc.constraint_name and kcu.table_name=tc.table_name and kcu.table_schema=tc.table_schema) WHERE tc.constraint_type='PRIMARY KEY') pkc ON (c.column_name=pkc.column_name AND c.table_schema = pkc.table_schema AND c.table_name=pkc.table_name) WHERE c.table_schema='public' AND c.table_name='movies' ORDER BY c.ordinal_position
2022-05-02 08:54:59.527 UTC [438] LOG:  statement: DEALLOCATE pdo_stmt_00000002
2022-05-02 08:54:59.530 UTC [438] LOG:  execute pdo_stmt_00000003: SELECT "movies"."id", "movies"."title", "movies"."year", "movies"."director", "movies"."plot", "movies"."country" FROM "public"."movies" WHERE ("movies"."year" = $1) AND ("movies"."title" LIKE $2) LIMIT $3
2022-05-02 08:54:59.530 UTC [438] DETAIL:  parameters: $1 = '2021', $2 = '%une%', $3 = '1'
2022-05-02 08:54:59.534 UTC [438] LOG:  statement: DEALLOCATE pdo_stmt_00000003
2022-05-02 09:07:16.622 UTC [28] WARNING:  could not open statistics file "pg_stat_tmp/global.stat": Operation not permitted
2022-05-02 09:09:08.571 UTC [467] LOG:  execute pdo_stmt_00000001: SELECT CASE WHEN COUNT(*) > 0 THEN 1 ELSE 0 END FROM information_schema.tables WHERE table_schema = 'public' AND table_name='movies'
2022-05-02 09:09:08.572 UTC [467] LOG:  statement: DEALLOCATE pdo_stmt_00000001
2022-05-02 09:09:08.595 UTC [467] LOG:  execute pdo_stmt_00000002: SELECT DISTINCT c.column_name AS Field, c.data_type AS Type, c.character_maximum_length AS Size, c.numeric_precision AS NumericSize, c.numeric_scale AS NumericScale, c.is_nullable AS Null, CASE WHEN pkc.column_name NOTNULL THEN 'PRI' ELSE '' END AS Key, CASE WHEN c.data_type LIKE '%int%' AND c.column_default LIKE '%nextval%' THEN 'auto_increment' ELSE '' END AS Extra, c.ordinal_position AS Position, c.column_default FROM information_schema.columns c LEFT JOIN ( SELECT kcu.column_name, kcu.table_name, kcu.table_schema FROM information_schema.table_constraints tc INNER JOIN information_schema.key_column_usage kcu on (kcu.constraint_name = tc.constraint_name and kcu.table_name=tc.table_name and kcu.table_schema=tc.table_schema) WHERE tc.constraint_type='PRIMARY KEY') pkc ON (c.column_name=pkc.column_name AND c.table_schema = pkc.table_schema AND c.table_name=pkc.table_name) WHERE c.table_schema='public' AND c.table_name='movies' ORDER BY c.ordinal_position
2022-05-02 09:09:08.597 UTC [467] LOG:  statement: DEALLOCATE pdo_stmt_00000002
2022-05-02 09:09:08.599 UTC [467] LOG:  execute pdo_stmt_00000003: SELECT "movies"."id", "movies"."title", "movies"."year", "movies"."director", "movies"."plot", "movies"."country" FROM "public"."movies" WHERE ("movies"."year" = $1) AND ("movies"."title" LIKE $2) LIMIT $3
2022-05-02 09:09:08.599 UTC [467] DETAIL:  parameters: $1 = '2021', $2 = '%une%', $3 = '1'
2022-05-02 09:09:08.604 UTC [467] LOG:  statement: DEALLOCATE pdo_stmt_00000003
2022-05-02 09:17:16.877 UTC [28] WARNING:  could not open statistics file "pg_stat_tmp/global.stat": Operation not permitted
2022-05-02 09:35:48.529 UTC [28] WARNING:  could not open statistics file "pg_stat_tmp/global.stat": Operation not permitted
2022-05-02 09:52:07.950 UTC [554] LOG:  execute pdo_stmt_00000001: select * from movies
2022-05-02 09:52:08.893 UTC [555] LOG:  execute pdo_stmt_00000001: select * from movies
2022-05-02 09:52:22.184 UTC [557] LOG:  execute pdo_stmt_00000001: select * from movies
2022-05-02 09:55:43.051 UTC [564] LOG:  execute pdo_stmt_00000001: select * from movies
2022-05-02 09:55:43.053 UTC [564] LOG:  statement: DEALLOCATE pdo_stmt_00000001
2022-05-02 09:56:03.614 UTC [566] LOG:  execute pdo_stmt_00000001: select * from movies
2022-05-02 09:56:03.614 UTC [566] LOG:  statement: DEALLOCATE pdo_stmt_00000001
2022-05-02 09:56:22.925 UTC [568] LOG:  execute pdo_stmt_00000001: select * from movies
2022-05-02 09:56:22.925 UTC [568] LOG:  statement: DEALLOCATE pdo_stmt_00000001
2022-05-02 09:56:34.399 UTC [569] LOG:  execute pdo_stmt_00000001: select * from movies
2022-05-02 09:56:34.399 UTC [569] LOG:  statement: DEALLOCATE pdo_stmt_00000001
2022-05-02 09:56:45.685 UTC [570] LOG:  execute pdo_stmt_00000001: select * from movies
2022-05-02 09:58:52.390 UTC [576] LOG:  execute pdo_stmt_00000001: select * from movies
2022-05-02 09:58:52.391 UTC [576] LOG:  statement: DEALLOCATE pdo_stmt_00000001
2022-05-02 09:59:23.566 UTC [578] LOG:  execute pdo_stmt_00000001: select * from movies
2022-05-02 09:59:23.567 UTC [578] LOG:  statement: DEALLOCATE pdo_stmt_00000001
2022-05-02 10:00:47.724 UTC [581] LOG:  execute pdo_stmt_00000001: select * from movies
2022-05-02 10:00:47.725 UTC [581] LOG:  statement: DEALLOCATE pdo_stmt_00000001
2022-05-02 10:00:56.250 UTC [583] LOG:  execute pdo_stmt_00000001: select * from movies
2022-05-02 10:00:56.251 UTC [583] LOG:  statement: DEALLOCATE pdo_stmt_00000001
2022-05-02 10:01:03.580 UTC [584] LOG:  execute pdo_stmt_00000001: select * from movies
2022-05-02 10:01:03.581 UTC [584] LOG:  statement: DEALLOCATE pdo_stmt_00000001
2022-05-02 10:01:11.408 UTC [585] LOG:  execute pdo_stmt_00000001: select * from movies
2022-05-02 10:01:11.408 UTC [585] LOG:  statement: DEALLOCATE pdo_stmt_00000001
2022-05-02 10:01:17.219 UTC [586] LOG:  execute pdo_stmt_00000001: select * from movies
2022-05-02 10:01:17.219 UTC [586] LOG:  statement: DEALLOCATE pdo_stmt_00000001
2022-05-02 10:06:02.197 UTC [597] LOG:  execute pdo_stmt_00000001: select * from movies
2022-05-02 10:06:02.198 UTC [597] LOG:  execute pdo_stmt_00000002: select * from movies
2022-05-02 10:06:02.198 UTC [597] LOG:  statement: DEALLOCATE pdo_stmt_00000001
2022-05-02 10:06:02.199 UTC [597] LOG:  statement: DEALLOCATE pdo_stmt_00000002
2022-05-02 10:06:40.478 UTC [599] LOG:  execute pdo_stmt_00000001: select * from movies
2022-05-02 10:06:40.479 UTC [599] LOG:  execute pdo_stmt_00000002: select * from movies
2022-05-02 10:06:40.479 UTC [599] LOG:  statement: DEALLOCATE pdo_stmt_00000001
2022-05-02 10:06:40.480 UTC [599] LOG:  statement: DEALLOCATE pdo_stmt_00000002
2022-05-02 10:12:49.691 UTC [28] WARNING:  could not open statistics file "pg_stat_tmp/global.stat": Operation not permitted
2022-05-02 10:23:39.227 UTC [634] LOG:  execute pdo_stmt_00000001: select * from movies
2022-05-02 10:23:39.227 UTC [634] LOG:  execute pdo_stmt_00000002: select * from movies
2022-05-02 10:23:39.228 UTC [634] LOG:  statement: DEALLOCATE pdo_stmt_00000001
2022-05-02 10:23:39.228 UTC [634] LOG:  statement: DEALLOCATE pdo_stmt_00000002
2022-05-02 10:23:59.211 UTC [636] LOG:  execute pdo_stmt_00000001: select * from movies
2022-05-02 10:23:59.212 UTC [636] LOG:  execute pdo_stmt_00000002: select * from movies
2022-05-02 10:23:59.212 UTC [636] LOG:  statement: DEALLOCATE pdo_stmt_00000001
2022-05-02 10:23:59.212 UTC [636] LOG:  statement: DEALLOCATE pdo_stmt_00000002
2022-05-02 10:25:45.174 UTC [640] LOG:  execute pdo_stmt_00000001: select * from movies
2022-05-02 10:25:45.174 UTC [640] LOG:  statement: DEALLOCATE pdo_stmt_00000001
