2022-04-19 14:14:41.494 UTC [20] LOG:  database system was shut down at 2022-04-18 15:26:44 UTC
2022-04-19 14:14:41.536 UTC [1] LOG:  database system is ready to accept connections
2022-04-19 14:15:54.923 UTC [29] LOG:  execute pdo_stmt_00000001: SELECT CASE WHEN COUNT(*) > 0 THEN 1 ELSE 0 END FROM information_schema.tables WHERE table_schema = 'public' AND table_name='countries'
2022-04-19 14:15:54.924 UTC [29] LOG:  statement: DEALLOCATE pdo_stmt_00000001
2022-04-19 14:15:54.975 UTC [29] LOG:  execute pdo_stmt_00000002: SELECT DISTINCT c.column_name AS Field, c.data_type AS Type, c.character_maximum_length AS Size, c.numeric_precision AS NumericSize, c.numeric_scale AS NumericScale, c.is_nullable AS Null, CASE WHEN pkc.column_name NOTNULL THEN 'PRI' ELSE '' END AS Key, CASE WHEN c.data_type LIKE '%int%' AND c.column_default LIKE '%nextval%' THEN 'auto_increment' ELSE '' END AS Extra, c.ordinal_position AS Position, c.column_default FROM information_schema.columns c LEFT JOIN ( SELECT kcu.column_name, kcu.table_name, kcu.table_schema FROM information_schema.table_constraints tc INNER JOIN information_schema.key_column_usage kcu on (kcu.constraint_name = tc.constraint_name and kcu.table_name=tc.table_name and kcu.table_schema=tc.table_schema) WHERE tc.constraint_type='PRIMARY KEY') pkc ON (c.column_name=pkc.column_name AND c.table_schema = pkc.table_schema AND c.table_name=pkc.table_name) WHERE c.table_schema='public' AND c.table_name='countries' ORDER BY c.ordinal_position
2022-04-19 14:15:54.990 UTC [29] LOG:  statement: DEALLOCATE pdo_stmt_00000002
2022-04-19 14:15:54.995 UTC [29] LOG:  execute pdo_stmt_00000003: SELECT "countries"."id", "countries"."name", "countries"."created_on", "countries"."updated_on" FROM "public"."countries"
2022-04-19 14:15:55.001 UTC [29] LOG:  statement: DEALLOCATE pdo_stmt_00000003
2022-04-19 14:16:17.192 UTC [31] LOG:  execute pdo_stmt_00000001: SELECT CASE WHEN COUNT(*) > 0 THEN 1 ELSE 0 END FROM information_schema.tables WHERE table_schema = 'public' AND table_name='countries'
2022-04-19 14:16:17.193 UTC [31] LOG:  statement: DEALLOCATE pdo_stmt_00000001
2022-04-19 14:16:17.220 UTC [31] LOG:  execute pdo_stmt_00000002: SELECT DISTINCT c.column_name AS Field, c.data_type AS Type, c.character_maximum_length AS Size, c.numeric_precision AS NumericSize, c.numeric_scale AS NumericScale, c.is_nullable AS Null, CASE WHEN pkc.column_name NOTNULL THEN 'PRI' ELSE '' END AS Key, CASE WHEN c.data_type LIKE '%int%' AND c.column_default LIKE '%nextval%' THEN 'auto_increment' ELSE '' END AS Extra, c.ordinal_position AS Position, c.column_default FROM information_schema.columns c LEFT JOIN ( SELECT kcu.column_name, kcu.table_name, kcu.table_schema FROM information_schema.table_constraints tc INNER JOIN information_schema.key_column_usage kcu on (kcu.constraint_name = tc.constraint_name and kcu.table_name=tc.table_name and kcu.table_schema=tc.table_schema) WHERE tc.constraint_type='PRIMARY KEY') pkc ON (c.column_name=pkc.column_name AND c.table_schema = pkc.table_schema AND c.table_name=pkc.table_name) WHERE c.table_schema='public' AND c.table_name='countries' ORDER BY c.ordinal_position
2022-04-19 14:16:17.222 UTC [31] LOG:  statement: DEALLOCATE pdo_stmt_00000002
2022-04-19 14:16:17.226 UTC [31] LOG:  execute pdo_stmt_00000003: SELECT "countries"."id", "countries"."name", "countries"."created_on", "countries"."updated_on" FROM "public"."countries"
2022-04-19 14:16:17.236 UTC [31] LOG:  statement: DEALLOCATE pdo_stmt_00000003
2022-04-19 14:17:20.618 UTC [34] LOG:  execute pdo_stmt_00000001: SELECT CASE WHEN COUNT(*) > 0 THEN 1 ELSE 0 END FROM information_schema.tables WHERE table_schema = 'public' AND table_name='countries'
2022-04-19 14:17:20.619 UTC [34] LOG:  statement: DEALLOCATE pdo_stmt_00000001
2022-04-19 14:17:20.645 UTC [34] LOG:  execute pdo_stmt_00000002: SELECT DISTINCT c.column_name AS Field, c.data_type AS Type, c.character_maximum_length AS Size, c.numeric_precision AS NumericSize, c.numeric_scale AS NumericScale, c.is_nullable AS Null, CASE WHEN pkc.column_name NOTNULL THEN 'PRI' ELSE '' END AS Key, CASE WHEN c.data_type LIKE '%int%' AND c.column_default LIKE '%nextval%' THEN 'auto_increment' ELSE '' END AS Extra, c.ordinal_position AS Position, c.column_default FROM information_schema.columns c LEFT JOIN ( SELECT kcu.column_name, kcu.table_name, kcu.table_schema FROM information_schema.table_constraints tc INNER JOIN information_schema.key_column_usage kcu on (kcu.constraint_name = tc.constraint_name and kcu.table_name=tc.table_name and kcu.table_schema=tc.table_schema) WHERE tc.constraint_type='PRIMARY KEY') pkc ON (c.column_name=pkc.column_name AND c.table_schema = pkc.table_schema AND c.table_name=pkc.table_name) WHERE c.table_schema='public' AND c.table_name='countries' ORDER BY c.ordinal_position
2022-04-19 14:17:20.646 UTC [34] LOG:  statement: DEALLOCATE pdo_stmt_00000002
2022-04-19 14:17:20.650 UTC [34] LOG:  execute pdo_stmt_00000003: SELECT "countries"."id", "countries"."name", "countries"."created_on", "countries"."updated_on" FROM "public"."countries"
2022-04-19 14:17:20.662 UTC [34] LOG:  statement: DEALLOCATE pdo_stmt_00000003
2022-04-19 14:20:11.856 UTC [41] LOG:  execute pdo_stmt_00000001: SELECT CASE WHEN COUNT(*) > 0 THEN 1 ELSE 0 END FROM information_schema.tables WHERE table_schema = 'public' AND table_name='countries'
2022-04-19 14:20:11.857 UTC [41] LOG:  statement: DEALLOCATE pdo_stmt_00000001
2022-04-19 14:20:11.906 UTC [41] LOG:  execute pdo_stmt_00000002: SELECT DISTINCT c.column_name AS Field, c.data_type AS Type, c.character_maximum_length AS Size, c.numeric_precision AS NumericSize, c.numeric_scale AS NumericScale, c.is_nullable AS Null, CASE WHEN pkc.column_name NOTNULL THEN 'PRI' ELSE '' END AS Key, CASE WHEN c.data_type LIKE '%int%' AND c.column_default LIKE '%nextval%' THEN 'auto_increment' ELSE '' END AS Extra, c.ordinal_position AS Position, c.column_default FROM information_schema.columns c LEFT JOIN ( SELECT kcu.column_name, kcu.table_name, kcu.table_schema FROM information_schema.table_constraints tc INNER JOIN information_schema.key_column_usage kcu on (kcu.constraint_name = tc.constraint_name and kcu.table_name=tc.table_name and kcu.table_schema=tc.table_schema) WHERE tc.constraint_type='PRIMARY KEY') pkc ON (c.column_name=pkc.column_name AND c.table_schema = pkc.table_schema AND c.table_name=pkc.table_name) WHERE c.table_schema='public' AND c.table_name='countries' ORDER BY c.ordinal_position
2022-04-19 14:20:11.910 UTC [41] LOG:  statement: DEALLOCATE pdo_stmt_00000002
2022-04-19 14:20:11.914 UTC [41] LOG:  execute pdo_stmt_00000003: SELECT "countries"."id", "countries"."name", "countries"."created_on", "countries"."updated_on" FROM "public"."countries"
2022-04-19 14:20:11.928 UTC [41] LOG:  statement: DEALLOCATE pdo_stmt_00000003
2022-04-19 14:20:28.523 UTC [42] LOG:  execute pdo_stmt_00000001: SELECT CASE WHEN COUNT(*) > 0 THEN 1 ELSE 0 END FROM information_schema.tables WHERE table_schema = 'public' AND table_name='countries'
2022-04-19 14:20:28.524 UTC [42] LOG:  statement: DEALLOCATE pdo_stmt_00000001
2022-04-19 14:20:28.553 UTC [42] LOG:  execute pdo_stmt_00000002: SELECT DISTINCT c.column_name AS Field, c.data_type AS Type, c.character_maximum_length AS Size, c.numeric_precision AS NumericSize, c.numeric_scale AS NumericScale, c.is_nullable AS Null, CASE WHEN pkc.column_name NOTNULL THEN 'PRI' ELSE '' END AS Key, CASE WHEN c.data_type LIKE '%int%' AND c.column_default LIKE '%nextval%' THEN 'auto_increment' ELSE '' END AS Extra, c.ordinal_position AS Position, c.column_default FROM information_schema.columns c LEFT JOIN ( SELECT kcu.column_name, kcu.table_name, kcu.table_schema FROM information_schema.table_constraints tc INNER JOIN information_schema.key_column_usage kcu on (kcu.constraint_name = tc.constraint_name and kcu.table_name=tc.table_name and kcu.table_schema=tc.table_schema) WHERE tc.constraint_type='PRIMARY KEY') pkc ON (c.column_name=pkc.column_name AND c.table_schema = pkc.table_schema AND c.table_name=pkc.table_name) WHERE c.table_schema='public' AND c.table_name='countries' ORDER BY c.ordinal_position
2022-04-19 14:20:28.554 UTC [42] LOG:  statement: DEALLOCATE pdo_stmt_00000002
2022-04-19 14:20:28.557 UTC [42] LOG:  execute pdo_stmt_00000003: SELECT "countries"."id", "countries"."name", "countries"."created_on", "countries"."updated_on" FROM "public"."countries"
2022-04-19 14:20:28.571 UTC [42] LOG:  statement: DEALLOCATE pdo_stmt_00000003
2022-04-19 14:20:38.351 UTC [43] LOG:  execute pdo_stmt_00000001: SELECT CASE WHEN COUNT(*) > 0 THEN 1 ELSE 0 END FROM information_schema.tables WHERE table_schema = 'public' AND table_name='countries'
2022-04-19 14:20:38.352 UTC [43] LOG:  statement: DEALLOCATE pdo_stmt_00000001
2022-04-19 14:20:38.383 UTC [43] LOG:  execute pdo_stmt_00000002: SELECT DISTINCT c.column_name AS Field, c.data_type AS Type, c.character_maximum_length AS Size, c.numeric_precision AS NumericSize, c.numeric_scale AS NumericScale, c.is_nullable AS Null, CASE WHEN pkc.column_name NOTNULL THEN 'PRI' ELSE '' END AS Key, CASE WHEN c.data_type LIKE '%int%' AND c.column_default LIKE '%nextval%' THEN 'auto_increment' ELSE '' END AS Extra, c.ordinal_position AS Position, c.column_default FROM information_schema.columns c LEFT JOIN ( SELECT kcu.column_name, kcu.table_name, kcu.table_schema FROM information_schema.table_constraints tc INNER JOIN information_schema.key_column_usage kcu on (kcu.constraint_name = tc.constraint_name and kcu.table_name=tc.table_name and kcu.table_schema=tc.table_schema) WHERE tc.constraint_type='PRIMARY KEY') pkc ON (c.column_name=pkc.column_name AND c.table_schema = pkc.table_schema AND c.table_name=pkc.table_name) WHERE c.table_schema='public' AND c.table_name='countries' ORDER BY c.ordinal_position
2022-04-19 14:20:38.386 UTC [43] LOG:  statement: DEALLOCATE pdo_stmt_00000002
2022-04-19 14:20:38.389 UTC [43] LOG:  execute pdo_stmt_00000003: SELECT "countries"."id", "countries"."name", "countries"."created_on", "countries"."updated_on" FROM "public"."countries"
2022-04-19 14:20:38.402 UTC [43] LOG:  statement: DEALLOCATE pdo_stmt_00000003
2022-04-19 14:20:49.304 UTC [45] LOG:  execute pdo_stmt_00000001: SELECT CASE WHEN COUNT(*) > 0 THEN 1 ELSE 0 END FROM information_schema.tables WHERE table_schema = 'public' AND table_name='countries'
2022-04-19 14:20:49.305 UTC [45] LOG:  statement: DEALLOCATE pdo_stmt_00000001
2022-04-19 14:20:49.339 UTC [45] LOG:  execute pdo_stmt_00000002: SELECT DISTINCT c.column_name AS Field, c.data_type AS Type, c.character_maximum_length AS Size, c.numeric_precision AS NumericSize, c.numeric_scale AS NumericScale, c.is_nullable AS Null, CASE WHEN pkc.column_name NOTNULL THEN 'PRI' ELSE '' END AS Key, CASE WHEN c.data_type LIKE '%int%' AND c.column_default LIKE '%nextval%' THEN 'auto_increment' ELSE '' END AS Extra, c.ordinal_position AS Position, c.column_default FROM information_schema.columns c LEFT JOIN ( SELECT kcu.column_name, kcu.table_name, kcu.table_schema FROM information_schema.table_constraints tc INNER JOIN information_schema.key_column_usage kcu on (kcu.constraint_name = tc.constraint_name and kcu.table_name=tc.table_name and kcu.table_schema=tc.table_schema) WHERE tc.constraint_type='PRIMARY KEY') pkc ON (c.column_name=pkc.column_name AND c.table_schema = pkc.table_schema AND c.table_name=pkc.table_name) WHERE c.table_schema='public' AND c.table_name='countries' ORDER BY c.ordinal_position
2022-04-19 14:20:49.342 UTC [45] LOG:  statement: DEALLOCATE pdo_stmt_00000002
2022-04-19 14:20:49.345 UTC [45] LOG:  execute pdo_stmt_00000003: SELECT "countries"."id", "countries"."name", "countries"."created_on", "countries"."updated_on" FROM "public"."countries"
2022-04-19 14:20:49.359 UTC [45] LOG:  statement: DEALLOCATE pdo_stmt_00000003
2022-04-19 14:20:50.282 UTC [46] LOG:  execute pdo_stmt_00000001: SELECT CASE WHEN COUNT(*) > 0 THEN 1 ELSE 0 END FROM information_schema.tables WHERE table_schema = 'public' AND table_name='countries'
2022-04-19 14:20:50.283 UTC [46] LOG:  statement: DEALLOCATE pdo_stmt_00000001
2022-04-19 14:20:50.313 UTC [46] LOG:  execute pdo_stmt_00000002: SELECT DISTINCT c.column_name AS Field, c.data_type AS Type, c.character_maximum_length AS Size, c.numeric_precision AS NumericSize, c.numeric_scale AS NumericScale, c.is_nullable AS Null, CASE WHEN pkc.column_name NOTNULL THEN 'PRI' ELSE '' END AS Key, CASE WHEN c.data_type LIKE '%int%' AND c.column_default LIKE '%nextval%' THEN 'auto_increment' ELSE '' END AS Extra, c.ordinal_position AS Position, c.column_default FROM information_schema.columns c LEFT JOIN ( SELECT kcu.column_name, kcu.table_name, kcu.table_schema FROM information_schema.table_constraints tc INNER JOIN information_schema.key_column_usage kcu on (kcu.constraint_name = tc.constraint_name and kcu.table_name=tc.table_name and kcu.table_schema=tc.table_schema) WHERE tc.constraint_type='PRIMARY KEY') pkc ON (c.column_name=pkc.column_name AND c.table_schema = pkc.table_schema AND c.table_name=pkc.table_name) WHERE c.table_schema='public' AND c.table_name='countries' ORDER BY c.ordinal_position
2022-04-19 14:20:50.316 UTC [46] LOG:  statement: DEALLOCATE pdo_stmt_00000002
2022-04-19 14:20:50.321 UTC [46] LOG:  execute pdo_stmt_00000003: SELECT "countries"."id", "countries"."name", "countries"."created_on", "countries"."updated_on" FROM "public"."countries"
2022-04-19 14:20:50.325 UTC [46] LOG:  statement: DEALLOCATE pdo_stmt_00000003
2022-04-19 14:20:59.062 UTC [47] LOG:  execute pdo_stmt_00000001: SELECT CASE WHEN COUNT(*) > 0 THEN 1 ELSE 0 END FROM information_schema.tables WHERE table_schema = 'public' AND table_name='countries'
2022-04-19 14:20:59.063 UTC [47] LOG:  statement: DEALLOCATE pdo_stmt_00000001
2022-04-19 14:20:59.099 UTC [47] LOG:  execute pdo_stmt_00000002: SELECT DISTINCT c.column_name AS Field, c.data_type AS Type, c.character_maximum_length AS Size, c.numeric_precision AS NumericSize, c.numeric_scale AS NumericScale, c.is_nullable AS Null, CASE WHEN pkc.column_name NOTNULL THEN 'PRI' ELSE '' END AS Key, CASE WHEN c.data_type LIKE '%int%' AND c.column_default LIKE '%nextval%' THEN 'auto_increment' ELSE '' END AS Extra, c.ordinal_position AS Position, c.column_default FROM information_schema.columns c LEFT JOIN ( SELECT kcu.column_name, kcu.table_name, kcu.table_schema FROM information_schema.table_constraints tc INNER JOIN information_schema.key_column_usage kcu on (kcu.constraint_name = tc.constraint_name and kcu.table_name=tc.table_name and kcu.table_schema=tc.table_schema) WHERE tc.constraint_type='PRIMARY KEY') pkc ON (c.column_name=pkc.column_name AND c.table_schema = pkc.table_schema AND c.table_name=pkc.table_name) WHERE c.table_schema='public' AND c.table_name='countries' ORDER BY c.ordinal_position
2022-04-19 14:20:59.101 UTC [47] LOG:  statement: DEALLOCATE pdo_stmt_00000002
2022-04-19 14:20:59.106 UTC [47] LOG:  execute pdo_stmt_00000003: SELECT "countries"."id", "countries"."name", "countries"."created_on", "countries"."updated_on" FROM "public"."countries"
2022-04-19 14:20:59.111 UTC [47] LOG:  statement: DEALLOCATE pdo_stmt_00000003
2022-04-19 14:21:04.933 UTC [48] LOG:  execute pdo_stmt_00000001: SELECT CASE WHEN COUNT(*) > 0 THEN 1 ELSE 0 END FROM information_schema.tables WHERE table_schema = 'public' AND table_name='countries'
2022-04-19 14:21:04.934 UTC [48] LOG:  statement: DEALLOCATE pdo_stmt_00000001
2022-04-19 14:21:04.962 UTC [48] LOG:  execute pdo_stmt_00000002: SELECT DISTINCT c.column_name AS Field, c.data_type AS Type, c.character_maximum_length AS Size, c.numeric_precision AS NumericSize, c.numeric_scale AS NumericScale, c.is_nullable AS Null, CASE WHEN pkc.column_name NOTNULL THEN 'PRI' ELSE '' END AS Key, CASE WHEN c.data_type LIKE '%int%' AND c.column_default LIKE '%nextval%' THEN 'auto_increment' ELSE '' END AS Extra, c.ordinal_position AS Position, c.column_default FROM information_schema.columns c LEFT JOIN ( SELECT kcu.column_name, kcu.table_name, kcu.table_schema FROM information_schema.table_constraints tc INNER JOIN information_schema.key_column_usage kcu on (kcu.constraint_name = tc.constraint_name and kcu.table_name=tc.table_name and kcu.table_schema=tc.table_schema) WHERE tc.constraint_type='PRIMARY KEY') pkc ON (c.column_name=pkc.column_name AND c.table_schema = pkc.table_schema AND c.table_name=pkc.table_name) WHERE c.table_schema='public' AND c.table_name='countries' ORDER BY c.ordinal_position
2022-04-19 14:21:04.965 UTC [48] LOG:  statement: DEALLOCATE pdo_stmt_00000002
2022-04-19 14:21:04.968 UTC [48] LOG:  execute pdo_stmt_00000003: SELECT "countries"."id", "countries"."name", "countries"."created_on", "countries"."updated_on" FROM "public"."countries"
2022-04-19 14:21:04.978 UTC [48] LOG:  statement: DEALLOCATE pdo_stmt_00000003
2022-04-19 14:21:31.926 UTC [50] LOG:  execute pdo_stmt_00000001: SELECT CASE WHEN COUNT(*) > 0 THEN 1 ELSE 0 END FROM information_schema.tables WHERE table_schema = 'public' AND table_name='countries'
2022-04-19 14:21:31.926 UTC [50] LOG:  statement: DEALLOCATE pdo_stmt_00000001
2022-04-19 14:21:31.964 UTC [50] LOG:  execute pdo_stmt_00000002: SELECT DISTINCT c.column_name AS Field, c.data_type AS Type, c.character_maximum_length AS Size, c.numeric_precision AS NumericSize, c.numeric_scale AS NumericScale, c.is_nullable AS Null, CASE WHEN pkc.column_name NOTNULL THEN 'PRI' ELSE '' END AS Key, CASE WHEN c.data_type LIKE '%int%' AND c.column_default LIKE '%nextval%' THEN 'auto_increment' ELSE '' END AS Extra, c.ordinal_position AS Position, c.column_default FROM information_schema.columns c LEFT JOIN ( SELECT kcu.column_name, kcu.table_name, kcu.table_schema FROM information_schema.table_constraints tc INNER JOIN information_schema.key_column_usage kcu on (kcu.constraint_name = tc.constraint_name and kcu.table_name=tc.table_name and kcu.table_schema=tc.table_schema) WHERE tc.constraint_type='PRIMARY KEY') pkc ON (c.column_name=pkc.column_name AND c.table_schema = pkc.table_schema AND c.table_name=pkc.table_name) WHERE c.table_schema='public' AND c.table_name='countries' ORDER BY c.ordinal_position
2022-04-19 14:21:31.968 UTC [50] LOG:  statement: DEALLOCATE pdo_stmt_00000002
2022-04-19 14:21:31.969 UTC [50] LOG:  execute pdo_stmt_00000003: INSERT INTO "public"."countries" ("name", "created_on", "updated_on", "id") VALUES ($1, DEFAULT, DEFAULT, DEFAULT)
2022-04-19 14:21:31.969 UTC [50] DETAIL:  parameters: $1 = 'Portugal'
2022-04-19 14:21:31.976 UTC [50] LOG:  statement: DEALLOCATE pdo_stmt_00000003
2022-04-19 14:21:31.980 UTC [50] LOG:  execute <unnamed>: SELECT CURRVAL($1)
2022-04-19 14:21:31.980 UTC [50] DETAIL:  parameters: $1 = 'countries_id_seq'
2022-04-19 14:21:34.376 UTC [51] LOG:  execute pdo_stmt_00000001: SELECT CASE WHEN COUNT(*) > 0 THEN 1 ELSE 0 END FROM information_schema.tables WHERE table_schema = 'public' AND table_name='countries'
2022-04-19 14:21:34.376 UTC [51] LOG:  statement: DEALLOCATE pdo_stmt_00000001
2022-04-19 14:21:34.409 UTC [51] LOG:  execute pdo_stmt_00000002: SELECT DISTINCT c.column_name AS Field, c.data_type AS Type, c.character_maximum_length AS Size, c.numeric_precision AS NumericSize, c.numeric_scale AS NumericScale, c.is_nullable AS Null, CASE WHEN pkc.column_name NOTNULL THEN 'PRI' ELSE '' END AS Key, CASE WHEN c.data_type LIKE '%int%' AND c.column_default LIKE '%nextval%' THEN 'auto_increment' ELSE '' END AS Extra, c.ordinal_position AS Position, c.column_default FROM information_schema.columns c LEFT JOIN ( SELECT kcu.column_name, kcu.table_name, kcu.table_schema FROM information_schema.table_constraints tc INNER JOIN information_schema.key_column_usage kcu on (kcu.constraint_name = tc.constraint_name and kcu.table_name=tc.table_name and kcu.table_schema=tc.table_schema) WHERE tc.constraint_type='PRIMARY KEY') pkc ON (c.column_name=pkc.column_name AND c.table_schema = pkc.table_schema AND c.table_name=pkc.table_name) WHERE c.table_schema='public' AND c.table_name='countries' ORDER BY c.ordinal_position
2022-04-19 14:21:34.411 UTC [51] LOG:  statement: DEALLOCATE pdo_stmt_00000002
2022-04-19 14:21:34.413 UTC [51] LOG:  execute pdo_stmt_00000003: SELECT "countries"."id", "countries"."name", "countries"."created_on", "countries"."updated_on" FROM "public"."countries"
2022-04-19 14:21:34.421 UTC [51] LOG:  statement: DEALLOCATE pdo_stmt_00000003
2022-04-19 14:26:42.041 UTC [24] WARNING:  could not open statistics file "pg_stat_tmp/global.stat": Operation not permitted
2022-04-19 14:27:04.518 UTC [71] LOG:  statement: SELECT pg_catalog.quote_ident(datname) FROM pg_catalog.pg_database  WHERE substring(pg_catalog.quote_ident(datname),1,2)='ph'
	LIMIT 1000
2022-04-19 14:27:19.786 UTC [72] LOG:  statement: SELECT pg_catalog.quote_ident(c.relname) FROM pg_catalog.pg_class c WHERE c.relkind IN ('r', 'p') AND substring(pg_catalog.quote_ident(c.relname),1,3)='cou' AND pg_catalog.pg_table_is_visible(c.oid) AND c.relnamespace <> (SELECT oid FROM pg_catalog.pg_namespace WHERE nspname = 'pg_catalog')
	UNION
	SELECT pg_catalog.quote_ident(n.nspname) || '.' FROM pg_catalog.pg_namespace n WHERE substring(pg_catalog.quote_ident(n.nspname) || '.',1,3)='cou' AND (SELECT pg_catalog.count(*) FROM pg_catalog.pg_namespace WHERE substring(pg_catalog.quote_ident(nspname) || '.',1,3) = substring('cou',1,pg_catalog.length(pg_catalog.quote_ident(nspname))+1)) > 1
	UNION
	SELECT pg_catalog.quote_ident(n.nspname) || '.' || pg_catalog.quote_ident(c.relname) FROM pg_catalog.pg_class c, pg_catalog.pg_namespace n WHERE c.relnamespace = n.oid AND c.relkind IN ('r', 'p') AND substring(pg_catalog.quote_ident(n.nspname) || '.' || pg_catalog.quote_ident(c.relname),1,3)='cou' AND substring(pg_catalog.quote_ident(n.nspname) || '.',1,3) = substring('cou',1,pg_catalog.length(pg_catalog.quote_ident(n.nspname))+1) AND (SELECT pg_catalog.count(*) FROM pg_catalog.pg_namespace WHERE substring(pg_catalog.quote_ident(nspname) || '.',1,3) = substring('cou',1,pg_catalog.length(pg_catalog.quote_ident(nspname))+1)) = 1
	LIMIT 1000
2022-04-19 14:27:20.765 UTC [72] LOG:  statement: drop table countries;
2022-04-19 14:27:24.759 UTC [72] LOG:  statement: SELECT n.nspname as "Schema",
	  c.relname as "Name",
	  CASE c.relkind WHEN 'r' THEN 'table' WHEN 'v' THEN 'view' WHEN 'm' THEN 'materialized view' WHEN 'i' THEN 'index' WHEN 'S' THEN 'sequence' WHEN 's' THEN 'special' WHEN 'f' THEN 'foreign table' WHEN 'p' THEN 'table' END as "Type",
	  pg_catalog.pg_get_userbyid(c.relowner) as "Owner"
	FROM pg_catalog.pg_class c
	     LEFT JOIN pg_catalog.pg_namespace n ON n.oid = c.relnamespace
	WHERE c.relkind IN ('r','p','')
	      AND n.nspname <> 'pg_catalog'
	      AND n.nspname <> 'information_schema'
	      AND n.nspname !~ '^pg_toast'
	  AND pg_catalog.pg_table_is_visible(c.oid)
	ORDER BY 1,2;
2022-04-19 14:30:11.950 UTC [24] WARNING:  could not open statistics file "pg_stat_tmp/global.stat": Operation not permitted
2022-04-19 14:32:00.768 UTC [72] LOG:  statement: create table countries (
	id int primary key,
	name varchar(255) unique not null,
	short_name varchar(50) unique not null, 
	created_at date,
	updated_at date);
2022-04-19 14:32:17.558 UTC [72] LOG:  statement: SELECT pg_catalog.quote_ident(c.relname) FROM pg_catalog.pg_class c WHERE c.relkind IN ('r', 'S', 'v', 'm', 'f', 'p') AND substring(pg_catalog.quote_ident(c.relname),1,2)='co' AND pg_catalog.pg_table_is_visible(c.oid) AND c.relnamespace <> (SELECT oid FROM pg_catalog.pg_namespace WHERE nspname = 'pg_catalog')
	UNION
	SELECT pg_catalog.quote_ident(n.nspname) || '.' FROM pg_catalog.pg_namespace n WHERE substring(pg_catalog.quote_ident(n.nspname) || '.',1,2)='co' AND (SELECT pg_catalog.count(*) FROM pg_catalog.pg_namespace WHERE substring(pg_catalog.quote_ident(nspname) || '.',1,2) = substring('co',1,pg_catalog.length(pg_catalog.quote_ident(nspname))+1)) > 1
	UNION
	SELECT pg_catalog.quote_ident(n.nspname) || '.' || pg_catalog.quote_ident(c.relname) FROM pg_catalog.pg_class c, pg_catalog.pg_namespace n WHERE c.relnamespace = n.oid AND c.relkind IN ('r', 'S', 'v', 'm', 'f', 'p') AND substring(pg_catalog.quote_ident(n.nspname) || '.' || pg_catalog.quote_ident(c.relname),1,2)='co' AND substring(pg_catalog.quote_ident(n.nspname) || '.',1,2) = substring('co',1,pg_catalog.length(pg_catalog.quote_ident(n.nspname))+1) AND (SELECT pg_catalog.count(*) FROM pg_catalog.pg_namespace WHERE substring(pg_catalog.quote_ident(nspname) || '.',1,2) = substring('co',1,pg_catalog.length(pg_catalog.quote_ident(nspname))+1)) = 1
	LIMIT 1000
2022-04-19 14:32:18.321 UTC [72] LOG:  statement: select from countries;
2022-04-19 14:32:26.350 UTC [72] LOG:  statement: select * from countries;
2022-04-19 14:32:43.761 UTC [72] LOG:  statement: SELECT pg_catalog.quote_ident(c.relname) FROM pg_catalog.pg_class c WHERE c.relkind IN ('r', 'p') AND substring(pg_catalog.quote_ident(c.relname),1,3)='cou' AND pg_catalog.pg_table_is_visible(c.oid) AND c.relnamespace <> (SELECT oid FROM pg_catalog.pg_namespace WHERE nspname = 'pg_catalog')
	UNION
	SELECT pg_catalog.quote_ident(n.nspname) || '.' FROM pg_catalog.pg_namespace n WHERE substring(pg_catalog.quote_ident(n.nspname) || '.',1,3)='cou' AND (SELECT pg_catalog.count(*) FROM pg_catalog.pg_namespace WHERE substring(pg_catalog.quote_ident(nspname) || '.',1,3) = substring('cou',1,pg_catalog.length(pg_catalog.quote_ident(nspname))+1)) > 1
	UNION
	SELECT pg_catalog.quote_ident(n.nspname) || '.' || pg_catalog.quote_ident(c.relname) FROM pg_catalog.pg_class c, pg_catalog.pg_namespace n WHERE c.relnamespace = n.oid AND c.relkind IN ('r', 'p') AND substring(pg_catalog.quote_ident(n.nspname) || '.' || pg_catalog.quote_ident(c.relname),1,3)='cou' AND substring(pg_catalog.quote_ident(n.nspname) || '.',1,3) = substring('cou',1,pg_catalog.length(pg_catalog.quote_ident(n.nspname))+1) AND (SELECT pg_catalog.count(*) FROM pg_catalog.pg_namespace WHERE substring(pg_catalog.quote_ident(nspname) || '.',1,3) = substring('cou',1,pg_catalog.length(pg_catalog.quote_ident(nspname))+1)) = 1
	UNION SELECT 'ALL IN TABLESPACE'
	LIMIT 1000
2022-04-19 14:33:09.653 UTC [72] LOG:  statement: create sequence countries_id_seq owned by countries;
2022-04-19 14:33:09.661 UTC [72] ERROR:  invalid OWNED BY option
2022-04-19 14:33:09.661 UTC [72] HINT:  Specify OWNED BY table.column or OWNED BY NONE.
2022-04-19 14:33:09.661 UTC [72] STATEMENT:  create sequence countries_id_seq owned by countries;
2022-04-19 14:33:23.460 UTC [72] LOG:  statement: create sequence countries_id_seq owned by countries.id;
2022-04-19 14:33:50.651 UTC [72] LOG:  statement: alter table countries alter column id set default nextval('countries_id_seq');
2022-04-19 14:33:55.123 UTC [72] LOG:  statement: SELECT pg_catalog.quote_ident(c.relname) FROM pg_catalog.pg_class c WHERE c.relkind IN ('r', 'f', 'v', 'p') AND substring(pg_catalog.quote_ident(c.relname),1,3)='cou' AND pg_catalog.pg_table_is_visible(c.oid) AND c.relnamespace <> (SELECT oid FROM pg_catalog.pg_namespace WHERE nspname = 'pg_catalog')
	UNION
	SELECT pg_catalog.quote_ident(n.nspname) || '.' FROM pg_catalog.pg_namespace n WHERE substring(pg_catalog.quote_ident(n.nspname) || '.',1,3)='cou' AND (SELECT pg_catalog.count(*) FROM pg_catalog.pg_namespace WHERE substring(pg_catalog.quote_ident(nspname) || '.',1,3) = substring('cou',1,pg_catalog.length(pg_catalog.quote_ident(nspname))+1)) > 1
	UNION
	SELECT pg_catalog.quote_ident(n.nspname) || '.' || pg_catalog.quote_ident(c.relname) FROM pg_catalog.pg_class c, pg_catalog.pg_namespace n WHERE c.relnamespace = n.oid AND c.relkind IN ('r', 'f', 'v', 'p') AND substring(pg_catalog.quote_ident(n.nspname) || '.' || pg_catalog.quote_ident(c.relname),1,3)='cou' AND substring(pg_catalog.quote_ident(n.nspname) || '.',1,3) = substring('cou',1,pg_catalog.length(pg_catalog.quote_ident(n.nspname))+1) AND (SELECT pg_catalog.count(*) FROM pg_catalog.pg_namespace WHERE substring(pg_catalog.quote_ident(nspname) || '.',1,3) = substring('cou',1,pg_catalog.length(pg_catalog.quote_ident(nspname))+1)) = 1
	LIMIT 1000
2022-04-19 14:34:12.741 UTC [72] LOG:  statement: update countries set id=nextval('countries_id_seq');
2022-04-19 14:42:57.893 UTC [105] LOG:  execute pdo_stmt_00000001: SELECT CASE WHEN COUNT(*) > 0 THEN 1 ELSE 0 END FROM information_schema.tables WHERE table_schema = 'public' AND table_name='countries'
2022-04-19 14:42:57.894 UTC [105] LOG:  statement: DEALLOCATE pdo_stmt_00000001
2022-04-19 14:42:57.938 UTC [105] LOG:  execute pdo_stmt_00000002: SELECT DISTINCT c.column_name AS Field, c.data_type AS Type, c.character_maximum_length AS Size, c.numeric_precision AS NumericSize, c.numeric_scale AS NumericScale, c.is_nullable AS Null, CASE WHEN pkc.column_name NOTNULL THEN 'PRI' ELSE '' END AS Key, CASE WHEN c.data_type LIKE '%int%' AND c.column_default LIKE '%nextval%' THEN 'auto_increment' ELSE '' END AS Extra, c.ordinal_position AS Position, c.column_default FROM information_schema.columns c LEFT JOIN ( SELECT kcu.column_name, kcu.table_name, kcu.table_schema FROM information_schema.table_constraints tc INNER JOIN information_schema.key_column_usage kcu on (kcu.constraint_name = tc.constraint_name and kcu.table_name=tc.table_name and kcu.table_schema=tc.table_schema) WHERE tc.constraint_type='PRIMARY KEY') pkc ON (c.column_name=pkc.column_name AND c.table_schema = pkc.table_schema AND c.table_name=pkc.table_name) WHERE c.table_schema='public' AND c.table_name='countries' ORDER BY c.ordinal_position
2022-04-19 14:42:57.941 UTC [105] LOG:  statement: DEALLOCATE pdo_stmt_00000002
2022-04-19 14:42:57.943 UTC [105] LOG:  execute pdo_stmt_00000003: INSERT INTO "public"."countries" ("name", "short_name", "created_at", "updated_at", "id") VALUES ($1, $2, DEFAULT, DEFAULT, DEFAULT)
2022-04-19 14:42:57.943 UTC [105] DETAIL:  parameters: $1 = 'France', $2 = 'd'
2022-04-19 14:42:57.952 UTC [105] LOG:  statement: DEALLOCATE pdo_stmt_00000003
2022-04-19 14:42:57.953 UTC [105] LOG:  execute <unnamed>: SELECT CURRVAL($1)
2022-04-19 14:42:57.953 UTC [105] DETAIL:  parameters: $1 = 'countries_id_seq'
2022-04-19 14:43:09.184 UTC [72] LOG:  statement: SELECT pg_catalog.quote_ident(c.relname) FROM pg_catalog.pg_class c WHERE c.relkind IN ('r', 'S', 'v', 'm', 'f', 'p') AND substring(pg_catalog.quote_ident(c.relname),1,2)='co' AND pg_catalog.pg_table_is_visible(c.oid) AND c.relnamespace <> (SELECT oid FROM pg_catalog.pg_namespace WHERE nspname = 'pg_catalog')
	UNION
	SELECT pg_catalog.quote_ident(n.nspname) || '.' FROM pg_catalog.pg_namespace n WHERE substring(pg_catalog.quote_ident(n.nspname) || '.',1,2)='co' AND (SELECT pg_catalog.count(*) FROM pg_catalog.pg_namespace WHERE substring(pg_catalog.quote_ident(nspname) || '.',1,2) = substring('co',1,pg_catalog.length(pg_catalog.quote_ident(nspname))+1)) > 1
	UNION
	SELECT pg_catalog.quote_ident(n.nspname) || '.' || pg_catalog.quote_ident(c.relname) FROM pg_catalog.pg_class c, pg_catalog.pg_namespace n WHERE c.relnamespace = n.oid AND c.relkind IN ('r', 'S', 'v', 'm', 'f', 'p') AND substring(pg_catalog.quote_ident(n.nspname) || '.' || pg_catalog.quote_ident(c.relname),1,2)='co' AND substring(pg_catalog.quote_ident(n.nspname) || '.',1,2) = substring('co',1,pg_catalog.length(pg_catalog.quote_ident(n.nspname))+1) AND (SELECT pg_catalog.count(*) FROM pg_catalog.pg_namespace WHERE substring(pg_catalog.quote_ident(nspname) || '.',1,2) = substring('co',1,pg_catalog.length(pg_catalog.quote_ident(nspname))+1)) = 1
	LIMIT 1000
2022-04-19 14:43:09.953 UTC [72] LOG:  statement: select * from countries;
2022-04-19 14:43:52.537 UTC [72] LOG:  statement: SELECT pg_catalog.quote_ident(c.relname) FROM pg_catalog.pg_class c WHERE c.relkind IN ('r', 'f', 'v', 'p') AND substring(pg_catalog.quote_ident(c.relname),1,2)='co' AND pg_catalog.pg_table_is_visible(c.oid) AND c.relnamespace <> (SELECT oid FROM pg_catalog.pg_namespace WHERE nspname = 'pg_catalog')
	UNION
	SELECT pg_catalog.quote_ident(n.nspname) || '.' FROM pg_catalog.pg_namespace n WHERE substring(pg_catalog.quote_ident(n.nspname) || '.',1,2)='co' AND (SELECT pg_catalog.count(*) FROM pg_catalog.pg_namespace WHERE substring(pg_catalog.quote_ident(nspname) || '.',1,2) = substring('co',1,pg_catalog.length(pg_catalog.quote_ident(nspname))+1)) > 1
	UNION
	SELECT pg_catalog.quote_ident(n.nspname) || '.' || pg_catalog.quote_ident(c.relname) FROM pg_catalog.pg_class c, pg_catalog.pg_namespace n WHERE c.relnamespace = n.oid AND c.relkind IN ('r', 'f', 'v', 'p') AND substring(pg_catalog.quote_ident(n.nspname) || '.' || pg_catalog.quote_ident(c.relname),1,2)='co' AND substring(pg_catalog.quote_ident(n.nspname) || '.',1,2) = substring('co',1,pg_catalog.length(pg_catalog.quote_ident(n.nspname))+1) AND (SELECT pg_catalog.count(*) FROM pg_catalog.pg_namespace WHERE substring(pg_catalog.quote_ident(nspname) || '.',1,2) = substring('co',1,pg_catalog.length(pg_catalog.quote_ident(nspname))+1)) = 1
	LIMIT 1000
2022-04-19 14:43:53.340 UTC [72] LOG:  statement: delete from countries;
2022-04-19 14:48:38.307 UTC [117] LOG:  execute pdo_stmt_00000001: SELECT CASE WHEN COUNT(*) > 0 THEN 1 ELSE 0 END FROM information_schema.tables WHERE table_schema = 'public' AND table_name='countries'
2022-04-19 14:48:38.307 UTC [117] LOG:  statement: DEALLOCATE pdo_stmt_00000001
2022-04-19 14:48:38.339 UTC [117] LOG:  execute pdo_stmt_00000002: SELECT DISTINCT c.column_name AS Field, c.data_type AS Type, c.character_maximum_length AS Size, c.numeric_precision AS NumericSize, c.numeric_scale AS NumericScale, c.is_nullable AS Null, CASE WHEN pkc.column_name NOTNULL THEN 'PRI' ELSE '' END AS Key, CASE WHEN c.data_type LIKE '%int%' AND c.column_default LIKE '%nextval%' THEN 'auto_increment' ELSE '' END AS Extra, c.ordinal_position AS Position, c.column_default FROM information_schema.columns c LEFT JOIN ( SELECT kcu.column_name, kcu.table_name, kcu.table_schema FROM information_schema.table_constraints tc INNER JOIN information_schema.key_column_usage kcu on (kcu.constraint_name = tc.constraint_name and kcu.table_name=tc.table_name and kcu.table_schema=tc.table_schema) WHERE tc.constraint_type='PRIMARY KEY') pkc ON (c.column_name=pkc.column_name AND c.table_schema = pkc.table_schema AND c.table_name=pkc.table_name) WHERE c.table_schema='public' AND c.table_name='countries' ORDER BY c.ordinal_position
2022-04-19 14:48:38.342 UTC [117] LOG:  statement: DEALLOCATE pdo_stmt_00000002
2022-04-19 14:48:38.343 UTC [117] LOG:  execute pdo_stmt_00000003: INSERT INTO "public"."countries" ("name", "short_name", "created_at", "updated_at", "id") VALUES ($1, $2, DEFAULT, DEFAULT, DEFAULT)
2022-04-19 14:48:38.343 UTC [117] DETAIL:  parameters: $1 = 'France', $2 = 'FR'
2022-04-19 14:48:38.349 UTC [117] LOG:  statement: DEALLOCATE pdo_stmt_00000003
2022-04-19 14:48:38.349 UTC [117] LOG:  execute <unnamed>: SELECT CURRVAL($1)
2022-04-19 14:48:38.349 UTC [117] DETAIL:  parameters: $1 = 'countries_id_seq'
2022-04-19 14:48:42.034 UTC [118] LOG:  execute pdo_stmt_00000001: SELECT CASE WHEN COUNT(*) > 0 THEN 1 ELSE 0 END FROM information_schema.tables WHERE table_schema = 'public' AND table_name='countries'
2022-04-19 14:48:42.034 UTC [118] LOG:  statement: DEALLOCATE pdo_stmt_00000001
2022-04-19 14:48:42.058 UTC [118] LOG:  execute pdo_stmt_00000002: SELECT DISTINCT c.column_name AS Field, c.data_type AS Type, c.character_maximum_length AS Size, c.numeric_precision AS NumericSize, c.numeric_scale AS NumericScale, c.is_nullable AS Null, CASE WHEN pkc.column_name NOTNULL THEN 'PRI' ELSE '' END AS Key, CASE WHEN c.data_type LIKE '%int%' AND c.column_default LIKE '%nextval%' THEN 'auto_increment' ELSE '' END AS Extra, c.ordinal_position AS Position, c.column_default FROM information_schema.columns c LEFT JOIN ( SELECT kcu.column_name, kcu.table_name, kcu.table_schema FROM information_schema.table_constraints tc INNER JOIN information_schema.key_column_usage kcu on (kcu.constraint_name = tc.constraint_name and kcu.table_name=tc.table_name and kcu.table_schema=tc.table_schema) WHERE tc.constraint_type='PRIMARY KEY') pkc ON (c.column_name=pkc.column_name AND c.table_schema = pkc.table_schema AND c.table_name=pkc.table_name) WHERE c.table_schema='public' AND c.table_name='countries' ORDER BY c.ordinal_position
2022-04-19 14:48:42.061 UTC [118] LOG:  statement: DEALLOCATE pdo_stmt_00000002
2022-04-19 14:48:42.067 UTC [118] LOG:  execute pdo_stmt_00000003: SELECT "countries"."id", "countries"."name", "countries"."short_name", "countries"."created_at", "countries"."updated_at" FROM "public"."countries"
2022-04-19 14:48:42.079 UTC [118] LOG:  statement: DEALLOCATE pdo_stmt_00000003
2022-04-19 14:48:42.748 UTC [24] WARNING:  could not open statistics file "pg_stat_tmp/global.stat": Operation not permitted
