2022-03-27 07:33:00.751 UTC [21] LOG:  database system was interrupted; last known up at 2022-03-27 07:12:06 UTC
2022-03-27 07:33:04.597 UTC [21] LOG:  database system was not properly shut down; automatic recovery in progress
2022-03-27 07:33:04.627 UTC [21] LOG:  redo starts at 0/1636348
2022-03-27 07:33:04.627 UTC [21] LOG:  invalid record length at 0/1636428: wanted 24, got 0
2022-03-27 07:33:04.627 UTC [21] LOG:  redo done at 0/16363F0
2022-03-27 07:33:04.670 UTC [1] LOG:  database system is ready to accept connections
2022-03-27 07:33:08.092 UTC [28] LOG:  execute <unnamed>: SET extra_float_digits = 3
2022-03-27 07:33:08.097 UTC [28] LOG:  execute <unnamed>: SET application_name = 'PostgreSQL JDBC Driver'
2022-03-27 07:33:08.101 UTC [28] LOG:  execute <unnamed>: SET application_name = 'DBeaver 22.0.1 - Main <phalcon>'
2022-03-27 07:33:08.127 UTC [28] LOG:  execute <unnamed>: SELECT current_schema(),session_user
2022-03-27 07:33:08.290 UTC [28] LOG:  execute <unnamed>: SELECT n.oid,n.*,d.description FROM pg_catalog.pg_namespace n
	LEFT OUTER JOIN pg_catalog.pg_description d ON d.objoid=n.oid AND d.objsubid=0 AND d.classoid='pg_namespace'::regclass
	 ORDER BY nspname
2022-03-27 07:33:08.312 UTC [28] LOG:  execute <unnamed>: SELECT n.nspname = ANY(current_schemas(true)), n.nspname, t.typname FROM pg_catalog.pg_type t JOIN pg_catalog.pg_namespace n ON t.typnamespace = n.oid WHERE t.oid = $1
2022-03-27 07:33:08.312 UTC [28] DETAIL:  parameters: $1 = '1034'
2022-03-27 07:33:08.326 UTC [28] LOG:  execute <unnamed>: SELECT typinput='array_in'::regproc as is_array, typtype, typname   FROM pg_catalog.pg_type   LEFT JOIN (select ns.oid as nspoid, ns.nspname, r.r           from pg_namespace as ns           join ( select s.r, (current_schemas(false))[s.r] as nspname                    from generate_series(1, array_upper(current_schemas(false), 1)) as s(r) ) as r          using ( nspname )        ) as sp     ON sp.nspoid = typnamespace  WHERE typname = $1  ORDER BY sp.r, pg_type.oid DESC
2022-03-27 07:33:08.326 UTC [28] DETAIL:  parameters: $1 = '_aclitem'
2022-03-27 07:33:08.331 UTC [28] LOG:  execute <unnamed>: SHOW search_path
2022-03-27 07:33:08.372 UTC [29] LOG:  execute <unnamed>: SET extra_float_digits = 3
2022-03-27 07:33:08.374 UTC [29] LOG:  execute <unnamed>: SET application_name = 'PostgreSQL JDBC Driver'
2022-03-27 07:33:08.377 UTC [29] LOG:  execute <unnamed>: SET application_name = 'DBeaver 22.0.1 - Metadata <phalcon>'
2022-03-27 07:33:08.381 UTC [29] LOG:  execute <unnamed>: SELECT current_schema(),session_user
2022-03-27 07:33:08.385 UTC [29] LOG:  execute <unnamed>: SHOW search_path
2022-03-27 07:33:08.399 UTC [29] LOG:  execute <unnamed>: SELECT db.oid,db.* FROM pg_catalog.pg_database db WHERE datname=$1
2022-03-27 07:33:08.399 UTC [29] DETAIL:  parameters: $1 = 'phalcon'
2022-03-27 07:33:08.417 UTC [29] LOG:  execute <unnamed>: select * from pg_catalog.pg_settings where name=$1
2022-03-27 07:33:08.417 UTC [29] DETAIL:  parameters: $1 = 'standard_conforming_strings'
2022-03-27 07:33:08.441 UTC [29] LOG:  execute <unnamed>: select string_agg(word, ',') from pg_catalog.pg_get_keywords() where word <> ALL ('{a,abs,absolute,action,ada,add,admin,after,all,allocate,alter,always,and,any,are,array,as,asc,asensitive,assertion,assignment,asymmetric,at,atomic,attribute,attributes,authorization,avg,before,begin,bernoulli,between,bigint,binary,blob,boolean,both,breadth,by,c,call,called,cardinality,cascade,cascaded,case,cast,catalog,catalog_name,ceil,ceiling,chain,char,char_length,character,character_length,character_set_catalog,character_set_name,character_set_schema,characteristics,characters,check,checked,class_origin,clob,close,coalesce,cobol,code_units,collate,collation,collation_catalog,collation_name,collation_schema,collect,column,column_name,command_function,command_function_code,commit,committed,condition,condition_number,connect,connection_name,constraint,constraint_catalog,constraint_name,constraint_schema,constraints,constructors,contains,continue,convert,corr,corresponding,count,covar_pop,covar_samp,create,cross,cube,cume_dist,current,current_collation,current_date,current_default_transform_group,current_path,current_role,current_time,current_timestamp,current_transform_group_for_type,current_user,cursor,cursor_name,cycle,data,date,datetime_interval_code,datetime_interval_precision,day,deallocate,dec,decimal,declare,default,defaults,deferrable,deferred,defined,definer,degree,delete,dense_rank,depth,deref,derived,desc,describe,descriptor,deterministic,diagnostics,disconnect,dispatch,distinct,domain,double,drop,dynamic,dynamic_function,dynamic_function_code,each,element,else,end,end-exec,equals,escape,every,except,exception,exclude,excluding,exec,execute,exists,exp,external,extract,false,fetch,filter,final,first,float,floor,following,for,foreign,fortran,found,free,from,full,function,fusion,g,general,get,global,go,goto,grant,granted,group,grouping,having,hierarchy,hold,hour,identity,immediate,implementation,in,including,increment,indicator,initially,inner,inout,input,insensitive,insert,instance,instantiable,int,integer,intersect,intersection,interval,into,invoker,is,isolation,join,k,key,key_member,key_type,language,large,last,lateral,leading,left,length,level,like,ln,local,localtime,localtimestamp,locator,lower,m,map,match,matched,max,maxvalue,member,merge,message_length,message_octet_length,message_text,method,min,minute,minvalue,mod,modifies,module,month,more,multiset,mumps,name,names,national,natural,nchar,nclob,nesting,new,next,no,none,normalize,normalized,not,"null",nullable,nullif,nulls,number,numeric,object,octet_length,octets,of,old,on,only,open,option,options,or,order,ordering,ordinality,others,out,outer,output,over,overlaps,overlay,overriding,pad,parameter,parameter_mode,parameter_name,parameter_ordinal_position,parameter_specific_catalog,parameter_specific_name,parameter_specific_schema,partial,partition,pascal,path,percent_rank,percentile_cont,percentile_disc,placing,pli,position,power,preceding,precision,prepare,preserve,primary,prior,privileges,procedure,public,range,rank,read,reads,real,recursive,ref,references,referencing,regr_avgx,regr_avgy,regr_count,regr_intercept,regr_r2,regr_slope,regr_sxx,regr_sxy,regr_syy,relative,release,repeatable,restart,result,return,returned_cardinality,returned_length,returned_octet_length,returned_sqlstate,returns,revoke,right,role,rollback,rollup,routine,routine_catalog,routine_name,routine_schema,row,row_count,row_number,rows,savepoint,scale,schema,schema_name,scope_catalog,scope_name,scope_schema,scroll,search,second,section,security,select,self,sensitive,sequence,serializable,server_name,session,session_user,set,sets,similar,simple,size,smallint,some,source,space,specific,specific_name,specifictype,sql,sqlexception,sqlstate,sqlwarning,sqrt,start,state,statement,static,stddev_pop,stddev_samp,structure,style,subclass_origin,submultiset,substring,sum,symmetric,system,system_user,table,table_name,tablesample,temporary,then,ties,time,timestamp,timezone_hour,timezone_minute,to,top_level_count,trailing,transaction,transaction_active,transactions_committed,transactions_rolled_back,transform,transforms,translate,translation,treat,trigger,trigger_catalog,trigger_name,trigger_schema,trim,true,type,uescape,unbounded,uncommitted,under,union,unique,unknown,unnamed,unnest,update,upper,usage,user,user_defined_type_catalog,user_defined_type_code,user_defined_type_name,user_defined_type_schema,using,value,values,var_pop,var_samp,varchar,varying,view,when,whenever,where,width_bucket,window,with,within,without,work,write,year,zone}'::text[])
2022-03-27 07:33:08.452 UTC [29] LOG:  execute <unnamed>: SELECT version()
2022-03-27 07:33:08.474 UTC [29] LOG:  execute <unnamed>: SELECT t.oid,t.*,c.relkind,format_type(nullif(t.typbasetype, 0), t.typtypmod) as base_type_name, d.description
	FROM pg_catalog.pg_type t
	LEFT OUTER JOIN pg_catalog.pg_type et ON et.oid=t.typelem 
	LEFT OUTER JOIN pg_catalog.pg_class c ON c.oid=t.typrelid
	LEFT OUTER JOIN pg_catalog.pg_description d ON t.oid=d.objoid
	WHERE t.typname IS NOT NULL
	AND (c.relkind IS NULL OR c.relkind = 'c') AND (et.typcategory IS NULL OR et.typcategory <> 'C')
2022-03-27 07:33:18.785 UTC [30] LOG:  execute <unnamed>: SET extra_float_digits = 3
2022-03-27 07:33:18.790 UTC [30] LOG:  execute <unnamed>: SET application_name = 'PostgreSQL JDBC Driver'
2022-03-27 07:33:18.796 UTC [30] LOG:  execute <unnamed>: SET application_name = 'DBeaver 22.0.1 - SQLEditor <Script.sql>'
2022-03-27 07:33:18.802 UTC [30] LOG:  execute <unnamed>: SELECT current_schema(),session_user
2022-03-27 07:33:18.813 UTC [30] LOG:  execute <unnamed>: SHOW search_path
2022-03-27 07:33:18.818 UTC [30] LOG:  execute <unnamed>: SET search_path = public,public,"$user"
2022-03-27 07:33:18.858 UTC [30] LOG:  execute <unnamed>: SHOW TRANSACTION ISOLATION LEVEL
2022-03-27 07:33:34.057 UTC [29] LOG:  execute <unnamed>: SELECT c.oid,c.*,d.description,pg_catalog.pg_get_expr(c.relpartbound, c.oid) as partition_expr,  pg_catalog.pg_get_partkeydef(c.oid) as partition_key 
	FROM pg_catalog.pg_class c
	LEFT OUTER JOIN pg_catalog.pg_description d ON d.objoid=c.oid AND d.objsubid=0 AND d.classoid='pg_class'::regclass
	WHERE c.relnamespace=$1 AND c.relkind not in ('i','I','c')
2022-03-27 07:33:34.057 UTC [29] DETAIL:  parameters: $1 = '2200'
2022-03-27 07:33:34.147 UTC [30] LOG:  execute <unnamed>: SELECT pc.oid,pc.relname,pc.relnamespace,pc.relkind FROM pg_catalog.pg_class pc WHERE pc.relkind in('r','v','m','f','p') AND pc.relname ILIKE $1 AND pc.relnamespace IN ($2,$3) ORDER BY pc.relname LIMIT 100
2022-03-27 07:33:34.147 UTC [30] DETAIL:  parameters: $1 = '%us%', $2 = '2200', $3 = '11'
2022-03-27 07:33:34.162 UTC [30] LOG:  execute <unnamed>: SELECT pp.oid as poid, pp.* FROM pg_catalog.pg_proc pp WHERE pp.proname ILIKE $1 AND pp.pronamespace IN ($2,$3) ORDER BY pp.proname LIMIT 88
2022-03-27 07:33:34.162 UTC [30] DETAIL:  parameters: $1 = '%us%', $2 = '2200', $3 = '11'
2022-03-27 07:33:34.183 UTC [30] LOG:  execute <unnamed>: SELECT n.nspname = ANY(current_schemas(true)), n.nspname, t.typname FROM pg_catalog.pg_type t JOIN pg_catalog.pg_namespace n ON t.typnamespace = n.oid WHERE t.oid = $1
2022-03-27 07:33:34.183 UTC [30] DETAIL:  parameters: $1 = '30'
2022-03-27 07:33:34.189 UTC [30] LOG:  execute <unnamed>: SELECT typinput='array_in'::regproc as is_array, typtype, typname   FROM pg_catalog.pg_type   LEFT JOIN (select ns.oid as nspoid, ns.nspname, r.r           from pg_namespace as ns           join ( select s.r, (current_schemas(false))[s.r] as nspname                    from generate_series(1, array_upper(current_schemas(false), 1)) as s(r) ) as r          using ( nspname )        ) as sp     ON sp.nspoid = typnamespace  WHERE typname = $1  ORDER BY sp.r, pg_type.oid DESC
2022-03-27 07:33:34.189 UTC [30] DETAIL:  parameters: $1 = 'oidvector'
2022-03-27 07:33:34.206 UTC [30] LOG:  execute <unnamed>: SELECT n.nspname = ANY(current_schemas(true)), n.nspname, t.typname FROM pg_catalog.pg_type t JOIN pg_catalog.pg_namespace n ON t.typnamespace = n.oid WHERE t.oid = $1
2022-03-27 07:33:34.206 UTC [30] DETAIL:  parameters: $1 = '1034'
2022-03-27 07:33:34.208 UTC [30] LOG:  execute <unnamed>: SELECT typinput='array_in'::regproc as is_array, typtype, typname   FROM pg_catalog.pg_type   LEFT JOIN (select ns.oid as nspoid, ns.nspname, r.r           from pg_namespace as ns           join ( select s.r, (current_schemas(false))[s.r] as nspname                    from generate_series(1, array_upper(current_schemas(false), 1)) as s(r) ) as r          using ( nspname )        ) as sp     ON sp.nspoid = typnamespace  WHERE typname = $1  ORDER BY sp.r, pg_type.oid DESC
2022-03-27 07:33:34.208 UTC [30] DETAIL:  parameters: $1 = '_aclitem'
2022-03-27 07:33:34.309 UTC [29] LOG:  execute <unnamed>: SELECT c.oid,c.*,d.description,pg_catalog.pg_get_expr(c.relpartbound, c.oid) as partition_expr,  pg_catalog.pg_get_partkeydef(c.oid) as partition_key 
	FROM pg_catalog.pg_class c
	LEFT OUTER JOIN pg_catalog.pg_description d ON d.objoid=c.oid AND d.objsubid=0 AND d.classoid='pg_class'::regclass
	WHERE c.relnamespace=$1 AND c.relkind not in ('i','I','c')
2022-03-27 07:33:34.309 UTC [29] DETAIL:  parameters: $1 = '11'
2022-03-27 07:33:34.346 UTC [29] LOG:  execute <unnamed>: SELECT n.nspname = ANY(current_schemas(true)), n.nspname, t.typname FROM pg_catalog.pg_type t JOIN pg_catalog.pg_namespace n ON t.typnamespace = n.oid WHERE t.oid = $1
2022-03-27 07:33:34.346 UTC [29] DETAIL:  parameters: $1 = '1034'
2022-03-27 07:33:34.349 UTC [29] LOG:  execute <unnamed>: SELECT typinput='array_in'::regproc as is_array, typtype, typname   FROM pg_catalog.pg_type   LEFT JOIN (select ns.oid as nspoid, ns.nspname, r.r           from pg_namespace as ns           join ( select s.r, (current_schemas(false))[s.r] as nspname                    from generate_series(1, array_upper(current_schemas(false), 1)) as s(r) ) as r          using ( nspname )        ) as sp     ON sp.nspoid = typnamespace  WHERE typname = $1  ORDER BY sp.r, pg_type.oid DESC
2022-03-27 07:33:34.349 UTC [29] DETAIL:  parameters: $1 = '_aclitem'
2022-03-27 07:33:46.630 UTC [30] LOG:  execute <unnamed>: SELECT pc.oid,pc.relname,pc.relnamespace,pc.relkind FROM pg_catalog.pg_class pc WHERE pc.relkind in('r','v','m','f','p') AND pc.relname ILIKE $1 AND pc.relnamespace IN ($2,$3) ORDER BY pc.relname LIMIT 100
2022-03-27 07:33:46.630 UTC [30] DETAIL:  parameters: $1 = '%id%', $2 = '2200', $3 = '11'
2022-03-27 07:33:46.635 UTC [30] LOG:  execute <unnamed>: SELECT pp.oid as poid, pp.* FROM pg_catalog.pg_proc pp WHERE pp.proname ILIKE $1 AND pp.pronamespace IN ($2,$3) ORDER BY pp.proname LIMIT 99
2022-03-27 07:33:46.635 UTC [30] DETAIL:  parameters: $1 = '%id%', $2 = '2200', $3 = '11'
2022-03-27 07:34:00.145 UTC [30] LOG:  execute <unnamed>: SELECT pc.oid,pc.relname,pc.relnamespace,pc.relkind FROM pg_catalog.pg_class pc WHERE pc.relkind in('r','v','m','f','p') AND pc.relname ILIKE $1 AND pc.relnamespace IN ($2,$3) ORDER BY pc.relname LIMIT 100
2022-03-27 07:34:00.145 UTC [30] DETAIL:  parameters: $1 = '%name%', $2 = '2200', $3 = '11'
2022-03-27 07:34:00.151 UTC [30] LOG:  execute <unnamed>: SELECT pp.oid as poid, pp.* FROM pg_catalog.pg_proc pp WHERE pp.proname ILIKE $1 AND pp.pronamespace IN ($2,$3) ORDER BY pp.proname LIMIT 98
2022-03-27 07:34:00.151 UTC [30] DETAIL:  parameters: $1 = '%name%', $2 = '2200', $3 = '11'
2022-03-27 07:34:14.014 UTC [30] LOG:  execute <unnamed>: SELECT pc.oid,pc.relname,pc.relnamespace,pc.relkind FROM pg_catalog.pg_class pc WHERE pc.relkind in('r','v','m','f','p') AND pc.relname ILIKE $1 AND pc.relnamespace IN ($2,$3) ORDER BY pc.relname LIMIT 100
2022-03-27 07:34:14.014 UTC [30] DETAIL:  parameters: $1 = '%fir%', $2 = '2200', $3 = '11'
2022-03-27 07:34:14.019 UTC [30] LOG:  execute <unnamed>: SELECT pp.oid as poid, pp.* FROM pg_catalog.pg_proc pp WHERE pp.proname ILIKE $1 AND pp.pronamespace IN ($2,$3) ORDER BY pp.proname LIMIT 100
2022-03-27 07:34:14.019 UTC [30] DETAIL:  parameters: $1 = '%fir%', $2 = '2200', $3 = '11'
2022-03-27 07:34:14.098 UTC [29] LOG:  execute <unnamed>: SELECT p.oid as poid,p.*,pg_catalog.pg_get_expr(p.proargdefaults, 0) as arg_defaults,d.description
	FROM pg_catalog.pg_proc p
	LEFT OUTER JOIN pg_catalog.pg_description d ON d.objoid=p.oid
	WHERE p.pronamespace=$1
	ORDER BY p.proname
2022-03-27 07:34:14.098 UTC [29] DETAIL:  parameters: $1 = '11'
2022-03-27 07:34:14.185 UTC [29] LOG:  execute <unnamed>: SELECT n.nspname = ANY(current_schemas(true)), n.nspname, t.typname FROM pg_catalog.pg_type t JOIN pg_catalog.pg_namespace n ON t.typnamespace = n.oid WHERE t.oid = $1
2022-03-27 07:34:14.185 UTC [29] DETAIL:  parameters: $1 = '30'
2022-03-27 07:34:14.190 UTC [29] LOG:  execute <unnamed>: SELECT typinput='array_in'::regproc as is_array, typtype, typname   FROM pg_catalog.pg_type   LEFT JOIN (select ns.oid as nspoid, ns.nspname, r.r           from pg_namespace as ns           join ( select s.r, (current_schemas(false))[s.r] as nspname                    from generate_series(1, array_upper(current_schemas(false), 1)) as s(r) ) as r          using ( nspname )        ) as sp     ON sp.nspoid = typnamespace  WHERE typname = $1  ORDER BY sp.r, pg_type.oid DESC
2022-03-27 07:34:14.190 UTC [29] DETAIL:  parameters: $1 = 'oidvector'
2022-03-27 07:34:18.370 UTC [30] LOG:  execute <unnamed>: SELECT pc.oid,pc.relname,pc.relnamespace,pc.relkind FROM pg_catalog.pg_class pc WHERE pc.relkind in('r','v','m','f','p') AND pc.relname ILIKE $1 AND pc.relnamespace IN ($2,$3) ORDER BY pc.relname LIMIT 100
2022-03-27 07:34:18.370 UTC [30] DETAIL:  parameters: $1 = '%la%', $2 = '2200', $3 = '11'
2022-03-27 07:34:18.377 UTC [30] LOG:  execute <unnamed>: SELECT pp.oid as poid, pp.* FROM pg_catalog.pg_proc pp WHERE pp.proname ILIKE $1 AND pp.pronamespace IN ($2,$3) ORDER BY pp.proname LIMIT 87
2022-03-27 07:34:18.377 UTC [30] DETAIL:  parameters: $1 = '%la%', $2 = '2200', $3 = '11'
2022-03-27 07:34:19.867 UTC [30] LOG:  execute <unnamed>: SELECT pc.oid,pc.relname,pc.relnamespace,pc.relkind FROM pg_catalog.pg_class pc WHERE pc.relkind in('r','v','m','f','p') AND pc.relname ILIKE $1 AND pc.relnamespace IN ($2,$3) ORDER BY pc.relname LIMIT 100
2022-03-27 07:34:19.867 UTC [30] DETAIL:  parameters: $1 = '%lastnam%', $2 = '2200', $3 = '11'
2022-03-27 07:34:19.874 UTC [30] LOG:  execute <unnamed>: SELECT pp.oid as poid, pp.* FROM pg_catalog.pg_proc pp WHERE pp.proname ILIKE $1 AND pp.pronamespace IN ($2,$3) ORDER BY pp.proname LIMIT 100
2022-03-27 07:34:19.874 UTC [30] DETAIL:  parameters: $1 = '%lastnam%', $2 = '2200', $3 = '11'
2022-03-27 07:34:29.008 UTC [30] LOG:  execute <unnamed>: SELECT pc.oid,pc.relname,pc.relnamespace,pc.relkind FROM pg_catalog.pg_class pc WHERE pc.relkind in('r','v','m','f','p') AND pc.relname ILIKE $1 AND pc.relnamespace IN ($2,$3) ORDER BY pc.relname LIMIT 100
2022-03-27 07:34:29.008 UTC [30] DETAIL:  parameters: $1 = '%emai%', $2 = '2200', $3 = '11'
2022-03-27 07:34:29.012 UTC [30] LOG:  execute <unnamed>: SELECT pp.oid as poid, pp.* FROM pg_catalog.pg_proc pp WHERE pp.proname ILIKE $1 AND pp.pronamespace IN ($2,$3) ORDER BY pp.proname LIMIT 100
2022-03-27 07:34:29.012 UTC [30] DETAIL:  parameters: $1 = '%emai%', $2 = '2200', $3 = '11'
2022-03-27 07:34:41.436 UTC [30] LOG:  execute <unnamed>: SELECT pc.oid,pc.relname,pc.relnamespace,pc.relkind FROM pg_catalog.pg_class pc WHERE pc.relkind in('r','v','m','f','p') AND pc.relname ILIKE $1 AND pc.relnamespace IN ($2,$3) ORDER BY pc.relname LIMIT 100
2022-03-27 07:34:41.436 UTC [30] DETAIL:  parameters: $1 = '%pas%', $2 = '2200', $3 = '11'
2022-03-27 07:34:41.440 UTC [30] LOG:  execute <unnamed>: SELECT pp.oid as poid, pp.* FROM pg_catalog.pg_proc pp WHERE pp.proname ILIKE $1 AND pp.pronamespace IN ($2,$3) ORDER BY pp.proname LIMIT 100
2022-03-27 07:34:41.440 UTC [30] DETAIL:  parameters: $1 = '%pas%', $2 = '2200', $3 = '11'
2022-03-27 07:34:56.098 UTC [30] LOG:  execute <unnamed>: SELECT pc.oid,pc.relname,pc.relnamespace,pc.relkind FROM pg_catalog.pg_class pc WHERE pc.relkind in('r','v','m','f','p') AND pc.relname ILIKE $1 AND pc.relnamespace IN ($2,$3) ORDER BY pc.relname LIMIT 100
2022-03-27 07:34:56.098 UTC [30] DETAIL:  parameters: $1 = '%cons%', $2 = '2200', $3 = '11'
2022-03-27 07:34:56.106 UTC [30] LOG:  execute <unnamed>: SELECT pp.oid as poid, pp.* FROM pg_catalog.pg_proc pp WHERE pp.proname ILIKE $1 AND pp.pronamespace IN ($2,$3) ORDER BY pp.proname LIMIT 99
2022-03-27 07:34:56.106 UTC [30] DETAIL:  parameters: $1 = '%cons%', $2 = '2200', $3 = '11'
2022-03-27 07:35:04.881 UTC [32] WARNING:  could not open statistics file "pg_stat_tmp/global.stat": Operation not permitted
2022-03-27 07:35:56.980 UTC [30] LOG:  execute <unnamed>: create table users (id bigserial not null, firstname varchar null, lastname varchar null, email varchar not null, password varchar not null, constraint users_pk primary key (id), constraint users_un unique (email))
2022-03-27 07:35:57.945 UTC [30] LOG:  execute <unnamed>: SELECT current_schema(),session_user
2022-03-27 07:35:57.950 UTC [30] LOG:  execute <unnamed>: SHOW search_path
2022-03-27 07:36:43.463 UTC [28] LOG:  execute <unnamed>: SHOW TRANSACTION ISOLATION LEVEL
2022-03-27 07:36:43.714 UTC [28] LOG:  execute <unnamed>: select description from pg_shdescription join pg_database on objoid = pg_database.oid where datname = $1
2022-03-27 07:36:43.714 UTC [28] DETAIL:  parameters: $1 = 'phalcon'
2022-03-27 07:36:48.292 UTC [29] LOG:  execute <unnamed>: SELECT a.oid,a.* FROM pg_catalog.pg_roles a 
	ORDER BY a.rolname
2022-03-27 07:36:58.703 UTC [29] LOG:  execute <unnamed>: SELECT t.oid,t.*,pg_tablespace_location(t.oid) loc
	FROM pg_catalog.pg_tablespace t 
	ORDER BY t.oid
2022-03-27 07:36:58.742 UTC [29] LOG:  execute <unnamed>: SELECT c.contoencoding as encid,pg_catalog.pg_encoding_to_char(c.contoencoding) as encname
	FROM pg_catalog.pg_conversion c
	GROUP BY c.contoencoding
	ORDER BY 2
	
2022-03-27 07:38:17.463 UTC [29] LOG:  execute <unnamed>: SELECT t.oid,t.*,c.relkind,format_type(nullif(t.typbasetype, 0), t.typtypmod) as base_type_name, d.description
	FROM pg_catalog.pg_type t
	LEFT OUTER JOIN pg_catalog.pg_type et ON et.oid=t.typelem 
	LEFT OUTER JOIN pg_catalog.pg_class c ON c.oid=t.typrelid
	LEFT OUTER JOIN pg_catalog.pg_description d ON t.oid=d.objoid
	WHERE t.typname IS NOT NULL
	AND (c.relkind IS NULL OR c.relkind = 'c') AND (et.typcategory IS NULL OR et.typcategory <> 'C')
	AND t.typnamespace=$1 
2022-03-27 07:38:17.463 UTC [29] DETAIL:  parameters: $1 = '2200'
2022-03-27 07:38:18.240 UTC [29] LOG:  execute <unnamed>: SELECT p.oid AS proc_oid,p.proname AS proc_name,a.*
	FROM pg_catalog.pg_aggregate a,pg_catalog.pg_proc p
	WHERE p.oid=a.aggfnoid AND p.pronamespace=$1
	ORDER BY p.proname
2022-03-27 07:38:18.240 UTC [29] DETAIL:  parameters: $1 = '2200'
2022-03-27 07:38:18.797 UTC [28] LOG:  execute <unnamed>: SELECT e.typdelim FROM pg_catalog.pg_type t, pg_catalog.pg_type e WHERE t.oid = $1 and t.typelem = e.oid
2022-03-27 07:38:18.797 UTC [28] DETAIL:  parameters: $1 = '1034'
2022-03-27 07:38:18.805 UTC [28] LOG:  execute <unnamed>: SELECT e.oid, n.nspname = ANY(current_schemas(true)), n.nspname, e.typname FROM pg_catalog.pg_type t JOIN pg_catalog.pg_type e ON t.typelem = e.oid JOIN pg_catalog.pg_namespace n ON t.typnamespace = n.oid WHERE t.oid = $1
2022-03-27 07:38:18.805 UTC [28] DETAIL:  parameters: $1 = '1034'
2022-03-27 07:38:18.815 UTC [28] LOG:  execute <unnamed>: SELECT typinput='array_in'::regproc as is_array, typtype, typname   FROM pg_catalog.pg_type   LEFT JOIN (select ns.oid as nspoid, ns.nspname, r.r           from pg_namespace as ns           join ( select s.r, (current_schemas(false))[s.r] as nspname                    from generate_series(1, array_upper(current_schemas(false), 1)) as s(r) ) as r          using ( nspname )        ) as sp     ON sp.nspoid = typnamespace  WHERE typname = $1  ORDER BY sp.r, pg_type.oid DESC
2022-03-27 07:38:18.815 UTC [28] DETAIL:  parameters: $1 = 'aclitem'
2022-03-27 07:38:47.987 UTC [30] LOG:  execute <unnamed>: create table users (id bigserial not null, firstname varchar null, lastname varchar null, email varchar not null, password varchar not null, constraint users_pk primary key (id), constraint users_un unique (email))
2022-03-27 07:38:48.027 UTC [30] ERROR:  relation "users" already exists
2022-03-27 07:38:48.027 UTC [30] STATEMENT:  create table users (id bigserial not null, firstname varchar null, lastname varchar null, email varchar not null, password varchar not null, constraint users_pk primary key (id), constraint users_un unique (email))
2022-03-27 07:38:54.002 UTC [30] LOG:  execute <unnamed>: SELECT current_schema(),session_user
2022-03-27 07:38:54.009 UTC [30] LOG:  execute <unnamed>: SHOW search_path
2022-03-27 07:39:31.713 UTC [29] LOG:  execute <unnamed>: SELECT c.relname,a.*,pg_catalog.pg_get_expr(ad.adbin, ad.adrelid, true) as def_value,dsc.description
	FROM pg_catalog.pg_attribute a
	INNER JOIN pg_catalog.pg_class c ON (a.attrelid=c.oid)
	LEFT OUTER JOIN pg_catalog.pg_attrdef ad ON (a.attrelid=ad.adrelid AND a.attnum = ad.adnum)
	LEFT OUTER JOIN pg_catalog.pg_description dsc ON (c.oid=dsc.objoid AND a.attnum = dsc.objsubid)
	WHERE NOT a.attisdropped AND c.relnamespace=$1 AND c.relkind not in ('i','I','c')  ORDER BY a.attnum
2022-03-27 07:39:31.713 UTC [29] DETAIL:  parameters: $1 = '2200'
2022-03-27 07:39:31.736 UTC [29] LOG:  execute <unnamed>: SELECT i.*,i.indkey as keys,c.relname,c.relnamespace,c.relam,c.reltablespace,tc.relname as tabrelname,dsc.description,pg_catalog.pg_get_expr(i.indpred, i.indrelid) as pred_expr,pg_catalog.pg_get_expr(i.indexprs, i.indrelid, true) as expr,pg_catalog.pg_relation_size(i.indexrelid) as index_rel_size,pg_catalog.pg_stat_get_numscans(i.indexrelid) as index_num_scans
	FROM pg_catalog.pg_index i
	INNER JOIN pg_catalog.pg_class c ON c.oid=i.indexrelid
	INNER JOIN pg_catalog.pg_class tc ON tc.oid=i.indrelid
	LEFT OUTER JOIN pg_catalog.pg_description dsc ON i.indexrelid=dsc.objoid
	WHERE  c.relnamespace=$1 ORDER BY c.relname
2022-03-27 07:39:31.736 UTC [29] DETAIL:  parameters: $1 = '2200'
2022-03-27 07:39:32.131 UTC [29] LOG:  execute <unnamed>: SELECT p.oid as poid,p.*,pg_catalog.pg_get_expr(p.proargdefaults, 0) as arg_defaults,d.description
	FROM pg_catalog.pg_proc p
	LEFT OUTER JOIN pg_catalog.pg_description d ON d.objoid=p.oid
	WHERE p.pronamespace=$1
	ORDER BY p.proname
2022-03-27 07:39:32.131 UTC [29] DETAIL:  parameters: $1 = '2200'
2022-03-27 07:39:53.461 UTC [37] LOG:  execute <unnamed>: SET extra_float_digits = 3
2022-03-27 07:39:53.462 UTC [37] LOG:  execute <unnamed>: SET application_name = 'PostgreSQL JDBC Driver'
2022-03-27 07:39:53.465 UTC [37] LOG:  execute <unnamed>: SET application_name = 'DBeaver 22.0.1 - Main <phalcon>'
2022-03-27 07:39:53.469 UTC [37] LOG:  execute <unnamed>: SET SESSION CHARACTERISTICS AS TRANSACTION ISOLATION LEVEL READ COMMITTED
2022-03-27 07:39:53.471 UTC [37] LOG:  execute <unnamed>: SELECT current_schema(),session_user
2022-03-27 07:39:53.474 UTC [37] LOG:  execute <unnamed>: SHOW search_path
2022-03-27 07:39:53.477 UTC [37] LOG:  execute <unnamed>: SET search_path = public,public,"$user"
2022-03-27 07:39:53.565 UTC [38] LOG:  execute <unnamed>: SET extra_float_digits = 3
2022-03-27 07:39:53.566 UTC [38] LOG:  execute <unnamed>: SET application_name = 'PostgreSQL JDBC Driver'
2022-03-27 07:39:53.569 UTC [38] LOG:  execute <unnamed>: SET application_name = 'DBeaver 22.0.1 - Metadata <phalcon>'
2022-03-27 07:39:53.573 UTC [38] LOG:  execute <unnamed>: SELECT current_schema(),session_user
2022-03-27 07:39:53.576 UTC [38] LOG:  execute <unnamed>: SHOW search_path
2022-03-27 07:39:53.582 UTC [38] LOG:  execute <unnamed>: SET search_path = public,public,"$user"
2022-03-27 07:39:58.986 UTC [39] LOG:  execute <unnamed>: SET extra_float_digits = 3
2022-03-27 07:39:58.989 UTC [39] LOG:  execute <unnamed>: SET application_name = 'PostgreSQL JDBC Driver'
2022-03-27 07:39:58.995 UTC [39] LOG:  execute <unnamed>: SET application_name = 'DBeaver 22.0.1 - Main <phalcon>'
2022-03-27 07:39:58.999 UTC [39] LOG:  execute <unnamed>: SET SESSION CHARACTERISTICS AS TRANSACTION ISOLATION LEVEL READ COMMITTED
2022-03-27 07:39:59.003 UTC [39] LOG:  execute <unnamed>: SELECT current_schema(),session_user
2022-03-27 07:39:59.006 UTC [39] LOG:  execute <unnamed>: SHOW search_path
2022-03-27 07:39:59.009 UTC [39] LOG:  execute <unnamed>: SET search_path = public,public,"$user"
2022-03-27 07:39:59.083 UTC [40] LOG:  execute <unnamed>: SET extra_float_digits = 3
2022-03-27 07:39:59.085 UTC [40] LOG:  execute <unnamed>: SET application_name = 'PostgreSQL JDBC Driver'
2022-03-27 07:39:59.089 UTC [40] LOG:  execute <unnamed>: SET application_name = 'DBeaver 22.0.1 - Metadata <phalcon>'
2022-03-27 07:39:59.092 UTC [40] LOG:  execute <unnamed>: SELECT current_schema(),session_user
2022-03-27 07:39:59.096 UTC [40] LOG:  execute <unnamed>: SHOW search_path
2022-03-27 07:39:59.106 UTC [40] LOG:  execute <unnamed>: SET search_path = public,public,"$user"
2022-03-27 07:40:52.069 UTC [42] LOG:  execute <unnamed>: SET extra_float_digits = 3
2022-03-27 07:40:52.070 UTC [42] LOG:  execute <unnamed>: SET application_name = 'PostgreSQL JDBC Driver'
2022-03-27 07:40:52.074 UTC [42] LOG:  execute <unnamed>: SET application_name = 'DBeaver 22.0.1 - Main <phalcon>'
2022-03-27 07:40:52.076 UTC [42] LOG:  execute <unnamed>: SET SESSION CHARACTERISTICS AS TRANSACTION ISOLATION LEVEL READ COMMITTED
2022-03-27 07:40:52.079 UTC [42] LOG:  execute <unnamed>: SELECT current_schema(),session_user
2022-03-27 07:40:52.081 UTC [42] LOG:  execute <unnamed>: SHOW search_path
2022-03-27 07:40:52.083 UTC [42] LOG:  execute <unnamed>: SET search_path = public,public,"$user"
2022-03-27 07:40:52.154 UTC [43] LOG:  execute <unnamed>: SET extra_float_digits = 3
2022-03-27 07:40:52.156 UTC [43] LOG:  execute <unnamed>: SET application_name = 'PostgreSQL JDBC Driver'
2022-03-27 07:40:52.159 UTC [43] LOG:  execute <unnamed>: SET application_name = 'DBeaver 22.0.1 - Metadata <phalcon>'
2022-03-27 07:40:52.162 UTC [43] LOG:  execute <unnamed>: SELECT current_schema(),session_user
2022-03-27 07:40:52.165 UTC [43] LOG:  execute <unnamed>: SHOW search_path
2022-03-27 07:40:52.167 UTC [43] LOG:  execute <unnamed>: SET search_path = public,public,"$user"
2022-03-27 07:41:07.658 UTC [45] LOG:  execute <unnamed>: SET extra_float_digits = 3
2022-03-27 07:41:07.660 UTC [45] LOG:  execute <unnamed>: SET application_name = 'PostgreSQL JDBC Driver'
2022-03-27 07:41:07.664 UTC [45] LOG:  execute <unnamed>: SET application_name = 'DBeaver 22.0.1 - Main <phalcon>'
2022-03-27 07:41:07.667 UTC [45] LOG:  execute <unnamed>: SELECT current_schema(),session_user
2022-03-27 07:41:07.678 UTC [45] LOG:  execute <unnamed>: SELECT n.oid,n.*,d.description FROM pg_catalog.pg_namespace n
	LEFT OUTER JOIN pg_catalog.pg_description d ON d.objoid=n.oid AND d.objsubid=0 AND d.classoid='pg_namespace'::regclass
	 ORDER BY nspname
2022-03-27 07:41:07.686 UTC [45] LOG:  execute <unnamed>: SELECT n.nspname = ANY(current_schemas(true)), n.nspname, t.typname FROM pg_catalog.pg_type t JOIN pg_catalog.pg_namespace n ON t.typnamespace = n.oid WHERE t.oid = $1
2022-03-27 07:41:07.686 UTC [45] DETAIL:  parameters: $1 = '1034'
2022-03-27 07:41:07.690 UTC [45] LOG:  execute <unnamed>: SELECT typinput='array_in'::regproc as is_array, typtype, typname   FROM pg_catalog.pg_type   LEFT JOIN (select ns.oid as nspoid, ns.nspname, r.r           from pg_namespace as ns           join ( select s.r, (current_schemas(false))[s.r] as nspname                    from generate_series(1, array_upper(current_schemas(false), 1)) as s(r) ) as r          using ( nspname )        ) as sp     ON sp.nspoid = typnamespace  WHERE typname = $1  ORDER BY sp.r, pg_type.oid DESC
2022-03-27 07:41:07.690 UTC [45] DETAIL:  parameters: $1 = '_aclitem'
2022-03-27 07:41:07.695 UTC [45] LOG:  execute <unnamed>: SHOW search_path
2022-03-27 07:41:07.717 UTC [46] LOG:  execute <unnamed>: SET extra_float_digits = 3
2022-03-27 07:41:07.719 UTC [46] LOG:  execute <unnamed>: SET application_name = 'PostgreSQL JDBC Driver'
2022-03-27 07:41:07.722 UTC [46] LOG:  execute <unnamed>: SET application_name = 'DBeaver 22.0.1 - Metadata <phalcon>'
2022-03-27 07:41:07.725 UTC [46] LOG:  execute <unnamed>: SELECT current_schema(),session_user
2022-03-27 07:41:07.729 UTC [46] LOG:  execute <unnamed>: SHOW search_path
2022-03-27 07:41:07.737 UTC [46] LOG:  execute <unnamed>: SELECT db.oid,db.* FROM pg_catalog.pg_database db WHERE datname=$1
2022-03-27 07:41:07.737 UTC [46] DETAIL:  parameters: $1 = 'phalcon'
2022-03-27 07:41:07.742 UTC [46] LOG:  execute <unnamed>: select * from pg_catalog.pg_settings where name=$1
2022-03-27 07:41:07.742 UTC [46] DETAIL:  parameters: $1 = 'standard_conforming_strings'
2022-03-27 07:41:07.749 UTC [46] LOG:  execute <unnamed>: select string_agg(word, ',') from pg_catalog.pg_get_keywords() where word <> ALL ('{a,abs,absolute,action,ada,add,admin,after,all,allocate,alter,always,and,any,are,array,as,asc,asensitive,assertion,assignment,asymmetric,at,atomic,attribute,attributes,authorization,avg,before,begin,bernoulli,between,bigint,binary,blob,boolean,both,breadth,by,c,call,called,cardinality,cascade,cascaded,case,cast,catalog,catalog_name,ceil,ceiling,chain,char,char_length,character,character_length,character_set_catalog,character_set_name,character_set_schema,characteristics,characters,check,checked,class_origin,clob,close,coalesce,cobol,code_units,collate,collation,collation_catalog,collation_name,collation_schema,collect,column,column_name,command_function,command_function_code,commit,committed,condition,condition_number,connect,connection_name,constraint,constraint_catalog,constraint_name,constraint_schema,constraints,constructors,contains,continue,convert,corr,corresponding,count,covar_pop,covar_samp,create,cross,cube,cume_dist,current,current_collation,current_date,current_default_transform_group,current_path,current_role,current_time,current_timestamp,current_transform_group_for_type,current_user,cursor,cursor_name,cycle,data,date,datetime_interval_code,datetime_interval_precision,day,deallocate,dec,decimal,declare,default,defaults,deferrable,deferred,defined,definer,degree,delete,dense_rank,depth,deref,derived,desc,describe,descriptor,deterministic,diagnostics,disconnect,dispatch,distinct,domain,double,drop,dynamic,dynamic_function,dynamic_function_code,each,element,else,end,end-exec,equals,escape,every,except,exception,exclude,excluding,exec,execute,exists,exp,external,extract,false,fetch,filter,final,first,float,floor,following,for,foreign,fortran,found,free,from,full,function,fusion,g,general,get,global,go,goto,grant,granted,group,grouping,having,hierarchy,hold,hour,identity,immediate,implementation,in,including,increment,indicator,initially,inner,inout,input,insensitive,insert,instance,instantiable,int,integer,intersect,intersection,interval,into,invoker,is,isolation,join,k,key,key_member,key_type,language,large,last,lateral,leading,left,length,level,like,ln,local,localtime,localtimestamp,locator,lower,m,map,match,matched,max,maxvalue,member,merge,message_length,message_octet_length,message_text,method,min,minute,minvalue,mod,modifies,module,month,more,multiset,mumps,name,names,national,natural,nchar,nclob,nesting,new,next,no,none,normalize,normalized,not,"null",nullable,nullif,nulls,number,numeric,object,octet_length,octets,of,old,on,only,open,option,options,or,order,ordering,ordinality,others,out,outer,output,over,overlaps,overlay,overriding,pad,parameter,parameter_mode,parameter_name,parameter_ordinal_position,parameter_specific_catalog,parameter_specific_name,parameter_specific_schema,partial,partition,pascal,path,percent_rank,percentile_cont,percentile_disc,placing,pli,position,power,preceding,precision,prepare,preserve,primary,prior,privileges,procedure,public,range,rank,read,reads,real,recursive,ref,references,referencing,regr_avgx,regr_avgy,regr_count,regr_intercept,regr_r2,regr_slope,regr_sxx,regr_sxy,regr_syy,relative,release,repeatable,restart,result,return,returned_cardinality,returned_length,returned_octet_length,returned_sqlstate,returns,revoke,right,role,rollback,rollup,routine,routine_catalog,routine_name,routine_schema,row,row_count,row_number,rows,savepoint,scale,schema,schema_name,scope_catalog,scope_name,scope_schema,scroll,search,second,section,security,select,self,sensitive,sequence,serializable,server_name,session,session_user,set,sets,similar,simple,size,smallint,some,source,space,specific,specific_name,specifictype,sql,sqlexception,sqlstate,sqlwarning,sqrt,start,state,statement,static,stddev_pop,stddev_samp,structure,style,subclass_origin,submultiset,substring,sum,symmetric,system,system_user,table,table_name,tablesample,temporary,then,ties,time,timestamp,timezone_hour,timezone_minute,to,top_level_count,trailing,transaction,transaction_active,transactions_committed,transactions_rolled_back,transform,transforms,translate,translation,treat,trigger,trigger_catalog,trigger_name,trigger_schema,trim,true,type,uescape,unbounded,uncommitted,under,union,unique,unknown,unnamed,unnest,update,upper,usage,user,user_defined_type_catalog,user_defined_type_code,user_defined_type_name,user_defined_type_schema,using,value,values,var_pop,var_samp,varchar,varying,view,when,whenever,where,width_bucket,window,with,within,without,work,write,year,zone}'::text[])
2022-03-27 07:41:07.757 UTC [46] LOG:  execute <unnamed>: SELECT version()
2022-03-27 07:41:07.773 UTC [46] LOG:  execute <unnamed>: SELECT t.oid,t.*,c.relkind,format_type(nullif(t.typbasetype, 0), t.typtypmod) as base_type_name, d.description
	FROM pg_catalog.pg_type t
	LEFT OUTER JOIN pg_catalog.pg_type et ON et.oid=t.typelem 
	LEFT OUTER JOIN pg_catalog.pg_class c ON c.oid=t.typrelid
	LEFT OUTER JOIN pg_catalog.pg_description d ON t.oid=d.objoid
	WHERE t.typname IS NOT NULL
	AND (c.relkind IS NULL OR c.relkind = 'c') AND (et.typcategory IS NULL OR et.typcategory <> 'C')
2022-03-27 07:41:14.387 UTC [46] LOG:  execute <unnamed>: SELECT c.oid,c.*,d.description,pg_catalog.pg_get_expr(c.relpartbound, c.oid) as partition_expr,  pg_catalog.pg_get_partkeydef(c.oid) as partition_key 
	FROM pg_catalog.pg_class c
	LEFT OUTER JOIN pg_catalog.pg_description d ON d.objoid=c.oid AND d.objsubid=0 AND d.classoid='pg_class'::regclass
	WHERE c.relnamespace=$1 AND c.relkind not in ('i','I','c')
2022-03-27 07:41:14.387 UTC [46] DETAIL:  parameters: $1 = '2200'
2022-03-27 07:41:14.481 UTC [46] LOG:  execute <unnamed>: select c.oid,pg_catalog.pg_total_relation_size(c.oid) as total_rel_size,pg_catalog.pg_relation_size(c.oid) as rel_size
	FROM pg_class c
	WHERE c.relnamespace=$1
2022-03-27 07:41:14.481 UTC [46] DETAIL:  parameters: $1 = '2200'
2022-03-27 07:41:17.000 UTC [45] LOG:  execute <unnamed>: SHOW TRANSACTION ISOLATION LEVEL
2022-03-27 07:41:17.312 UTC [46] LOG:  execute <unnamed>: SELECT t.oid,t.*,pg_tablespace_location(t.oid) loc
	FROM pg_catalog.pg_tablespace t 
	ORDER BY t.oid
2022-03-27 07:41:17.333 UTC [46] LOG:  execute <unnamed>: SELECT a.oid,a.* FROM pg_catalog.pg_roles a 
	ORDER BY a.rolname
2022-03-27 07:41:17.344 UTC [46] LOG:  execute <unnamed>: SELECT i.*,c.relnamespace FROM pg_catalog.pg_inherits i,pg_catalog.pg_class c WHERE i.inhrelid=$1 AND c.oid=i.inhparent ORDER BY i.inhseqno
2022-03-27 07:41:17.344 UTC [46] DETAIL:  parameters: $1 = '24578'
2022-03-27 07:41:17.404 UTC [46] LOG:  execute <unnamed>: SELECT c.relname,a.*,pg_catalog.pg_get_expr(ad.adbin, ad.adrelid, true) as def_value,dsc.description
	FROM pg_catalog.pg_attribute a
	INNER JOIN pg_catalog.pg_class c ON (a.attrelid=c.oid)
	LEFT OUTER JOIN pg_catalog.pg_attrdef ad ON (a.attrelid=ad.adrelid AND a.attnum = ad.adnum)
	LEFT OUTER JOIN pg_catalog.pg_description dsc ON (c.oid=dsc.objoid AND a.attnum = dsc.objsubid)
	WHERE NOT a.attisdropped AND c.oid=$1 ORDER BY a.attnum
2022-03-27 07:41:17.404 UTC [46] DETAIL:  parameters: $1 = '24578'
2022-03-27 07:41:17.700 UTC [46] LOG:  execute <unnamed>: SELECT c.oid,c.* FROM pg_catalog.pg_collation c 
	ORDER BY c.oid
2022-03-27 07:44:15.180 UTC [50] LOG:  execute <unnamed>: SET extra_float_digits = 3
2022-03-27 07:44:15.184 UTC [50] LOG:  execute <unnamed>: SET application_name = 'PostgreSQL JDBC Driver'
2022-03-27 07:44:15.187 UTC [50] LOG:  execute <unnamed>: SET application_name = 'DBeaver 22.0.1 - SQLEditor <Script-1.sql>'
2022-03-27 07:44:15.189 UTC [50] LOG:  execute <unnamed>: SELECT current_schema(),session_user
2022-03-27 07:44:15.192 UTC [50] LOG:  execute <unnamed>: SHOW search_path
2022-03-27 07:44:15.195 UTC [50] LOG:  execute <unnamed>: SET search_path = public,public,"$user"
2022-03-27 07:44:15.227 UTC [50] LOG:  execute <unnamed>: SHOW TRANSACTION ISOLATION LEVEL
2022-03-27 07:44:40.335 UTC [46] LOG:  execute <unnamed>: SELECT pet.*, d.description FROM pg_catalog.pg_event_trigger pet
	LEFT OUTER JOIN pg_catalog.pg_description d ON pet."oid" = d.objoid WHERE pet.evtname = $1
2022-03-27 07:44:40.335 UTC [46] DETAIL:  parameters: $1 = 'users'
2022-03-27 07:44:47.255 UTC [50] LOG:  execute <unnamed>: SELECT pc.oid,pc.relname,pc.relnamespace,pc.relkind FROM pg_catalog.pg_class pc WHERE pc.relkind in('r','v','m','f','p') AND pc.relname ILIKE $1 AND pc.relnamespace IN ($2,$3) ORDER BY pc.relname LIMIT 100
2022-03-27 07:44:47.255 UTC [50] DETAIL:  parameters: $1 = '%va%', $2 = '2200', $3 = '11'
2022-03-27 07:44:47.270 UTC [50] LOG:  execute <unnamed>: SELECT pp.oid as poid, pp.* FROM pg_catalog.pg_proc pp WHERE pp.proname ILIKE $1 AND pp.pronamespace IN ($2,$3) ORDER BY pp.proname LIMIT 97
2022-03-27 07:44:47.270 UTC [50] DETAIL:  parameters: $1 = '%va%', $2 = '2200', $3 = '11'
2022-03-27 07:44:47.291 UTC [50] LOG:  execute <unnamed>: SELECT n.nspname = ANY(current_schemas(true)), n.nspname, t.typname FROM pg_catalog.pg_type t JOIN pg_catalog.pg_namespace n ON t.typnamespace = n.oid WHERE t.oid = $1
2022-03-27 07:44:47.291 UTC [50] DETAIL:  parameters: $1 = '30'
2022-03-27 07:44:47.296 UTC [50] LOG:  execute <unnamed>: SELECT typinput='array_in'::regproc as is_array, typtype, typname   FROM pg_catalog.pg_type   LEFT JOIN (select ns.oid as nspoid, ns.nspname, r.r           from pg_namespace as ns           join ( select s.r, (current_schemas(false))[s.r] as nspname                    from generate_series(1, array_upper(current_schemas(false), 1)) as s(r) ) as r          using ( nspname )        ) as sp     ON sp.nspoid = typnamespace  WHERE typname = $1  ORDER BY sp.r, pg_type.oid DESC
2022-03-27 07:44:47.296 UTC [50] DETAIL:  parameters: $1 = 'oidvector'
2022-03-27 07:44:47.444 UTC [46] LOG:  execute <unnamed>: SELECT p.oid as poid,p.*,pg_catalog.pg_get_expr(p.proargdefaults, 0) as arg_defaults,d.description
	FROM pg_catalog.pg_proc p
	LEFT OUTER JOIN pg_catalog.pg_description d ON d.objoid=p.oid
	WHERE p.pronamespace=$1
	ORDER BY p.proname
2022-03-27 07:44:47.444 UTC [46] DETAIL:  parameters: $1 = '11'
2022-03-27 07:44:47.521 UTC [46] LOG:  execute <unnamed>: SELECT n.nspname = ANY(current_schemas(true)), n.nspname, t.typname FROM pg_catalog.pg_type t JOIN pg_catalog.pg_namespace n ON t.typnamespace = n.oid WHERE t.oid = $1
2022-03-27 07:44:47.521 UTC [46] DETAIL:  parameters: $1 = '30'
2022-03-27 07:44:47.537 UTC [46] LOG:  execute <unnamed>: SELECT typinput='array_in'::regproc as is_array, typtype, typname   FROM pg_catalog.pg_type   LEFT JOIN (select ns.oid as nspoid, ns.nspname, r.r           from pg_namespace as ns           join ( select s.r, (current_schemas(false))[s.r] as nspname                    from generate_series(1, array_upper(current_schemas(false), 1)) as s(r) ) as r          using ( nspname )        ) as sp     ON sp.nspoid = typnamespace  WHERE typname = $1  ORDER BY sp.r, pg_type.oid DESC
2022-03-27 07:44:47.537 UTC [46] DETAIL:  parameters: $1 = 'oidvector'
2022-03-27 07:44:47.562 UTC [46] LOG:  execute <unnamed>: SELECT n.nspname = ANY(current_schemas(true)), n.nspname, t.typname FROM pg_catalog.pg_type t JOIN pg_catalog.pg_namespace n ON t.typnamespace = n.oid WHERE t.oid = $1
2022-03-27 07:44:47.562 UTC [46] DETAIL:  parameters: $1 = '1034'
2022-03-27 07:44:47.567 UTC [46] LOG:  execute <unnamed>: SELECT typinput='array_in'::regproc as is_array, typtype, typname   FROM pg_catalog.pg_type   LEFT JOIN (select ns.oid as nspoid, ns.nspname, r.r           from pg_namespace as ns           join ( select s.r, (current_schemas(false))[s.r] as nspname                    from generate_series(1, array_upper(current_schemas(false), 1)) as s(r) ) as r          using ( nspname )        ) as sp     ON sp.nspoid = typnamespace  WHERE typname = $1  ORDER BY sp.r, pg_type.oid DESC
2022-03-27 07:44:47.567 UTC [46] DETAIL:  parameters: $1 = '_aclitem'
2022-03-27 07:49:03.883 UTC [50] LOG:  execute <unnamed>: insert into users (firstname, lastname, email, password) values
	('DOE', 'John', 'john.doe@les-enovateurs.com', 'azerty'),
	('DOE', 'Louise', 'louise.doe@email.com', 'uiopq'),
	('DOE', 'Sebastien', 'sebastien.doe@gmail.com', 'qsdf'),
	('DOE', 'Camille', 'camille.doe@yahoo.fr', 'ghjk'),
	('DOE', 'Damien', 'damien.doe@caramail.fr', 'lmwxcv')
2022-03-27 07:49:04.248 UTC [50] LOG:  execute <unnamed>: SELECT current_schema(),session_user
2022-03-27 07:49:04.252 UTC [50] LOG:  execute <unnamed>: SHOW search_path
2022-03-27 07:50:16.788 UTC [45] LOG:  execute <unnamed>: SELECT * FROM public.users
2022-03-27 07:50:16.824 UTC [45] LOG:  execute <unnamed>: SELECT c.oid, a.attnum, a.attname, c.relname, n.nspname, a.attnotnull OR (t.typtype = 'd' AND t.typnotnull), a.attidentity != '' OR pg_catalog.pg_get_expr(d.adbin, d.adrelid) LIKE '%nextval(%' FROM pg_catalog.pg_class c JOIN pg_catalog.pg_namespace n ON (c.relnamespace = n.oid) JOIN pg_catalog.pg_attribute a ON (c.oid = a.attrelid) JOIN pg_catalog.pg_type t ON (a.atttypid = t.oid) LEFT JOIN pg_catalog.pg_attrdef d ON (d.adrelid = a.attrelid AND d.adnum = a.attnum) JOIN (SELECT 24578 AS oid , 1 AS attnum UNION ALL SELECT 24578, 2 UNION ALL SELECT 24578, 3 UNION ALL SELECT 24578, 4 UNION ALL SELECT 24578, 5) vals ON (c.oid = vals.oid AND a.attnum = vals.attnum) 
2022-03-27 07:50:16.840 UTC [46] LOG:  execute <unnamed>: SELECT i.*,i.indkey as keys,c.relname,c.relnamespace,c.relam,c.reltablespace,tc.relname as tabrelname,dsc.description,pg_catalog.pg_get_expr(i.indpred, i.indrelid) as pred_expr,pg_catalog.pg_get_expr(i.indexprs, i.indrelid, true) as expr,pg_catalog.pg_relation_size(i.indexrelid) as index_rel_size,pg_catalog.pg_stat_get_numscans(i.indexrelid) as index_num_scans
	FROM pg_catalog.pg_index i
	INNER JOIN pg_catalog.pg_class c ON c.oid=i.indexrelid
	INNER JOIN pg_catalog.pg_class tc ON tc.oid=i.indrelid
	LEFT OUTER JOIN pg_catalog.pg_description dsc ON i.indexrelid=dsc.objoid
	WHERE  i.indrelid=$1 ORDER BY c.relname
2022-03-27 07:50:16.840 UTC [46] DETAIL:  parameters: $1 = '24578'
2022-03-27 07:50:16.970 UTC [46] LOG:  execute <unnamed>: SELECT c.oid,c.*,t.relname as tabrelname,rt.relnamespace as refnamespace,d.description, null as consrc_copy
	FROM pg_catalog.pg_constraint c
	INNER JOIN pg_catalog.pg_class t ON t.oid=c.conrelid
	LEFT OUTER JOIN pg_catalog.pg_class rt ON rt.oid=c.confrelid
	LEFT OUTER JOIN pg_catalog.pg_description d ON d.objoid=c.oid AND d.objsubid=0 AND d.classoid='pg_constraint'::regclass
	WHERE c.conrelid=$1
	ORDER BY c.oid
2022-03-27 07:50:16.970 UTC [46] DETAIL:  parameters: $1 = '24578'
2022-03-27 07:50:16.980 UTC [46] LOG:  execute <unnamed>: SELECT n.nspname = ANY(current_schemas(true)), n.nspname, t.typname FROM pg_catalog.pg_type t JOIN pg_catalog.pg_namespace n ON t.typnamespace = n.oid WHERE t.oid = $1
2022-03-27 07:50:16.980 UTC [46] DETAIL:  parameters: $1 = '22'
2022-03-27 07:50:16.983 UTC [46] LOG:  execute <unnamed>: SELECT typinput='array_in'::regproc as is_array, typtype, typname   FROM pg_catalog.pg_type   LEFT JOIN (select ns.oid as nspoid, ns.nspname, r.r           from pg_namespace as ns           join ( select s.r, (current_schemas(false))[s.r] as nspname                    from generate_series(1, array_upper(current_schemas(false), 1)) as s(r) ) as r          using ( nspname )        ) as sp     ON sp.nspoid = typnamespace  WHERE typname = $1  ORDER BY sp.r, pg_type.oid DESC
2022-03-27 07:50:16.983 UTC [46] DETAIL:  parameters: $1 = 'int2vector'
2022-03-27 07:50:16.997 UTC [46] LOG:  execute <unnamed>: SELECT am.oid,am.* FROM pg_catalog.pg_am am 
	ORDER BY am.oid
2022-03-27 08:08:07.427 UTC [74] WARNING:  could not open statistics file "pg_stat_tmp/global.stat": Operation not permitted
2022-03-27 08:20:32.038 UTC [1] LOG:  received smart shutdown request
2022-03-27 08:20:32.049 UTC [1] LOG:  worker process: logical replication launcher (PID 27) exited with exit code 1
2022-03-27 08:20:42.052 UTC [50] FATAL:  terminating connection due to unexpected postmaster exit
