2022-04-15 19:25:44.383 UTC [20] LOG:  database system was interrupted; last known up at 2022-04-14 21:35:29 UTC
2022-04-15 19:25:46.585 UTC [21] FATAL:  the database system is starting up
2022-04-15 19:25:47.355 UTC [22] FATAL:  the database system is starting up
2022-04-15 19:25:49.052 UTC [23] FATAL:  the database system is starting up
2022-04-15 19:25:49.842 UTC [20] LOG:  database system was not properly shut down; automatic recovery in progress
2022-04-15 19:25:49.869 UTC [20] LOG:  redo starts at 0/166F480
2022-04-15 19:25:49.869 UTC [20] LOG:  invalid record length at 0/166F560: wanted 24, got 0
2022-04-15 19:25:49.869 UTC [20] LOG:  redo done at 0/166F528
2022-04-15 19:25:49.959 UTC [1] LOG:  database system is ready to accept connections
2022-04-15 19:25:52.117 UTC [30] LOG:  execute pdo_stmt_00000001: SELECT CASE WHEN COUNT(*) > 0 THEN 1 ELSE 0 END FROM information_schema.tables WHERE table_schema = 'public' AND table_name='users'
2022-04-15 19:25:52.118 UTC [30] LOG:  statement: DEALLOCATE pdo_stmt_00000001
2022-04-15 19:25:52.261 UTC [30] LOG:  execute pdo_stmt_00000002: SELECT DISTINCT c.column_name AS Field, c.data_type AS Type, c.character_maximum_length AS Size, c.numeric_precision AS NumericSize, c.numeric_scale AS NumericScale, c.is_nullable AS Null, CASE WHEN pkc.column_name NOTNULL THEN 'PRI' ELSE '' END AS Key, CASE WHEN c.data_type LIKE '%int%' AND c.column_default LIKE '%nextval%' THEN 'auto_increment' ELSE '' END AS Extra, c.ordinal_position AS Position, c.column_default FROM information_schema.columns c LEFT JOIN ( SELECT kcu.column_name, kcu.table_name, kcu.table_schema FROM information_schema.table_constraints tc INNER JOIN information_schema.key_column_usage kcu on (kcu.constraint_name = tc.constraint_name and kcu.table_name=tc.table_name and kcu.table_schema=tc.table_schema) WHERE tc.constraint_type='PRIMARY KEY') pkc ON (c.column_name=pkc.column_name AND c.table_schema = pkc.table_schema AND c.table_name=pkc.table_name) WHERE c.table_schema='public' AND c.table_name='users' ORDER BY c.ordinal_position
2022-04-15 19:25:52.290 UTC [30] LOG:  statement: DEALLOCATE pdo_stmt_00000002
2022-04-15 19:25:52.299 UTC [30] LOG:  execute pdo_stmt_00000003: SELECT "users"."id", "users"."firstname", "users"."lastname", "users"."email", "users"."password" FROM "public"."users"
2022-04-15 19:25:52.324 UTC [30] LOG:  statement: DEALLOCATE pdo_stmt_00000003
2022-04-15 19:25:55.477 UTC [31] LOG:  execute pdo_stmt_00000001: SELECT CASE WHEN COUNT(*) > 0 THEN 1 ELSE 0 END FROM information_schema.tables WHERE table_schema = 'public' AND table_name='users'
2022-04-15 19:25:55.478 UTC [31] LOG:  statement: DEALLOCATE pdo_stmt_00000001
2022-04-15 19:25:55.525 UTC [31] LOG:  execute pdo_stmt_00000002: SELECT DISTINCT c.column_name AS Field, c.data_type AS Type, c.character_maximum_length AS Size, c.numeric_precision AS NumericSize, c.numeric_scale AS NumericScale, c.is_nullable AS Null, CASE WHEN pkc.column_name NOTNULL THEN 'PRI' ELSE '' END AS Key, CASE WHEN c.data_type LIKE '%int%' AND c.column_default LIKE '%nextval%' THEN 'auto_increment' ELSE '' END AS Extra, c.ordinal_position AS Position, c.column_default FROM information_schema.columns c LEFT JOIN ( SELECT kcu.column_name, kcu.table_name, kcu.table_schema FROM information_schema.table_constraints tc INNER JOIN information_schema.key_column_usage kcu on (kcu.constraint_name = tc.constraint_name and kcu.table_name=tc.table_name and kcu.table_schema=tc.table_schema) WHERE tc.constraint_type='PRIMARY KEY') pkc ON (c.column_name=pkc.column_name AND c.table_schema = pkc.table_schema AND c.table_name=pkc.table_name) WHERE c.table_schema='public' AND c.table_name='users' ORDER BY c.ordinal_position
2022-04-15 19:25:55.530 UTC [31] LOG:  statement: DEALLOCATE pdo_stmt_00000002
2022-04-15 19:25:55.537 UTC [31] LOG:  execute pdo_stmt_00000003: SELECT "users"."id", "users"."firstname", "users"."lastname", "users"."email", "users"."password" FROM "public"."users" WHERE "users"."id" = 1 LIMIT $1
2022-04-15 19:25:55.537 UTC [31] DETAIL:  parameters: $1 = '1'
2022-04-15 19:25:55.539 UTC [31] LOG:  statement: DEALLOCATE pdo_stmt_00000003
2022-04-15 19:25:57.917 UTC [32] LOG:  execute pdo_stmt_00000001: SELECT CASE WHEN COUNT(*) > 0 THEN 1 ELSE 0 END FROM information_schema.tables WHERE table_schema = 'public' AND table_name='users'
2022-04-15 19:25:57.918 UTC [32] LOG:  statement: DEALLOCATE pdo_stmt_00000001
2022-04-15 19:25:57.959 UTC [32] LOG:  execute pdo_stmt_00000002: SELECT DISTINCT c.column_name AS Field, c.data_type AS Type, c.character_maximum_length AS Size, c.numeric_precision AS NumericSize, c.numeric_scale AS NumericScale, c.is_nullable AS Null, CASE WHEN pkc.column_name NOTNULL THEN 'PRI' ELSE '' END AS Key, CASE WHEN c.data_type LIKE '%int%' AND c.column_default LIKE '%nextval%' THEN 'auto_increment' ELSE '' END AS Extra, c.ordinal_position AS Position, c.column_default FROM information_schema.columns c LEFT JOIN ( SELECT kcu.column_name, kcu.table_name, kcu.table_schema FROM information_schema.table_constraints tc INNER JOIN information_schema.key_column_usage kcu on (kcu.constraint_name = tc.constraint_name and kcu.table_name=tc.table_name and kcu.table_schema=tc.table_schema) WHERE tc.constraint_type='PRIMARY KEY') pkc ON (c.column_name=pkc.column_name AND c.table_schema = pkc.table_schema AND c.table_name=pkc.table_name) WHERE c.table_schema='public' AND c.table_name='users' ORDER BY c.ordinal_position
2022-04-15 19:25:57.963 UTC [32] LOG:  statement: DEALLOCATE pdo_stmt_00000002
2022-04-15 19:25:57.968 UTC [32] LOG:  execute pdo_stmt_00000003: SELECT "users"."id", "users"."firstname", "users"."lastname", "users"."email", "users"."password" FROM "public"."users" WHERE "users"."id" = 3 LIMIT $1
2022-04-15 19:25:57.968 UTC [32] DETAIL:  parameters: $1 = '1'
2022-04-15 19:25:57.969 UTC [32] LOG:  statement: DEALLOCATE pdo_stmt_00000003
2022-04-15 19:26:00.774 UTC [33] LOG:  execute pdo_stmt_00000001: SELECT CASE WHEN COUNT(*) > 0 THEN 1 ELSE 0 END FROM information_schema.tables WHERE table_schema = 'public' AND table_name='users'
2022-04-15 19:26:00.775 UTC [33] LOG:  statement: DEALLOCATE pdo_stmt_00000001
2022-04-15 19:26:00.826 UTC [33] LOG:  execute pdo_stmt_00000002: SELECT DISTINCT c.column_name AS Field, c.data_type AS Type, c.character_maximum_length AS Size, c.numeric_precision AS NumericSize, c.numeric_scale AS NumericScale, c.is_nullable AS Null, CASE WHEN pkc.column_name NOTNULL THEN 'PRI' ELSE '' END AS Key, CASE WHEN c.data_type LIKE '%int%' AND c.column_default LIKE '%nextval%' THEN 'auto_increment' ELSE '' END AS Extra, c.ordinal_position AS Position, c.column_default FROM information_schema.columns c LEFT JOIN ( SELECT kcu.column_name, kcu.table_name, kcu.table_schema FROM information_schema.table_constraints tc INNER JOIN information_schema.key_column_usage kcu on (kcu.constraint_name = tc.constraint_name and kcu.table_name=tc.table_name and kcu.table_schema=tc.table_schema) WHERE tc.constraint_type='PRIMARY KEY') pkc ON (c.column_name=pkc.column_name AND c.table_schema = pkc.table_schema AND c.table_name=pkc.table_name) WHERE c.table_schema='public' AND c.table_name='users' ORDER BY c.ordinal_position
2022-04-15 19:26:00.828 UTC [33] LOG:  statement: DEALLOCATE pdo_stmt_00000002
2022-04-15 19:26:00.836 UTC [33] LOG:  execute pdo_stmt_00000003: SELECT "users"."id", "users"."firstname", "users"."lastname", "users"."email", "users"."password" FROM "public"."users" WHERE "users"."id" = 5 LIMIT $1
2022-04-15 19:26:00.836 UTC [33] DETAIL:  parameters: $1 = '1'
2022-04-15 19:26:00.837 UTC [33] LOG:  statement: DEALLOCATE pdo_stmt_00000003
2022-04-15 19:28:38.907 UTC [36] LOG:  execute pdo_stmt_00000001: SELECT CASE WHEN COUNT(*) > 0 THEN 1 ELSE 0 END FROM information_schema.tables WHERE table_schema = 'public' AND table_name='users'
2022-04-15 19:28:38.908 UTC [36] LOG:  statement: DEALLOCATE pdo_stmt_00000001
2022-04-15 19:28:38.964 UTC [36] LOG:  execute pdo_stmt_00000002: SELECT DISTINCT c.column_name AS Field, c.data_type AS Type, c.character_maximum_length AS Size, c.numeric_precision AS NumericSize, c.numeric_scale AS NumericScale, c.is_nullable AS Null, CASE WHEN pkc.column_name NOTNULL THEN 'PRI' ELSE '' END AS Key, CASE WHEN c.data_type LIKE '%int%' AND c.column_default LIKE '%nextval%' THEN 'auto_increment' ELSE '' END AS Extra, c.ordinal_position AS Position, c.column_default FROM information_schema.columns c LEFT JOIN ( SELECT kcu.column_name, kcu.table_name, kcu.table_schema FROM information_schema.table_constraints tc INNER JOIN information_schema.key_column_usage kcu on (kcu.constraint_name = tc.constraint_name and kcu.table_name=tc.table_name and kcu.table_schema=tc.table_schema) WHERE tc.constraint_type='PRIMARY KEY') pkc ON (c.column_name=pkc.column_name AND c.table_schema = pkc.table_schema AND c.table_name=pkc.table_name) WHERE c.table_schema='public' AND c.table_name='users' ORDER BY c.ordinal_position
2022-04-15 19:28:38.967 UTC [36] LOG:  statement: DEALLOCATE pdo_stmt_00000002
2022-04-15 19:28:38.973 UTC [36] LOG:  execute pdo_stmt_00000003: SELECT "users"."id", "users"."firstname", "users"."lastname", "users"."email", "users"."password" FROM "public"."users"
2022-04-15 19:28:38.991 UTC [36] LOG:  statement: DEALLOCATE pdo_stmt_00000003
2022-04-15 19:28:55.943 UTC [38] LOG:  execute pdo_stmt_00000001: SELECT CASE WHEN COUNT(*) > 0 THEN 1 ELSE 0 END FROM information_schema.tables WHERE table_schema = 'public' AND table_name='users'
2022-04-15 19:28:55.946 UTC [38] LOG:  statement: DEALLOCATE pdo_stmt_00000001
2022-04-15 19:28:55.997 UTC [38] LOG:  execute pdo_stmt_00000002: SELECT DISTINCT c.column_name AS Field, c.data_type AS Type, c.character_maximum_length AS Size, c.numeric_precision AS NumericSize, c.numeric_scale AS NumericScale, c.is_nullable AS Null, CASE WHEN pkc.column_name NOTNULL THEN 'PRI' ELSE '' END AS Key, CASE WHEN c.data_type LIKE '%int%' AND c.column_default LIKE '%nextval%' THEN 'auto_increment' ELSE '' END AS Extra, c.ordinal_position AS Position, c.column_default FROM information_schema.columns c LEFT JOIN ( SELECT kcu.column_name, kcu.table_name, kcu.table_schema FROM information_schema.table_constraints tc INNER JOIN information_schema.key_column_usage kcu on (kcu.constraint_name = tc.constraint_name and kcu.table_name=tc.table_name and kcu.table_schema=tc.table_schema) WHERE tc.constraint_type='PRIMARY KEY') pkc ON (c.column_name=pkc.column_name AND c.table_schema = pkc.table_schema AND c.table_name=pkc.table_name) WHERE c.table_schema='public' AND c.table_name='users' ORDER BY c.ordinal_position
2022-04-15 19:28:56.001 UTC [38] LOG:  statement: DEALLOCATE pdo_stmt_00000002
2022-04-15 19:28:56.006 UTC [38] LOG:  execute pdo_stmt_00000003: SELECT "users"."id", "users"."firstname", "users"."lastname", "users"."email", "users"."password" FROM "public"."users" WHERE "users"."email" = 'louise.doe@email.com' LIMIT $1
2022-04-15 19:28:56.006 UTC [38] DETAIL:  parameters: $1 = '1'
2022-04-15 19:28:56.008 UTC [38] LOG:  statement: DEALLOCATE pdo_stmt_00000003
2022-04-15 19:34:30.918 UTC [1] LOG:  worker process: logical replication launcher (PID 29) exited with exit code 1
