2022-04-12 19:55:43.055 UTC [19] LOG:  database system was interrupted; last known up at 2022-04-08 08:07:30 UTC
2022-04-12 19:55:48.546 UTC [19] LOG:  database system was not properly shut down; automatic recovery in progress
2022-04-12 19:55:48.578 UTC [19] LOG:  redo starts at 0/166E100
2022-04-12 19:55:48.579 UTC [19] LOG:  invalid record length at 0/166E1E0: wanted 24, got 0
2022-04-12 19:55:48.579 UTC [19] LOG:  redo done at 0/166E1A8
2022-04-12 19:55:48.708 UTC [1] LOG:  database system is ready to accept connections
2022-04-12 19:55:57.748 UTC [26] LOG:  execute pdo_stmt_00000001: SELECT CASE WHEN COUNT(*) > 0 THEN 1 ELSE 0 END FROM information_schema.tables WHERE table_schema = 'public' AND table_name='users'
2022-04-12 19:55:57.749 UTC [26] LOG:  statement: DEALLOCATE pdo_stmt_00000001
2022-04-12 19:55:57.907 UTC [26] LOG:  execute pdo_stmt_00000002: SELECT DISTINCT c.column_name AS Field, c.data_type AS Type, c.character_maximum_length AS Size, c.numeric_precision AS NumericSize, c.numeric_scale AS NumericScale, c.is_nullable AS Null, CASE WHEN pkc.column_name NOTNULL THEN 'PRI' ELSE '' END AS Key, CASE WHEN c.data_type LIKE '%int%' AND c.column_default LIKE '%nextval%' THEN 'auto_increment' ELSE '' END AS Extra, c.ordinal_position AS Position, c.column_default FROM information_schema.columns c LEFT JOIN ( SELECT kcu.column_name, kcu.table_name, kcu.table_schema FROM information_schema.table_constraints tc INNER JOIN information_schema.key_column_usage kcu on (kcu.constraint_name = tc.constraint_name and kcu.table_name=tc.table_name and kcu.table_schema=tc.table_schema) WHERE tc.constraint_type='PRIMARY KEY') pkc ON (c.column_name=pkc.column_name AND c.table_schema = pkc.table_schema AND c.table_name=pkc.table_name) WHERE c.table_schema='public' AND c.table_name='users' ORDER BY c.ordinal_position
2022-04-12 19:55:57.938 UTC [26] LOG:  statement: DEALLOCATE pdo_stmt_00000002
2022-04-12 19:55:57.950 UTC [26] LOG:  execute pdo_stmt_00000003: SELECT "users"."id", "users"."firstname", "users"."lastname", "users"."email", "users"."password" FROM "public"."users"
2022-04-12 19:55:57.978 UTC [26] LOG:  statement: DEALLOCATE pdo_stmt_00000003
2022-04-12 19:56:01.626 UTC [27] LOG:  execute pdo_stmt_00000001: SELECT CASE WHEN COUNT(*) > 0 THEN 1 ELSE 0 END FROM information_schema.tables WHERE table_schema = 'public' AND table_name='users'
2022-04-12 19:56:01.627 UTC [27] LOG:  statement: DEALLOCATE pdo_stmt_00000001
2022-04-12 19:56:01.690 UTC [27] LOG:  execute pdo_stmt_00000002: SELECT DISTINCT c.column_name AS Field, c.data_type AS Type, c.character_maximum_length AS Size, c.numeric_precision AS NumericSize, c.numeric_scale AS NumericScale, c.is_nullable AS Null, CASE WHEN pkc.column_name NOTNULL THEN 'PRI' ELSE '' END AS Key, CASE WHEN c.data_type LIKE '%int%' AND c.column_default LIKE '%nextval%' THEN 'auto_increment' ELSE '' END AS Extra, c.ordinal_position AS Position, c.column_default FROM information_schema.columns c LEFT JOIN ( SELECT kcu.column_name, kcu.table_name, kcu.table_schema FROM information_schema.table_constraints tc INNER JOIN information_schema.key_column_usage kcu on (kcu.constraint_name = tc.constraint_name and kcu.table_name=tc.table_name and kcu.table_schema=tc.table_schema) WHERE tc.constraint_type='PRIMARY KEY') pkc ON (c.column_name=pkc.column_name AND c.table_schema = pkc.table_schema AND c.table_name=pkc.table_name) WHERE c.table_schema='public' AND c.table_name='users' ORDER BY c.ordinal_position
2022-04-12 19:56:01.696 UTC [27] LOG:  statement: DEALLOCATE pdo_stmt_00000002
2022-04-12 19:56:01.703 UTC [27] LOG:  execute pdo_stmt_00000003: SELECT "users"."id", "users"."firstname", "users"."lastname", "users"."email", "users"."password" FROM "public"."users"
2022-04-12 19:56:01.714 UTC [27] LOG:  statement: DEALLOCATE pdo_stmt_00000003
2022-04-12 19:56:26.283 UTC [28] LOG:  execute <unnamed>: SET extra_float_digits = 3
2022-04-12 19:56:26.286 UTC [28] LOG:  execute <unnamed>: SET application_name = 'PostgreSQL JDBC Driver'
2022-04-12 19:56:26.305 UTC [28] LOG:  execute <unnamed>: SET application_name = 'DBeaver 22.0.2 - Main <phalcon>'
2022-04-12 19:56:26.329 UTC [28] LOG:  execute <unnamed>: SELECT current_schema(),session_user
2022-04-12 19:56:26.371 UTC [28] LOG:  execute <unnamed>: SELECT n.oid,n.*,d.description FROM pg_catalog.pg_namespace n
	LEFT OUTER JOIN pg_catalog.pg_description d ON d.objoid=n.oid AND d.objsubid=0 AND d.classoid='pg_namespace'::regclass
	 ORDER BY nspname
2022-04-12 19:56:26.424 UTC [28] LOG:  execute <unnamed>: SELECT n.nspname = ANY(current_schemas(true)), n.nspname, t.typname FROM pg_catalog.pg_type t JOIN pg_catalog.pg_namespace n ON t.typnamespace = n.oid WHERE t.oid = $1
2022-04-12 19:56:26.424 UTC [28] DETAIL:  parameters: $1 = '1034'
2022-04-12 19:56:26.431 UTC [28] LOG:  execute <unnamed>: SELECT typinput='array_in'::regproc as is_array, typtype, typname   FROM pg_catalog.pg_type   LEFT JOIN (select ns.oid as nspoid, ns.nspname, r.r           from pg_namespace as ns           join ( select s.r, (current_schemas(false))[s.r] as nspname                    from generate_series(1, array_upper(current_schemas(false), 1)) as s(r) ) as r          using ( nspname )        ) as sp     ON sp.nspoid = typnamespace  WHERE typname = $1  ORDER BY sp.r, pg_type.oid DESC
2022-04-12 19:56:26.431 UTC [28] DETAIL:  parameters: $1 = '_aclitem'
2022-04-12 19:56:26.445 UTC [28] LOG:  execute <unnamed>: SHOW search_path
2022-04-12 19:56:26.471 UTC [29] LOG:  execute <unnamed>: SET extra_float_digits = 3
2022-04-12 19:56:26.475 UTC [29] LOG:  execute <unnamed>: SET application_name = 'PostgreSQL JDBC Driver'
2022-04-12 19:56:26.478 UTC [29] LOG:  execute <unnamed>: SET application_name = 'DBeaver 22.0.2 - Metadata <phalcon>'
2022-04-12 19:56:26.481 UTC [29] LOG:  execute <unnamed>: SELECT current_schema(),session_user
2022-04-12 19:56:26.484 UTC [29] LOG:  execute <unnamed>: SHOW search_path
2022-04-12 19:56:26.492 UTC [29] LOG:  execute <unnamed>: SELECT db.oid,db.* FROM pg_catalog.pg_database db WHERE datname=$1
2022-04-12 19:56:26.492 UTC [29] DETAIL:  parameters: $1 = 'phalcon'
2022-04-12 19:56:26.501 UTC [29] LOG:  execute <unnamed>: select * from pg_catalog.pg_settings where name=$1
2022-04-12 19:56:26.501 UTC [29] DETAIL:  parameters: $1 = 'standard_conforming_strings'
2022-04-12 19:56:26.520 UTC [29] LOG:  execute <unnamed>: select string_agg(word, ',') from pg_catalog.pg_get_keywords() where word <> ALL ('{a,abs,absolute,action,ada,add,admin,after,all,allocate,alter,always,and,any,are,array,as,asc,asensitive,assertion,assignment,asymmetric,at,atomic,attribute,attributes,authorization,avg,before,begin,bernoulli,between,bigint,binary,blob,boolean,both,breadth,by,c,call,called,cardinality,cascade,cascaded,case,cast,catalog,catalog_name,ceil,ceiling,chain,char,char_length,character,character_length,character_set_catalog,character_set_name,character_set_schema,characteristics,characters,check,checked,class_origin,clob,close,coalesce,cobol,code_units,collate,collation,collation_catalog,collation_name,collation_schema,collect,column,column_name,command_function,command_function_code,commit,committed,condition,condition_number,connect,connection_name,constraint,constraint_catalog,constraint_name,constraint_schema,constraints,constructors,contains,continue,convert,corr,corresponding,count,covar_pop,covar_samp,create,cross,cube,cume_dist,current,current_collation,current_date,current_default_transform_group,current_path,current_role,current_time,current_timestamp,current_transform_group_for_type,current_user,cursor,cursor_name,cycle,data,date,datetime_interval_code,datetime_interval_precision,day,deallocate,dec,decimal,declare,default,defaults,deferrable,deferred,defined,definer,degree,delete,dense_rank,depth,deref,derived,desc,describe,descriptor,deterministic,diagnostics,disconnect,dispatch,distinct,domain,double,drop,dynamic,dynamic_function,dynamic_function_code,each,element,else,end,end-exec,equals,escape,every,except,exception,exclude,excluding,exec,execute,exists,exp,external,extract,false,fetch,filter,final,first,float,floor,following,for,foreign,fortran,found,free,from,full,function,fusion,g,general,get,global,go,goto,grant,granted,group,grouping,having,hierarchy,hold,hour,identity,immediate,implementation,in,including,increment,indicator,initially,inner,inout,input,insensitive,insert,instance,instantiable,int,integer,intersect,intersection,interval,into,invoker,is,isolation,join,k,key,key_member,key_type,language,large,last,lateral,leading,left,length,level,like,ln,local,localtime,localtimestamp,locator,lower,m,map,match,matched,max,maxvalue,member,merge,message_length,message_octet_length,message_text,method,min,minute,minvalue,mod,modifies,module,month,more,multiset,mumps,name,names,national,natural,nchar,nclob,nesting,new,next,no,none,normalize,normalized,not,"null",nullable,nullif,nulls,number,numeric,object,octet_length,octets,of,old,on,only,open,option,options,or,order,ordering,ordinality,others,out,outer,output,over,overlaps,overlay,overriding,pad,parameter,parameter_mode,parameter_name,parameter_ordinal_position,parameter_specific_catalog,parameter_specific_name,parameter_specific_schema,partial,partition,pascal,path,percent_rank,percentile_cont,percentile_disc,placing,pli,position,power,preceding,precision,prepare,preserve,primary,prior,privileges,procedure,public,range,rank,read,reads,real,recursive,ref,references,referencing,regr_avgx,regr_avgy,regr_count,regr_intercept,regr_r2,regr_slope,regr_sxx,regr_sxy,regr_syy,relative,release,repeatable,restart,result,return,returned_cardinality,returned_length,returned_octet_length,returned_sqlstate,returns,revoke,right,role,rollback,rollup,routine,routine_catalog,routine_name,routine_schema,row,row_count,row_number,rows,savepoint,scale,schema,schema_name,scope_catalog,scope_name,scope_schema,scroll,search,second,section,security,select,self,sensitive,sequence,serializable,server_name,session,session_user,set,sets,similar,simple,size,smallint,some,source,space,specific,specific_name,specifictype,sql,sqlexception,sqlstate,sqlwarning,sqrt,start,state,statement,static,stddev_pop,stddev_samp,structure,style,subclass_origin,submultiset,substring,sum,symmetric,system,system_user,table,table_name,tablesample,temporary,then,ties,time,timestamp,timezone_hour,timezone_minute,to,top_level_count,trailing,transaction,transaction_active,transactions_committed,transactions_rolled_back,transform,transforms,translate,translation,treat,trigger,trigger_catalog,trigger_name,trigger_schema,trim,true,type,uescape,unbounded,uncommitted,under,union,unique,unknown,unnamed,unnest,update,upper,usage,user,user_defined_type_catalog,user_defined_type_code,user_defined_type_name,user_defined_type_schema,using,value,values,var_pop,var_samp,varchar,varying,view,when,whenever,where,width_bucket,window,with,within,without,work,write,year,zone}'::text[])
2022-04-12 19:56:26.536 UTC [29] LOG:  execute <unnamed>: SELECT version()
2022-04-12 19:56:26.574 UTC [29] LOG:  execute <unnamed>: SELECT t.oid,t.*,c.relkind,format_type(nullif(t.typbasetype, 0), t.typtypmod) as base_type_name, d.description
	FROM pg_catalog.pg_type t
	LEFT OUTER JOIN pg_catalog.pg_type et ON et.oid=t.typelem 
	LEFT OUTER JOIN pg_catalog.pg_class c ON c.oid=t.typrelid
	LEFT OUTER JOIN pg_catalog.pg_description d ON t.oid=d.objoid
	WHERE t.typname IS NOT NULL
	AND (c.relkind IS NULL OR c.relkind = 'c') AND (et.typcategory IS NULL OR et.typcategory <> 'C')
2022-04-12 19:56:32.581 UTC [29] LOG:  execute <unnamed>: SELECT c.oid,c.*,d.description,pg_catalog.pg_get_expr(c.relpartbound, c.oid) as partition_expr,  pg_catalog.pg_get_partkeydef(c.oid) as partition_key 
	FROM pg_catalog.pg_class c
	LEFT OUTER JOIN pg_catalog.pg_description d ON d.objoid=c.oid AND d.objsubid=0 AND d.classoid='pg_class'::regclass
	WHERE c.relnamespace=$1 AND c.relkind not in ('i','I','c')
2022-04-12 19:56:32.581 UTC [29] DETAIL:  parameters: $1 = '2200'
2022-04-12 19:56:32.708 UTC [29] LOG:  execute <unnamed>: select c.oid,pg_catalog.pg_total_relation_size(c.oid) as total_rel_size,pg_catalog.pg_relation_size(c.oid) as rel_size
	FROM pg_class c
	WHERE c.relnamespace=$1
2022-04-12 19:56:32.708 UTC [29] DETAIL:  parameters: $1 = '2200'
2022-04-12 19:56:36.684 UTC [28] LOG:  execute <unnamed>: SHOW TRANSACTION ISOLATION LEVEL
2022-04-12 19:56:37.412 UTC [29] LOG:  execute <unnamed>: SELECT t.oid,t.*,pg_tablespace_location(t.oid) loc
	FROM pg_catalog.pg_tablespace t 
	ORDER BY t.oid
2022-04-12 19:56:37.474 UTC [29] LOG:  execute <unnamed>: SELECT a.oid,a.* FROM pg_catalog.pg_roles a 
	ORDER BY a.rolname
2022-04-12 19:56:37.531 UTC [29] LOG:  execute <unnamed>: SELECT c.relname,a.*,pg_catalog.pg_get_expr(ad.adbin, ad.adrelid, true) as def_value,dsc.description
	FROM pg_catalog.pg_attribute a
	INNER JOIN pg_catalog.pg_class c ON (a.attrelid=c.oid)
	LEFT OUTER JOIN pg_catalog.pg_attrdef ad ON (a.attrelid=ad.adrelid AND a.attnum = ad.adnum)
	LEFT OUTER JOIN pg_catalog.pg_description dsc ON (c.oid=dsc.objoid AND a.attnum = dsc.objsubid)
	WHERE NOT a.attisdropped AND c.oid=$1 ORDER BY a.attnum
2022-04-12 19:56:37.531 UTC [29] DETAIL:  parameters: $1 = '24578'
2022-04-12 19:56:37.555 UTC [29] LOG:  execute <unnamed>: SELECT i.*,c.relnamespace FROM pg_catalog.pg_inherits i,pg_catalog.pg_class c WHERE i.inhrelid=$1 AND c.oid=i.inhparent ORDER BY i.inhseqno
2022-04-12 19:56:37.555 UTC [29] DETAIL:  parameters: $1 = '24578'
2022-04-12 19:56:37.560 UTC [29] LOG:  execute <unnamed>: SELECT i.*,c.relnamespace FROM pg_catalog.pg_inherits i,pg_catalog.pg_class c WHERE i.inhrelid=$1 AND c.oid=i.inhparent ORDER BY i.inhseqno
2022-04-12 19:56:37.560 UTC [29] DETAIL:  parameters: $1 = '24578'
2022-04-12 19:56:37.899 UTC [29] LOG:  execute <unnamed>: SELECT c.oid,c.* FROM pg_catalog.pg_collation c 
	ORDER BY c.oid
2022-04-12 19:56:57.011 UTC [31] LOG:  execute pdo_stmt_00000001: SELECT CASE WHEN COUNT(*) > 0 THEN 1 ELSE 0 END FROM information_schema.tables WHERE table_schema = 'public' AND table_name='users'
2022-04-12 19:56:57.012 UTC [31] LOG:  statement: DEALLOCATE pdo_stmt_00000001
2022-04-12 19:56:57.050 UTC [31] LOG:  execute pdo_stmt_00000002: SELECT DISTINCT c.column_name AS Field, c.data_type AS Type, c.character_maximum_length AS Size, c.numeric_precision AS NumericSize, c.numeric_scale AS NumericScale, c.is_nullable AS Null, CASE WHEN pkc.column_name NOTNULL THEN 'PRI' ELSE '' END AS Key, CASE WHEN c.data_type LIKE '%int%' AND c.column_default LIKE '%nextval%' THEN 'auto_increment' ELSE '' END AS Extra, c.ordinal_position AS Position, c.column_default FROM information_schema.columns c LEFT JOIN ( SELECT kcu.column_name, kcu.table_name, kcu.table_schema FROM information_schema.table_constraints tc INNER JOIN information_schema.key_column_usage kcu on (kcu.constraint_name = tc.constraint_name and kcu.table_name=tc.table_name and kcu.table_schema=tc.table_schema) WHERE tc.constraint_type='PRIMARY KEY') pkc ON (c.column_name=pkc.column_name AND c.table_schema = pkc.table_schema AND c.table_name=pkc.table_name) WHERE c.table_schema='public' AND c.table_name='users' ORDER BY c.ordinal_position
2022-04-12 19:56:57.053 UTC [31] LOG:  statement: DEALLOCATE pdo_stmt_00000002
2022-04-12 19:56:57.058 UTC [31] LOG:  execute pdo_stmt_00000003: SELECT "users"."id", "users"."firstname", "users"."lastname", "users"."email", "users"."password" FROM "public"."users"
2022-04-12 19:56:57.068 UTC [31] LOG:  statement: DEALLOCATE pdo_stmt_00000003
2022-04-12 19:57:00.528 UTC [32] LOG:  execute pdo_stmt_00000001: SELECT CASE WHEN COUNT(*) > 0 THEN 1 ELSE 0 END FROM information_schema.tables WHERE table_schema = 'public' AND table_name='users'
2022-04-12 19:57:00.528 UTC [32] LOG:  statement: DEALLOCATE pdo_stmt_00000001
2022-04-12 19:57:00.567 UTC [32] LOG:  execute pdo_stmt_00000002: SELECT DISTINCT c.column_name AS Field, c.data_type AS Type, c.character_maximum_length AS Size, c.numeric_precision AS NumericSize, c.numeric_scale AS NumericScale, c.is_nullable AS Null, CASE WHEN pkc.column_name NOTNULL THEN 'PRI' ELSE '' END AS Key, CASE WHEN c.data_type LIKE '%int%' AND c.column_default LIKE '%nextval%' THEN 'auto_increment' ELSE '' END AS Extra, c.ordinal_position AS Position, c.column_default FROM information_schema.columns c LEFT JOIN ( SELECT kcu.column_name, kcu.table_name, kcu.table_schema FROM information_schema.table_constraints tc INNER JOIN information_schema.key_column_usage kcu on (kcu.constraint_name = tc.constraint_name and kcu.table_name=tc.table_name and kcu.table_schema=tc.table_schema) WHERE tc.constraint_type='PRIMARY KEY') pkc ON (c.column_name=pkc.column_name AND c.table_schema = pkc.table_schema AND c.table_name=pkc.table_name) WHERE c.table_schema='public' AND c.table_name='users' ORDER BY c.ordinal_position
2022-04-12 19:57:00.570 UTC [32] LOG:  statement: DEALLOCATE pdo_stmt_00000002
2022-04-12 19:57:00.575 UTC [32] LOG:  execute pdo_stmt_00000003: SELECT "users"."id", "users"."firstname", "users"."lastname", "users"."email", "users"."password" FROM "public"."users"
2022-04-12 19:57:00.582 UTC [32] LOG:  statement: DEALLOCATE pdo_stmt_00000003
2022-04-12 20:59:53.799 UTC [95] WARNING:  could not open statistics file "pg_stat_tmp/global.stat": Operation not permitted
2022-04-12 21:32:56.250 UTC [23] WARNING:  could not open statistics file "pg_stat_tmp/global.stat": Operation not permitted
2022-04-12 21:47:04.996 UTC [143] LOG:  execute pdo_stmt_00000001: SELECT CASE WHEN COUNT(*) > 0 THEN 1 ELSE 0 END FROM information_schema.tables WHERE table_schema = 'public' AND table_name='users'
2022-04-12 21:47:04.996 UTC [143] LOG:  statement: DEALLOCATE pdo_stmt_00000001
2022-04-12 21:47:05.054 UTC [143] LOG:  execute pdo_stmt_00000002: SELECT DISTINCT c.column_name AS Field, c.data_type AS Type, c.character_maximum_length AS Size, c.numeric_precision AS NumericSize, c.numeric_scale AS NumericScale, c.is_nullable AS Null, CASE WHEN pkc.column_name NOTNULL THEN 'PRI' ELSE '' END AS Key, CASE WHEN c.data_type LIKE '%int%' AND c.column_default LIKE '%nextval%' THEN 'auto_increment' ELSE '' END AS Extra, c.ordinal_position AS Position, c.column_default FROM information_schema.columns c LEFT JOIN ( SELECT kcu.column_name, kcu.table_name, kcu.table_schema FROM information_schema.table_constraints tc INNER JOIN information_schema.key_column_usage kcu on (kcu.constraint_name = tc.constraint_name and kcu.table_name=tc.table_name and kcu.table_schema=tc.table_schema) WHERE tc.constraint_type='PRIMARY KEY') pkc ON (c.column_name=pkc.column_name AND c.table_schema = pkc.table_schema AND c.table_name=pkc.table_name) WHERE c.table_schema='public' AND c.table_name='users' ORDER BY c.ordinal_position
2022-04-12 21:47:05.057 UTC [143] LOG:  statement: DEALLOCATE pdo_stmt_00000002
2022-04-12 21:47:05.067 UTC [143] LOG:  execute pdo_stmt_00000003: SELECT "users"."id", "users"."firstname", "users"."lastname", "users"."email", "users"."password" FROM "public"."users"
2022-04-12 21:47:05.079 UTC [143] LOG:  statement: DEALLOCATE pdo_stmt_00000003
2022-04-12 21:48:33.891 UTC [145] LOG:  execute pdo_stmt_00000001: SELECT CASE WHEN COUNT(*) > 0 THEN 1 ELSE 0 END FROM information_schema.tables WHERE table_schema = 'public' AND table_name='users'
2022-04-12 21:48:33.892 UTC [145] LOG:  statement: DEALLOCATE pdo_stmt_00000001
2022-04-12 21:48:33.928 UTC [145] LOG:  execute pdo_stmt_00000002: SELECT DISTINCT c.column_name AS Field, c.data_type AS Type, c.character_maximum_length AS Size, c.numeric_precision AS NumericSize, c.numeric_scale AS NumericScale, c.is_nullable AS Null, CASE WHEN pkc.column_name NOTNULL THEN 'PRI' ELSE '' END AS Key, CASE WHEN c.data_type LIKE '%int%' AND c.column_default LIKE '%nextval%' THEN 'auto_increment' ELSE '' END AS Extra, c.ordinal_position AS Position, c.column_default FROM information_schema.columns c LEFT JOIN ( SELECT kcu.column_name, kcu.table_name, kcu.table_schema FROM information_schema.table_constraints tc INNER JOIN information_schema.key_column_usage kcu on (kcu.constraint_name = tc.constraint_name and kcu.table_name=tc.table_name and kcu.table_schema=tc.table_schema) WHERE tc.constraint_type='PRIMARY KEY') pkc ON (c.column_name=pkc.column_name AND c.table_schema = pkc.table_schema AND c.table_name=pkc.table_name) WHERE c.table_schema='public' AND c.table_name='users' ORDER BY c.ordinal_position
2022-04-12 21:48:33.932 UTC [145] LOG:  statement: DEALLOCATE pdo_stmt_00000002
2022-04-12 21:48:33.939 UTC [145] LOG:  execute pdo_stmt_00000003: SELECT "users"."id", "users"."firstname", "users"."lastname", "users"."email", "users"."password" FROM "public"."users"
2022-04-12 21:48:33.946 UTC [145] LOG:  statement: DEALLOCATE pdo_stmt_00000003
2022-04-12 21:55:55.641 UTC [153] LOG:  execute pdo_stmt_00000001: SELECT CASE WHEN COUNT(*) > 0 THEN 1 ELSE 0 END FROM information_schema.tables WHERE table_schema = 'public' AND table_name='users'
2022-04-12 21:55:55.642 UTC [153] LOG:  statement: DEALLOCATE pdo_stmt_00000001
2022-04-12 21:55:55.678 UTC [153] LOG:  execute pdo_stmt_00000002: SELECT DISTINCT c.column_name AS Field, c.data_type AS Type, c.character_maximum_length AS Size, c.numeric_precision AS NumericSize, c.numeric_scale AS NumericScale, c.is_nullable AS Null, CASE WHEN pkc.column_name NOTNULL THEN 'PRI' ELSE '' END AS Key, CASE WHEN c.data_type LIKE '%int%' AND c.column_default LIKE '%nextval%' THEN 'auto_increment' ELSE '' END AS Extra, c.ordinal_position AS Position, c.column_default FROM information_schema.columns c LEFT JOIN ( SELECT kcu.column_name, kcu.table_name, kcu.table_schema FROM information_schema.table_constraints tc INNER JOIN information_schema.key_column_usage kcu on (kcu.constraint_name = tc.constraint_name and kcu.table_name=tc.table_name and kcu.table_schema=tc.table_schema) WHERE tc.constraint_type='PRIMARY KEY') pkc ON (c.column_name=pkc.column_name AND c.table_schema = pkc.table_schema AND c.table_name=pkc.table_name) WHERE c.table_schema='public' AND c.table_name='users' ORDER BY c.ordinal_position
2022-04-12 21:55:55.682 UTC [153] LOG:  statement: DEALLOCATE pdo_stmt_00000002
2022-04-12 21:55:55.687 UTC [153] LOG:  execute pdo_stmt_00000003: SELECT "users"."id", "users"."firstname", "users"."lastname", "users"."email", "users"."password" FROM "public"."users"
2022-04-12 21:55:55.692 UTC [153] LOG:  statement: DEALLOCATE pdo_stmt_00000003
2022-04-12 21:56:15.509 UTC [155] LOG:  execute <unnamed>: SET extra_float_digits = 3
2022-04-12 21:56:15.511 UTC [155] LOG:  execute <unnamed>: SET application_name = 'PostgreSQL JDBC Driver'
2022-04-12 21:56:15.514 UTC [155] LOG:  execute <unnamed>: SET application_name = 'DBeaver 22.0.2 - SQLEditor <Script-2.sql>'
2022-04-12 21:56:15.518 UTC [155] LOG:  execute <unnamed>: SELECT current_schema(),session_user
2022-04-12 21:56:15.522 UTC [155] LOG:  execute <unnamed>: SHOW search_path
2022-04-12 21:56:15.527 UTC [155] LOG:  execute <unnamed>: SET search_path = public,public,"$user"
2022-04-12 21:56:17.793 UTC [155] LOG:  execute <unnamed>: select * from users
2022-04-12 21:56:17.831 UTC [155] LOG:  execute <unnamed>: SELECT c.oid, a.attnum, a.attname, c.relname, n.nspname, a.attnotnull OR (t.typtype = 'd' AND t.typnotnull), a.attidentity != '' OR pg_catalog.pg_get_expr(d.adbin, d.adrelid) LIKE '%nextval(%' FROM pg_catalog.pg_class c JOIN pg_catalog.pg_namespace n ON (c.relnamespace = n.oid) JOIN pg_catalog.pg_attribute a ON (c.oid = a.attrelid) JOIN pg_catalog.pg_type t ON (a.atttypid = t.oid) LEFT JOIN pg_catalog.pg_attrdef d ON (d.adrelid = a.attrelid AND d.adnum = a.attnum) JOIN (SELECT 24578 AS oid , 1 AS attnum UNION ALL SELECT 24578, 2 UNION ALL SELECT 24578, 3 UNION ALL SELECT 24578, 4 UNION ALL SELECT 24578, 5) vals ON (c.oid = vals.oid AND a.attnum = vals.attnum) 
2022-04-12 21:56:17.918 UTC [29] LOG:  execute <unnamed>: SELECT i.*,i.indkey as keys,c.relname,c.relnamespace,c.relam,c.reltablespace,tc.relname as tabrelname,dsc.description,pg_catalog.pg_get_expr(i.indpred, i.indrelid) as pred_expr,pg_catalog.pg_get_expr(i.indexprs, i.indrelid, true) as expr,pg_catalog.pg_relation_size(i.indexrelid) as index_rel_size,pg_catalog.pg_stat_get_numscans(i.indexrelid) as index_num_scans
	FROM pg_catalog.pg_index i
	INNER JOIN pg_catalog.pg_class c ON c.oid=i.indexrelid
	INNER JOIN pg_catalog.pg_class tc ON tc.oid=i.indrelid
	LEFT OUTER JOIN pg_catalog.pg_description dsc ON i.indexrelid=dsc.objoid
	WHERE  i.indrelid=$1 ORDER BY c.relname
2022-04-12 21:56:17.918 UTC [29] DETAIL:  parameters: $1 = '24578'
2022-04-12 21:56:18.075 UTC [29] LOG:  execute <unnamed>: SELECT c.oid,c.*,t.relname as tabrelname,rt.relnamespace as refnamespace,d.description, null as consrc_copy
	FROM pg_catalog.pg_constraint c
	INNER JOIN pg_catalog.pg_class t ON t.oid=c.conrelid
	LEFT OUTER JOIN pg_catalog.pg_class rt ON rt.oid=c.confrelid
	LEFT OUTER JOIN pg_catalog.pg_description d ON d.objoid=c.oid AND d.objsubid=0 AND d.classoid='pg_constraint'::regclass
	WHERE c.conrelid=$1
	ORDER BY c.oid
2022-04-12 21:56:18.075 UTC [29] DETAIL:  parameters: $1 = '24578'
2022-04-12 21:56:18.094 UTC [29] LOG:  execute <unnamed>: SELECT n.nspname = ANY(current_schemas(true)), n.nspname, t.typname FROM pg_catalog.pg_type t JOIN pg_catalog.pg_namespace n ON t.typnamespace = n.oid WHERE t.oid = $1
2022-04-12 21:56:18.094 UTC [29] DETAIL:  parameters: $1 = '22'
2022-04-12 21:56:18.100 UTC [29] LOG:  execute <unnamed>: SELECT typinput='array_in'::regproc as is_array, typtype, typname   FROM pg_catalog.pg_type   LEFT JOIN (select ns.oid as nspoid, ns.nspname, r.r           from pg_namespace as ns           join ( select s.r, (current_schemas(false))[s.r] as nspname                    from generate_series(1, array_upper(current_schemas(false), 1)) as s(r) ) as r          using ( nspname )        ) as sp     ON sp.nspoid = typnamespace  WHERE typname = $1  ORDER BY sp.r, pg_type.oid DESC
2022-04-12 21:56:18.100 UTC [29] DETAIL:  parameters: $1 = 'int2vector'
2022-04-12 21:56:18.103 UTC [29] LOG:  execute <unnamed>: SELECT n.nspname = ANY(current_schemas(true)), n.nspname, t.typname FROM pg_catalog.pg_type t JOIN pg_catalog.pg_namespace n ON t.typnamespace = n.oid WHERE t.oid = $1
2022-04-12 21:56:18.103 UTC [29] DETAIL:  parameters: $1 = '30'
2022-04-12 21:56:18.105 UTC [29] LOG:  execute <unnamed>: SELECT typinput='array_in'::regproc as is_array, typtype, typname   FROM pg_catalog.pg_type   LEFT JOIN (select ns.oid as nspoid, ns.nspname, r.r           from pg_namespace as ns           join ( select s.r, (current_schemas(false))[s.r] as nspname                    from generate_series(1, array_upper(current_schemas(false), 1)) as s(r) ) as r          using ( nspname )        ) as sp     ON sp.nspoid = typnamespace  WHERE typname = $1  ORDER BY sp.r, pg_type.oid DESC
2022-04-12 21:56:18.105 UTC [29] DETAIL:  parameters: $1 = 'oidvector'
2022-04-12 21:56:18.120 UTC [29] LOG:  execute <unnamed>: SELECT am.oid,am.* FROM pg_catalog.pg_am am 
	ORDER BY am.oid
2022-04-12 21:56:18.483 UTC [155] LOG:  execute <unnamed>: SELECT current_schema(),session_user
2022-04-12 21:56:18.499 UTC [155] LOG:  execute <unnamed>: SHOW search_path
2022-04-12 21:59:53.497 UTC [159] LOG:  execute pdo_stmt_00000001: SELECT CASE WHEN COUNT(*) > 0 THEN 1 ELSE 0 END FROM information_schema.tables WHERE table_schema = 'public' AND table_name='users'
2022-04-12 21:59:53.498 UTC [159] LOG:  statement: DEALLOCATE pdo_stmt_00000001
2022-04-12 21:59:53.536 UTC [159] LOG:  execute pdo_stmt_00000002: SELECT DISTINCT c.column_name AS Field, c.data_type AS Type, c.character_maximum_length AS Size, c.numeric_precision AS NumericSize, c.numeric_scale AS NumericScale, c.is_nullable AS Null, CASE WHEN pkc.column_name NOTNULL THEN 'PRI' ELSE '' END AS Key, CASE WHEN c.data_type LIKE '%int%' AND c.column_default LIKE '%nextval%' THEN 'auto_increment' ELSE '' END AS Extra, c.ordinal_position AS Position, c.column_default FROM information_schema.columns c LEFT JOIN ( SELECT kcu.column_name, kcu.table_name, kcu.table_schema FROM information_schema.table_constraints tc INNER JOIN information_schema.key_column_usage kcu on (kcu.constraint_name = tc.constraint_name and kcu.table_name=tc.table_name and kcu.table_schema=tc.table_schema) WHERE tc.constraint_type='PRIMARY KEY') pkc ON (c.column_name=pkc.column_name AND c.table_schema = pkc.table_schema AND c.table_name=pkc.table_name) WHERE c.table_schema='public' AND c.table_name='users' ORDER BY c.ordinal_position
2022-04-12 21:59:53.539 UTC [159] LOG:  statement: DEALLOCATE pdo_stmt_00000002
2022-04-12 21:59:53.543 UTC [159] LOG:  execute pdo_stmt_00000003: SELECT "users"."id", "users"."firstname", "users"."lastname", "users"."email", "users"."password" FROM "public"."users"
2022-04-12 21:59:53.554 UTC [159] LOG:  statement: DEALLOCATE pdo_stmt_00000003
2022-04-12 22:01:44.501 UTC [162] LOG:  execute pdo_stmt_00000001: SELECT CASE WHEN COUNT(*) > 0 THEN 1 ELSE 0 END FROM information_schema.tables WHERE table_schema = 'public' AND table_name='users'
2022-04-12 22:01:44.502 UTC [162] LOG:  statement: DEALLOCATE pdo_stmt_00000001
2022-04-12 22:01:44.541 UTC [162] LOG:  execute pdo_stmt_00000002: SELECT DISTINCT c.column_name AS Field, c.data_type AS Type, c.character_maximum_length AS Size, c.numeric_precision AS NumericSize, c.numeric_scale AS NumericScale, c.is_nullable AS Null, CASE WHEN pkc.column_name NOTNULL THEN 'PRI' ELSE '' END AS Key, CASE WHEN c.data_type LIKE '%int%' AND c.column_default LIKE '%nextval%' THEN 'auto_increment' ELSE '' END AS Extra, c.ordinal_position AS Position, c.column_default FROM information_schema.columns c LEFT JOIN ( SELECT kcu.column_name, kcu.table_name, kcu.table_schema FROM information_schema.table_constraints tc INNER JOIN information_schema.key_column_usage kcu on (kcu.constraint_name = tc.constraint_name and kcu.table_name=tc.table_name and kcu.table_schema=tc.table_schema) WHERE tc.constraint_type='PRIMARY KEY') pkc ON (c.column_name=pkc.column_name AND c.table_schema = pkc.table_schema AND c.table_name=pkc.table_name) WHERE c.table_schema='public' AND c.table_name='users' ORDER BY c.ordinal_position
2022-04-12 22:01:44.544 UTC [162] LOG:  statement: DEALLOCATE pdo_stmt_00000002
2022-04-12 22:01:44.550 UTC [162] LOG:  execute pdo_stmt_00000003: SELECT "users"."id", "users"."firstname", "users"."lastname", "users"."email", "users"."password" FROM "public"."users" WHERE "users"."email" = 'test5@test.com'
2022-04-12 22:01:44.550 UTC [162] LOG:  statement: DEALLOCATE pdo_stmt_00000003
2022-04-12 22:02:52.399 UTC [164] LOG:  execute pdo_stmt_00000001: SELECT CASE WHEN COUNT(*) > 0 THEN 1 ELSE 0 END FROM information_schema.tables WHERE table_schema = 'public' AND table_name='users'
2022-04-12 22:02:52.400 UTC [164] LOG:  statement: DEALLOCATE pdo_stmt_00000001
2022-04-12 22:02:52.432 UTC [164] LOG:  execute pdo_stmt_00000002: SELECT DISTINCT c.column_name AS Field, c.data_type AS Type, c.character_maximum_length AS Size, c.numeric_precision AS NumericSize, c.numeric_scale AS NumericScale, c.is_nullable AS Null, CASE WHEN pkc.column_name NOTNULL THEN 'PRI' ELSE '' END AS Key, CASE WHEN c.data_type LIKE '%int%' AND c.column_default LIKE '%nextval%' THEN 'auto_increment' ELSE '' END AS Extra, c.ordinal_position AS Position, c.column_default FROM information_schema.columns c LEFT JOIN ( SELECT kcu.column_name, kcu.table_name, kcu.table_schema FROM information_schema.table_constraints tc INNER JOIN information_schema.key_column_usage kcu on (kcu.constraint_name = tc.constraint_name and kcu.table_name=tc.table_name and kcu.table_schema=tc.table_schema) WHERE tc.constraint_type='PRIMARY KEY') pkc ON (c.column_name=pkc.column_name AND c.table_schema = pkc.table_schema AND c.table_name=pkc.table_name) WHERE c.table_schema='public' AND c.table_name='users' ORDER BY c.ordinal_position
2022-04-12 22:02:52.435 UTC [164] LOG:  statement: DEALLOCATE pdo_stmt_00000002
2022-04-12 22:02:52.441 UTC [164] LOG:  execute pdo_stmt_00000003: SELECT "users"."id", "users"."firstname", "users"."lastname", "users"."email", "users"."password" FROM "public"."users" WHERE "users"."email" = 'test5@test.com'
2022-04-12 22:02:52.442 UTC [164] LOG:  statement: DEALLOCATE pdo_stmt_00000003
2022-04-12 22:04:13.287 UTC [167] LOG:  execute pdo_stmt_00000001: SELECT CASE WHEN COUNT(*) > 0 THEN 1 ELSE 0 END FROM information_schema.tables WHERE table_schema = 'public' AND table_name='users'
2022-04-12 22:04:13.288 UTC [167] LOG:  statement: DEALLOCATE pdo_stmt_00000001
2022-04-12 22:04:13.325 UTC [167] LOG:  execute pdo_stmt_00000002: SELECT DISTINCT c.column_name AS Field, c.data_type AS Type, c.character_maximum_length AS Size, c.numeric_precision AS NumericSize, c.numeric_scale AS NumericScale, c.is_nullable AS Null, CASE WHEN pkc.column_name NOTNULL THEN 'PRI' ELSE '' END AS Key, CASE WHEN c.data_type LIKE '%int%' AND c.column_default LIKE '%nextval%' THEN 'auto_increment' ELSE '' END AS Extra, c.ordinal_position AS Position, c.column_default FROM information_schema.columns c LEFT JOIN ( SELECT kcu.column_name, kcu.table_name, kcu.table_schema FROM information_schema.table_constraints tc INNER JOIN information_schema.key_column_usage kcu on (kcu.constraint_name = tc.constraint_name and kcu.table_name=tc.table_name and kcu.table_schema=tc.table_schema) WHERE tc.constraint_type='PRIMARY KEY') pkc ON (c.column_name=pkc.column_name AND c.table_schema = pkc.table_schema AND c.table_name=pkc.table_name) WHERE c.table_schema='public' AND c.table_name='users' ORDER BY c.ordinal_position
2022-04-12 22:04:13.329 UTC [167] LOG:  statement: DEALLOCATE pdo_stmt_00000002
2022-04-12 22:04:13.334 UTC [167] LOG:  execute pdo_stmt_00000003: SELECT "users"."id", "users"."firstname", "users"."lastname", "users"."email", "users"."password" FROM "public"."users" WHERE "users"."email" = 'test5@test.com'
2022-04-12 22:04:13.334 UTC [167] LOG:  statement: DEALLOCATE pdo_stmt_00000003
2022-04-12 22:05:21.414 UTC [169] LOG:  execute pdo_stmt_00000001: SELECT CASE WHEN COUNT(*) > 0 THEN 1 ELSE 0 END FROM information_schema.tables WHERE table_schema = 'public' AND table_name='users'
2022-04-12 22:05:21.415 UTC [169] LOG:  statement: DEALLOCATE pdo_stmt_00000001
2022-04-12 22:05:21.457 UTC [169] LOG:  execute pdo_stmt_00000002: SELECT DISTINCT c.column_name AS Field, c.data_type AS Type, c.character_maximum_length AS Size, c.numeric_precision AS NumericSize, c.numeric_scale AS NumericScale, c.is_nullable AS Null, CASE WHEN pkc.column_name NOTNULL THEN 'PRI' ELSE '' END AS Key, CASE WHEN c.data_type LIKE '%int%' AND c.column_default LIKE '%nextval%' THEN 'auto_increment' ELSE '' END AS Extra, c.ordinal_position AS Position, c.column_default FROM information_schema.columns c LEFT JOIN ( SELECT kcu.column_name, kcu.table_name, kcu.table_schema FROM information_schema.table_constraints tc INNER JOIN information_schema.key_column_usage kcu on (kcu.constraint_name = tc.constraint_name and kcu.table_name=tc.table_name and kcu.table_schema=tc.table_schema) WHERE tc.constraint_type='PRIMARY KEY') pkc ON (c.column_name=pkc.column_name AND c.table_schema = pkc.table_schema AND c.table_name=pkc.table_name) WHERE c.table_schema='public' AND c.table_name='users' ORDER BY c.ordinal_position
2022-04-12 22:05:21.459 UTC [169] LOG:  statement: DEALLOCATE pdo_stmt_00000002
2022-04-12 22:05:21.465 UTC [169] LOG:  execute pdo_stmt_00000003: SELECT "users"."id", "users"."firstname", "users"."lastname", "users"."email", "users"."password" FROM "public"."users" WHERE "users"."email" = 'test5@test.com' LIMIT $1
2022-04-12 22:05:21.465 UTC [169] DETAIL:  parameters: $1 = '1'
2022-04-12 22:05:21.466 UTC [169] LOG:  statement: DEALLOCATE pdo_stmt_00000003
2022-04-12 22:05:42.171 UTC [170] LOG:  execute pdo_stmt_00000001: SELECT CASE WHEN COUNT(*) > 0 THEN 1 ELSE 0 END FROM information_schema.tables WHERE table_schema = 'public' AND table_name='users'
2022-04-12 22:05:42.172 UTC [170] LOG:  statement: DEALLOCATE pdo_stmt_00000001
2022-04-12 22:05:42.210 UTC [170] LOG:  execute pdo_stmt_00000002: SELECT DISTINCT c.column_name AS Field, c.data_type AS Type, c.character_maximum_length AS Size, c.numeric_precision AS NumericSize, c.numeric_scale AS NumericScale, c.is_nullable AS Null, CASE WHEN pkc.column_name NOTNULL THEN 'PRI' ELSE '' END AS Key, CASE WHEN c.data_type LIKE '%int%' AND c.column_default LIKE '%nextval%' THEN 'auto_increment' ELSE '' END AS Extra, c.ordinal_position AS Position, c.column_default FROM information_schema.columns c LEFT JOIN ( SELECT kcu.column_name, kcu.table_name, kcu.table_schema FROM information_schema.table_constraints tc INNER JOIN information_schema.key_column_usage kcu on (kcu.constraint_name = tc.constraint_name and kcu.table_name=tc.table_name and kcu.table_schema=tc.table_schema) WHERE tc.constraint_type='PRIMARY KEY') pkc ON (c.column_name=pkc.column_name AND c.table_schema = pkc.table_schema AND c.table_name=pkc.table_name) WHERE c.table_schema='public' AND c.table_name='users' ORDER BY c.ordinal_position
2022-04-12 22:05:42.214 UTC [170] LOG:  statement: DEALLOCATE pdo_stmt_00000002
2022-04-12 22:05:42.219 UTC [170] LOG:  execute pdo_stmt_00000003: SELECT "users"."id", "users"."firstname", "users"."lastname", "users"."email", "users"."password" FROM "public"."users" WHERE "users"."email" = 'louise.doe@email.com' LIMIT $1
2022-04-12 22:05:42.219 UTC [170] DETAIL:  parameters: $1 = '1'
2022-04-12 22:05:42.220 UTC [170] LOG:  statement: DEALLOCATE pdo_stmt_00000003
2022-04-12 22:06:00.732 UTC [172] LOG:  execute pdo_stmt_00000001: SELECT CASE WHEN COUNT(*) > 0 THEN 1 ELSE 0 END FROM information_schema.tables WHERE table_schema = 'public' AND table_name='users'
2022-04-12 22:06:00.733 UTC [172] LOG:  statement: DEALLOCATE pdo_stmt_00000001
2022-04-12 22:06:00.773 UTC [172] LOG:  execute pdo_stmt_00000002: SELECT DISTINCT c.column_name AS Field, c.data_type AS Type, c.character_maximum_length AS Size, c.numeric_precision AS NumericSize, c.numeric_scale AS NumericScale, c.is_nullable AS Null, CASE WHEN pkc.column_name NOTNULL THEN 'PRI' ELSE '' END AS Key, CASE WHEN c.data_type LIKE '%int%' AND c.column_default LIKE '%nextval%' THEN 'auto_increment' ELSE '' END AS Extra, c.ordinal_position AS Position, c.column_default FROM information_schema.columns c LEFT JOIN ( SELECT kcu.column_name, kcu.table_name, kcu.table_schema FROM information_schema.table_constraints tc INNER JOIN information_schema.key_column_usage kcu on (kcu.constraint_name = tc.constraint_name and kcu.table_name=tc.table_name and kcu.table_schema=tc.table_schema) WHERE tc.constraint_type='PRIMARY KEY') pkc ON (c.column_name=pkc.column_name AND c.table_schema = pkc.table_schema AND c.table_name=pkc.table_name) WHERE c.table_schema='public' AND c.table_name='users' ORDER BY c.ordinal_position
2022-04-12 22:06:00.776 UTC [172] LOG:  statement: DEALLOCATE pdo_stmt_00000002
2022-04-12 22:06:00.781 UTC [172] LOG:  execute pdo_stmt_00000003: SELECT "users"."id", "users"."firstname", "users"."lastname", "users"."email", "users"."password" FROM "public"."users" WHERE "users"."email" = 'louise.doe@email.com' LIMIT $1
2022-04-12 22:06:00.781 UTC [172] DETAIL:  parameters: $1 = '1'
2022-04-12 22:06:00.781 UTC [172] LOG:  statement: DEALLOCATE pdo_stmt_00000003
2022-04-12 22:06:08.663 UTC [173] LOG:  execute pdo_stmt_00000001: SELECT CASE WHEN COUNT(*) > 0 THEN 1 ELSE 0 END FROM information_schema.tables WHERE table_schema = 'public' AND table_name='users'
2022-04-12 22:06:08.664 UTC [173] LOG:  statement: DEALLOCATE pdo_stmt_00000001
2022-04-12 22:06:08.700 UTC [173] LOG:  execute pdo_stmt_00000002: SELECT DISTINCT c.column_name AS Field, c.data_type AS Type, c.character_maximum_length AS Size, c.numeric_precision AS NumericSize, c.numeric_scale AS NumericScale, c.is_nullable AS Null, CASE WHEN pkc.column_name NOTNULL THEN 'PRI' ELSE '' END AS Key, CASE WHEN c.data_type LIKE '%int%' AND c.column_default LIKE '%nextval%' THEN 'auto_increment' ELSE '' END AS Extra, c.ordinal_position AS Position, c.column_default FROM information_schema.columns c LEFT JOIN ( SELECT kcu.column_name, kcu.table_name, kcu.table_schema FROM information_schema.table_constraints tc INNER JOIN information_schema.key_column_usage kcu on (kcu.constraint_name = tc.constraint_name and kcu.table_name=tc.table_name and kcu.table_schema=tc.table_schema) WHERE tc.constraint_type='PRIMARY KEY') pkc ON (c.column_name=pkc.column_name AND c.table_schema = pkc.table_schema AND c.table_name=pkc.table_name) WHERE c.table_schema='public' AND c.table_name='users' ORDER BY c.ordinal_position
2022-04-12 22:06:08.704 UTC [173] LOG:  statement: DEALLOCATE pdo_stmt_00000002
2022-04-12 22:06:08.711 UTC [173] LOG:  execute pdo_stmt_00000003: SELECT "users"."id", "users"."firstname", "users"."lastname", "users"."email", "users"."password" FROM "public"."users" WHERE "users"."email" = 'test5@test.com' LIMIT $1
2022-04-12 22:06:08.711 UTC [173] DETAIL:  parameters: $1 = '1'
2022-04-12 22:06:08.712 UTC [173] LOG:  statement: DEALLOCATE pdo_stmt_00000003
2022-04-12 22:06:36.293 UTC [174] LOG:  execute pdo_stmt_00000001: SELECT CASE WHEN COUNT(*) > 0 THEN 1 ELSE 0 END FROM information_schema.tables WHERE table_schema = 'public' AND table_name='users'
2022-04-12 22:06:36.293 UTC [174] LOG:  statement: DEALLOCATE pdo_stmt_00000001
2022-04-12 22:06:36.335 UTC [174] LOG:  execute pdo_stmt_00000002: SELECT DISTINCT c.column_name AS Field, c.data_type AS Type, c.character_maximum_length AS Size, c.numeric_precision AS NumericSize, c.numeric_scale AS NumericScale, c.is_nullable AS Null, CASE WHEN pkc.column_name NOTNULL THEN 'PRI' ELSE '' END AS Key, CASE WHEN c.data_type LIKE '%int%' AND c.column_default LIKE '%nextval%' THEN 'auto_increment' ELSE '' END AS Extra, c.ordinal_position AS Position, c.column_default FROM information_schema.columns c LEFT JOIN ( SELECT kcu.column_name, kcu.table_name, kcu.table_schema FROM information_schema.table_constraints tc INNER JOIN information_schema.key_column_usage kcu on (kcu.constraint_name = tc.constraint_name and kcu.table_name=tc.table_name and kcu.table_schema=tc.table_schema) WHERE tc.constraint_type='PRIMARY KEY') pkc ON (c.column_name=pkc.column_name AND c.table_schema = pkc.table_schema AND c.table_name=pkc.table_name) WHERE c.table_schema='public' AND c.table_name='users' ORDER BY c.ordinal_position
2022-04-12 22:06:36.338 UTC [174] LOG:  statement: DEALLOCATE pdo_stmt_00000002
2022-04-12 22:06:36.343 UTC [174] LOG:  execute pdo_stmt_00000003: SELECT "users"."id", "users"."firstname", "users"."lastname", "users"."email", "users"."password" FROM "public"."users" WHERE "users"."email" = 'test5@test.com' LIMIT $1
2022-04-12 22:06:36.343 UTC [174] DETAIL:  parameters: $1 = '1'
2022-04-12 22:06:36.344 UTC [174] LOG:  statement: DEALLOCATE pdo_stmt_00000003
2022-04-12 22:06:42.016 UTC [175] LOG:  execute pdo_stmt_00000001: SELECT CASE WHEN COUNT(*) > 0 THEN 1 ELSE 0 END FROM information_schema.tables WHERE table_schema = 'public' AND table_name='users'
2022-04-12 22:06:42.017 UTC [175] LOG:  statement: DEALLOCATE pdo_stmt_00000001
2022-04-12 22:06:42.053 UTC [175] LOG:  execute pdo_stmt_00000002: SELECT DISTINCT c.column_name AS Field, c.data_type AS Type, c.character_maximum_length AS Size, c.numeric_precision AS NumericSize, c.numeric_scale AS NumericScale, c.is_nullable AS Null, CASE WHEN pkc.column_name NOTNULL THEN 'PRI' ELSE '' END AS Key, CASE WHEN c.data_type LIKE '%int%' AND c.column_default LIKE '%nextval%' THEN 'auto_increment' ELSE '' END AS Extra, c.ordinal_position AS Position, c.column_default FROM information_schema.columns c LEFT JOIN ( SELECT kcu.column_name, kcu.table_name, kcu.table_schema FROM information_schema.table_constraints tc INNER JOIN information_schema.key_column_usage kcu on (kcu.constraint_name = tc.constraint_name and kcu.table_name=tc.table_name and kcu.table_schema=tc.table_schema) WHERE tc.constraint_type='PRIMARY KEY') pkc ON (c.column_name=pkc.column_name AND c.table_schema = pkc.table_schema AND c.table_name=pkc.table_name) WHERE c.table_schema='public' AND c.table_name='users' ORDER BY c.ordinal_position
2022-04-12 22:06:42.056 UTC [175] LOG:  statement: DEALLOCATE pdo_stmt_00000002
2022-04-12 22:06:42.061 UTC [175] LOG:  execute pdo_stmt_00000003: SELECT "users"."id", "users"."firstname", "users"."lastname", "users"."email", "users"."password" FROM "public"."users" WHERE "users"."email" = 'louise.doe@email.com' LIMIT $1
2022-04-12 22:06:42.061 UTC [175] DETAIL:  parameters: $1 = '1'
2022-04-12 22:06:42.063 UTC [175] LOG:  statement: DEALLOCATE pdo_stmt_00000003
2022-04-12 22:09:58.443 UTC [179] LOG:  execute pdo_stmt_00000001: SELECT CASE WHEN COUNT(*) > 0 THEN 1 ELSE 0 END FROM information_schema.tables WHERE table_schema = 'public' AND table_name='users'
2022-04-12 22:09:58.444 UTC [179] LOG:  statement: DEALLOCATE pdo_stmt_00000001
2022-04-12 22:09:58.483 UTC [179] LOG:  execute pdo_stmt_00000002: SELECT DISTINCT c.column_name AS Field, c.data_type AS Type, c.character_maximum_length AS Size, c.numeric_precision AS NumericSize, c.numeric_scale AS NumericScale, c.is_nullable AS Null, CASE WHEN pkc.column_name NOTNULL THEN 'PRI' ELSE '' END AS Key, CASE WHEN c.data_type LIKE '%int%' AND c.column_default LIKE '%nextval%' THEN 'auto_increment' ELSE '' END AS Extra, c.ordinal_position AS Position, c.column_default FROM information_schema.columns c LEFT JOIN ( SELECT kcu.column_name, kcu.table_name, kcu.table_schema FROM information_schema.table_constraints tc INNER JOIN information_schema.key_column_usage kcu on (kcu.constraint_name = tc.constraint_name and kcu.table_name=tc.table_name and kcu.table_schema=tc.table_schema) WHERE tc.constraint_type='PRIMARY KEY') pkc ON (c.column_name=pkc.column_name AND c.table_schema = pkc.table_schema AND c.table_name=pkc.table_name) WHERE c.table_schema='public' AND c.table_name='users' ORDER BY c.ordinal_position
2022-04-12 22:09:58.486 UTC [179] LOG:  statement: DEALLOCATE pdo_stmt_00000002
2022-04-12 22:09:58.492 UTC [179] LOG:  execute pdo_stmt_00000003: SELECT "users"."id", "users"."firstname", "users"."lastname", "users"."email", "users"."password" FROM "public"."users" WHERE "users"."email" = 'test5@test.com' LIMIT $1
2022-04-12 22:09:58.492 UTC [179] DETAIL:  parameters: $1 = '1'
2022-04-12 22:09:58.492 UTC [179] LOG:  statement: DEALLOCATE pdo_stmt_00000003
2022-04-12 22:10:06.414 UTC [181] LOG:  execute pdo_stmt_00000001: SELECT CASE WHEN COUNT(*) > 0 THEN 1 ELSE 0 END FROM information_schema.tables WHERE table_schema = 'public' AND table_name='users'
2022-04-12 22:10:06.415 UTC [181] LOG:  statement: DEALLOCATE pdo_stmt_00000001
2022-04-12 22:10:06.463 UTC [181] LOG:  execute pdo_stmt_00000002: SELECT DISTINCT c.column_name AS Field, c.data_type AS Type, c.character_maximum_length AS Size, c.numeric_precision AS NumericSize, c.numeric_scale AS NumericScale, c.is_nullable AS Null, CASE WHEN pkc.column_name NOTNULL THEN 'PRI' ELSE '' END AS Key, CASE WHEN c.data_type LIKE '%int%' AND c.column_default LIKE '%nextval%' THEN 'auto_increment' ELSE '' END AS Extra, c.ordinal_position AS Position, c.column_default FROM information_schema.columns c LEFT JOIN ( SELECT kcu.column_name, kcu.table_name, kcu.table_schema FROM information_schema.table_constraints tc INNER JOIN information_schema.key_column_usage kcu on (kcu.constraint_name = tc.constraint_name and kcu.table_name=tc.table_name and kcu.table_schema=tc.table_schema) WHERE tc.constraint_type='PRIMARY KEY') pkc ON (c.column_name=pkc.column_name AND c.table_schema = pkc.table_schema AND c.table_name=pkc.table_name) WHERE c.table_schema='public' AND c.table_name='users' ORDER BY c.ordinal_position
2022-04-12 22:10:06.467 UTC [181] LOG:  statement: DEALLOCATE pdo_stmt_00000002
2022-04-12 22:10:06.472 UTC [181] LOG:  execute pdo_stmt_00000003: SELECT "users"."id", "users"."firstname", "users"."lastname", "users"."email", "users"."password" FROM "public"."users" WHERE "users"."email" = 'louise.doe@email.com' LIMIT $1
2022-04-12 22:10:06.472 UTC [181] DETAIL:  parameters: $1 = '1'
2022-04-12 22:10:06.472 UTC [181] LOG:  statement: DEALLOCATE pdo_stmt_00000003
2022-04-12 22:10:22.665 UTC [182] LOG:  execute pdo_stmt_00000001: SELECT CASE WHEN COUNT(*) > 0 THEN 1 ELSE 0 END FROM information_schema.tables WHERE table_schema = 'public' AND table_name='users'
2022-04-12 22:10:22.666 UTC [182] LOG:  statement: DEALLOCATE pdo_stmt_00000001
2022-04-12 22:10:22.724 UTC [182] LOG:  execute pdo_stmt_00000002: SELECT DISTINCT c.column_name AS Field, c.data_type AS Type, c.character_maximum_length AS Size, c.numeric_precision AS NumericSize, c.numeric_scale AS NumericScale, c.is_nullable AS Null, CASE WHEN pkc.column_name NOTNULL THEN 'PRI' ELSE '' END AS Key, CASE WHEN c.data_type LIKE '%int%' AND c.column_default LIKE '%nextval%' THEN 'auto_increment' ELSE '' END AS Extra, c.ordinal_position AS Position, c.column_default FROM information_schema.columns c LEFT JOIN ( SELECT kcu.column_name, kcu.table_name, kcu.table_schema FROM information_schema.table_constraints tc INNER JOIN information_schema.key_column_usage kcu on (kcu.constraint_name = tc.constraint_name and kcu.table_name=tc.table_name and kcu.table_schema=tc.table_schema) WHERE tc.constraint_type='PRIMARY KEY') pkc ON (c.column_name=pkc.column_name AND c.table_schema = pkc.table_schema AND c.table_name=pkc.table_name) WHERE c.table_schema='public' AND c.table_name='users' ORDER BY c.ordinal_position
2022-04-12 22:10:22.729 UTC [182] LOG:  statement: DEALLOCATE pdo_stmt_00000002
2022-04-12 22:10:22.733 UTC [182] LOG:  execute pdo_stmt_00000003: SELECT "users"."id", "users"."firstname", "users"."lastname", "users"."email", "users"."password" FROM "public"."users" WHERE "users"."email" = 'louise.doe@email.com' LIMIT $1
2022-04-12 22:10:22.733 UTC [182] DETAIL:  parameters: $1 = '1'
2022-04-12 22:10:22.734 UTC [182] LOG:  statement: DEALLOCATE pdo_stmt_00000003
2022-04-12 22:10:29.583 UTC [183] LOG:  execute pdo_stmt_00000001: SELECT CASE WHEN COUNT(*) > 0 THEN 1 ELSE 0 END FROM information_schema.tables WHERE table_schema = 'public' AND table_name='users'
2022-04-12 22:10:29.584 UTC [183] LOG:  statement: DEALLOCATE pdo_stmt_00000001
2022-04-12 22:10:29.616 UTC [183] LOG:  execute pdo_stmt_00000002: SELECT DISTINCT c.column_name AS Field, c.data_type AS Type, c.character_maximum_length AS Size, c.numeric_precision AS NumericSize, c.numeric_scale AS NumericScale, c.is_nullable AS Null, CASE WHEN pkc.column_name NOTNULL THEN 'PRI' ELSE '' END AS Key, CASE WHEN c.data_type LIKE '%int%' AND c.column_default LIKE '%nextval%' THEN 'auto_increment' ELSE '' END AS Extra, c.ordinal_position AS Position, c.column_default FROM information_schema.columns c LEFT JOIN ( SELECT kcu.column_name, kcu.table_name, kcu.table_schema FROM information_schema.table_constraints tc INNER JOIN information_schema.key_column_usage kcu on (kcu.constraint_name = tc.constraint_name and kcu.table_name=tc.table_name and kcu.table_schema=tc.table_schema) WHERE tc.constraint_type='PRIMARY KEY') pkc ON (c.column_name=pkc.column_name AND c.table_schema = pkc.table_schema AND c.table_name=pkc.table_name) WHERE c.table_schema='public' AND c.table_name='users' ORDER BY c.ordinal_position
2022-04-12 22:10:29.618 UTC [183] LOG:  statement: DEALLOCATE pdo_stmt_00000002
2022-04-12 22:10:29.623 UTC [183] LOG:  execute pdo_stmt_00000003: SELECT "users"."id", "users"."firstname", "users"."lastname", "users"."email", "users"."password" FROM "public"."users" WHERE "users"."email" = 'test5@test.com' LIMIT $1
2022-04-12 22:10:29.623 UTC [183] DETAIL:  parameters: $1 = '1'
2022-04-12 22:10:29.623 UTC [183] LOG:  statement: DEALLOCATE pdo_stmt_00000003
2022-04-12 22:11:08.259 UTC [185] LOG:  execute pdo_stmt_00000001: SELECT CASE WHEN COUNT(*) > 0 THEN 1 ELSE 0 END FROM information_schema.tables WHERE table_schema = 'public' AND table_name='users'
2022-04-12 22:11:08.260 UTC [185] LOG:  statement: DEALLOCATE pdo_stmt_00000001
2022-04-12 22:11:08.295 UTC [185] LOG:  execute pdo_stmt_00000002: SELECT DISTINCT c.column_name AS Field, c.data_type AS Type, c.character_maximum_length AS Size, c.numeric_precision AS NumericSize, c.numeric_scale AS NumericScale, c.is_nullable AS Null, CASE WHEN pkc.column_name NOTNULL THEN 'PRI' ELSE '' END AS Key, CASE WHEN c.data_type LIKE '%int%' AND c.column_default LIKE '%nextval%' THEN 'auto_increment' ELSE '' END AS Extra, c.ordinal_position AS Position, c.column_default FROM information_schema.columns c LEFT JOIN ( SELECT kcu.column_name, kcu.table_name, kcu.table_schema FROM information_schema.table_constraints tc INNER JOIN information_schema.key_column_usage kcu on (kcu.constraint_name = tc.constraint_name and kcu.table_name=tc.table_name and kcu.table_schema=tc.table_schema) WHERE tc.constraint_type='PRIMARY KEY') pkc ON (c.column_name=pkc.column_name AND c.table_schema = pkc.table_schema AND c.table_name=pkc.table_name) WHERE c.table_schema='public' AND c.table_name='users' ORDER BY c.ordinal_position
2022-04-12 22:11:08.298 UTC [185] LOG:  statement: DEALLOCATE pdo_stmt_00000002
2022-04-12 22:11:08.305 UTC [185] LOG:  execute pdo_stmt_00000003: SELECT "users"."id", "users"."firstname", "users"."lastname", "users"."email", "users"."password" FROM "public"."users" WHERE "users"."email" = 'louise.doe@email.com' LIMIT $1
2022-04-12 22:11:08.305 UTC [185] DETAIL:  parameters: $1 = '1'
2022-04-12 22:11:08.306 UTC [185] LOG:  statement: DEALLOCATE pdo_stmt_00000003
2022-04-12 22:11:59.177 UTC [186] WARNING:  could not open statistics file "pg_stat_tmp/global.stat": Operation not permitted
2022-04-12 22:12:18.622 UTC [187] LOG:  execute pdo_stmt_00000001: SELECT CASE WHEN COUNT(*) > 0 THEN 1 ELSE 0 END FROM information_schema.tables WHERE table_schema = 'public' AND table_name='users'
2022-04-12 22:12:18.624 UTC [187] LOG:  statement: DEALLOCATE pdo_stmt_00000001
2022-04-12 22:12:18.656 UTC [187] LOG:  execute pdo_stmt_00000002: SELECT DISTINCT c.column_name AS Field, c.data_type AS Type, c.character_maximum_length AS Size, c.numeric_precision AS NumericSize, c.numeric_scale AS NumericScale, c.is_nullable AS Null, CASE WHEN pkc.column_name NOTNULL THEN 'PRI' ELSE '' END AS Key, CASE WHEN c.data_type LIKE '%int%' AND c.column_default LIKE '%nextval%' THEN 'auto_increment' ELSE '' END AS Extra, c.ordinal_position AS Position, c.column_default FROM information_schema.columns c LEFT JOIN ( SELECT kcu.column_name, kcu.table_name, kcu.table_schema FROM information_schema.table_constraints tc INNER JOIN information_schema.key_column_usage kcu on (kcu.constraint_name = tc.constraint_name and kcu.table_name=tc.table_name and kcu.table_schema=tc.table_schema) WHERE tc.constraint_type='PRIMARY KEY') pkc ON (c.column_name=pkc.column_name AND c.table_schema = pkc.table_schema AND c.table_name=pkc.table_name) WHERE c.table_schema='public' AND c.table_name='users' ORDER BY c.ordinal_position
2022-04-12 22:12:18.659 UTC [187] LOG:  statement: DEALLOCATE pdo_stmt_00000002
2022-04-12 22:12:18.664 UTC [187] LOG:  execute pdo_stmt_00000003: SELECT "users"."id", "users"."firstname", "users"."lastname", "users"."email", "users"."password" FROM "public"."users" WHERE "users"."email" = 'louise.doe@email.com' LIMIT $1
2022-04-12 22:12:18.664 UTC [187] DETAIL:  parameters: $1 = '1'
2022-04-12 22:12:18.665 UTC [187] LOG:  statement: DEALLOCATE pdo_stmt_00000003
2022-04-12 22:12:23.643 UTC [188] LOG:  execute pdo_stmt_00000001: SELECT CASE WHEN COUNT(*) > 0 THEN 1 ELSE 0 END FROM information_schema.tables WHERE table_schema = 'public' AND table_name='users'
2022-04-12 22:12:23.644 UTC [188] LOG:  statement: DEALLOCATE pdo_stmt_00000001
2022-04-12 22:12:23.679 UTC [188] LOG:  execute pdo_stmt_00000002: SELECT DISTINCT c.column_name AS Field, c.data_type AS Type, c.character_maximum_length AS Size, c.numeric_precision AS NumericSize, c.numeric_scale AS NumericScale, c.is_nullable AS Null, CASE WHEN pkc.column_name NOTNULL THEN 'PRI' ELSE '' END AS Key, CASE WHEN c.data_type LIKE '%int%' AND c.column_default LIKE '%nextval%' THEN 'auto_increment' ELSE '' END AS Extra, c.ordinal_position AS Position, c.column_default FROM information_schema.columns c LEFT JOIN ( SELECT kcu.column_name, kcu.table_name, kcu.table_schema FROM information_schema.table_constraints tc INNER JOIN information_schema.key_column_usage kcu on (kcu.constraint_name = tc.constraint_name and kcu.table_name=tc.table_name and kcu.table_schema=tc.table_schema) WHERE tc.constraint_type='PRIMARY KEY') pkc ON (c.column_name=pkc.column_name AND c.table_schema = pkc.table_schema AND c.table_name=pkc.table_name) WHERE c.table_schema='public' AND c.table_name='users' ORDER BY c.ordinal_position
2022-04-12 22:12:23.682 UTC [188] LOG:  statement: DEALLOCATE pdo_stmt_00000002
2022-04-12 22:12:23.688 UTC [188] LOG:  execute pdo_stmt_00000003: SELECT "users"."id", "users"."firstname", "users"."lastname", "users"."email", "users"."password" FROM "public"."users" WHERE "users"."email" = 'test5@test.com' LIMIT $1
2022-04-12 22:12:23.688 UTC [188] DETAIL:  parameters: $1 = '1'
2022-04-12 22:12:23.690 UTC [188] LOG:  statement: DEALLOCATE pdo_stmt_00000003
2022-04-12 22:14:57.317 UTC [191] LOG:  execute pdo_stmt_00000001: SELECT CASE WHEN COUNT(*) > 0 THEN 1 ELSE 0 END FROM information_schema.tables WHERE table_schema = 'public' AND table_name='users'
2022-04-12 22:14:57.317 UTC [191] LOG:  statement: DEALLOCATE pdo_stmt_00000001
2022-04-12 22:14:57.352 UTC [191] LOG:  execute pdo_stmt_00000002: SELECT DISTINCT c.column_name AS Field, c.data_type AS Type, c.character_maximum_length AS Size, c.numeric_precision AS NumericSize, c.numeric_scale AS NumericScale, c.is_nullable AS Null, CASE WHEN pkc.column_name NOTNULL THEN 'PRI' ELSE '' END AS Key, CASE WHEN c.data_type LIKE '%int%' AND c.column_default LIKE '%nextval%' THEN 'auto_increment' ELSE '' END AS Extra, c.ordinal_position AS Position, c.column_default FROM information_schema.columns c LEFT JOIN ( SELECT kcu.column_name, kcu.table_name, kcu.table_schema FROM information_schema.table_constraints tc INNER JOIN information_schema.key_column_usage kcu on (kcu.constraint_name = tc.constraint_name and kcu.table_name=tc.table_name and kcu.table_schema=tc.table_schema) WHERE tc.constraint_type='PRIMARY KEY') pkc ON (c.column_name=pkc.column_name AND c.table_schema = pkc.table_schema AND c.table_name=pkc.table_name) WHERE c.table_schema='public' AND c.table_name='users' ORDER BY c.ordinal_position
2022-04-12 22:14:57.356 UTC [191] LOG:  statement: DEALLOCATE pdo_stmt_00000002
2022-04-12 22:14:57.361 UTC [191] LOG:  execute pdo_stmt_00000003: SELECT "users"."id", "users"."firstname", "users"."lastname", "users"."email", "users"."password" FROM "public"."users" WHERE "users"."email" = 'louise.doe@email.com' LIMIT $1
2022-04-12 22:14:57.361 UTC [191] DETAIL:  parameters: $1 = '1'
2022-04-12 22:14:57.363 UTC [191] LOG:  statement: DEALLOCATE pdo_stmt_00000003
2022-04-12 22:15:03.468 UTC [193] LOG:  execute pdo_stmt_00000001: SELECT CASE WHEN COUNT(*) > 0 THEN 1 ELSE 0 END FROM information_schema.tables WHERE table_schema = 'public' AND table_name='users'
2022-04-12 22:15:03.469 UTC [193] LOG:  statement: DEALLOCATE pdo_stmt_00000001
2022-04-12 22:15:03.503 UTC [193] LOG:  execute pdo_stmt_00000002: SELECT DISTINCT c.column_name AS Field, c.data_type AS Type, c.character_maximum_length AS Size, c.numeric_precision AS NumericSize, c.numeric_scale AS NumericScale, c.is_nullable AS Null, CASE WHEN pkc.column_name NOTNULL THEN 'PRI' ELSE '' END AS Key, CASE WHEN c.data_type LIKE '%int%' AND c.column_default LIKE '%nextval%' THEN 'auto_increment' ELSE '' END AS Extra, c.ordinal_position AS Position, c.column_default FROM information_schema.columns c LEFT JOIN ( SELECT kcu.column_name, kcu.table_name, kcu.table_schema FROM information_schema.table_constraints tc INNER JOIN information_schema.key_column_usage kcu on (kcu.constraint_name = tc.constraint_name and kcu.table_name=tc.table_name and kcu.table_schema=tc.table_schema) WHERE tc.constraint_type='PRIMARY KEY') pkc ON (c.column_name=pkc.column_name AND c.table_schema = pkc.table_schema AND c.table_name=pkc.table_name) WHERE c.table_schema='public' AND c.table_name='users' ORDER BY c.ordinal_position
2022-04-12 22:15:03.506 UTC [193] LOG:  statement: DEALLOCATE pdo_stmt_00000002
2022-04-12 22:15:03.512 UTC [193] LOG:  execute pdo_stmt_00000003: SELECT "users"."id", "users"."firstname", "users"."lastname", "users"."email", "users"."password" FROM "public"."users" WHERE "users"."email" = 'louise.doe@email.com' LIMIT $1
2022-04-12 22:15:03.512 UTC [193] DETAIL:  parameters: $1 = '1'
2022-04-12 22:15:03.514 UTC [193] LOG:  statement: DEALLOCATE pdo_stmt_00000003
2022-04-12 22:15:08.657 UTC [194] LOG:  execute pdo_stmt_00000001: SELECT CASE WHEN COUNT(*) > 0 THEN 1 ELSE 0 END FROM information_schema.tables WHERE table_schema = 'public' AND table_name='users'
2022-04-12 22:15:08.658 UTC [194] LOG:  statement: DEALLOCATE pdo_stmt_00000001
2022-04-12 22:15:08.692 UTC [194] LOG:  execute pdo_stmt_00000002: SELECT DISTINCT c.column_name AS Field, c.data_type AS Type, c.character_maximum_length AS Size, c.numeric_precision AS NumericSize, c.numeric_scale AS NumericScale, c.is_nullable AS Null, CASE WHEN pkc.column_name NOTNULL THEN 'PRI' ELSE '' END AS Key, CASE WHEN c.data_type LIKE '%int%' AND c.column_default LIKE '%nextval%' THEN 'auto_increment' ELSE '' END AS Extra, c.ordinal_position AS Position, c.column_default FROM information_schema.columns c LEFT JOIN ( SELECT kcu.column_name, kcu.table_name, kcu.table_schema FROM information_schema.table_constraints tc INNER JOIN information_schema.key_column_usage kcu on (kcu.constraint_name = tc.constraint_name and kcu.table_name=tc.table_name and kcu.table_schema=tc.table_schema) WHERE tc.constraint_type='PRIMARY KEY') pkc ON (c.column_name=pkc.column_name AND c.table_schema = pkc.table_schema AND c.table_name=pkc.table_name) WHERE c.table_schema='public' AND c.table_name='users' ORDER BY c.ordinal_position
2022-04-12 22:15:08.696 UTC [194] LOG:  statement: DEALLOCATE pdo_stmt_00000002
2022-04-12 22:15:08.701 UTC [194] LOG:  execute pdo_stmt_00000003: SELECT "users"."id", "users"."firstname", "users"."lastname", "users"."email", "users"."password" FROM "public"."users" WHERE "users"."email" = 'louise.doe@email.com' LIMIT $1
2022-04-12 22:15:08.701 UTC [194] DETAIL:  parameters: $1 = '1'
2022-04-12 22:15:08.701 UTC [194] LOG:  statement: DEALLOCATE pdo_stmt_00000003
2022-04-12 22:15:14.401 UTC [195] LOG:  execute pdo_stmt_00000001: SELECT CASE WHEN COUNT(*) > 0 THEN 1 ELSE 0 END FROM information_schema.tables WHERE table_schema = 'public' AND table_name='users'
2022-04-12 22:15:14.403 UTC [195] LOG:  statement: DEALLOCATE pdo_stmt_00000001
2022-04-12 22:15:14.442 UTC [195] LOG:  execute pdo_stmt_00000002: SELECT DISTINCT c.column_name AS Field, c.data_type AS Type, c.character_maximum_length AS Size, c.numeric_precision AS NumericSize, c.numeric_scale AS NumericScale, c.is_nullable AS Null, CASE WHEN pkc.column_name NOTNULL THEN 'PRI' ELSE '' END AS Key, CASE WHEN c.data_type LIKE '%int%' AND c.column_default LIKE '%nextval%' THEN 'auto_increment' ELSE '' END AS Extra, c.ordinal_position AS Position, c.column_default FROM information_schema.columns c LEFT JOIN ( SELECT kcu.column_name, kcu.table_name, kcu.table_schema FROM information_schema.table_constraints tc INNER JOIN information_schema.key_column_usage kcu on (kcu.constraint_name = tc.constraint_name and kcu.table_name=tc.table_name and kcu.table_schema=tc.table_schema) WHERE tc.constraint_type='PRIMARY KEY') pkc ON (c.column_name=pkc.column_name AND c.table_schema = pkc.table_schema AND c.table_name=pkc.table_name) WHERE c.table_schema='public' AND c.table_name='users' ORDER BY c.ordinal_position
2022-04-12 22:15:14.446 UTC [195] LOG:  statement: DEALLOCATE pdo_stmt_00000002
2022-04-12 22:15:14.451 UTC [195] LOG:  execute pdo_stmt_00000003: SELECT "users"."id", "users"."firstname", "users"."lastname", "users"."email", "users"."password" FROM "public"."users" WHERE "users"."email" = 'test5@test.com' LIMIT $1
2022-04-12 22:15:14.451 UTC [195] DETAIL:  parameters: $1 = '1'
2022-04-12 22:15:14.452 UTC [195] LOG:  statement: DEALLOCATE pdo_stmt_00000003
2022-04-12 22:15:23.264 UTC [196] LOG:  execute pdo_stmt_00000001: SELECT CASE WHEN COUNT(*) > 0 THEN 1 ELSE 0 END FROM information_schema.tables WHERE table_schema = 'public' AND table_name='users'
2022-04-12 22:15:23.265 UTC [196] LOG:  statement: DEALLOCATE pdo_stmt_00000001
2022-04-12 22:15:23.329 UTC [196] LOG:  execute pdo_stmt_00000002: SELECT DISTINCT c.column_name AS Field, c.data_type AS Type, c.character_maximum_length AS Size, c.numeric_precision AS NumericSize, c.numeric_scale AS NumericScale, c.is_nullable AS Null, CASE WHEN pkc.column_name NOTNULL THEN 'PRI' ELSE '' END AS Key, CASE WHEN c.data_type LIKE '%int%' AND c.column_default LIKE '%nextval%' THEN 'auto_increment' ELSE '' END AS Extra, c.ordinal_position AS Position, c.column_default FROM information_schema.columns c LEFT JOIN ( SELECT kcu.column_name, kcu.table_name, kcu.table_schema FROM information_schema.table_constraints tc INNER JOIN information_schema.key_column_usage kcu on (kcu.constraint_name = tc.constraint_name and kcu.table_name=tc.table_name and kcu.table_schema=tc.table_schema) WHERE tc.constraint_type='PRIMARY KEY') pkc ON (c.column_name=pkc.column_name AND c.table_schema = pkc.table_schema AND c.table_name=pkc.table_name) WHERE c.table_schema='public' AND c.table_name='users' ORDER BY c.ordinal_position
2022-04-12 22:15:23.330 UTC [196] LOG:  statement: DEALLOCATE pdo_stmt_00000002
2022-04-12 22:15:23.336 UTC [196] LOG:  execute pdo_stmt_00000003: SELECT "users"."id", "users"."firstname", "users"."lastname", "users"."email", "users"."password" FROM "public"."users" WHERE "users"."email" = 'louise.doe@email.com' LIMIT $1
2022-04-12 22:15:23.336 UTC [196] DETAIL:  parameters: $1 = '1'
2022-04-12 22:15:23.336 UTC [196] LOG:  statement: DEALLOCATE pdo_stmt_00000003
2022-04-12 22:16:27.084 UTC [198] LOG:  execute pdo_stmt_00000001: SELECT CASE WHEN COUNT(*) > 0 THEN 1 ELSE 0 END FROM information_schema.tables WHERE table_schema = 'public' AND table_name='users'
2022-04-12 22:16:27.085 UTC [198] LOG:  statement: DEALLOCATE pdo_stmt_00000001
2022-04-12 22:16:27.121 UTC [198] LOG:  execute pdo_stmt_00000002: SELECT DISTINCT c.column_name AS Field, c.data_type AS Type, c.character_maximum_length AS Size, c.numeric_precision AS NumericSize, c.numeric_scale AS NumericScale, c.is_nullable AS Null, CASE WHEN pkc.column_name NOTNULL THEN 'PRI' ELSE '' END AS Key, CASE WHEN c.data_type LIKE '%int%' AND c.column_default LIKE '%nextval%' THEN 'auto_increment' ELSE '' END AS Extra, c.ordinal_position AS Position, c.column_default FROM information_schema.columns c LEFT JOIN ( SELECT kcu.column_name, kcu.table_name, kcu.table_schema FROM information_schema.table_constraints tc INNER JOIN information_schema.key_column_usage kcu on (kcu.constraint_name = tc.constraint_name and kcu.table_name=tc.table_name and kcu.table_schema=tc.table_schema) WHERE tc.constraint_type='PRIMARY KEY') pkc ON (c.column_name=pkc.column_name AND c.table_schema = pkc.table_schema AND c.table_name=pkc.table_name) WHERE c.table_schema='public' AND c.table_name='users' ORDER BY c.ordinal_position
2022-04-12 22:16:27.124 UTC [198] LOG:  statement: DEALLOCATE pdo_stmt_00000002
2022-04-12 22:16:27.136 UTC [198] LOG:  execute pdo_stmt_00000003: SELECT "users"."id", "users"."firstname", "users"."lastname", "users"."email", "users"."password" FROM "public"."users" WHERE "users"."email" = 'louise.doe@email.com' LIMIT $1
2022-04-12 22:16:27.136 UTC [198] DETAIL:  parameters: $1 = '1'
2022-04-12 22:16:27.136 UTC [198] LOG:  statement: DEALLOCATE pdo_stmt_00000003
2022-04-12 22:16:54.342 UTC [199] LOG:  execute pdo_stmt_00000001: SELECT CASE WHEN COUNT(*) > 0 THEN 1 ELSE 0 END FROM information_schema.tables WHERE table_schema = 'public' AND table_name='users'
2022-04-12 22:16:54.342 UTC [199] LOG:  statement: DEALLOCATE pdo_stmt_00000001
2022-04-12 22:16:54.379 UTC [199] LOG:  execute pdo_stmt_00000002: SELECT DISTINCT c.column_name AS Field, c.data_type AS Type, c.character_maximum_length AS Size, c.numeric_precision AS NumericSize, c.numeric_scale AS NumericScale, c.is_nullable AS Null, CASE WHEN pkc.column_name NOTNULL THEN 'PRI' ELSE '' END AS Key, CASE WHEN c.data_type LIKE '%int%' AND c.column_default LIKE '%nextval%' THEN 'auto_increment' ELSE '' END AS Extra, c.ordinal_position AS Position, c.column_default FROM information_schema.columns c LEFT JOIN ( SELECT kcu.column_name, kcu.table_name, kcu.table_schema FROM information_schema.table_constraints tc INNER JOIN information_schema.key_column_usage kcu on (kcu.constraint_name = tc.constraint_name and kcu.table_name=tc.table_name and kcu.table_schema=tc.table_schema) WHERE tc.constraint_type='PRIMARY KEY') pkc ON (c.column_name=pkc.column_name AND c.table_schema = pkc.table_schema AND c.table_name=pkc.table_name) WHERE c.table_schema='public' AND c.table_name='users' ORDER BY c.ordinal_position
2022-04-12 22:16:54.382 UTC [199] LOG:  statement: DEALLOCATE pdo_stmt_00000002
2022-04-12 22:16:54.386 UTC [199] LOG:  execute pdo_stmt_00000003: SELECT "users"."id", "users"."firstname", "users"."lastname", "users"."email", "users"."password" FROM "public"."users" WHERE "users"."email" = 'louise.doe@email.com' LIMIT $1
2022-04-12 22:16:54.386 UTC [199] DETAIL:  parameters: $1 = '1'
2022-04-12 22:16:54.386 UTC [199] LOG:  statement: DEALLOCATE pdo_stmt_00000003
2022-04-12 22:20:01.224 UTC [204] LOG:  execute pdo_stmt_00000001: SELECT CASE WHEN COUNT(*) > 0 THEN 1 ELSE 0 END FROM information_schema.tables WHERE table_schema = 'public' AND table_name='users'
2022-04-12 22:20:01.225 UTC [204] LOG:  statement: DEALLOCATE pdo_stmt_00000001
2022-04-12 22:20:01.272 UTC [204] LOG:  execute pdo_stmt_00000002: SELECT DISTINCT c.column_name AS Field, c.data_type AS Type, c.character_maximum_length AS Size, c.numeric_precision AS NumericSize, c.numeric_scale AS NumericScale, c.is_nullable AS Null, CASE WHEN pkc.column_name NOTNULL THEN 'PRI' ELSE '' END AS Key, CASE WHEN c.data_type LIKE '%int%' AND c.column_default LIKE '%nextval%' THEN 'auto_increment' ELSE '' END AS Extra, c.ordinal_position AS Position, c.column_default FROM information_schema.columns c LEFT JOIN ( SELECT kcu.column_name, kcu.table_name, kcu.table_schema FROM information_schema.table_constraints tc INNER JOIN information_schema.key_column_usage kcu on (kcu.constraint_name = tc.constraint_name and kcu.table_name=tc.table_name and kcu.table_schema=tc.table_schema) WHERE tc.constraint_type='PRIMARY KEY') pkc ON (c.column_name=pkc.column_name AND c.table_schema = pkc.table_schema AND c.table_name=pkc.table_name) WHERE c.table_schema='public' AND c.table_name='users' ORDER BY c.ordinal_position
2022-04-12 22:20:01.277 UTC [204] LOG:  statement: DEALLOCATE pdo_stmt_00000002
2022-04-12 22:20:01.283 UTC [204] LOG:  execute pdo_stmt_00000003: SELECT "users"."id", "users"."firstname", "users"."lastname", "users"."email", "users"."password" FROM "public"."users" WHERE "users"."email" = 'louise.doe@email.com' LIMIT $1
2022-04-12 22:20:01.283 UTC [204] DETAIL:  parameters: $1 = '1'
2022-04-12 22:20:01.287 UTC [204] LOG:  statement: DEALLOCATE pdo_stmt_00000003
2022-04-12 22:20:10.772 UTC [205] LOG:  execute pdo_stmt_00000001: SELECT CASE WHEN COUNT(*) > 0 THEN 1 ELSE 0 END FROM information_schema.tables WHERE table_schema = 'public' AND table_name='users'
2022-04-12 22:20:10.774 UTC [205] LOG:  statement: DEALLOCATE pdo_stmt_00000001
2022-04-12 22:20:10.812 UTC [205] LOG:  execute pdo_stmt_00000002: SELECT DISTINCT c.column_name AS Field, c.data_type AS Type, c.character_maximum_length AS Size, c.numeric_precision AS NumericSize, c.numeric_scale AS NumericScale, c.is_nullable AS Null, CASE WHEN pkc.column_name NOTNULL THEN 'PRI' ELSE '' END AS Key, CASE WHEN c.data_type LIKE '%int%' AND c.column_default LIKE '%nextval%' THEN 'auto_increment' ELSE '' END AS Extra, c.ordinal_position AS Position, c.column_default FROM information_schema.columns c LEFT JOIN ( SELECT kcu.column_name, kcu.table_name, kcu.table_schema FROM information_schema.table_constraints tc INNER JOIN information_schema.key_column_usage kcu on (kcu.constraint_name = tc.constraint_name and kcu.table_name=tc.table_name and kcu.table_schema=tc.table_schema) WHERE tc.constraint_type='PRIMARY KEY') pkc ON (c.column_name=pkc.column_name AND c.table_schema = pkc.table_schema AND c.table_name=pkc.table_name) WHERE c.table_schema='public' AND c.table_name='users' ORDER BY c.ordinal_position
2022-04-12 22:20:10.816 UTC [205] LOG:  statement: DEALLOCATE pdo_stmt_00000002
2022-04-12 22:20:10.820 UTC [205] LOG:  execute pdo_stmt_00000003: SELECT "users"."id", "users"."firstname", "users"."lastname", "users"."email", "users"."password" FROM "public"."users" WHERE "users"."email" = 'louise.doe@email.com' LIMIT $1
2022-04-12 22:20:10.820 UTC [205] DETAIL:  parameters: $1 = '1'
2022-04-12 22:20:10.821 UTC [205] LOG:  statement: DEALLOCATE pdo_stmt_00000003
2022-04-12 22:20:25.918 UTC [206] LOG:  execute pdo_stmt_00000001: SELECT CASE WHEN COUNT(*) > 0 THEN 1 ELSE 0 END FROM information_schema.tables WHERE table_schema = 'public' AND table_name='users'
2022-04-12 22:20:25.919 UTC [206] LOG:  statement: DEALLOCATE pdo_stmt_00000001
2022-04-12 22:20:25.958 UTC [206] LOG:  execute pdo_stmt_00000002: SELECT DISTINCT c.column_name AS Field, c.data_type AS Type, c.character_maximum_length AS Size, c.numeric_precision AS NumericSize, c.numeric_scale AS NumericScale, c.is_nullable AS Null, CASE WHEN pkc.column_name NOTNULL THEN 'PRI' ELSE '' END AS Key, CASE WHEN c.data_type LIKE '%int%' AND c.column_default LIKE '%nextval%' THEN 'auto_increment' ELSE '' END AS Extra, c.ordinal_position AS Position, c.column_default FROM information_schema.columns c LEFT JOIN ( SELECT kcu.column_name, kcu.table_name, kcu.table_schema FROM information_schema.table_constraints tc INNER JOIN information_schema.key_column_usage kcu on (kcu.constraint_name = tc.constraint_name and kcu.table_name=tc.table_name and kcu.table_schema=tc.table_schema) WHERE tc.constraint_type='PRIMARY KEY') pkc ON (c.column_name=pkc.column_name AND c.table_schema = pkc.table_schema AND c.table_name=pkc.table_name) WHERE c.table_schema='public' AND c.table_name='users' ORDER BY c.ordinal_position
2022-04-12 22:20:25.962 UTC [206] LOG:  statement: DEALLOCATE pdo_stmt_00000002
2022-04-12 22:20:25.969 UTC [206] LOG:  execute pdo_stmt_00000003: SELECT "users"."id", "users"."firstname", "users"."lastname", "users"."email", "users"."password" FROM "public"."users" WHERE "users"."email" = 'louise.doe@email.com' LIMIT $1
2022-04-12 22:20:25.969 UTC [206] DETAIL:  parameters: $1 = '1'
2022-04-12 22:20:25.970 UTC [206] LOG:  statement: DEALLOCATE pdo_stmt_00000003
2022-04-12 22:22:15.290 UTC [209] LOG:  execute pdo_stmt_00000001: SELECT CASE WHEN COUNT(*) > 0 THEN 1 ELSE 0 END FROM information_schema.tables WHERE table_schema = 'public' AND table_name='users'
2022-04-12 22:22:15.290 UTC [209] LOG:  statement: DEALLOCATE pdo_stmt_00000001
2022-04-12 22:22:15.330 UTC [209] LOG:  execute pdo_stmt_00000002: SELECT DISTINCT c.column_name AS Field, c.data_type AS Type, c.character_maximum_length AS Size, c.numeric_precision AS NumericSize, c.numeric_scale AS NumericScale, c.is_nullable AS Null, CASE WHEN pkc.column_name NOTNULL THEN 'PRI' ELSE '' END AS Key, CASE WHEN c.data_type LIKE '%int%' AND c.column_default LIKE '%nextval%' THEN 'auto_increment' ELSE '' END AS Extra, c.ordinal_position AS Position, c.column_default FROM information_schema.columns c LEFT JOIN ( SELECT kcu.column_name, kcu.table_name, kcu.table_schema FROM information_schema.table_constraints tc INNER JOIN information_schema.key_column_usage kcu on (kcu.constraint_name = tc.constraint_name and kcu.table_name=tc.table_name and kcu.table_schema=tc.table_schema) WHERE tc.constraint_type='PRIMARY KEY') pkc ON (c.column_name=pkc.column_name AND c.table_schema = pkc.table_schema AND c.table_name=pkc.table_name) WHERE c.table_schema='public' AND c.table_name='users' ORDER BY c.ordinal_position
2022-04-12 22:22:15.333 UTC [209] LOG:  statement: DEALLOCATE pdo_stmt_00000002
2022-04-12 22:22:15.338 UTC [209] LOG:  execute pdo_stmt_00000003: SELECT "users"."id", "users"."firstname", "users"."lastname", "users"."email", "users"."password" FROM "public"."users" WHERE "users"."email" = 'louise.doe@email.com' LIMIT $1
2022-04-12 22:22:15.338 UTC [209] DETAIL:  parameters: $1 = '1'
2022-04-12 22:22:15.339 UTC [209] LOG:  statement: DEALLOCATE pdo_stmt_00000003
2022-04-12 22:22:25.951 UTC [210] LOG:  execute pdo_stmt_00000001: SELECT CASE WHEN COUNT(*) > 0 THEN 1 ELSE 0 END FROM information_schema.tables WHERE table_schema = 'public' AND table_name='users'
2022-04-12 22:22:25.952 UTC [210] LOG:  statement: DEALLOCATE pdo_stmt_00000001
2022-04-12 22:22:25.988 UTC [210] LOG:  execute pdo_stmt_00000002: SELECT DISTINCT c.column_name AS Field, c.data_type AS Type, c.character_maximum_length AS Size, c.numeric_precision AS NumericSize, c.numeric_scale AS NumericScale, c.is_nullable AS Null, CASE WHEN pkc.column_name NOTNULL THEN 'PRI' ELSE '' END AS Key, CASE WHEN c.data_type LIKE '%int%' AND c.column_default LIKE '%nextval%' THEN 'auto_increment' ELSE '' END AS Extra, c.ordinal_position AS Position, c.column_default FROM information_schema.columns c LEFT JOIN ( SELECT kcu.column_name, kcu.table_name, kcu.table_schema FROM information_schema.table_constraints tc INNER JOIN information_schema.key_column_usage kcu on (kcu.constraint_name = tc.constraint_name and kcu.table_name=tc.table_name and kcu.table_schema=tc.table_schema) WHERE tc.constraint_type='PRIMARY KEY') pkc ON (c.column_name=pkc.column_name AND c.table_schema = pkc.table_schema AND c.table_name=pkc.table_name) WHERE c.table_schema='public' AND c.table_name='users' ORDER BY c.ordinal_position
2022-04-12 22:22:25.993 UTC [210] LOG:  statement: DEALLOCATE pdo_stmt_00000002
2022-04-12 22:22:25.997 UTC [210] LOG:  execute pdo_stmt_00000003: SELECT "users"."id", "users"."firstname", "users"."lastname", "users"."email", "users"."password" FROM "public"."users" WHERE "users"."email" = 'louise.doe@email.com' LIMIT $1
2022-04-12 22:22:25.997 UTC [210] DETAIL:  parameters: $1 = '1'
2022-04-12 22:22:25.998 UTC [210] LOG:  statement: DEALLOCATE pdo_stmt_00000003
2022-04-12 22:26:47.159 UTC [215] LOG:  execute pdo_stmt_00000001: SELECT CASE WHEN COUNT(*) > 0 THEN 1 ELSE 0 END FROM information_schema.tables WHERE table_schema = 'public' AND table_name='users'
2022-04-12 22:26:47.160 UTC [215] LOG:  statement: DEALLOCATE pdo_stmt_00000001
2022-04-12 22:26:47.197 UTC [215] LOG:  execute pdo_stmt_00000002: SELECT DISTINCT c.column_name AS Field, c.data_type AS Type, c.character_maximum_length AS Size, c.numeric_precision AS NumericSize, c.numeric_scale AS NumericScale, c.is_nullable AS Null, CASE WHEN pkc.column_name NOTNULL THEN 'PRI' ELSE '' END AS Key, CASE WHEN c.data_type LIKE '%int%' AND c.column_default LIKE '%nextval%' THEN 'auto_increment' ELSE '' END AS Extra, c.ordinal_position AS Position, c.column_default FROM information_schema.columns c LEFT JOIN ( SELECT kcu.column_name, kcu.table_name, kcu.table_schema FROM information_schema.table_constraints tc INNER JOIN information_schema.key_column_usage kcu on (kcu.constraint_name = tc.constraint_name and kcu.table_name=tc.table_name and kcu.table_schema=tc.table_schema) WHERE tc.constraint_type='PRIMARY KEY') pkc ON (c.column_name=pkc.column_name AND c.table_schema = pkc.table_schema AND c.table_name=pkc.table_name) WHERE c.table_schema='public' AND c.table_name='users' ORDER BY c.ordinal_position
2022-04-12 22:26:47.201 UTC [215] LOG:  statement: DEALLOCATE pdo_stmt_00000002
2022-04-12 22:26:47.207 UTC [215] LOG:  execute pdo_stmt_00000003: SELECT "users"."id", "users"."firstname", "users"."lastname", "users"."email", "users"."password" FROM "public"."users" WHERE "users"."email" = 'louise.doe@email.com' LIMIT $1
2022-04-12 22:26:47.207 UTC [215] DETAIL:  parameters: $1 = '1'
2022-04-12 22:26:47.208 UTC [215] LOG:  statement: DEALLOCATE pdo_stmt_00000003
2022-04-12 22:28:35.666 UTC [218] LOG:  execute pdo_stmt_00000001: SELECT CASE WHEN COUNT(*) > 0 THEN 1 ELSE 0 END FROM information_schema.tables WHERE table_schema = 'public' AND table_name='users'
2022-04-12 22:28:35.667 UTC [218] LOG:  statement: DEALLOCATE pdo_stmt_00000001
2022-04-12 22:28:35.705 UTC [218] LOG:  execute pdo_stmt_00000002: SELECT DISTINCT c.column_name AS Field, c.data_type AS Type, c.character_maximum_length AS Size, c.numeric_precision AS NumericSize, c.numeric_scale AS NumericScale, c.is_nullable AS Null, CASE WHEN pkc.column_name NOTNULL THEN 'PRI' ELSE '' END AS Key, CASE WHEN c.data_type LIKE '%int%' AND c.column_default LIKE '%nextval%' THEN 'auto_increment' ELSE '' END AS Extra, c.ordinal_position AS Position, c.column_default FROM information_schema.columns c LEFT JOIN ( SELECT kcu.column_name, kcu.table_name, kcu.table_schema FROM information_schema.table_constraints tc INNER JOIN information_schema.key_column_usage kcu on (kcu.constraint_name = tc.constraint_name and kcu.table_name=tc.table_name and kcu.table_schema=tc.table_schema) WHERE tc.constraint_type='PRIMARY KEY') pkc ON (c.column_name=pkc.column_name AND c.table_schema = pkc.table_schema AND c.table_name=pkc.table_name) WHERE c.table_schema='public' AND c.table_name='users' ORDER BY c.ordinal_position
2022-04-12 22:28:35.708 UTC [218] LOG:  statement: DEALLOCATE pdo_stmt_00000002
2022-04-12 22:28:35.712 UTC [218] LOG:  execute pdo_stmt_00000003: SELECT "users"."id", "users"."firstname", "users"."lastname", "users"."email", "users"."password" FROM "public"."users" WHERE "users"."email" = 'louise.doe@email.com' LIMIT $1
2022-04-12 22:28:35.712 UTC [218] DETAIL:  parameters: $1 = '1'
2022-04-12 22:28:35.713 UTC [218] LOG:  statement: DEALLOCATE pdo_stmt_00000003
2022-04-12 22:32:42.036 UTC [223] LOG:  execute pdo_stmt_00000001: SELECT CASE WHEN COUNT(*) > 0 THEN 1 ELSE 0 END FROM information_schema.tables WHERE table_schema = 'public' AND table_name='users'
2022-04-12 22:32:42.037 UTC [223] LOG:  statement: DEALLOCATE pdo_stmt_00000001
2022-04-12 22:32:42.074 UTC [223] LOG:  execute pdo_stmt_00000002: SELECT DISTINCT c.column_name AS Field, c.data_type AS Type, c.character_maximum_length AS Size, c.numeric_precision AS NumericSize, c.numeric_scale AS NumericScale, c.is_nullable AS Null, CASE WHEN pkc.column_name NOTNULL THEN 'PRI' ELSE '' END AS Key, CASE WHEN c.data_type LIKE '%int%' AND c.column_default LIKE '%nextval%' THEN 'auto_increment' ELSE '' END AS Extra, c.ordinal_position AS Position, c.column_default FROM information_schema.columns c LEFT JOIN ( SELECT kcu.column_name, kcu.table_name, kcu.table_schema FROM information_schema.table_constraints tc INNER JOIN information_schema.key_column_usage kcu on (kcu.constraint_name = tc.constraint_name and kcu.table_name=tc.table_name and kcu.table_schema=tc.table_schema) WHERE tc.constraint_type='PRIMARY KEY') pkc ON (c.column_name=pkc.column_name AND c.table_schema = pkc.table_schema AND c.table_name=pkc.table_name) WHERE c.table_schema='public' AND c.table_name='users' ORDER BY c.ordinal_position
2022-04-12 22:32:42.078 UTC [223] LOG:  statement: DEALLOCATE pdo_stmt_00000002
2022-04-12 22:32:42.083 UTC [223] LOG:  execute pdo_stmt_00000003: SELECT "users"."id", "users"."firstname", "users"."lastname", "users"."email", "users"."password" FROM "public"."users" WHERE "users"."email" = 'louise.doe@email.com' LIMIT $1
2022-04-12 22:32:42.083 UTC [223] DETAIL:  parameters: $1 = '1'
2022-04-12 22:32:42.084 UTC [223] LOG:  statement: DEALLOCATE pdo_stmt_00000003
2022-04-12 22:40:01.274 UTC [231] WARNING:  could not open statistics file "pg_stat_tmp/global.stat": Operation not permitted
2022-04-12 22:46:26.913 UTC [238] LOG:  execute pdo_stmt_00000001: SELECT CASE WHEN COUNT(*) > 0 THEN 1 ELSE 0 END FROM information_schema.tables WHERE table_schema = 'public' AND table_name='users'
2022-04-12 22:46:26.914 UTC [238] LOG:  statement: DEALLOCATE pdo_stmt_00000001
2022-04-12 22:46:26.948 UTC [238] LOG:  execute pdo_stmt_00000002: SELECT DISTINCT c.column_name AS Field, c.data_type AS Type, c.character_maximum_length AS Size, c.numeric_precision AS NumericSize, c.numeric_scale AS NumericScale, c.is_nullable AS Null, CASE WHEN pkc.column_name NOTNULL THEN 'PRI' ELSE '' END AS Key, CASE WHEN c.data_type LIKE '%int%' AND c.column_default LIKE '%nextval%' THEN 'auto_increment' ELSE '' END AS Extra, c.ordinal_position AS Position, c.column_default FROM information_schema.columns c LEFT JOIN ( SELECT kcu.column_name, kcu.table_name, kcu.table_schema FROM information_schema.table_constraints tc INNER JOIN information_schema.key_column_usage kcu on (kcu.constraint_name = tc.constraint_name and kcu.table_name=tc.table_name and kcu.table_schema=tc.table_schema) WHERE tc.constraint_type='PRIMARY KEY') pkc ON (c.column_name=pkc.column_name AND c.table_schema = pkc.table_schema AND c.table_name=pkc.table_name) WHERE c.table_schema='public' AND c.table_name='users' ORDER BY c.ordinal_position
2022-04-12 22:46:26.952 UTC [238] LOG:  statement: DEALLOCATE pdo_stmt_00000002
2022-04-12 22:46:26.958 UTC [238] LOG:  execute pdo_stmt_00000003: SELECT "users"."id", "users"."firstname", "users"."lastname", "users"."email", "users"."password" FROM "public"."users" WHERE "users"."email" = 'louise.doe@email.com' LIMIT $1
2022-04-12 22:46:26.958 UTC [238] DETAIL:  parameters: $1 = '1'
2022-04-12 22:46:26.958 UTC [238] LOG:  statement: DEALLOCATE pdo_stmt_00000003
2022-04-12 22:46:50.573 UTC [239] LOG:  execute pdo_stmt_00000001: SELECT CASE WHEN COUNT(*) > 0 THEN 1 ELSE 0 END FROM information_schema.tables WHERE table_schema = 'public' AND table_name='users'
2022-04-12 22:46:50.574 UTC [239] LOG:  statement: DEALLOCATE pdo_stmt_00000001
2022-04-12 22:46:50.611 UTC [239] LOG:  execute pdo_stmt_00000002: SELECT DISTINCT c.column_name AS Field, c.data_type AS Type, c.character_maximum_length AS Size, c.numeric_precision AS NumericSize, c.numeric_scale AS NumericScale, c.is_nullable AS Null, CASE WHEN pkc.column_name NOTNULL THEN 'PRI' ELSE '' END AS Key, CASE WHEN c.data_type LIKE '%int%' AND c.column_default LIKE '%nextval%' THEN 'auto_increment' ELSE '' END AS Extra, c.ordinal_position AS Position, c.column_default FROM information_schema.columns c LEFT JOIN ( SELECT kcu.column_name, kcu.table_name, kcu.table_schema FROM information_schema.table_constraints tc INNER JOIN information_schema.key_column_usage kcu on (kcu.constraint_name = tc.constraint_name and kcu.table_name=tc.table_name and kcu.table_schema=tc.table_schema) WHERE tc.constraint_type='PRIMARY KEY') pkc ON (c.column_name=pkc.column_name AND c.table_schema = pkc.table_schema AND c.table_name=pkc.table_name) WHERE c.table_schema='public' AND c.table_name='users' ORDER BY c.ordinal_position
2022-04-12 22:46:50.614 UTC [239] LOG:  statement: DEALLOCATE pdo_stmt_00000002
2022-04-12 22:46:50.619 UTC [239] LOG:  execute pdo_stmt_00000003: SELECT "users"."id", "users"."firstname", "users"."lastname", "users"."email", "users"."password" FROM "public"."users" WHERE "users"."email" = 'louise.doe@email.com' LIMIT $1
2022-04-12 22:46:50.619 UTC [239] DETAIL:  parameters: $1 = '1'
2022-04-12 22:46:50.620 UTC [239] LOG:  statement: DEALLOCATE pdo_stmt_00000003
2022-04-12 22:47:01.841 UTC [240] WARNING:  could not open statistics file "pg_stat_tmp/global.stat": Operation not permitted
2022-04-12 22:49:18.740 UTC [243] LOG:  execute pdo_stmt_00000001: SELECT CASE WHEN COUNT(*) > 0 THEN 1 ELSE 0 END FROM information_schema.tables WHERE table_schema = 'public' AND table_name='users'
2022-04-12 22:49:18.741 UTC [243] LOG:  statement: DEALLOCATE pdo_stmt_00000001
2022-04-12 22:49:18.821 UTC [243] LOG:  execute pdo_stmt_00000002: SELECT DISTINCT c.column_name AS Field, c.data_type AS Type, c.character_maximum_length AS Size, c.numeric_precision AS NumericSize, c.numeric_scale AS NumericScale, c.is_nullable AS Null, CASE WHEN pkc.column_name NOTNULL THEN 'PRI' ELSE '' END AS Key, CASE WHEN c.data_type LIKE '%int%' AND c.column_default LIKE '%nextval%' THEN 'auto_increment' ELSE '' END AS Extra, c.ordinal_position AS Position, c.column_default FROM information_schema.columns c LEFT JOIN ( SELECT kcu.column_name, kcu.table_name, kcu.table_schema FROM information_schema.table_constraints tc INNER JOIN information_schema.key_column_usage kcu on (kcu.constraint_name = tc.constraint_name and kcu.table_name=tc.table_name and kcu.table_schema=tc.table_schema) WHERE tc.constraint_type='PRIMARY KEY') pkc ON (c.column_name=pkc.column_name AND c.table_schema = pkc.table_schema AND c.table_name=pkc.table_name) WHERE c.table_schema='public' AND c.table_name='users' ORDER BY c.ordinal_position
2022-04-12 22:49:18.824 UTC [243] LOG:  statement: DEALLOCATE pdo_stmt_00000002
2022-04-12 22:49:18.833 UTC [243] LOG:  execute pdo_stmt_00000003: SELECT "users"."id", "users"."firstname", "users"."lastname", "users"."email", "users"."password" FROM "public"."users" WHERE "users"."email" = 'louise.doe@email.com' LIMIT $1
2022-04-12 22:49:18.833 UTC [243] DETAIL:  parameters: $1 = '1'
2022-04-12 22:49:18.834 UTC [243] LOG:  statement: DEALLOCATE pdo_stmt_00000003
