2022-04-13 19:58:21.692 UTC [21] LOG:  database system was shut down at 2022-04-13 04:31:21 UTC
2022-04-13 19:58:21.713 UTC [1] LOG:  database system is ready to accept connections
2022-04-13 20:00:37.184 UTC [28] LOG:  execute <unnamed>: SET extra_float_digits = 3
2022-04-13 20:00:37.187 UTC [28] LOG:  execute <unnamed>: SET application_name = 'PostgreSQL JDBC Driver'
2022-04-13 20:00:37.205 UTC [28] LOG:  execute <unnamed>: SET application_name = 'DBeaver 22.0.2 - Main <phalcon>'
2022-04-13 20:00:37.246 UTC [28] LOG:  execute <unnamed>: SELECT current_schema(),session_user
2022-04-13 20:00:37.554 UTC [28] LOG:  execute <unnamed>: SELECT n.oid,n.*,d.description FROM pg_catalog.pg_namespace n
	LEFT OUTER JOIN pg_catalog.pg_description d ON d.objoid=n.oid AND d.objsubid=0 AND d.classoid='pg_namespace'::regclass
	 ORDER BY nspname
2022-04-13 20:00:37.585 UTC [28] LOG:  execute <unnamed>: SELECT n.nspname = ANY(current_schemas(true)), n.nspname, t.typname FROM pg_catalog.pg_type t JOIN pg_catalog.pg_namespace n ON t.typnamespace = n.oid WHERE t.oid = $1
2022-04-13 20:00:37.585 UTC [28] DETAIL:  parameters: $1 = '1034'
2022-04-13 20:00:37.631 UTC [28] LOG:  execute <unnamed>: SELECT typinput='array_in'::regproc as is_array, typtype, typname   FROM pg_catalog.pg_type   LEFT JOIN (select ns.oid as nspoid, ns.nspname, r.r           from pg_namespace as ns           join ( select s.r, (current_schemas(false))[s.r] as nspname                    from generate_series(1, array_upper(current_schemas(false), 1)) as s(r) ) as r          using ( nspname )        ) as sp     ON sp.nspoid = typnamespace  WHERE typname = $1  ORDER BY sp.r, pg_type.oid DESC
2022-04-13 20:00:37.631 UTC [28] DETAIL:  parameters: $1 = '_aclitem'
2022-04-13 20:00:37.638 UTC [28] LOG:  execute <unnamed>: SHOW search_path
2022-04-13 20:00:37.696 UTC [29] LOG:  execute <unnamed>: SET extra_float_digits = 3
2022-04-13 20:00:37.698 UTC [29] LOG:  execute <unnamed>: SET application_name = 'PostgreSQL JDBC Driver'
2022-04-13 20:00:37.702 UTC [29] LOG:  execute <unnamed>: SET application_name = 'DBeaver 22.0.2 - Metadata <phalcon>'
2022-04-13 20:00:37.705 UTC [29] LOG:  execute <unnamed>: SELECT current_schema(),session_user
2022-04-13 20:00:37.707 UTC [29] LOG:  execute <unnamed>: SHOW search_path
2022-04-13 20:00:37.721 UTC [29] LOG:  execute <unnamed>: SELECT db.oid,db.* FROM pg_catalog.pg_database db WHERE datname=$1
2022-04-13 20:00:37.721 UTC [29] DETAIL:  parameters: $1 = 'phalcon'
2022-04-13 20:00:37.746 UTC [29] LOG:  execute <unnamed>: select * from pg_catalog.pg_settings where name=$1
2022-04-13 20:00:37.746 UTC [29] DETAIL:  parameters: $1 = 'standard_conforming_strings'
2022-04-13 20:00:37.793 UTC [29] LOG:  execute <unnamed>: select string_agg(word, ',') from pg_catalog.pg_get_keywords() where word <> ALL ('{a,abs,absolute,action,ada,add,admin,after,all,allocate,alter,always,and,any,are,array,as,asc,asensitive,assertion,assignment,asymmetric,at,atomic,attribute,attributes,authorization,avg,before,begin,bernoulli,between,bigint,binary,blob,boolean,both,breadth,by,c,call,called,cardinality,cascade,cascaded,case,cast,catalog,catalog_name,ceil,ceiling,chain,char,char_length,character,character_length,character_set_catalog,character_set_name,character_set_schema,characteristics,characters,check,checked,class_origin,clob,close,coalesce,cobol,code_units,collate,collation,collation_catalog,collation_name,collation_schema,collect,column,column_name,command_function,command_function_code,commit,committed,condition,condition_number,connect,connection_name,constraint,constraint_catalog,constraint_name,constraint_schema,constraints,constructors,contains,continue,convert,corr,corresponding,count,covar_pop,covar_samp,create,cross,cube,cume_dist,current,current_collation,current_date,current_default_transform_group,current_path,current_role,current_time,current_timestamp,current_transform_group_for_type,current_user,cursor,cursor_name,cycle,data,date,datetime_interval_code,datetime_interval_precision,day,deallocate,dec,decimal,declare,default,defaults,deferrable,deferred,defined,definer,degree,delete,dense_rank,depth,deref,derived,desc,describe,descriptor,deterministic,diagnostics,disconnect,dispatch,distinct,domain,double,drop,dynamic,dynamic_function,dynamic_function_code,each,element,else,end,end-exec,equals,escape,every,except,exception,exclude,excluding,exec,execute,exists,exp,external,extract,false,fetch,filter,final,first,float,floor,following,for,foreign,fortran,found,free,from,full,function,fusion,g,general,get,global,go,goto,grant,granted,group,grouping,having,hierarchy,hold,hour,identity,immediate,implementation,in,including,increment,indicator,initially,inner,inout,input,insensitive,insert,instance,instantiable,int,integer,intersect,intersection,interval,into,invoker,is,isolation,join,k,key,key_member,key_type,language,large,last,lateral,leading,left,length,level,like,ln,local,localtime,localtimestamp,locator,lower,m,map,match,matched,max,maxvalue,member,merge,message_length,message_octet_length,message_text,method,min,minute,minvalue,mod,modifies,module,month,more,multiset,mumps,name,names,national,natural,nchar,nclob,nesting,new,next,no,none,normalize,normalized,not,"null",nullable,nullif,nulls,number,numeric,object,octet_length,octets,of,old,on,only,open,option,options,or,order,ordering,ordinality,others,out,outer,output,over,overlaps,overlay,overriding,pad,parameter,parameter_mode,parameter_name,parameter_ordinal_position,parameter_specific_catalog,parameter_specific_name,parameter_specific_schema,partial,partition,pascal,path,percent_rank,percentile_cont,percentile_disc,placing,pli,position,power,preceding,precision,prepare,preserve,primary,prior,privileges,procedure,public,range,rank,read,reads,real,recursive,ref,references,referencing,regr_avgx,regr_avgy,regr_count,regr_intercept,regr_r2,regr_slope,regr_sxx,regr_sxy,regr_syy,relative,release,repeatable,restart,result,return,returned_cardinality,returned_length,returned_octet_length,returned_sqlstate,returns,revoke,right,role,rollback,rollup,routine,routine_catalog,routine_name,routine_schema,row,row_count,row_number,rows,savepoint,scale,schema,schema_name,scope_catalog,scope_name,scope_schema,scroll,search,second,section,security,select,self,sensitive,sequence,serializable,server_name,session,session_user,set,sets,similar,simple,size,smallint,some,source,space,specific,specific_name,specifictype,sql,sqlexception,sqlstate,sqlwarning,sqrt,start,state,statement,static,stddev_pop,stddev_samp,structure,style,subclass_origin,submultiset,substring,sum,symmetric,system,system_user,table,table_name,tablesample,temporary,then,ties,time,timestamp,timezone_hour,timezone_minute,to,top_level_count,trailing,transaction,transaction_active,transactions_committed,transactions_rolled_back,transform,transforms,translate,translation,treat,trigger,trigger_catalog,trigger_name,trigger_schema,trim,true,type,uescape,unbounded,uncommitted,under,union,unique,unknown,unnamed,unnest,update,upper,usage,user,user_defined_type_catalog,user_defined_type_code,user_defined_type_name,user_defined_type_schema,using,value,values,var_pop,var_samp,varchar,varying,view,when,whenever,where,width_bucket,window,with,within,without,work,write,year,zone}'::text[])
2022-04-13 20:00:37.809 UTC [29] LOG:  execute <unnamed>: SELECT version()
2022-04-13 20:00:37.849 UTC [29] LOG:  execute <unnamed>: SELECT t.oid,t.*,c.relkind,format_type(nullif(t.typbasetype, 0), t.typtypmod) as base_type_name, d.description
	FROM pg_catalog.pg_type t
	LEFT OUTER JOIN pg_catalog.pg_type et ON et.oid=t.typelem 
	LEFT OUTER JOIN pg_catalog.pg_class c ON c.oid=t.typrelid
	LEFT OUTER JOIN pg_catalog.pg_description d ON t.oid=d.objoid
	WHERE t.typname IS NOT NULL
	AND (c.relkind IS NULL OR c.relkind = 'c') AND (et.typcategory IS NULL OR et.typcategory <> 'C')
2022-04-13 20:00:38.003 UTC [30] LOG:  execute <unnamed>: SET extra_float_digits = 3
2022-04-13 20:00:38.005 UTC [30] LOG:  execute <unnamed>: SET application_name = 'PostgreSQL JDBC Driver'
2022-04-13 20:00:38.008 UTC [30] LOG:  execute <unnamed>: SET application_name = 'DBeaver 22.0.2 - SQLEditor <Script-2.sql>'
2022-04-13 20:00:38.011 UTC [30] LOG:  execute <unnamed>: SELECT current_schema(),session_user
2022-04-13 20:00:38.015 UTC [30] LOG:  execute <unnamed>: SHOW search_path
2022-04-13 20:00:38.018 UTC [30] LOG:  execute <unnamed>: SET search_path = public,public,"$user"
2022-04-13 20:00:38.496 UTC [30] LOG:  execute <unnamed>: SHOW TRANSACTION ISOLATION LEVEL
2022-04-13 20:02:47.120 UTC [29] LOG:  execute <unnamed>: SELECT c.oid,c.*,d.description,pg_catalog.pg_get_expr(c.relpartbound, c.oid) as partition_expr,  pg_catalog.pg_get_partkeydef(c.oid) as partition_key 
	FROM pg_catalog.pg_class c
	LEFT OUTER JOIN pg_catalog.pg_description d ON d.objoid=c.oid AND d.objsubid=0 AND d.classoid='pg_class'::regclass
	WHERE c.relnamespace=$1 AND c.relkind not in ('i','I','c')
2022-04-13 20:02:47.120 UTC [29] DETAIL:  parameters: $1 = '2200'
2022-04-13 20:02:47.223 UTC [29] LOG:  execute <unnamed>: select c.oid,pg_catalog.pg_total_relation_size(c.oid) as total_rel_size,pg_catalog.pg_relation_size(c.oid) as rel_size
	FROM pg_class c
	WHERE c.relnamespace=$1
2022-04-13 20:02:47.223 UTC [29] DETAIL:  parameters: $1 = '2200'
2022-04-13 20:02:52.022 UTC [30] LOG:  execute <unnamed>: select * from users
2022-04-13 20:02:52.096 UTC [30] LOG:  execute <unnamed>: SELECT c.oid, a.attnum, a.attname, c.relname, n.nspname, a.attnotnull OR (t.typtype = 'd' AND t.typnotnull), a.attidentity != '' OR pg_catalog.pg_get_expr(d.adbin, d.adrelid) LIKE '%nextval(%' FROM pg_catalog.pg_class c JOIN pg_catalog.pg_namespace n ON (c.relnamespace = n.oid) JOIN pg_catalog.pg_attribute a ON (c.oid = a.attrelid) JOIN pg_catalog.pg_type t ON (a.atttypid = t.oid) LEFT JOIN pg_catalog.pg_attrdef d ON (d.adrelid = a.attrelid AND d.adnum = a.attnum) JOIN (SELECT 24578 AS oid , 1 AS attnum UNION ALL SELECT 24578, 2 UNION ALL SELECT 24578, 3 UNION ALL SELECT 24578, 4 UNION ALL SELECT 24578, 5) vals ON (c.oid = vals.oid AND a.attnum = vals.attnum) 
2022-04-13 20:02:52.162 UTC [29] LOG:  execute <unnamed>: SELECT c.relname,a.*,pg_catalog.pg_get_expr(ad.adbin, ad.adrelid, true) as def_value,dsc.description
	FROM pg_catalog.pg_attribute a
	INNER JOIN pg_catalog.pg_class c ON (a.attrelid=c.oid)
	LEFT OUTER JOIN pg_catalog.pg_attrdef ad ON (a.attrelid=ad.adrelid AND a.attnum = ad.adnum)
	LEFT OUTER JOIN pg_catalog.pg_description dsc ON (c.oid=dsc.objoid AND a.attnum = dsc.objsubid)
	WHERE NOT a.attisdropped AND c.oid=$1 ORDER BY a.attnum
2022-04-13 20:02:52.162 UTC [29] DETAIL:  parameters: $1 = '24578'
2022-04-13 20:02:52.178 UTC [29] LOG:  execute <unnamed>: SELECT i.*,i.indkey as keys,c.relname,c.relnamespace,c.relam,c.reltablespace,tc.relname as tabrelname,dsc.description,pg_catalog.pg_get_expr(i.indpred, i.indrelid) as pred_expr,pg_catalog.pg_get_expr(i.indexprs, i.indrelid, true) as expr,pg_catalog.pg_relation_size(i.indexrelid) as index_rel_size,pg_catalog.pg_stat_get_numscans(i.indexrelid) as index_num_scans
	FROM pg_catalog.pg_index i
	INNER JOIN pg_catalog.pg_class c ON c.oid=i.indexrelid
	INNER JOIN pg_catalog.pg_class tc ON tc.oid=i.indrelid
	LEFT OUTER JOIN pg_catalog.pg_description dsc ON i.indexrelid=dsc.objoid
	WHERE  i.indrelid=$1 ORDER BY c.relname
2022-04-13 20:02:52.178 UTC [29] DETAIL:  parameters: $1 = '24578'
2022-04-13 20:02:52.412 UTC [29] LOG:  execute <unnamed>: SELECT c.oid,c.*,t.relname as tabrelname,rt.relnamespace as refnamespace,d.description, null as consrc_copy
	FROM pg_catalog.pg_constraint c
	INNER JOIN pg_catalog.pg_class t ON t.oid=c.conrelid
	LEFT OUTER JOIN pg_catalog.pg_class rt ON rt.oid=c.confrelid
	LEFT OUTER JOIN pg_catalog.pg_description d ON d.objoid=c.oid AND d.objsubid=0 AND d.classoid='pg_constraint'::regclass
	WHERE c.conrelid=$1
	ORDER BY c.oid
2022-04-13 20:02:52.412 UTC [29] DETAIL:  parameters: $1 = '24578'
2022-04-13 20:02:52.444 UTC [29] LOG:  execute <unnamed>: SELECT n.nspname = ANY(current_schemas(true)), n.nspname, t.typname FROM pg_catalog.pg_type t JOIN pg_catalog.pg_namespace n ON t.typnamespace = n.oid WHERE t.oid = $1
2022-04-13 20:02:52.444 UTC [29] DETAIL:  parameters: $1 = '22'
2022-04-13 20:02:52.449 UTC [29] LOG:  execute <unnamed>: SELECT typinput='array_in'::regproc as is_array, typtype, typname   FROM pg_catalog.pg_type   LEFT JOIN (select ns.oid as nspoid, ns.nspname, r.r           from pg_namespace as ns           join ( select s.r, (current_schemas(false))[s.r] as nspname                    from generate_series(1, array_upper(current_schemas(false), 1)) as s(r) ) as r          using ( nspname )        ) as sp     ON sp.nspoid = typnamespace  WHERE typname = $1  ORDER BY sp.r, pg_type.oid DESC
2022-04-13 20:02:52.449 UTC [29] DETAIL:  parameters: $1 = 'int2vector'
2022-04-13 20:02:52.453 UTC [29] LOG:  execute <unnamed>: SELECT n.nspname = ANY(current_schemas(true)), n.nspname, t.typname FROM pg_catalog.pg_type t JOIN pg_catalog.pg_namespace n ON t.typnamespace = n.oid WHERE t.oid = $1
2022-04-13 20:02:52.453 UTC [29] DETAIL:  parameters: $1 = '30'
2022-04-13 20:02:52.457 UTC [29] LOG:  execute <unnamed>: SELECT typinput='array_in'::regproc as is_array, typtype, typname   FROM pg_catalog.pg_type   LEFT JOIN (select ns.oid as nspoid, ns.nspname, r.r           from pg_namespace as ns           join ( select s.r, (current_schemas(false))[s.r] as nspname                    from generate_series(1, array_upper(current_schemas(false), 1)) as s(r) ) as r          using ( nspname )        ) as sp     ON sp.nspoid = typnamespace  WHERE typname = $1  ORDER BY sp.r, pg_type.oid DESC
2022-04-13 20:02:52.457 UTC [29] DETAIL:  parameters: $1 = 'oidvector'
2022-04-13 20:02:52.467 UTC [29] LOG:  execute <unnamed>: SELECT am.oid,am.* FROM pg_catalog.pg_am am 
	ORDER BY am.oid
2022-04-13 20:02:52.486 UTC [29] LOG:  execute <unnamed>: SELECT i.*,c.relnamespace FROM pg_catalog.pg_inherits i,pg_catalog.pg_class c WHERE i.inhrelid=$1 AND c.oid=i.inhparent ORDER BY i.inhseqno
2022-04-13 20:02:52.486 UTC [29] DETAIL:  parameters: $1 = '24578'
2022-04-13 20:02:52.848 UTC [30] LOG:  execute <unnamed>: SELECT current_schema(),session_user
2022-04-13 20:02:52.853 UTC [30] LOG:  execute <unnamed>: SHOW search_path
2022-04-13 20:03:15.454 UTC [1] LOG:  received smart shutdown request
2022-04-13 20:03:15.471 UTC [1] LOG:  worker process: logical replication launcher (PID 27) exited with exit code 1
