2022-03-27 07:07:06.473 UTC [20] LOG:  database system was shut down at 2022-03-27 07:06:13 UTC
2022-03-27 07:07:06.515 UTC [1] LOG:  database system is ready to accept connections
2022-03-27 07:14:38.940 UTC [38] FATAL:  password authentication failed for user "postgres"
2022-03-27 07:14:38.940 UTC [38] DETAIL:  Password does not match for user "postgres".
	Connection matched pg_hba.conf line 95: "host all all all md5"
2022-03-27 07:16:09.374 UTC [40] FATAL:  password authentication failed for user "postgres"
2022-03-27 07:16:09.374 UTC [40] DETAIL:  Password does not match for user "postgres".
	Connection matched pg_hba.conf line 95: "host all all all md5"
2022-03-27 07:17:26.960 UTC [41] LOG:  execute <unnamed>: SET extra_float_digits = 3
2022-03-27 07:17:26.967 UTC [41] LOG:  execute <unnamed>: SET application_name = 'PostgreSQL JDBC Driver'
2022-03-27 07:17:26.988 UTC [41] LOG:  execute <unnamed>: SET application_name = 'DBeaver 22.0.1 - Main <phalcon>'
2022-03-27 07:17:27.037 UTC [41] LOG:  execute <unnamed>: SELECT current_schema(),session_user
2022-03-27 07:17:27.181 UTC [41] LOG:  execute <unnamed>: SELECT n.oid,n.*,d.description FROM pg_catalog.pg_namespace n
	LEFT OUTER JOIN pg_catalog.pg_description d ON d.objoid=n.oid AND d.objsubid=0 AND d.classoid='pg_namespace'::regclass
	 ORDER BY nspname
2022-03-27 07:17:27.210 UTC [41] LOG:  execute <unnamed>: SELECT n.nspname = ANY(current_schemas(true)), n.nspname, t.typname FROM pg_catalog.pg_type t JOIN pg_catalog.pg_namespace n ON t.typnamespace = n.oid WHERE t.oid = $1
2022-03-27 07:17:27.210 UTC [41] DETAIL:  parameters: $1 = '1034'
2022-03-27 07:17:27.223 UTC [41] LOG:  execute <unnamed>: SELECT typinput='array_in'::regproc as is_array, typtype, typname   FROM pg_catalog.pg_type   LEFT JOIN (select ns.oid as nspoid, ns.nspname, r.r           from pg_namespace as ns           join ( select s.r, (current_schemas(false))[s.r] as nspname                    from generate_series(1, array_upper(current_schemas(false), 1)) as s(r) ) as r          using ( nspname )        ) as sp     ON sp.nspoid = typnamespace  WHERE typname = $1  ORDER BY sp.r, pg_type.oid DESC
2022-03-27 07:17:27.223 UTC [41] DETAIL:  parameters: $1 = '_aclitem'
2022-03-27 07:17:27.229 UTC [41] LOG:  execute <unnamed>: SHOW search_path
2022-03-27 07:17:27.269 UTC [42] LOG:  execute <unnamed>: SET extra_float_digits = 3
2022-03-27 07:17:27.271 UTC [42] LOG:  execute <unnamed>: SET application_name = 'PostgreSQL JDBC Driver'
2022-03-27 07:17:27.273 UTC [42] LOG:  execute <unnamed>: SET application_name = 'DBeaver 22.0.1 - Metadata <phalcon>'
2022-03-27 07:17:27.276 UTC [42] LOG:  execute <unnamed>: SELECT current_schema(),session_user
2022-03-27 07:17:27.279 UTC [42] LOG:  execute <unnamed>: SHOW search_path
2022-03-27 07:17:27.290 UTC [42] LOG:  execute <unnamed>: SELECT db.oid,db.* FROM pg_catalog.pg_database db WHERE datname=$1
2022-03-27 07:17:27.290 UTC [42] DETAIL:  parameters: $1 = 'phalcon'
2022-03-27 07:17:27.325 UTC [42] LOG:  execute <unnamed>: select * from pg_catalog.pg_settings where name=$1
2022-03-27 07:17:27.325 UTC [42] DETAIL:  parameters: $1 = 'standard_conforming_strings'
2022-03-27 07:17:27.360 UTC [42] LOG:  execute <unnamed>: select string_agg(word, ',') from pg_catalog.pg_get_keywords() where word <> ALL ('{a,abs,absolute,action,ada,add,admin,after,all,allocate,alter,always,and,any,are,array,as,asc,asensitive,assertion,assignment,asymmetric,at,atomic,attribute,attributes,authorization,avg,before,begin,bernoulli,between,bigint,binary,blob,boolean,both,breadth,by,c,call,called,cardinality,cascade,cascaded,case,cast,catalog,catalog_name,ceil,ceiling,chain,char,char_length,character,character_length,character_set_catalog,character_set_name,character_set_schema,characteristics,characters,check,checked,class_origin,clob,close,coalesce,cobol,code_units,collate,collation,collation_catalog,collation_name,collation_schema,collect,column,column_name,command_function,command_function_code,commit,committed,condition,condition_number,connect,connection_name,constraint,constraint_catalog,constraint_name,constraint_schema,constraints,constructors,contains,continue,convert,corr,corresponding,count,covar_pop,covar_samp,create,cross,cube,cume_dist,current,current_collation,current_date,current_default_transform_group,current_path,current_role,current_time,current_timestamp,current_transform_group_for_type,current_user,cursor,cursor_name,cycle,data,date,datetime_interval_code,datetime_interval_precision,day,deallocate,dec,decimal,declare,default,defaults,deferrable,deferred,defined,definer,degree,delete,dense_rank,depth,deref,derived,desc,describe,descriptor,deterministic,diagnostics,disconnect,dispatch,distinct,domain,double,drop,dynamic,dynamic_function,dynamic_function_code,each,element,else,end,end-exec,equals,escape,every,except,exception,exclude,excluding,exec,execute,exists,exp,external,extract,false,fetch,filter,final,first,float,floor,following,for,foreign,fortran,found,free,from,full,function,fusion,g,general,get,global,go,goto,grant,granted,group,grouping,having,hierarchy,hold,hour,identity,immediate,implementation,in,including,increment,indicator,initially,inner,inout,input,insensitive,insert,instance,instantiable,int,integer,intersect,intersection,interval,into,invoker,is,isolation,join,k,key,key_member,key_type,language,large,last,lateral,leading,left,length,level,like,ln,local,localtime,localtimestamp,locator,lower,m,map,match,matched,max,maxvalue,member,merge,message_length,message_octet_length,message_text,method,min,minute,minvalue,mod,modifies,module,month,more,multiset,mumps,name,names,national,natural,nchar,nclob,nesting,new,next,no,none,normalize,normalized,not,"null",nullable,nullif,nulls,number,numeric,object,octet_length,octets,of,old,on,only,open,option,options,or,order,ordering,ordinality,others,out,outer,output,over,overlaps,overlay,overriding,pad,parameter,parameter_mode,parameter_name,parameter_ordinal_position,parameter_specific_catalog,parameter_specific_name,parameter_specific_schema,partial,partition,pascal,path,percent_rank,percentile_cont,percentile_disc,placing,pli,position,power,preceding,precision,prepare,preserve,primary,prior,privileges,procedure,public,range,rank,read,reads,real,recursive,ref,references,referencing,regr_avgx,regr_avgy,regr_count,regr_intercept,regr_r2,regr_slope,regr_sxx,regr_sxy,regr_syy,relative,release,repeatable,restart,result,return,returned_cardinality,returned_length,returned_octet_length,returned_sqlstate,returns,revoke,right,role,rollback,rollup,routine,routine_catalog,routine_name,routine_schema,row,row_count,row_number,rows,savepoint,scale,schema,schema_name,scope_catalog,scope_name,scope_schema,scroll,search,second,section,security,select,self,sensitive,sequence,serializable,server_name,session,session_user,set,sets,similar,simple,size,smallint,some,source,space,specific,specific_name,specifictype,sql,sqlexception,sqlstate,sqlwarning,sqrt,start,state,statement,static,stddev_pop,stddev_samp,structure,style,subclass_origin,submultiset,substring,sum,symmetric,system,system_user,table,table_name,tablesample,temporary,then,ties,time,timestamp,timezone_hour,timezone_minute,to,top_level_count,trailing,transaction,transaction_active,transactions_committed,transactions_rolled_back,transform,transforms,translate,translation,treat,trigger,trigger_catalog,trigger_name,trigger_schema,trim,true,type,uescape,unbounded,uncommitted,under,union,unique,unknown,unnamed,unnest,update,upper,usage,user,user_defined_type_catalog,user_defined_type_code,user_defined_type_name,user_defined_type_schema,using,value,values,var_pop,var_samp,varchar,varying,view,when,whenever,where,width_bucket,window,with,within,without,work,write,year,zone}'::text[])
2022-03-27 07:17:27.378 UTC [42] LOG:  execute <unnamed>: SELECT version()
2022-03-27 07:17:27.399 UTC [42] LOG:  execute <unnamed>: SELECT t.oid,t.*,c.relkind,format_type(nullif(t.typbasetype, 0), t.typtypmod) as base_type_name, d.description
	FROM pg_catalog.pg_type t
	LEFT OUTER JOIN pg_catalog.pg_type et ON et.oid=t.typelem 
	LEFT OUTER JOIN pg_catalog.pg_class c ON c.oid=t.typrelid
	LEFT OUTER JOIN pg_catalog.pg_description d ON t.oid=d.objoid
	WHERE t.typname IS NOT NULL
	AND (c.relkind IS NULL OR c.relkind = 'c') AND (et.typcategory IS NULL OR et.typcategory <> 'C')
2022-03-27 07:17:33.445 UTC [42] LOG:  execute <unnamed>: SELECT a.oid,a.* FROM pg_catalog.pg_roles a 
	ORDER BY a.rolname
2022-03-27 07:22:06.834 UTC [24] WARNING:  could not open statistics file "pg_stat_tmp/global.stat": Operation not permitted
2022-03-27 07:25:32.641 UTC [1] LOG:  received smart shutdown request
2022-03-27 07:25:32.650 UTC [1] LOG:  worker process: logical replication launcher (PID 26) exited with exit code 1
