2022-04-05 07:23:31.809 UTC [20] LOG:  database system was interrupted; last known up at 2022-04-04 09:03:56 UTC
2022-04-05 07:23:39.592 UTC [20] LOG:  database system was not properly shut down; automatic recovery in progress
2022-04-05 07:23:39.628 UTC [20] LOG:  redo starts at 0/166DEB8
2022-04-05 07:23:39.628 UTC [20] LOG:  invalid record length at 0/166DEF0: wanted 24, got 0
2022-04-05 07:23:39.628 UTC [20] LOG:  redo done at 0/166DEB8
2022-04-05 07:23:39.758 UTC [1] LOG:  database system is ready to accept connections
2022-04-05 07:27:56.485 UTC [27] LOG:  execute pdo_stmt_00000001: SELECT CASE WHEN COUNT(*) > 0 THEN 1 ELSE 0 END FROM information_schema.tables WHERE table_schema = 'public' AND table_name='users'
2022-04-05 07:27:56.486 UTC [27] LOG:  statement: DEALLOCATE pdo_stmt_00000001
2022-04-05 07:27:56.587 UTC [27] LOG:  execute pdo_stmt_00000002: SELECT DISTINCT c.column_name AS Field, c.data_type AS Type, c.character_maximum_length AS Size, c.numeric_precision AS NumericSize, c.numeric_scale AS NumericScale, c.is_nullable AS Null, CASE WHEN pkc.column_name NOTNULL THEN 'PRI' ELSE '' END AS Key, CASE WHEN c.data_type LIKE '%int%' AND c.column_default LIKE '%nextval%' THEN 'auto_increment' ELSE '' END AS Extra, c.ordinal_position AS Position, c.column_default FROM information_schema.columns c LEFT JOIN ( SELECT kcu.column_name, kcu.table_name, kcu.table_schema FROM information_schema.table_constraints tc INNER JOIN information_schema.key_column_usage kcu on (kcu.constraint_name = tc.constraint_name and kcu.table_name=tc.table_name and kcu.table_schema=tc.table_schema) WHERE tc.constraint_type='PRIMARY KEY') pkc ON (c.column_name=pkc.column_name AND c.table_schema = pkc.table_schema AND c.table_name=pkc.table_name) WHERE c.table_schema='public' AND c.table_name='users' ORDER BY c.ordinal_position
2022-04-05 07:27:56.607 UTC [27] LOG:  statement: DEALLOCATE pdo_stmt_00000002
2022-04-05 07:27:56.617 UTC [27] LOG:  execute pdo_stmt_00000003: SELECT "users"."id", "users"."firstname", "users"."lastname", "users"."email", "users"."password" FROM "public"."users"
2022-04-05 07:27:56.619 UTC [27] LOG:  statement: DEALLOCATE pdo_stmt_00000003
2022-04-05 07:29:15.512 UTC [29] LOG:  execute pdo_stmt_00000001: SELECT CASE WHEN COUNT(*) > 0 THEN 1 ELSE 0 END FROM information_schema.tables WHERE table_schema = 'public' AND table_name='users'
2022-04-05 07:29:15.513 UTC [29] LOG:  statement: DEALLOCATE pdo_stmt_00000001
2022-04-05 07:29:15.546 UTC [29] LOG:  execute pdo_stmt_00000002: SELECT DISTINCT c.column_name AS Field, c.data_type AS Type, c.character_maximum_length AS Size, c.numeric_precision AS NumericSize, c.numeric_scale AS NumericScale, c.is_nullable AS Null, CASE WHEN pkc.column_name NOTNULL THEN 'PRI' ELSE '' END AS Key, CASE WHEN c.data_type LIKE '%int%' AND c.column_default LIKE '%nextval%' THEN 'auto_increment' ELSE '' END AS Extra, c.ordinal_position AS Position, c.column_default FROM information_schema.columns c LEFT JOIN ( SELECT kcu.column_name, kcu.table_name, kcu.table_schema FROM information_schema.table_constraints tc INNER JOIN information_schema.key_column_usage kcu on (kcu.constraint_name = tc.constraint_name and kcu.table_name=tc.table_name and kcu.table_schema=tc.table_schema) WHERE tc.constraint_type='PRIMARY KEY') pkc ON (c.column_name=pkc.column_name AND c.table_schema = pkc.table_schema AND c.table_name=pkc.table_name) WHERE c.table_schema='public' AND c.table_name='users' ORDER BY c.ordinal_position
2022-04-05 07:29:15.550 UTC [29] LOG:  statement: DEALLOCATE pdo_stmt_00000002
2022-04-05 07:29:15.555 UTC [29] LOG:  execute pdo_stmt_00000003: SELECT "users"."id", "users"."firstname", "users"."lastname", "users"."email", "users"."password" FROM "public"."users"
2022-04-05 07:29:15.573 UTC [29] LOG:  statement: DEALLOCATE pdo_stmt_00000003
2022-04-05 07:29:35.194 UTC [30] LOG:  execute pdo_stmt_00000001: SELECT CASE WHEN COUNT(*) > 0 THEN 1 ELSE 0 END FROM information_schema.tables WHERE table_schema = 'public' AND table_name='users'
2022-04-05 07:29:35.195 UTC [30] LOG:  statement: DEALLOCATE pdo_stmt_00000001
2022-04-05 07:29:35.208 UTC [30] LOG:  execute pdo_stmt_00000002: SELECT DISTINCT c.column_name AS Field, c.data_type AS Type, c.character_maximum_length AS Size, c.numeric_precision AS NumericSize, c.numeric_scale AS NumericScale, c.is_nullable AS Null, CASE WHEN pkc.column_name NOTNULL THEN 'PRI' ELSE '' END AS Key, CASE WHEN c.data_type LIKE '%int%' AND c.column_default LIKE '%nextval%' THEN 'auto_increment' ELSE '' END AS Extra, c.ordinal_position AS Position, c.column_default FROM information_schema.columns c LEFT JOIN ( SELECT kcu.column_name, kcu.table_name, kcu.table_schema FROM information_schema.table_constraints tc INNER JOIN information_schema.key_column_usage kcu on (kcu.constraint_name = tc.constraint_name and kcu.table_name=tc.table_name and kcu.table_schema=tc.table_schema) WHERE tc.constraint_type='PRIMARY KEY') pkc ON (c.column_name=pkc.column_name AND c.table_schema = pkc.table_schema AND c.table_name=pkc.table_name) WHERE c.table_schema='public' AND c.table_name='users' ORDER BY c.ordinal_position
2022-04-05 07:29:35.210 UTC [30] LOG:  statement: DEALLOCATE pdo_stmt_00000002
2022-04-05 07:29:35.218 UTC [30] LOG:  execute pdo_stmt_00000003: SELECT "users"."id", "users"."firstname", "users"."lastname", "users"."email", "users"."password" FROM "public"."users"
2022-04-05 07:29:35.236 UTC [30] LOG:  statement: DEALLOCATE pdo_stmt_00000003
2022-04-05 07:36:40.608 UTC [38] WARNING:  could not open statistics file "pg_stat_tmp/global.stat": Operation not permitted
2022-04-05 07:37:58.573 UTC [40] LOG:  execute pdo_stmt_00000001: SELECT CASE WHEN COUNT(*) > 0 THEN 1 ELSE 0 END FROM information_schema.tables WHERE table_schema = 'public' AND table_name='users'
2022-04-05 07:37:58.574 UTC [40] LOG:  statement: DEALLOCATE pdo_stmt_00000001
2022-04-05 07:37:58.614 UTC [40] LOG:  execute pdo_stmt_00000002: SELECT DISTINCT c.column_name AS Field, c.data_type AS Type, c.character_maximum_length AS Size, c.numeric_precision AS NumericSize, c.numeric_scale AS NumericScale, c.is_nullable AS Null, CASE WHEN pkc.column_name NOTNULL THEN 'PRI' ELSE '' END AS Key, CASE WHEN c.data_type LIKE '%int%' AND c.column_default LIKE '%nextval%' THEN 'auto_increment' ELSE '' END AS Extra, c.ordinal_position AS Position, c.column_default FROM information_schema.columns c LEFT JOIN ( SELECT kcu.column_name, kcu.table_name, kcu.table_schema FROM information_schema.table_constraints tc INNER JOIN information_schema.key_column_usage kcu on (kcu.constraint_name = tc.constraint_name and kcu.table_name=tc.table_name and kcu.table_schema=tc.table_schema) WHERE tc.constraint_type='PRIMARY KEY') pkc ON (c.column_name=pkc.column_name AND c.table_schema = pkc.table_schema AND c.table_name=pkc.table_name) WHERE c.table_schema='public' AND c.table_name='users' ORDER BY c.ordinal_position
2022-04-05 07:37:58.617 UTC [40] LOG:  statement: DEALLOCATE pdo_stmt_00000002
2022-04-05 07:37:58.622 UTC [40] LOG:  execute pdo_stmt_00000003: SELECT "users"."id", "users"."firstname", "users"."lastname", "users"."email", "users"."password" FROM "public"."users"
2022-04-05 07:37:58.641 UTC [40] LOG:  statement: DEALLOCATE pdo_stmt_00000003
2022-04-05 07:38:27.048 UTC [41] LOG:  execute pdo_stmt_00000001: SELECT CASE WHEN COUNT(*) > 0 THEN 1 ELSE 0 END FROM information_schema.tables WHERE table_schema = 'public' AND table_name='users'
2022-04-05 07:38:27.049 UTC [41] LOG:  statement: DEALLOCATE pdo_stmt_00000001
2022-04-05 07:38:27.087 UTC [41] LOG:  execute pdo_stmt_00000002: SELECT DISTINCT c.column_name AS Field, c.data_type AS Type, c.character_maximum_length AS Size, c.numeric_precision AS NumericSize, c.numeric_scale AS NumericScale, c.is_nullable AS Null, CASE WHEN pkc.column_name NOTNULL THEN 'PRI' ELSE '' END AS Key, CASE WHEN c.data_type LIKE '%int%' AND c.column_default LIKE '%nextval%' THEN 'auto_increment' ELSE '' END AS Extra, c.ordinal_position AS Position, c.column_default FROM information_schema.columns c LEFT JOIN ( SELECT kcu.column_name, kcu.table_name, kcu.table_schema FROM information_schema.table_constraints tc INNER JOIN information_schema.key_column_usage kcu on (kcu.constraint_name = tc.constraint_name and kcu.table_name=tc.table_name and kcu.table_schema=tc.table_schema) WHERE tc.constraint_type='PRIMARY KEY') pkc ON (c.column_name=pkc.column_name AND c.table_schema = pkc.table_schema AND c.table_name=pkc.table_name) WHERE c.table_schema='public' AND c.table_name='users' ORDER BY c.ordinal_position
2022-04-05 07:38:27.093 UTC [41] LOG:  statement: DEALLOCATE pdo_stmt_00000002
2022-04-05 07:38:27.099 UTC [41] LOG:  execute pdo_stmt_00000003: SELECT "users"."id", "users"."firstname", "users"."lastname", "users"."email", "users"."password" FROM "public"."users"
2022-04-05 07:38:27.117 UTC [41] LOG:  statement: DEALLOCATE pdo_stmt_00000003
2022-04-05 07:38:28.037 UTC [42] LOG:  execute pdo_stmt_00000001: SELECT CASE WHEN COUNT(*) > 0 THEN 1 ELSE 0 END FROM information_schema.tables WHERE table_schema = 'public' AND table_name='users'
2022-04-05 07:38:28.037 UTC [42] LOG:  statement: DEALLOCATE pdo_stmt_00000001
2022-04-05 07:38:28.081 UTC [42] LOG:  execute pdo_stmt_00000002: SELECT DISTINCT c.column_name AS Field, c.data_type AS Type, c.character_maximum_length AS Size, c.numeric_precision AS NumericSize, c.numeric_scale AS NumericScale, c.is_nullable AS Null, CASE WHEN pkc.column_name NOTNULL THEN 'PRI' ELSE '' END AS Key, CASE WHEN c.data_type LIKE '%int%' AND c.column_default LIKE '%nextval%' THEN 'auto_increment' ELSE '' END AS Extra, c.ordinal_position AS Position, c.column_default FROM information_schema.columns c LEFT JOIN ( SELECT kcu.column_name, kcu.table_name, kcu.table_schema FROM information_schema.table_constraints tc INNER JOIN information_schema.key_column_usage kcu on (kcu.constraint_name = tc.constraint_name and kcu.table_name=tc.table_name and kcu.table_schema=tc.table_schema) WHERE tc.constraint_type='PRIMARY KEY') pkc ON (c.column_name=pkc.column_name AND c.table_schema = pkc.table_schema AND c.table_name=pkc.table_name) WHERE c.table_schema='public' AND c.table_name='users' ORDER BY c.ordinal_position
2022-04-05 07:38:28.085 UTC [42] LOG:  statement: DEALLOCATE pdo_stmt_00000002
2022-04-05 07:38:28.090 UTC [42] LOG:  execute pdo_stmt_00000003: SELECT "users"."id", "users"."firstname", "users"."lastname", "users"."email", "users"."password" FROM "public"."users"
2022-04-05 07:38:28.101 UTC [42] LOG:  statement: DEALLOCATE pdo_stmt_00000003
2022-04-05 07:39:13.486 UTC [44] LOG:  execute pdo_stmt_00000001: SELECT CASE WHEN COUNT(*) > 0 THEN 1 ELSE 0 END FROM information_schema.tables WHERE table_schema = 'public' AND table_name='users'
2022-04-05 07:39:13.486 UTC [44] LOG:  statement: DEALLOCATE pdo_stmt_00000001
2022-04-05 07:39:13.523 UTC [44] LOG:  execute pdo_stmt_00000002: SELECT DISTINCT c.column_name AS Field, c.data_type AS Type, c.character_maximum_length AS Size, c.numeric_precision AS NumericSize, c.numeric_scale AS NumericScale, c.is_nullable AS Null, CASE WHEN pkc.column_name NOTNULL THEN 'PRI' ELSE '' END AS Key, CASE WHEN c.data_type LIKE '%int%' AND c.column_default LIKE '%nextval%' THEN 'auto_increment' ELSE '' END AS Extra, c.ordinal_position AS Position, c.column_default FROM information_schema.columns c LEFT JOIN ( SELECT kcu.column_name, kcu.table_name, kcu.table_schema FROM information_schema.table_constraints tc INNER JOIN information_schema.key_column_usage kcu on (kcu.constraint_name = tc.constraint_name and kcu.table_name=tc.table_name and kcu.table_schema=tc.table_schema) WHERE tc.constraint_type='PRIMARY KEY') pkc ON (c.column_name=pkc.column_name AND c.table_schema = pkc.table_schema AND c.table_name=pkc.table_name) WHERE c.table_schema='public' AND c.table_name='users' ORDER BY c.ordinal_position
2022-04-05 07:39:13.526 UTC [44] LOG:  statement: DEALLOCATE pdo_stmt_00000002
2022-04-05 07:39:13.531 UTC [44] LOG:  execute pdo_stmt_00000003: SELECT "users"."id", "users"."firstname", "users"."lastname", "users"."email", "users"."password" FROM "public"."users"
2022-04-05 07:39:13.548 UTC [44] LOG:  statement: DEALLOCATE pdo_stmt_00000003
2022-04-05 07:39:31.719 UTC [45] LOG:  execute pdo_stmt_00000001: SELECT CASE WHEN COUNT(*) > 0 THEN 1 ELSE 0 END FROM information_schema.tables WHERE table_schema = 'public' AND table_name='users'
2022-04-05 07:39:31.720 UTC [45] LOG:  statement: DEALLOCATE pdo_stmt_00000001
2022-04-05 07:39:31.762 UTC [45] LOG:  execute pdo_stmt_00000002: SELECT DISTINCT c.column_name AS Field, c.data_type AS Type, c.character_maximum_length AS Size, c.numeric_precision AS NumericSize, c.numeric_scale AS NumericScale, c.is_nullable AS Null, CASE WHEN pkc.column_name NOTNULL THEN 'PRI' ELSE '' END AS Key, CASE WHEN c.data_type LIKE '%int%' AND c.column_default LIKE '%nextval%' THEN 'auto_increment' ELSE '' END AS Extra, c.ordinal_position AS Position, c.column_default FROM information_schema.columns c LEFT JOIN ( SELECT kcu.column_name, kcu.table_name, kcu.table_schema FROM information_schema.table_constraints tc INNER JOIN information_schema.key_column_usage kcu on (kcu.constraint_name = tc.constraint_name and kcu.table_name=tc.table_name and kcu.table_schema=tc.table_schema) WHERE tc.constraint_type='PRIMARY KEY') pkc ON (c.column_name=pkc.column_name AND c.table_schema = pkc.table_schema AND c.table_name=pkc.table_name) WHERE c.table_schema='public' AND c.table_name='users' ORDER BY c.ordinal_position
2022-04-05 07:39:31.764 UTC [45] LOG:  statement: DEALLOCATE pdo_stmt_00000002
2022-04-05 07:39:31.778 UTC [45] LOG:  execute pdo_stmt_00000003: SELECT "users"."id", "users"."firstname", "users"."lastname", "users"."email", "users"."password" FROM "public"."users"
2022-04-05 07:39:31.813 UTC [45] LOG:  statement: DEALLOCATE pdo_stmt_00000003
2022-04-05 07:39:46.462 UTC [47] LOG:  execute pdo_stmt_00000001: SELECT CASE WHEN COUNT(*) > 0 THEN 1 ELSE 0 END FROM information_schema.tables WHERE table_schema = 'public' AND table_name='users'
2022-04-05 07:39:46.463 UTC [47] LOG:  statement: DEALLOCATE pdo_stmt_00000001
2022-04-05 07:39:46.505 UTC [47] LOG:  execute pdo_stmt_00000002: SELECT DISTINCT c.column_name AS Field, c.data_type AS Type, c.character_maximum_length AS Size, c.numeric_precision AS NumericSize, c.numeric_scale AS NumericScale, c.is_nullable AS Null, CASE WHEN pkc.column_name NOTNULL THEN 'PRI' ELSE '' END AS Key, CASE WHEN c.data_type LIKE '%int%' AND c.column_default LIKE '%nextval%' THEN 'auto_increment' ELSE '' END AS Extra, c.ordinal_position AS Position, c.column_default FROM information_schema.columns c LEFT JOIN ( SELECT kcu.column_name, kcu.table_name, kcu.table_schema FROM information_schema.table_constraints tc INNER JOIN information_schema.key_column_usage kcu on (kcu.constraint_name = tc.constraint_name and kcu.table_name=tc.table_name and kcu.table_schema=tc.table_schema) WHERE tc.constraint_type='PRIMARY KEY') pkc ON (c.column_name=pkc.column_name AND c.table_schema = pkc.table_schema AND c.table_name=pkc.table_name) WHERE c.table_schema='public' AND c.table_name='users' ORDER BY c.ordinal_position
2022-04-05 07:39:46.508 UTC [47] LOG:  statement: DEALLOCATE pdo_stmt_00000002
2022-04-05 07:39:46.515 UTC [47] LOG:  execute pdo_stmt_00000003: SELECT "users"."id", "users"."firstname", "users"."lastname", "users"."email", "users"."password" FROM "public"."users"
2022-04-05 07:39:46.536 UTC [47] LOG:  statement: DEALLOCATE pdo_stmt_00000003
2022-04-05 07:39:46.652 UTC [48] LOG:  execute pdo_stmt_00000001: SELECT CASE WHEN COUNT(*) > 0 THEN 1 ELSE 0 END FROM information_schema.tables WHERE table_schema = 'public' AND table_name='users'
2022-04-05 07:39:46.653 UTC [48] LOG:  statement: DEALLOCATE pdo_stmt_00000001
2022-04-05 07:39:46.708 UTC [48] LOG:  execute pdo_stmt_00000002: SELECT DISTINCT c.column_name AS Field, c.data_type AS Type, c.character_maximum_length AS Size, c.numeric_precision AS NumericSize, c.numeric_scale AS NumericScale, c.is_nullable AS Null, CASE WHEN pkc.column_name NOTNULL THEN 'PRI' ELSE '' END AS Key, CASE WHEN c.data_type LIKE '%int%' AND c.column_default LIKE '%nextval%' THEN 'auto_increment' ELSE '' END AS Extra, c.ordinal_position AS Position, c.column_default FROM information_schema.columns c LEFT JOIN ( SELECT kcu.column_name, kcu.table_name, kcu.table_schema FROM information_schema.table_constraints tc INNER JOIN information_schema.key_column_usage kcu on (kcu.constraint_name = tc.constraint_name and kcu.table_name=tc.table_name and kcu.table_schema=tc.table_schema) WHERE tc.constraint_type='PRIMARY KEY') pkc ON (c.column_name=pkc.column_name AND c.table_schema = pkc.table_schema AND c.table_name=pkc.table_name) WHERE c.table_schema='public' AND c.table_name='users' ORDER BY c.ordinal_position
2022-04-05 07:39:46.717 UTC [48] LOG:  statement: DEALLOCATE pdo_stmt_00000002
2022-04-05 07:39:46.724 UTC [48] LOG:  execute pdo_stmt_00000003: SELECT "users"."id", "users"."firstname", "users"."lastname", "users"."email", "users"."password" FROM "public"."users"
2022-04-05 07:39:46.748 UTC [48] LOG:  statement: DEALLOCATE pdo_stmt_00000003
2022-04-05 07:40:49.392 UTC [50] LOG:  execute pdo_stmt_00000001: SELECT CASE WHEN COUNT(*) > 0 THEN 1 ELSE 0 END FROM information_schema.tables WHERE table_schema = 'public' AND table_name='users'
2022-04-05 07:40:49.392 UTC [50] LOG:  statement: DEALLOCATE pdo_stmt_00000001
2022-04-05 07:40:49.427 UTC [50] LOG:  execute pdo_stmt_00000002: SELECT DISTINCT c.column_name AS Field, c.data_type AS Type, c.character_maximum_length AS Size, c.numeric_precision AS NumericSize, c.numeric_scale AS NumericScale, c.is_nullable AS Null, CASE WHEN pkc.column_name NOTNULL THEN 'PRI' ELSE '' END AS Key, CASE WHEN c.data_type LIKE '%int%' AND c.column_default LIKE '%nextval%' THEN 'auto_increment' ELSE '' END AS Extra, c.ordinal_position AS Position, c.column_default FROM information_schema.columns c LEFT JOIN ( SELECT kcu.column_name, kcu.table_name, kcu.table_schema FROM information_schema.table_constraints tc INNER JOIN information_schema.key_column_usage kcu on (kcu.constraint_name = tc.constraint_name and kcu.table_name=tc.table_name and kcu.table_schema=tc.table_schema) WHERE tc.constraint_type='PRIMARY KEY') pkc ON (c.column_name=pkc.column_name AND c.table_schema = pkc.table_schema AND c.table_name=pkc.table_name) WHERE c.table_schema='public' AND c.table_name='users' ORDER BY c.ordinal_position
2022-04-05 07:40:49.429 UTC [50] LOG:  statement: DEALLOCATE pdo_stmt_00000002
2022-04-05 07:40:49.433 UTC [50] LOG:  execute pdo_stmt_00000003: SELECT "users"."id", "users"."firstname", "users"."lastname", "users"."email", "users"."password" FROM "public"."users"
2022-04-05 07:40:49.455 UTC [50] LOG:  statement: DEALLOCATE pdo_stmt_00000003
2022-04-05 07:42:51.408 UTC [53] LOG:  execute pdo_stmt_00000001: SELECT CASE WHEN COUNT(*) > 0 THEN 1 ELSE 0 END FROM information_schema.tables WHERE table_schema = 'public' AND table_name='users'
2022-04-05 07:42:51.409 UTC [53] LOG:  statement: DEALLOCATE pdo_stmt_00000001
2022-04-05 07:42:51.454 UTC [53] LOG:  execute pdo_stmt_00000002: SELECT DISTINCT c.column_name AS Field, c.data_type AS Type, c.character_maximum_length AS Size, c.numeric_precision AS NumericSize, c.numeric_scale AS NumericScale, c.is_nullable AS Null, CASE WHEN pkc.column_name NOTNULL THEN 'PRI' ELSE '' END AS Key, CASE WHEN c.data_type LIKE '%int%' AND c.column_default LIKE '%nextval%' THEN 'auto_increment' ELSE '' END AS Extra, c.ordinal_position AS Position, c.column_default FROM information_schema.columns c LEFT JOIN ( SELECT kcu.column_name, kcu.table_name, kcu.table_schema FROM information_schema.table_constraints tc INNER JOIN information_schema.key_column_usage kcu on (kcu.constraint_name = tc.constraint_name and kcu.table_name=tc.table_name and kcu.table_schema=tc.table_schema) WHERE tc.constraint_type='PRIMARY KEY') pkc ON (c.column_name=pkc.column_name AND c.table_schema = pkc.table_schema AND c.table_name=pkc.table_name) WHERE c.table_schema='public' AND c.table_name='users' ORDER BY c.ordinal_position
2022-04-05 07:42:51.457 UTC [53] LOG:  statement: DEALLOCATE pdo_stmt_00000002
2022-04-05 07:42:51.464 UTC [53] LOG:  execute pdo_stmt_00000003: SELECT "users"."id", "users"."firstname", "users"."lastname", "users"."email", "users"."password" FROM "public"."users"
2022-04-05 07:42:51.483 UTC [53] LOG:  statement: DEALLOCATE pdo_stmt_00000003
2022-04-05 07:42:52.504 UTC [54] LOG:  execute pdo_stmt_00000001: SELECT CASE WHEN COUNT(*) > 0 THEN 1 ELSE 0 END FROM information_schema.tables WHERE table_schema = 'public' AND table_name='users'
2022-04-05 07:42:52.504 UTC [54] LOG:  statement: DEALLOCATE pdo_stmt_00000001
2022-04-05 07:42:52.543 UTC [54] LOG:  execute pdo_stmt_00000002: SELECT DISTINCT c.column_name AS Field, c.data_type AS Type, c.character_maximum_length AS Size, c.numeric_precision AS NumericSize, c.numeric_scale AS NumericScale, c.is_nullable AS Null, CASE WHEN pkc.column_name NOTNULL THEN 'PRI' ELSE '' END AS Key, CASE WHEN c.data_type LIKE '%int%' AND c.column_default LIKE '%nextval%' THEN 'auto_increment' ELSE '' END AS Extra, c.ordinal_position AS Position, c.column_default FROM information_schema.columns c LEFT JOIN ( SELECT kcu.column_name, kcu.table_name, kcu.table_schema FROM information_schema.table_constraints tc INNER JOIN information_schema.key_column_usage kcu on (kcu.constraint_name = tc.constraint_name and kcu.table_name=tc.table_name and kcu.table_schema=tc.table_schema) WHERE tc.constraint_type='PRIMARY KEY') pkc ON (c.column_name=pkc.column_name AND c.table_schema = pkc.table_schema AND c.table_name=pkc.table_name) WHERE c.table_schema='public' AND c.table_name='users' ORDER BY c.ordinal_position
2022-04-05 07:42:52.546 UTC [54] LOG:  statement: DEALLOCATE pdo_stmt_00000002
2022-04-05 07:42:52.553 UTC [54] LOG:  execute pdo_stmt_00000003: SELECT "users"."id", "users"."firstname", "users"."lastname", "users"."email", "users"."password" FROM "public"."users"
2022-04-05 07:42:52.561 UTC [54] LOG:  statement: DEALLOCATE pdo_stmt_00000003
2022-04-05 07:42:55.717 UTC [55] LOG:  execute pdo_stmt_00000001: SELECT CASE WHEN COUNT(*) > 0 THEN 1 ELSE 0 END FROM information_schema.tables WHERE table_schema = 'public' AND table_name='users'
2022-04-05 07:42:55.717 UTC [55] LOG:  statement: DEALLOCATE pdo_stmt_00000001
2022-04-05 07:42:55.751 UTC [55] LOG:  execute pdo_stmt_00000002: SELECT DISTINCT c.column_name AS Field, c.data_type AS Type, c.character_maximum_length AS Size, c.numeric_precision AS NumericSize, c.numeric_scale AS NumericScale, c.is_nullable AS Null, CASE WHEN pkc.column_name NOTNULL THEN 'PRI' ELSE '' END AS Key, CASE WHEN c.data_type LIKE '%int%' AND c.column_default LIKE '%nextval%' THEN 'auto_increment' ELSE '' END AS Extra, c.ordinal_position AS Position, c.column_default FROM information_schema.columns c LEFT JOIN ( SELECT kcu.column_name, kcu.table_name, kcu.table_schema FROM information_schema.table_constraints tc INNER JOIN information_schema.key_column_usage kcu on (kcu.constraint_name = tc.constraint_name and kcu.table_name=tc.table_name and kcu.table_schema=tc.table_schema) WHERE tc.constraint_type='PRIMARY KEY') pkc ON (c.column_name=pkc.column_name AND c.table_schema = pkc.table_schema AND c.table_name=pkc.table_name) WHERE c.table_schema='public' AND c.table_name='users' ORDER BY c.ordinal_position
2022-04-05 07:42:55.754 UTC [55] LOG:  statement: DEALLOCATE pdo_stmt_00000002
2022-04-05 07:42:55.761 UTC [55] LOG:  execute pdo_stmt_00000003: SELECT "users"."id", "users"."firstname", "users"."lastname", "users"."email", "users"."password" FROM "public"."users"
2022-04-05 07:42:55.768 UTC [55] LOG:  statement: DEALLOCATE pdo_stmt_00000003
2022-04-05 07:43:27.365 UTC [56] LOG:  execute pdo_stmt_00000001: SELECT CASE WHEN COUNT(*) > 0 THEN 1 ELSE 0 END FROM information_schema.tables WHERE table_schema = 'public' AND table_name='users'
2022-04-05 07:43:27.366 UTC [56] LOG:  statement: DEALLOCATE pdo_stmt_00000001
2022-04-05 07:43:27.402 UTC [56] LOG:  execute pdo_stmt_00000002: SELECT DISTINCT c.column_name AS Field, c.data_type AS Type, c.character_maximum_length AS Size, c.numeric_precision AS NumericSize, c.numeric_scale AS NumericScale, c.is_nullable AS Null, CASE WHEN pkc.column_name NOTNULL THEN 'PRI' ELSE '' END AS Key, CASE WHEN c.data_type LIKE '%int%' AND c.column_default LIKE '%nextval%' THEN 'auto_increment' ELSE '' END AS Extra, c.ordinal_position AS Position, c.column_default FROM information_schema.columns c LEFT JOIN ( SELECT kcu.column_name, kcu.table_name, kcu.table_schema FROM information_schema.table_constraints tc INNER JOIN information_schema.key_column_usage kcu on (kcu.constraint_name = tc.constraint_name and kcu.table_name=tc.table_name and kcu.table_schema=tc.table_schema) WHERE tc.constraint_type='PRIMARY KEY') pkc ON (c.column_name=pkc.column_name AND c.table_schema = pkc.table_schema AND c.table_name=pkc.table_name) WHERE c.table_schema='public' AND c.table_name='users' ORDER BY c.ordinal_position
2022-04-05 07:43:27.405 UTC [56] LOG:  statement: DEALLOCATE pdo_stmt_00000002
2022-04-05 07:43:27.414 UTC [56] LOG:  execute pdo_stmt_00000003: SELECT "users"."id", "users"."firstname", "users"."lastname", "users"."email", "users"."password" FROM "public"."users"
2022-04-05 07:43:27.433 UTC [56] LOG:  statement: DEALLOCATE pdo_stmt_00000003
2022-04-05 07:44:04.192 UTC [58] LOG:  execute pdo_stmt_00000001: SELECT CASE WHEN COUNT(*) > 0 THEN 1 ELSE 0 END FROM information_schema.tables WHERE table_schema = 'public' AND table_name='users'
2022-04-05 07:44:04.192 UTC [58] LOG:  statement: DEALLOCATE pdo_stmt_00000001
2022-04-05 07:44:04.233 UTC [58] LOG:  execute pdo_stmt_00000002: SELECT DISTINCT c.column_name AS Field, c.data_type AS Type, c.character_maximum_length AS Size, c.numeric_precision AS NumericSize, c.numeric_scale AS NumericScale, c.is_nullable AS Null, CASE WHEN pkc.column_name NOTNULL THEN 'PRI' ELSE '' END AS Key, CASE WHEN c.data_type LIKE '%int%' AND c.column_default LIKE '%nextval%' THEN 'auto_increment' ELSE '' END AS Extra, c.ordinal_position AS Position, c.column_default FROM information_schema.columns c LEFT JOIN ( SELECT kcu.column_name, kcu.table_name, kcu.table_schema FROM information_schema.table_constraints tc INNER JOIN information_schema.key_column_usage kcu on (kcu.constraint_name = tc.constraint_name and kcu.table_name=tc.table_name and kcu.table_schema=tc.table_schema) WHERE tc.constraint_type='PRIMARY KEY') pkc ON (c.column_name=pkc.column_name AND c.table_schema = pkc.table_schema AND c.table_name=pkc.table_name) WHERE c.table_schema='public' AND c.table_name='users' ORDER BY c.ordinal_position
2022-04-05 07:44:04.235 UTC [58] LOG:  statement: DEALLOCATE pdo_stmt_00000002
2022-04-05 07:44:04.241 UTC [58] LOG:  execute pdo_stmt_00000003: SELECT "users"."id", "users"."firstname", "users"."lastname", "users"."email", "users"."password" FROM "public"."users"
2022-04-05 07:44:04.261 UTC [58] LOG:  statement: DEALLOCATE pdo_stmt_00000003
2022-04-05 07:44:05.936 UTC [59] LOG:  execute pdo_stmt_00000001: SELECT CASE WHEN COUNT(*) > 0 THEN 1 ELSE 0 END FROM information_schema.tables WHERE table_schema = 'public' AND table_name='users'
2022-04-05 07:44:05.937 UTC [59] LOG:  statement: DEALLOCATE pdo_stmt_00000001
2022-04-05 07:44:05.977 UTC [59] LOG:  execute pdo_stmt_00000002: SELECT DISTINCT c.column_name AS Field, c.data_type AS Type, c.character_maximum_length AS Size, c.numeric_precision AS NumericSize, c.numeric_scale AS NumericScale, c.is_nullable AS Null, CASE WHEN pkc.column_name NOTNULL THEN 'PRI' ELSE '' END AS Key, CASE WHEN c.data_type LIKE '%int%' AND c.column_default LIKE '%nextval%' THEN 'auto_increment' ELSE '' END AS Extra, c.ordinal_position AS Position, c.column_default FROM information_schema.columns c LEFT JOIN ( SELECT kcu.column_name, kcu.table_name, kcu.table_schema FROM information_schema.table_constraints tc INNER JOIN information_schema.key_column_usage kcu on (kcu.constraint_name = tc.constraint_name and kcu.table_name=tc.table_name and kcu.table_schema=tc.table_schema) WHERE tc.constraint_type='PRIMARY KEY') pkc ON (c.column_name=pkc.column_name AND c.table_schema = pkc.table_schema AND c.table_name=pkc.table_name) WHERE c.table_schema='public' AND c.table_name='users' ORDER BY c.ordinal_position
2022-04-05 07:44:05.980 UTC [59] LOG:  statement: DEALLOCATE pdo_stmt_00000002
2022-04-05 07:44:05.986 UTC [59] LOG:  execute pdo_stmt_00000003: SELECT "users"."id", "users"."firstname", "users"."lastname", "users"."email", "users"."password" FROM "public"."users"
2022-04-05 07:44:05.996 UTC [59] LOG:  statement: DEALLOCATE pdo_stmt_00000003
2022-04-05 07:48:41.108 UTC [64] LOG:  execute pdo_stmt_00000001: SELECT CASE WHEN COUNT(*) > 0 THEN 1 ELSE 0 END FROM information_schema.tables WHERE table_schema = 'public' AND table_name='users'
2022-04-05 07:48:41.109 UTC [64] LOG:  statement: DEALLOCATE pdo_stmt_00000001
2022-04-05 07:48:41.154 UTC [64] LOG:  execute pdo_stmt_00000002: SELECT DISTINCT c.column_name AS Field, c.data_type AS Type, c.character_maximum_length AS Size, c.numeric_precision AS NumericSize, c.numeric_scale AS NumericScale, c.is_nullable AS Null, CASE WHEN pkc.column_name NOTNULL THEN 'PRI' ELSE '' END AS Key, CASE WHEN c.data_type LIKE '%int%' AND c.column_default LIKE '%nextval%' THEN 'auto_increment' ELSE '' END AS Extra, c.ordinal_position AS Position, c.column_default FROM information_schema.columns c LEFT JOIN ( SELECT kcu.column_name, kcu.table_name, kcu.table_schema FROM information_schema.table_constraints tc INNER JOIN information_schema.key_column_usage kcu on (kcu.constraint_name = tc.constraint_name and kcu.table_name=tc.table_name and kcu.table_schema=tc.table_schema) WHERE tc.constraint_type='PRIMARY KEY') pkc ON (c.column_name=pkc.column_name AND c.table_schema = pkc.table_schema AND c.table_name=pkc.table_name) WHERE c.table_schema='public' AND c.table_name='users' ORDER BY c.ordinal_position
2022-04-05 07:48:41.156 UTC [64] LOG:  statement: DEALLOCATE pdo_stmt_00000002
2022-04-05 07:48:41.169 UTC [64] LOG:  execute pdo_stmt_00000003: SELECT "users"."id", "users"."firstname", "users"."lastname", "users"."email", "users"."password" FROM "public"."users"
2022-04-05 07:48:41.178 UTC [64] LOG:  statement: DEALLOCATE pdo_stmt_00000003
2022-04-05 07:48:41.918 UTC [66] LOG:  execute pdo_stmt_00000001: SELECT CASE WHEN COUNT(*) > 0 THEN 1 ELSE 0 END FROM information_schema.tables WHERE table_schema = 'public' AND table_name='users'
2022-04-05 07:48:41.920 UTC [66] LOG:  statement: DEALLOCATE pdo_stmt_00000001
2022-04-05 07:48:41.959 UTC [66] LOG:  execute pdo_stmt_00000002: SELECT DISTINCT c.column_name AS Field, c.data_type AS Type, c.character_maximum_length AS Size, c.numeric_precision AS NumericSize, c.numeric_scale AS NumericScale, c.is_nullable AS Null, CASE WHEN pkc.column_name NOTNULL THEN 'PRI' ELSE '' END AS Key, CASE WHEN c.data_type LIKE '%int%' AND c.column_default LIKE '%nextval%' THEN 'auto_increment' ELSE '' END AS Extra, c.ordinal_position AS Position, c.column_default FROM information_schema.columns c LEFT JOIN ( SELECT kcu.column_name, kcu.table_name, kcu.table_schema FROM information_schema.table_constraints tc INNER JOIN information_schema.key_column_usage kcu on (kcu.constraint_name = tc.constraint_name and kcu.table_name=tc.table_name and kcu.table_schema=tc.table_schema) WHERE tc.constraint_type='PRIMARY KEY') pkc ON (c.column_name=pkc.column_name AND c.table_schema = pkc.table_schema AND c.table_name=pkc.table_name) WHERE c.table_schema='public' AND c.table_name='users' ORDER BY c.ordinal_position
2022-04-05 07:48:41.962 UTC [66] LOG:  statement: DEALLOCATE pdo_stmt_00000002
2022-04-05 07:48:41.970 UTC [66] LOG:  execute pdo_stmt_00000003: SELECT "users"."id", "users"."firstname", "users"."lastname", "users"."email", "users"."password" FROM "public"."users"
2022-04-05 07:48:41.977 UTC [66] LOG:  statement: DEALLOCATE pdo_stmt_00000003
2022-04-05 07:51:29.200 UTC [69] LOG:  execute pdo_stmt_00000001: SELECT CASE WHEN COUNT(*) > 0 THEN 1 ELSE 0 END FROM information_schema.tables WHERE table_schema = 'public' AND table_name='users'
2022-04-05 07:51:29.200 UTC [69] LOG:  statement: DEALLOCATE pdo_stmt_00000001
2022-04-05 07:51:29.241 UTC [69] LOG:  execute pdo_stmt_00000002: SELECT DISTINCT c.column_name AS Field, c.data_type AS Type, c.character_maximum_length AS Size, c.numeric_precision AS NumericSize, c.numeric_scale AS NumericScale, c.is_nullable AS Null, CASE WHEN pkc.column_name NOTNULL THEN 'PRI' ELSE '' END AS Key, CASE WHEN c.data_type LIKE '%int%' AND c.column_default LIKE '%nextval%' THEN 'auto_increment' ELSE '' END AS Extra, c.ordinal_position AS Position, c.column_default FROM information_schema.columns c LEFT JOIN ( SELECT kcu.column_name, kcu.table_name, kcu.table_schema FROM information_schema.table_constraints tc INNER JOIN information_schema.key_column_usage kcu on (kcu.constraint_name = tc.constraint_name and kcu.table_name=tc.table_name and kcu.table_schema=tc.table_schema) WHERE tc.constraint_type='PRIMARY KEY') pkc ON (c.column_name=pkc.column_name AND c.table_schema = pkc.table_schema AND c.table_name=pkc.table_name) WHERE c.table_schema='public' AND c.table_name='users' ORDER BY c.ordinal_position
2022-04-05 07:51:29.244 UTC [69] LOG:  statement: DEALLOCATE pdo_stmt_00000002
2022-04-05 07:51:29.251 UTC [69] LOG:  execute pdo_stmt_00000003: SELECT "users"."id", "users"."firstname", "users"."lastname", "users"."email", "users"."password" FROM "public"."users"
2022-04-05 07:51:29.257 UTC [69] LOG:  statement: DEALLOCATE pdo_stmt_00000003
2022-04-05 07:51:54.455 UTC [71] LOG:  execute pdo_stmt_00000001: SELECT CASE WHEN COUNT(*) > 0 THEN 1 ELSE 0 END FROM information_schema.tables WHERE table_schema = 'public' AND table_name='users'
2022-04-05 07:51:54.456 UTC [71] LOG:  statement: DEALLOCATE pdo_stmt_00000001
2022-04-05 07:51:54.496 UTC [71] LOG:  execute pdo_stmt_00000002: SELECT DISTINCT c.column_name AS Field, c.data_type AS Type, c.character_maximum_length AS Size, c.numeric_precision AS NumericSize, c.numeric_scale AS NumericScale, c.is_nullable AS Null, CASE WHEN pkc.column_name NOTNULL THEN 'PRI' ELSE '' END AS Key, CASE WHEN c.data_type LIKE '%int%' AND c.column_default LIKE '%nextval%' THEN 'auto_increment' ELSE '' END AS Extra, c.ordinal_position AS Position, c.column_default FROM information_schema.columns c LEFT JOIN ( SELECT kcu.column_name, kcu.table_name, kcu.table_schema FROM information_schema.table_constraints tc INNER JOIN information_schema.key_column_usage kcu on (kcu.constraint_name = tc.constraint_name and kcu.table_name=tc.table_name and kcu.table_schema=tc.table_schema) WHERE tc.constraint_type='PRIMARY KEY') pkc ON (c.column_name=pkc.column_name AND c.table_schema = pkc.table_schema AND c.table_name=pkc.table_name) WHERE c.table_schema='public' AND c.table_name='users' ORDER BY c.ordinal_position
2022-04-05 07:51:54.498 UTC [71] LOG:  statement: DEALLOCATE pdo_stmt_00000002
2022-04-05 07:51:54.502 UTC [71] LOG:  execute pdo_stmt_00000003: SELECT "users"."id", "users"."firstname", "users"."lastname", "users"."email", "users"."password" FROM "public"."users"
2022-04-05 07:51:54.519 UTC [71] LOG:  statement: DEALLOCATE pdo_stmt_00000003
2022-04-05 08:07:42.959 UTC [87] WARNING:  could not open statistics file "pg_stat_tmp/global.stat": Operation not permitted
2022-04-05 08:09:17.388 UTC [89] LOG:  execute pdo_stmt_00000001: SELECT CASE WHEN COUNT(*) > 0 THEN 1 ELSE 0 END FROM information_schema.tables WHERE table_schema = 'public' AND table_name='users'
2022-04-05 08:09:17.391 UTC [89] LOG:  statement: DEALLOCATE pdo_stmt_00000001
2022-04-05 08:09:17.452 UTC [89] LOG:  execute pdo_stmt_00000002: SELECT DISTINCT c.column_name AS Field, c.data_type AS Type, c.character_maximum_length AS Size, c.numeric_precision AS NumericSize, c.numeric_scale AS NumericScale, c.is_nullable AS Null, CASE WHEN pkc.column_name NOTNULL THEN 'PRI' ELSE '' END AS Key, CASE WHEN c.data_type LIKE '%int%' AND c.column_default LIKE '%nextval%' THEN 'auto_increment' ELSE '' END AS Extra, c.ordinal_position AS Position, c.column_default FROM information_schema.columns c LEFT JOIN ( SELECT kcu.column_name, kcu.table_name, kcu.table_schema FROM information_schema.table_constraints tc INNER JOIN information_schema.key_column_usage kcu on (kcu.constraint_name = tc.constraint_name and kcu.table_name=tc.table_name and kcu.table_schema=tc.table_schema) WHERE tc.constraint_type='PRIMARY KEY') pkc ON (c.column_name=pkc.column_name AND c.table_schema = pkc.table_schema AND c.table_name=pkc.table_name) WHERE c.table_schema='public' AND c.table_name='users' ORDER BY c.ordinal_position
2022-04-05 08:09:17.458 UTC [89] LOG:  statement: DEALLOCATE pdo_stmt_00000002
2022-04-05 08:09:17.466 UTC [89] LOG:  execute pdo_stmt_00000003: SELECT "users"."id", "users"."firstname", "users"."lastname", "users"."email", "users"."password" FROM "public"."users"
2022-04-05 08:09:17.488 UTC [89] LOG:  statement: DEALLOCATE pdo_stmt_00000003
2022-04-05 08:10:59.391 UTC [92] LOG:  execute pdo_stmt_00000001: SELECT CASE WHEN COUNT(*) > 0 THEN 1 ELSE 0 END FROM information_schema.tables WHERE table_schema = 'public' AND table_name='users'
2022-04-05 08:10:59.392 UTC [92] LOG:  statement: DEALLOCATE pdo_stmt_00000001
2022-04-05 08:10:59.432 UTC [92] LOG:  execute pdo_stmt_00000002: SELECT DISTINCT c.column_name AS Field, c.data_type AS Type, c.character_maximum_length AS Size, c.numeric_precision AS NumericSize, c.numeric_scale AS NumericScale, c.is_nullable AS Null, CASE WHEN pkc.column_name NOTNULL THEN 'PRI' ELSE '' END AS Key, CASE WHEN c.data_type LIKE '%int%' AND c.column_default LIKE '%nextval%' THEN 'auto_increment' ELSE '' END AS Extra, c.ordinal_position AS Position, c.column_default FROM information_schema.columns c LEFT JOIN ( SELECT kcu.column_name, kcu.table_name, kcu.table_schema FROM information_schema.table_constraints tc INNER JOIN information_schema.key_column_usage kcu on (kcu.constraint_name = tc.constraint_name and kcu.table_name=tc.table_name and kcu.table_schema=tc.table_schema) WHERE tc.constraint_type='PRIMARY KEY') pkc ON (c.column_name=pkc.column_name AND c.table_schema = pkc.table_schema AND c.table_name=pkc.table_name) WHERE c.table_schema='public' AND c.table_name='users' ORDER BY c.ordinal_position
2022-04-05 08:10:59.434 UTC [92] LOG:  statement: DEALLOCATE pdo_stmt_00000002
2022-04-05 08:10:59.438 UTC [92] LOG:  execute pdo_stmt_00000003: SELECT "users"."id", "users"."firstname", "users"."lastname", "users"."email", "users"."password" FROM "public"."users"
2022-04-05 08:10:59.448 UTC [92] LOG:  statement: DEALLOCATE pdo_stmt_00000003
2022-04-05 08:11:00.552 UTC [93] LOG:  execute pdo_stmt_00000001: SELECT CASE WHEN COUNT(*) > 0 THEN 1 ELSE 0 END FROM information_schema.tables WHERE table_schema = 'public' AND table_name='users'
2022-04-05 08:11:00.553 UTC [93] LOG:  statement: DEALLOCATE pdo_stmt_00000001
2022-04-05 08:11:00.607 UTC [93] LOG:  execute pdo_stmt_00000002: SELECT DISTINCT c.column_name AS Field, c.data_type AS Type, c.character_maximum_length AS Size, c.numeric_precision AS NumericSize, c.numeric_scale AS NumericScale, c.is_nullable AS Null, CASE WHEN pkc.column_name NOTNULL THEN 'PRI' ELSE '' END AS Key, CASE WHEN c.data_type LIKE '%int%' AND c.column_default LIKE '%nextval%' THEN 'auto_increment' ELSE '' END AS Extra, c.ordinal_position AS Position, c.column_default FROM information_schema.columns c LEFT JOIN ( SELECT kcu.column_name, kcu.table_name, kcu.table_schema FROM information_schema.table_constraints tc INNER JOIN information_schema.key_column_usage kcu on (kcu.constraint_name = tc.constraint_name and kcu.table_name=tc.table_name and kcu.table_schema=tc.table_schema) WHERE tc.constraint_type='PRIMARY KEY') pkc ON (c.column_name=pkc.column_name AND c.table_schema = pkc.table_schema AND c.table_name=pkc.table_name) WHERE c.table_schema='public' AND c.table_name='users' ORDER BY c.ordinal_position
2022-04-05 08:11:00.611 UTC [93] LOG:  statement: DEALLOCATE pdo_stmt_00000002
2022-04-05 08:11:00.616 UTC [93] LOG:  execute pdo_stmt_00000003: SELECT "users"."id", "users"."firstname", "users"."lastname", "users"."email", "users"."password" FROM "public"."users"
2022-04-05 08:11:00.621 UTC [93] LOG:  statement: DEALLOCATE pdo_stmt_00000003
2022-04-05 08:22:48.890 UTC [106] LOG:  execute pdo_stmt_00000001: SELECT CASE WHEN COUNT(*) > 0 THEN 1 ELSE 0 END FROM information_schema.tables WHERE table_schema = 'public' AND table_name='users'
2022-04-05 08:22:48.891 UTC [106] LOG:  statement: DEALLOCATE pdo_stmt_00000001
2022-04-05 08:22:48.933 UTC [106] LOG:  execute pdo_stmt_00000002: SELECT DISTINCT c.column_name AS Field, c.data_type AS Type, c.character_maximum_length AS Size, c.numeric_precision AS NumericSize, c.numeric_scale AS NumericScale, c.is_nullable AS Null, CASE WHEN pkc.column_name NOTNULL THEN 'PRI' ELSE '' END AS Key, CASE WHEN c.data_type LIKE '%int%' AND c.column_default LIKE '%nextval%' THEN 'auto_increment' ELSE '' END AS Extra, c.ordinal_position AS Position, c.column_default FROM information_schema.columns c LEFT JOIN ( SELECT kcu.column_name, kcu.table_name, kcu.table_schema FROM information_schema.table_constraints tc INNER JOIN information_schema.key_column_usage kcu on (kcu.constraint_name = tc.constraint_name and kcu.table_name=tc.table_name and kcu.table_schema=tc.table_schema) WHERE tc.constraint_type='PRIMARY KEY') pkc ON (c.column_name=pkc.column_name AND c.table_schema = pkc.table_schema AND c.table_name=pkc.table_name) WHERE c.table_schema='public' AND c.table_name='users' ORDER BY c.ordinal_position
2022-04-05 08:22:48.937 UTC [106] LOG:  statement: DEALLOCATE pdo_stmt_00000002
2022-04-05 08:22:48.941 UTC [106] LOG:  execute pdo_stmt_00000003: SELECT "users"."id", "users"."firstname", "users"."lastname", "users"."email", "users"."password" FROM "public"."users"
2022-04-05 08:22:48.950 UTC [106] LOG:  statement: DEALLOCATE pdo_stmt_00000003
2022-04-05 08:25:44.341 UTC [109] WARNING:  could not open statistics file "pg_stat_tmp/global.stat": Operation not permitted
2022-04-05 08:32:44.900 UTC [116] WARNING:  could not open statistics file "pg_stat_tmp/global.stat": Operation not permitted
2022-04-05 08:35:40.872 UTC [119] LOG:  execute pdo_stmt_00000001: SELECT CASE WHEN COUNT(*) > 0 THEN 1 ELSE 0 END FROM information_schema.tables WHERE table_schema = 'public' AND table_name='users'
2022-04-05 08:35:40.873 UTC [119] LOG:  statement: DEALLOCATE pdo_stmt_00000001
2022-04-05 08:35:40.933 UTC [119] LOG:  execute pdo_stmt_00000002: SELECT DISTINCT c.column_name AS Field, c.data_type AS Type, c.character_maximum_length AS Size, c.numeric_precision AS NumericSize, c.numeric_scale AS NumericScale, c.is_nullable AS Null, CASE WHEN pkc.column_name NOTNULL THEN 'PRI' ELSE '' END AS Key, CASE WHEN c.data_type LIKE '%int%' AND c.column_default LIKE '%nextval%' THEN 'auto_increment' ELSE '' END AS Extra, c.ordinal_position AS Position, c.column_default FROM information_schema.columns c LEFT JOIN ( SELECT kcu.column_name, kcu.table_name, kcu.table_schema FROM information_schema.table_constraints tc INNER JOIN information_schema.key_column_usage kcu on (kcu.constraint_name = tc.constraint_name and kcu.table_name=tc.table_name and kcu.table_schema=tc.table_schema) WHERE tc.constraint_type='PRIMARY KEY') pkc ON (c.column_name=pkc.column_name AND c.table_schema = pkc.table_schema AND c.table_name=pkc.table_name) WHERE c.table_schema='public' AND c.table_name='users' ORDER BY c.ordinal_position
2022-04-05 08:35:40.936 UTC [119] LOG:  statement: DEALLOCATE pdo_stmt_00000002
2022-04-05 08:35:40.946 UTC [119] LOG:  execute pdo_stmt_00000003: SELECT "users"."id", "users"."firstname", "users"."lastname", "users"."email", "users"."password" FROM "public"."users"
2022-04-05 08:35:40.956 UTC [119] LOG:  statement: DEALLOCATE pdo_stmt_00000003
2022-04-05 08:36:32.374 UTC [1] LOG:  received smart shutdown request
2022-04-05 08:36:32.382 UTC [1] LOG:  worker process: logical replication launcher (PID 26) exited with exit code 1
2022-04-05 08:36:32.382 UTC [21] LOG:  shutting down
2022-04-05 08:36:32.518 UTC [1] LOG:  database system is shut down
