2022-05-07 19:53:08.494 UTC [20] LOG:  database system was interrupted; last known up at 2022-05-06 20:05:28 UTC
2022-05-07 19:53:13.917 UTC [20] LOG:  database system was not properly shut down; automatic recovery in progress
2022-05-07 19:53:13.932 UTC [20] LOG:  redo starts at 0/17064B8
2022-05-07 19:53:13.932 UTC [20] LOG:  invalid record length at 0/1706598: wanted 24, got 0
2022-05-07 19:53:13.932 UTC [20] LOG:  redo done at 0/1706560
2022-05-07 19:53:13.968 UTC [1] LOG:  database system is ready to accept connections
2022-05-07 19:53:57.248 UTC [34] LOG:  statement: SELECT pg_catalog.quote_ident(datname) FROM pg_catalog.pg_database  WHERE substring(pg_catalog.quote_ident(datname),1,2)='ph'
	LIMIT 1000
2022-05-07 19:54:03.338 UTC [35] LOG:  statement: SELECT pg_catalog.quote_ident(c.relname) FROM pg_catalog.pg_class c WHERE c.relkind IN ('r', 'S', 'v', 'm', 'f', 'p') AND substring(pg_catalog.quote_ident(c.relname),1,2)='mo' AND pg_catalog.pg_table_is_visible(c.oid) AND c.relnamespace <> (SELECT oid FROM pg_catalog.pg_namespace WHERE nspname = 'pg_catalog')
	UNION
	SELECT pg_catalog.quote_ident(n.nspname) || '.' FROM pg_catalog.pg_namespace n WHERE substring(pg_catalog.quote_ident(n.nspname) || '.',1,2)='mo' AND (SELECT pg_catalog.count(*) FROM pg_catalog.pg_namespace WHERE substring(pg_catalog.quote_ident(nspname) || '.',1,2) = substring('mo',1,pg_catalog.length(pg_catalog.quote_ident(nspname))+1)) > 1
	UNION
	SELECT pg_catalog.quote_ident(n.nspname) || '.' || pg_catalog.quote_ident(c.relname) FROM pg_catalog.pg_class c, pg_catalog.pg_namespace n WHERE c.relnamespace = n.oid AND c.relkind IN ('r', 'S', 'v', 'm', 'f', 'p') AND substring(pg_catalog.quote_ident(n.nspname) || '.' || pg_catalog.quote_ident(c.relname),1,2)='mo' AND substring(pg_catalog.quote_ident(n.nspname) || '.',1,2) = substring('mo',1,pg_catalog.length(pg_catalog.quote_ident(n.nspname))+1) AND (SELECT pg_catalog.count(*) FROM pg_catalog.pg_namespace WHERE substring(pg_catalog.quote_ident(nspname) || '.',1,2) = substring('mo',1,pg_catalog.length(pg_catalog.quote_ident(nspname))+1)) = 1
	LIMIT 1000
2022-05-07 19:54:04.350 UTC [35] LOG:  statement: select * from movies;
2022-05-07 19:55:44.226 UTC [24] WARNING:  could not open statistics file "pg_stat_tmp/global.stat": Operation not permitted
2022-05-07 19:56:14.151 UTC [24] WARNING:  could not open statistics file "pg_stat_tmp/global.stat": Operation not permitted
2022-05-07 19:57:56.861 UTC [45] LOG:  execute pdo_stmt_00000001: SELECT CASE WHEN COUNT(*) > 0 THEN 1 ELSE 0 END FROM information_schema.tables WHERE table_schema = 'public' AND table_name='movies'
2022-05-07 19:57:56.864 UTC [45] LOG:  statement: DEALLOCATE pdo_stmt_00000001
2022-05-07 19:57:56.961 UTC [45] LOG:  execute pdo_stmt_00000002: SELECT DISTINCT c.column_name AS Field, c.data_type AS Type, c.character_maximum_length AS Size, c.numeric_precision AS NumericSize, c.numeric_scale AS NumericScale, c.is_nullable AS Null, CASE WHEN pkc.column_name NOTNULL THEN 'PRI' ELSE '' END AS Key, CASE WHEN c.data_type LIKE '%int%' AND c.column_default LIKE '%nextval%' THEN 'auto_increment' ELSE '' END AS Extra, c.ordinal_position AS Position, c.column_default FROM information_schema.columns c LEFT JOIN ( SELECT kcu.column_name, kcu.table_name, kcu.table_schema FROM information_schema.table_constraints tc INNER JOIN information_schema.key_column_usage kcu on (kcu.constraint_name = tc.constraint_name and kcu.table_name=tc.table_name and kcu.table_schema=tc.table_schema) WHERE tc.constraint_type='PRIMARY KEY') pkc ON (c.column_name=pkc.column_name AND c.table_schema = pkc.table_schema AND c.table_name=pkc.table_name) WHERE c.table_schema='public' AND c.table_name='movies' ORDER BY c.ordinal_position
2022-05-07 19:57:56.972 UTC [45] LOG:  statement: DEALLOCATE pdo_stmt_00000002
2022-05-07 19:57:56.976 UTC [45] LOG:  execute pdo_stmt_00000003: SELECT "movies"."id", "movies"."title", "movies"."year", "movies"."director", "movies"."plot", "movies"."country" FROM "public"."movies"
2022-05-07 19:57:56.989 UTC [45] LOG:  statement: DEALLOCATE pdo_stmt_00000003
2022-05-07 20:01:15.342 UTC [53] LOG:  execute pdo_stmt_00000001: SELECT CASE WHEN COUNT(*) > 0 THEN 1 ELSE 0 END FROM information_schema.tables WHERE table_schema = 'public' AND table_name='movies'
2022-05-07 20:01:15.344 UTC [53] LOG:  statement: DEALLOCATE pdo_stmt_00000001
2022-05-07 20:01:15.383 UTC [53] LOG:  execute pdo_stmt_00000002: SELECT DISTINCT c.column_name AS Field, c.data_type AS Type, c.character_maximum_length AS Size, c.numeric_precision AS NumericSize, c.numeric_scale AS NumericScale, c.is_nullable AS Null, CASE WHEN pkc.column_name NOTNULL THEN 'PRI' ELSE '' END AS Key, CASE WHEN c.data_type LIKE '%int%' AND c.column_default LIKE '%nextval%' THEN 'auto_increment' ELSE '' END AS Extra, c.ordinal_position AS Position, c.column_default FROM information_schema.columns c LEFT JOIN ( SELECT kcu.column_name, kcu.table_name, kcu.table_schema FROM information_schema.table_constraints tc INNER JOIN information_schema.key_column_usage kcu on (kcu.constraint_name = tc.constraint_name and kcu.table_name=tc.table_name and kcu.table_schema=tc.table_schema) WHERE tc.constraint_type='PRIMARY KEY') pkc ON (c.column_name=pkc.column_name AND c.table_schema = pkc.table_schema AND c.table_name=pkc.table_name) WHERE c.table_schema='public' AND c.table_name='movies' ORDER BY c.ordinal_position
2022-05-07 20:01:15.392 UTC [53] LOG:  statement: DEALLOCATE pdo_stmt_00000002
2022-05-07 20:01:15.400 UTC [53] LOG:  execute pdo_stmt_00000003: SELECT "movies"."id", "movies"."title", "movies"."year", "movies"."director", "movies"."plot", "movies"."country" FROM "public"."movies"
2022-05-07 20:01:15.410 UTC [53] LOG:  statement: DEALLOCATE pdo_stmt_00000003
2022-05-07 20:01:16.165 UTC [54] LOG:  execute pdo_stmt_00000001: SELECT CASE WHEN COUNT(*) > 0 THEN 1 ELSE 0 END FROM information_schema.tables WHERE table_schema = 'public' AND table_name='movies'
2022-05-07 20:01:16.166 UTC [54] LOG:  statement: DEALLOCATE pdo_stmt_00000001
2022-05-07 20:01:16.193 UTC [54] LOG:  execute pdo_stmt_00000002: SELECT DISTINCT c.column_name AS Field, c.data_type AS Type, c.character_maximum_length AS Size, c.numeric_precision AS NumericSize, c.numeric_scale AS NumericScale, c.is_nullable AS Null, CASE WHEN pkc.column_name NOTNULL THEN 'PRI' ELSE '' END AS Key, CASE WHEN c.data_type LIKE '%int%' AND c.column_default LIKE '%nextval%' THEN 'auto_increment' ELSE '' END AS Extra, c.ordinal_position AS Position, c.column_default FROM information_schema.columns c LEFT JOIN ( SELECT kcu.column_name, kcu.table_name, kcu.table_schema FROM information_schema.table_constraints tc INNER JOIN information_schema.key_column_usage kcu on (kcu.constraint_name = tc.constraint_name and kcu.table_name=tc.table_name and kcu.table_schema=tc.table_schema) WHERE tc.constraint_type='PRIMARY KEY') pkc ON (c.column_name=pkc.column_name AND c.table_schema = pkc.table_schema AND c.table_name=pkc.table_name) WHERE c.table_schema='public' AND c.table_name='movies' ORDER BY c.ordinal_position
2022-05-07 20:01:16.195 UTC [54] LOG:  statement: DEALLOCATE pdo_stmt_00000002
2022-05-07 20:01:16.197 UTC [54] LOG:  execute pdo_stmt_00000003: SELECT "movies"."id", "movies"."title", "movies"."year", "movies"."director", "movies"."plot", "movies"."country" FROM "public"."movies"
2022-05-07 20:01:16.207 UTC [54] LOG:  statement: DEALLOCATE pdo_stmt_00000003
2022-05-07 20:06:44.970 UTC [65] WARNING:  could not open statistics file "pg_stat_tmp/global.stat": Operation not permitted
2022-05-07 20:07:23.550 UTC [67] LOG:  execute pdo_stmt_00000001: SELECT CASE WHEN COUNT(*) > 0 THEN 1 ELSE 0 END FROM information_schema.tables WHERE table_schema = 'public' AND table_name='movies'
2022-05-07 20:07:23.551 UTC [67] LOG:  statement: DEALLOCATE pdo_stmt_00000001
2022-05-07 20:07:23.577 UTC [67] LOG:  execute pdo_stmt_00000002: SELECT DISTINCT c.column_name AS Field, c.data_type AS Type, c.character_maximum_length AS Size, c.numeric_precision AS NumericSize, c.numeric_scale AS NumericScale, c.is_nullable AS Null, CASE WHEN pkc.column_name NOTNULL THEN 'PRI' ELSE '' END AS Key, CASE WHEN c.data_type LIKE '%int%' AND c.column_default LIKE '%nextval%' THEN 'auto_increment' ELSE '' END AS Extra, c.ordinal_position AS Position, c.column_default FROM information_schema.columns c LEFT JOIN ( SELECT kcu.column_name, kcu.table_name, kcu.table_schema FROM information_schema.table_constraints tc INNER JOIN information_schema.key_column_usage kcu on (kcu.constraint_name = tc.constraint_name and kcu.table_name=tc.table_name and kcu.table_schema=tc.table_schema) WHERE tc.constraint_type='PRIMARY KEY') pkc ON (c.column_name=pkc.column_name AND c.table_schema = pkc.table_schema AND c.table_name=pkc.table_name) WHERE c.table_schema='public' AND c.table_name='movies' ORDER BY c.ordinal_position
2022-05-07 20:07:23.582 UTC [67] LOG:  statement: DEALLOCATE pdo_stmt_00000002
2022-05-07 20:07:23.585 UTC [67] LOG:  execute pdo_stmt_00000003: SELECT "movies"."id", "movies"."title", "movies"."year", "movies"."director", "movies"."plot", "movies"."country" FROM "public"."movies"
2022-05-07 20:07:23.590 UTC [67] LOG:  statement: DEALLOCATE pdo_stmt_00000003
2022-05-07 20:08:58.503 UTC [71] LOG:  execute pdo_stmt_00000001: SELECT CASE WHEN COUNT(*) > 0 THEN 1 ELSE 0 END FROM information_schema.tables WHERE table_schema = 'public' AND table_name='movies'
2022-05-07 20:08:58.504 UTC [71] LOG:  statement: DEALLOCATE pdo_stmt_00000001
2022-05-07 20:08:58.538 UTC [71] LOG:  execute pdo_stmt_00000002: SELECT DISTINCT c.column_name AS Field, c.data_type AS Type, c.character_maximum_length AS Size, c.numeric_precision AS NumericSize, c.numeric_scale AS NumericScale, c.is_nullable AS Null, CASE WHEN pkc.column_name NOTNULL THEN 'PRI' ELSE '' END AS Key, CASE WHEN c.data_type LIKE '%int%' AND c.column_default LIKE '%nextval%' THEN 'auto_increment' ELSE '' END AS Extra, c.ordinal_position AS Position, c.column_default FROM information_schema.columns c LEFT JOIN ( SELECT kcu.column_name, kcu.table_name, kcu.table_schema FROM information_schema.table_constraints tc INNER JOIN information_schema.key_column_usage kcu on (kcu.constraint_name = tc.constraint_name and kcu.table_name=tc.table_name and kcu.table_schema=tc.table_schema) WHERE tc.constraint_type='PRIMARY KEY') pkc ON (c.column_name=pkc.column_name AND c.table_schema = pkc.table_schema AND c.table_name=pkc.table_name) WHERE c.table_schema='public' AND c.table_name='movies' ORDER BY c.ordinal_position
2022-05-07 20:08:58.542 UTC [71] LOG:  statement: DEALLOCATE pdo_stmt_00000002
2022-05-07 20:08:58.546 UTC [71] LOG:  execute pdo_stmt_00000003: SELECT "movies"."id", "movies"."title", "movies"."year", "movies"."director", "movies"."plot", "movies"."country" FROM "public"."movies"
2022-05-07 20:08:58.557 UTC [71] LOG:  statement: DEALLOCATE pdo_stmt_00000003
2022-05-07 20:17:54.747 UTC [98] LOG:  statement: SELECT pg_catalog.quote_ident(datname) FROM pg_catalog.pg_database  WHERE substring(pg_catalog.quote_ident(datname),1,2)='ph'
	LIMIT 1000
2022-05-07 20:17:58.463 UTC [99] LOG:  statement: SELECT n.nspname as "Schema",
	  c.relname as "Name",
	  CASE c.relkind WHEN 'r' THEN 'table' WHEN 'v' THEN 'view' WHEN 'm' THEN 'materialized view' WHEN 'i' THEN 'index' WHEN 'S' THEN 'sequence' WHEN 's' THEN 'special' WHEN 'f' THEN 'foreign table' WHEN 'p' THEN 'table' END as "Type",
	  pg_catalog.pg_get_userbyid(c.relowner) as "Owner"
	FROM pg_catalog.pg_class c
	     LEFT JOIN pg_catalog.pg_namespace n ON n.oid = c.relnamespace
	WHERE c.relkind IN ('r','p','')
	      AND n.nspname <> 'pg_catalog'
	      AND n.nspname <> 'information_schema'
	      AND n.nspname !~ '^pg_toast'
	  AND pg_catalog.pg_table_is_visible(c.oid)
	ORDER BY 1,2;
2022-05-07 20:18:13.564 UTC [99] LOG:  statement: select * from users
	;
2022-05-07 20:20:15.373 UTC [24] WARNING:  could not open statistics file "pg_stat_tmp/global.stat": Operation not permitted
2022-05-07 20:39:16.189 UTC [24] WARNING:  could not open statistics file "pg_stat_tmp/global.stat": Operation not permitted
2022-05-07 20:48:46.960 UTC [24] WARNING:  could not open statistics file "pg_stat_tmp/global.stat": Operation not permitted
2022-05-07 20:50:16.479 UTC [24] WARNING:  could not open statistics file "pg_stat_tmp/global.stat": Operation not permitted
2022-05-07 20:57:47.464 UTC [179] WARNING:  could not open statistics file "pg_stat_tmp/global.stat": Operation not permitted
2022-05-07 21:04:47.724 UTC [24] WARNING:  could not open statistics file "pg_stat_tmp/global.stat": Operation not permitted
2022-05-07 21:07:38.738 UTC [199] LOG:  execute pdo_stmt_00000001: SELECT CASE WHEN COUNT(*) > 0 THEN 1 ELSE 0 END FROM information_schema.tables WHERE table_schema = 'public' AND table_name='movies'
2022-05-07 21:07:38.740 UTC [199] LOG:  statement: DEALLOCATE pdo_stmt_00000001
2022-05-07 21:07:38.832 UTC [199] LOG:  execute pdo_stmt_00000002: SELECT DISTINCT c.column_name AS Field, c.data_type AS Type, c.character_maximum_length AS Size, c.numeric_precision AS NumericSize, c.numeric_scale AS NumericScale, c.is_nullable AS Null, CASE WHEN pkc.column_name NOTNULL THEN 'PRI' ELSE '' END AS Key, CASE WHEN c.data_type LIKE '%int%' AND c.column_default LIKE '%nextval%' THEN 'auto_increment' ELSE '' END AS Extra, c.ordinal_position AS Position, c.column_default FROM information_schema.columns c LEFT JOIN ( SELECT kcu.column_name, kcu.table_name, kcu.table_schema FROM information_schema.table_constraints tc INNER JOIN information_schema.key_column_usage kcu on (kcu.constraint_name = tc.constraint_name and kcu.table_name=tc.table_name and kcu.table_schema=tc.table_schema) WHERE tc.constraint_type='PRIMARY KEY') pkc ON (c.column_name=pkc.column_name AND c.table_schema = pkc.table_schema AND c.table_name=pkc.table_name) WHERE c.table_schema='public' AND c.table_name='movies' ORDER BY c.ordinal_position
2022-05-07 21:07:38.835 UTC [199] LOG:  statement: DEALLOCATE pdo_stmt_00000002
2022-05-07 21:07:38.845 UTC [199] LOG:  execute pdo_stmt_00000003: SELECT "movies"."id", "movies"."title", "movies"."year", "movies"."director", "movies"."plot", "movies"."country" FROM "public"."movies"
2022-05-07 21:07:38.862 UTC [199] LOG:  statement: DEALLOCATE pdo_stmt_00000003
2022-05-07 21:08:12.300 UTC [201] LOG:  execute pdo_stmt_00000001: SELECT CASE WHEN COUNT(*) > 0 THEN 1 ELSE 0 END FROM information_schema.tables WHERE table_schema = 'public' AND table_name='movies'
2022-05-07 21:08:12.300 UTC [201] LOG:  statement: DEALLOCATE pdo_stmt_00000001
2022-05-07 21:08:12.328 UTC [201] LOG:  execute pdo_stmt_00000002: SELECT DISTINCT c.column_name AS Field, c.data_type AS Type, c.character_maximum_length AS Size, c.numeric_precision AS NumericSize, c.numeric_scale AS NumericScale, c.is_nullable AS Null, CASE WHEN pkc.column_name NOTNULL THEN 'PRI' ELSE '' END AS Key, CASE WHEN c.data_type LIKE '%int%' AND c.column_default LIKE '%nextval%' THEN 'auto_increment' ELSE '' END AS Extra, c.ordinal_position AS Position, c.column_default FROM information_schema.columns c LEFT JOIN ( SELECT kcu.column_name, kcu.table_name, kcu.table_schema FROM information_schema.table_constraints tc INNER JOIN information_schema.key_column_usage kcu on (kcu.constraint_name = tc.constraint_name and kcu.table_name=tc.table_name and kcu.table_schema=tc.table_schema) WHERE tc.constraint_type='PRIMARY KEY') pkc ON (c.column_name=pkc.column_name AND c.table_schema = pkc.table_schema AND c.table_name=pkc.table_name) WHERE c.table_schema='public' AND c.table_name='movies' ORDER BY c.ordinal_position
2022-05-07 21:08:12.330 UTC [201] LOG:  statement: DEALLOCATE pdo_stmt_00000002
2022-05-07 21:08:12.333 UTC [201] LOG:  execute pdo_stmt_00000003: SELECT "movies"."id", "movies"."title", "movies"."year", "movies"."director", "movies"."plot", "movies"."country" FROM "public"."movies"
2022-05-07 21:08:12.341 UTC [201] LOG:  statement: DEALLOCATE pdo_stmt_00000003
2022-05-07 21:09:00.811 UTC [204] LOG:  execute pdo_stmt_00000001: SELECT CASE WHEN COUNT(*) > 0 THEN 1 ELSE 0 END FROM information_schema.tables WHERE table_schema = 'public' AND table_name='movies'
2022-05-07 21:09:00.811 UTC [204] LOG:  statement: DEALLOCATE pdo_stmt_00000001
2022-05-07 21:09:00.846 UTC [204] LOG:  execute pdo_stmt_00000002: SELECT DISTINCT c.column_name AS Field, c.data_type AS Type, c.character_maximum_length AS Size, c.numeric_precision AS NumericSize, c.numeric_scale AS NumericScale, c.is_nullable AS Null, CASE WHEN pkc.column_name NOTNULL THEN 'PRI' ELSE '' END AS Key, CASE WHEN c.data_type LIKE '%int%' AND c.column_default LIKE '%nextval%' THEN 'auto_increment' ELSE '' END AS Extra, c.ordinal_position AS Position, c.column_default FROM information_schema.columns c LEFT JOIN ( SELECT kcu.column_name, kcu.table_name, kcu.table_schema FROM information_schema.table_constraints tc INNER JOIN information_schema.key_column_usage kcu on (kcu.constraint_name = tc.constraint_name and kcu.table_name=tc.table_name and kcu.table_schema=tc.table_schema) WHERE tc.constraint_type='PRIMARY KEY') pkc ON (c.column_name=pkc.column_name AND c.table_schema = pkc.table_schema AND c.table_name=pkc.table_name) WHERE c.table_schema='public' AND c.table_name='movies' ORDER BY c.ordinal_position
2022-05-07 21:09:00.851 UTC [204] LOG:  statement: DEALLOCATE pdo_stmt_00000002
2022-05-07 21:09:00.854 UTC [204] LOG:  execute pdo_stmt_00000003: SELECT "movies"."id", "movies"."title", "movies"."year", "movies"."director", "movies"."plot", "movies"."country" FROM "public"."movies"
2022-05-07 21:09:00.861 UTC [204] LOG:  statement: DEALLOCATE pdo_stmt_00000003
2022-05-07 21:19:15.150 UTC [225] LOG:  execute pdo_stmt_00000001: SELECT CASE WHEN COUNT(*) > 0 THEN 1 ELSE 0 END FROM information_schema.tables WHERE table_schema = 'public' AND table_name='movies'
2022-05-07 21:19:15.151 UTC [225] LOG:  statement: DEALLOCATE pdo_stmt_00000001
2022-05-07 21:19:15.185 UTC [225] LOG:  execute pdo_stmt_00000002: SELECT DISTINCT c.column_name AS Field, c.data_type AS Type, c.character_maximum_length AS Size, c.numeric_precision AS NumericSize, c.numeric_scale AS NumericScale, c.is_nullable AS Null, CASE WHEN pkc.column_name NOTNULL THEN 'PRI' ELSE '' END AS Key, CASE WHEN c.data_type LIKE '%int%' AND c.column_default LIKE '%nextval%' THEN 'auto_increment' ELSE '' END AS Extra, c.ordinal_position AS Position, c.column_default FROM information_schema.columns c LEFT JOIN ( SELECT kcu.column_name, kcu.table_name, kcu.table_schema FROM information_schema.table_constraints tc INNER JOIN information_schema.key_column_usage kcu on (kcu.constraint_name = tc.constraint_name and kcu.table_name=tc.table_name and kcu.table_schema=tc.table_schema) WHERE tc.constraint_type='PRIMARY KEY') pkc ON (c.column_name=pkc.column_name AND c.table_schema = pkc.table_schema AND c.table_name=pkc.table_name) WHERE c.table_schema='public' AND c.table_name='movies' ORDER BY c.ordinal_position
2022-05-07 21:19:15.188 UTC [225] LOG:  statement: DEALLOCATE pdo_stmt_00000002
2022-05-07 21:19:15.191 UTC [225] LOG:  execute pdo_stmt_00000003: SELECT "movies"."id", "movies"."title", "movies"."year", "movies"."director", "movies"."plot", "movies"."country" FROM "public"."movies"
2022-05-07 21:19:15.198 UTC [225] LOG:  statement: DEALLOCATE pdo_stmt_00000003
