2022-04-18 13:34:24.367 UTC [20] LOG:  database system was shut down at 2022-04-18 12:23:21 UTC
2022-04-18 13:34:24.406 UTC [1] LOG:  database system is ready to accept connections
2022-04-18 13:36:11.433 UTC [37] LOG:  statement: SELECT pg_catalog.quote_ident(datname) FROM pg_catalog.pg_database  WHERE substring(pg_catalog.quote_ident(datname),1,2)='ph'
	LIMIT 1000
2022-04-18 13:36:16.313 UTC [38] LOG:  statement: SELECT n.nspname as "Schema",
	  c.relname as "Name",
	  CASE c.relkind WHEN 'r' THEN 'table' WHEN 'v' THEN 'view' WHEN 'm' THEN 'materialized view' WHEN 'i' THEN 'index' WHEN 'S' THEN 'sequence' WHEN 's' THEN 'special' WHEN 'f' THEN 'foreign table' WHEN 'p' THEN 'table' END as "Type",
	  pg_catalog.pg_get_userbyid(c.relowner) as "Owner"
	FROM pg_catalog.pg_class c
	     LEFT JOIN pg_catalog.pg_namespace n ON n.oid = c.relnamespace
	WHERE c.relkind IN ('r','p','')
	      AND n.nspname <> 'pg_catalog'
	      AND n.nspname <> 'information_schema'
	      AND n.nspname !~ '^pg_toast'
	  AND pg_catalog.pg_table_is_visible(c.oid)
	ORDER BY 1,2;
2022-04-18 13:39:39.512 UTC [38] LOG:  statement: create table countries (
	id int PRIMARY KEY,
	name varchar(255),
	created_on date,
	updated_on date);
2022-04-18 13:39:42.201 UTC [38] LOG:  statement: SELECT n.nspname as "Schema",
	  c.relname as "Name",
	  CASE c.relkind WHEN 'r' THEN 'table' WHEN 'v' THEN 'view' WHEN 'm' THEN 'materialized view' WHEN 'i' THEN 'index' WHEN 'S' THEN 'sequence' WHEN 's' THEN 'special' WHEN 'f' THEN 'foreign table' WHEN 'p' THEN 'table' END as "Type",
	  pg_catalog.pg_get_userbyid(c.relowner) as "Owner"
	FROM pg_catalog.pg_class c
	     LEFT JOIN pg_catalog.pg_namespace n ON n.oid = c.relnamespace
	WHERE c.relkind IN ('r','p','')
	      AND n.nspname <> 'pg_catalog'
	      AND n.nspname <> 'information_schema'
	      AND n.nspname !~ '^pg_toast'
	  AND pg_catalog.pg_table_is_visible(c.oid)
	ORDER BY 1,2;
2022-04-18 13:42:11.799 UTC [51] LOG:  execute pdo_stmt_00000001: SELECT CASE WHEN COUNT(*) > 0 THEN 1 ELSE 0 END FROM information_schema.tables WHERE table_schema = 'public' AND table_name='countries'
2022-04-18 13:42:11.800 UTC [51] LOG:  statement: DEALLOCATE pdo_stmt_00000001
2022-04-18 13:42:11.842 UTC [51] LOG:  execute pdo_stmt_00000002: SELECT DISTINCT c.column_name AS Field, c.data_type AS Type, c.character_maximum_length AS Size, c.numeric_precision AS NumericSize, c.numeric_scale AS NumericScale, c.is_nullable AS Null, CASE WHEN pkc.column_name NOTNULL THEN 'PRI' ELSE '' END AS Key, CASE WHEN c.data_type LIKE '%int%' AND c.column_default LIKE '%nextval%' THEN 'auto_increment' ELSE '' END AS Extra, c.ordinal_position AS Position, c.column_default FROM information_schema.columns c LEFT JOIN ( SELECT kcu.column_name, kcu.table_name, kcu.table_schema FROM information_schema.table_constraints tc INNER JOIN information_schema.key_column_usage kcu on (kcu.constraint_name = tc.constraint_name and kcu.table_name=tc.table_name and kcu.table_schema=tc.table_schema) WHERE tc.constraint_type='PRIMARY KEY') pkc ON (c.column_name=pkc.column_name AND c.table_schema = pkc.table_schema AND c.table_name=pkc.table_name) WHERE c.table_schema='public' AND c.table_name='countries' ORDER BY c.ordinal_position
2022-04-18 13:42:11.849 UTC [51] LOG:  statement: DEALLOCATE pdo_stmt_00000002
2022-04-18 13:42:11.852 UTC [51] LOG:  execute pdo_stmt_00000003: SELECT table_name FROM information_schema.tables WHERE table_schema = 'public' ORDER BY table_name
2022-04-18 13:42:11.852 UTC [51] LOG:  statement: DEALLOCATE pdo_stmt_00000003
2022-04-18 13:42:11.860 UTC [51] LOG:  execute pdo_stmt_00000004: SELECT DISTINCT tc.table_name as TABLE_NAME, kcu.column_name as COLUMN_NAME, tc.constraint_name as CONSTRAINT_NAME, tc.table_catalog as REFERENCED_TABLE_SCHEMA, ccu.table_name AS REFERENCED_TABLE_NAME, ccu.column_name AS REFERENCED_COLUMN_NAME FROM information_schema.table_constraints AS tc JOIN information_schema.key_column_usage AS kcu ON tc.constraint_name = kcu.constraint_name JOIN information_schema.constraint_column_usage AS ccu ON ccu.constraint_name = tc.constraint_name WHERE constraint_type = 'FOREIGN KEY' AND tc.table_schema = 'public' AND tc.table_name='countries'
2022-04-18 13:42:11.863 UTC [51] LOG:  statement: DEALLOCATE pdo_stmt_00000004
2022-04-18 13:42:11.870 UTC [51] LOG:  execute pdo_stmt_00000005: SELECT DISTINCT tc.table_name as TABLE_NAME, kcu.column_name as COLUMN_NAME, tc.constraint_name as CONSTRAINT_NAME, tc.table_catalog as REFERENCED_TABLE_SCHEMA, ccu.table_name AS REFERENCED_TABLE_NAME, ccu.column_name AS REFERENCED_COLUMN_NAME FROM information_schema.table_constraints AS tc JOIN information_schema.key_column_usage AS kcu ON tc.constraint_name = kcu.constraint_name JOIN information_schema.constraint_column_usage AS ccu ON ccu.constraint_name = tc.constraint_name WHERE constraint_type = 'FOREIGN KEY' AND tc.table_schema = 'public' AND tc.table_name='users'
2022-04-18 13:42:11.870 UTC [51] LOG:  statement: DEALLOCATE pdo_stmt_00000005
2022-04-18 13:42:11.874 UTC [51] LOG:  execute pdo_stmt_00000006: SELECT DISTINCT tc.table_name as TABLE_NAME, kcu.column_name as COLUMN_NAME, tc.constraint_name as CONSTRAINT_NAME, tc.table_catalog as REFERENCED_TABLE_SCHEMA, ccu.table_name AS REFERENCED_TABLE_NAME, ccu.column_name AS REFERENCED_COLUMN_NAME FROM information_schema.table_constraints AS tc JOIN information_schema.key_column_usage AS kcu ON tc.constraint_name = kcu.constraint_name JOIN information_schema.constraint_column_usage AS ccu ON ccu.constraint_name = tc.constraint_name WHERE constraint_type = 'FOREIGN KEY' AND tc.table_schema = 'public' AND tc.table_name='countries'
2022-04-18 13:42:11.874 UTC [51] LOG:  statement: DEALLOCATE pdo_stmt_00000006
2022-04-18 13:56:25.986 UTC [24] WARNING:  could not open statistics file "pg_stat_tmp/global.stat": Operation not permitted
2022-04-18 14:34:27.404 UTC [164] LOG:  statement: SELECT pg_catalog.quote_ident(datname) FROM pg_catalog.pg_database  WHERE substring(pg_catalog.quote_ident(datname),1,2)='ph'
	LIMIT 1000
2022-04-18 14:34:32.837 UTC [166] LOG:  statement: SELECT pg_catalog.quote_ident(c.relname) FROM pg_catalog.pg_class c WHERE c.relkind IN ('r', 'S', 'v', 'm', 'f', 'p') AND substring(pg_catalog.quote_ident(c.relname),1,2)='co' AND pg_catalog.pg_table_is_visible(c.oid) AND c.relnamespace <> (SELECT oid FROM pg_catalog.pg_namespace WHERE nspname = 'pg_catalog')
	UNION
	SELECT pg_catalog.quote_ident(n.nspname) || '.' FROM pg_catalog.pg_namespace n WHERE substring(pg_catalog.quote_ident(n.nspname) || '.',1,2)='co' AND (SELECT pg_catalog.count(*) FROM pg_catalog.pg_namespace WHERE substring(pg_catalog.quote_ident(nspname) || '.',1,2) = substring('co',1,pg_catalog.length(pg_catalog.quote_ident(nspname))+1)) > 1
	UNION
	SELECT pg_catalog.quote_ident(n.nspname) || '.' || pg_catalog.quote_ident(c.relname) FROM pg_catalog.pg_class c, pg_catalog.pg_namespace n WHERE c.relnamespace = n.oid AND c.relkind IN ('r', 'S', 'v', 'm', 'f', 'p') AND substring(pg_catalog.quote_ident(n.nspname) || '.' || pg_catalog.quote_ident(c.relname),1,2)='co' AND substring(pg_catalog.quote_ident(n.nspname) || '.',1,2) = substring('co',1,pg_catalog.length(pg_catalog.quote_ident(n.nspname))+1) AND (SELECT pg_catalog.count(*) FROM pg_catalog.pg_namespace WHERE substring(pg_catalog.quote_ident(nspname) || '.',1,2) = substring('co',1,pg_catalog.length(pg_catalog.quote_ident(nspname))+1)) = 1
	LIMIT 1000
2022-04-18 14:34:33.770 UTC [166] LOG:  statement: select * from countries;
2022-04-18 14:35:10.177 UTC [168] LOG:  execute pdo_stmt_00000001: SELECT CASE WHEN COUNT(*) > 0 THEN 1 ELSE 0 END FROM information_schema.tables WHERE table_schema = 'public' AND table_name='countries'
2022-04-18 14:35:10.179 UTC [168] LOG:  statement: DEALLOCATE pdo_stmt_00000001
2022-04-18 14:35:10.231 UTC [168] LOG:  execute pdo_stmt_00000002: SELECT DISTINCT c.column_name AS Field, c.data_type AS Type, c.character_maximum_length AS Size, c.numeric_precision AS NumericSize, c.numeric_scale AS NumericScale, c.is_nullable AS Null, CASE WHEN pkc.column_name NOTNULL THEN 'PRI' ELSE '' END AS Key, CASE WHEN c.data_type LIKE '%int%' AND c.column_default LIKE '%nextval%' THEN 'auto_increment' ELSE '' END AS Extra, c.ordinal_position AS Position, c.column_default FROM information_schema.columns c LEFT JOIN ( SELECT kcu.column_name, kcu.table_name, kcu.table_schema FROM information_schema.table_constraints tc INNER JOIN information_schema.key_column_usage kcu on (kcu.constraint_name = tc.constraint_name and kcu.table_name=tc.table_name and kcu.table_schema=tc.table_schema) WHERE tc.constraint_type='PRIMARY KEY') pkc ON (c.column_name=pkc.column_name AND c.table_schema = pkc.table_schema AND c.table_name=pkc.table_name) WHERE c.table_schema='public' AND c.table_name='countries' ORDER BY c.ordinal_position
2022-04-18 14:35:10.234 UTC [168] LOG:  statement: DEALLOCATE pdo_stmt_00000002
2022-04-18 14:35:14.038 UTC [166] LOG:  statement: select * from countries;
2022-04-18 14:35:15.280 UTC [166] LOG:  statement: select * from countries;
2022-04-18 14:35:58.051 UTC [171] LOG:  execute pdo_stmt_00000001: SELECT CASE WHEN COUNT(*) > 0 THEN 1 ELSE 0 END FROM information_schema.tables WHERE table_schema = 'public' AND table_name='countries'
2022-04-18 14:35:58.051 UTC [171] LOG:  statement: DEALLOCATE pdo_stmt_00000001
2022-04-18 14:35:58.081 UTC [171] LOG:  execute pdo_stmt_00000002: SELECT DISTINCT c.column_name AS Field, c.data_type AS Type, c.character_maximum_length AS Size, c.numeric_precision AS NumericSize, c.numeric_scale AS NumericScale, c.is_nullable AS Null, CASE WHEN pkc.column_name NOTNULL THEN 'PRI' ELSE '' END AS Key, CASE WHEN c.data_type LIKE '%int%' AND c.column_default LIKE '%nextval%' THEN 'auto_increment' ELSE '' END AS Extra, c.ordinal_position AS Position, c.column_default FROM information_schema.columns c LEFT JOIN ( SELECT kcu.column_name, kcu.table_name, kcu.table_schema FROM information_schema.table_constraints tc INNER JOIN information_schema.key_column_usage kcu on (kcu.constraint_name = tc.constraint_name and kcu.table_name=tc.table_name and kcu.table_schema=tc.table_schema) WHERE tc.constraint_type='PRIMARY KEY') pkc ON (c.column_name=pkc.column_name AND c.table_schema = pkc.table_schema AND c.table_name=pkc.table_name) WHERE c.table_schema='public' AND c.table_name='countries' ORDER BY c.ordinal_position
2022-04-18 14:35:58.083 UTC [171] LOG:  statement: DEALLOCATE pdo_stmt_00000002
2022-04-18 14:36:00.242 UTC [166] LOG:  statement: select * from countries;
2022-04-18 14:36:02.206 UTC [166] LOG:  statement: select * from countries;
2022-04-18 14:36:50.881 UTC [173] LOG:  execute pdo_stmt_00000001: SELECT CASE WHEN COUNT(*) > 0 THEN 1 ELSE 0 END FROM information_schema.tables WHERE table_schema = 'public' AND table_name='countries'
2022-04-18 14:36:50.882 UTC [173] LOG:  statement: DEALLOCATE pdo_stmt_00000001
2022-04-18 14:36:50.914 UTC [173] LOG:  execute pdo_stmt_00000002: SELECT DISTINCT c.column_name AS Field, c.data_type AS Type, c.character_maximum_length AS Size, c.numeric_precision AS NumericSize, c.numeric_scale AS NumericScale, c.is_nullable AS Null, CASE WHEN pkc.column_name NOTNULL THEN 'PRI' ELSE '' END AS Key, CASE WHEN c.data_type LIKE '%int%' AND c.column_default LIKE '%nextval%' THEN 'auto_increment' ELSE '' END AS Extra, c.ordinal_position AS Position, c.column_default FROM information_schema.columns c LEFT JOIN ( SELECT kcu.column_name, kcu.table_name, kcu.table_schema FROM information_schema.table_constraints tc INNER JOIN information_schema.key_column_usage kcu on (kcu.constraint_name = tc.constraint_name and kcu.table_name=tc.table_name and kcu.table_schema=tc.table_schema) WHERE tc.constraint_type='PRIMARY KEY') pkc ON (c.column_name=pkc.column_name AND c.table_schema = pkc.table_schema AND c.table_name=pkc.table_name) WHERE c.table_schema='public' AND c.table_name='countries' ORDER BY c.ordinal_position
2022-04-18 14:36:50.916 UTC [173] LOG:  statement: DEALLOCATE pdo_stmt_00000002
2022-04-18 14:36:53.080 UTC [166] LOG:  statement: select * from countries;
2022-04-18 14:36:53.822 UTC [166] LOG:  statement: select * from countries;
2022-04-18 14:36:56.762 UTC [166] LOG:  statement: select * from countries;
2022-04-18 14:37:16.032 UTC [166] LOG:  statement: select * from countries;
2022-04-18 14:40:18.328 UTC [181] LOG:  execute pdo_stmt_00000001: SELECT CASE WHEN COUNT(*) > 0 THEN 1 ELSE 0 END FROM information_schema.tables WHERE table_schema = 'public' AND table_name='countries'
2022-04-18 14:40:18.330 UTC [181] LOG:  statement: DEALLOCATE pdo_stmt_00000001
2022-04-18 14:40:18.373 UTC [181] LOG:  execute pdo_stmt_00000002: SELECT DISTINCT c.column_name AS Field, c.data_type AS Type, c.character_maximum_length AS Size, c.numeric_precision AS NumericSize, c.numeric_scale AS NumericScale, c.is_nullable AS Null, CASE WHEN pkc.column_name NOTNULL THEN 'PRI' ELSE '' END AS Key, CASE WHEN c.data_type LIKE '%int%' AND c.column_default LIKE '%nextval%' THEN 'auto_increment' ELSE '' END AS Extra, c.ordinal_position AS Position, c.column_default FROM information_schema.columns c LEFT JOIN ( SELECT kcu.column_name, kcu.table_name, kcu.table_schema FROM information_schema.table_constraints tc INNER JOIN information_schema.key_column_usage kcu on (kcu.constraint_name = tc.constraint_name and kcu.table_name=tc.table_name and kcu.table_schema=tc.table_schema) WHERE tc.constraint_type='PRIMARY KEY') pkc ON (c.column_name=pkc.column_name AND c.table_schema = pkc.table_schema AND c.table_name=pkc.table_name) WHERE c.table_schema='public' AND c.table_name='countries' ORDER BY c.ordinal_position
2022-04-18 14:40:18.378 UTC [181] LOG:  statement: DEALLOCATE pdo_stmt_00000002
2022-04-18 14:40:22.333 UTC [166] LOG:  statement: select * from countries;
2022-04-18 14:43:21.459 UTC [166] LOG:  statement: select * from countries;
2022-04-18 14:44:24.318 UTC [190] LOG:  execute pdo_stmt_00000001: SELECT CASE WHEN COUNT(*) > 0 THEN 1 ELSE 0 END FROM information_schema.tables WHERE table_schema = 'public' AND table_name='countries'
2022-04-18 14:44:24.319 UTC [190] LOG:  statement: DEALLOCATE pdo_stmt_00000001
2022-04-18 14:44:24.350 UTC [190] LOG:  execute pdo_stmt_00000002: SELECT DISTINCT c.column_name AS Field, c.data_type AS Type, c.character_maximum_length AS Size, c.numeric_precision AS NumericSize, c.numeric_scale AS NumericScale, c.is_nullable AS Null, CASE WHEN pkc.column_name NOTNULL THEN 'PRI' ELSE '' END AS Key, CASE WHEN c.data_type LIKE '%int%' AND c.column_default LIKE '%nextval%' THEN 'auto_increment' ELSE '' END AS Extra, c.ordinal_position AS Position, c.column_default FROM information_schema.columns c LEFT JOIN ( SELECT kcu.column_name, kcu.table_name, kcu.table_schema FROM information_schema.table_constraints tc INNER JOIN information_schema.key_column_usage kcu on (kcu.constraint_name = tc.constraint_name and kcu.table_name=tc.table_name and kcu.table_schema=tc.table_schema) WHERE tc.constraint_type='PRIMARY KEY') pkc ON (c.column_name=pkc.column_name AND c.table_schema = pkc.table_schema AND c.table_name=pkc.table_name) WHERE c.table_schema='public' AND c.table_name='countries' ORDER BY c.ordinal_position
2022-04-18 14:44:24.353 UTC [190] LOG:  statement: DEALLOCATE pdo_stmt_00000002
2022-04-18 14:44:26.312 UTC [166] LOG:  statement: select * from countries;
2022-04-18 14:46:57.905 UTC [196] WARNING:  could not open statistics file "pg_stat_tmp/global.stat": Operation not permitted
2022-04-18 14:47:09.353 UTC [197] LOG:  execute pdo_stmt_00000001: SELECT CASE WHEN COUNT(*) > 0 THEN 1 ELSE 0 END FROM information_schema.tables WHERE table_schema = 'public' AND table_name='countries'
2022-04-18 14:47:09.354 UTC [197] LOG:  statement: DEALLOCATE pdo_stmt_00000001
2022-04-18 14:47:09.381 UTC [197] LOG:  execute pdo_stmt_00000002: SELECT DISTINCT c.column_name AS Field, c.data_type AS Type, c.character_maximum_length AS Size, c.numeric_precision AS NumericSize, c.numeric_scale AS NumericScale, c.is_nullable AS Null, CASE WHEN pkc.column_name NOTNULL THEN 'PRI' ELSE '' END AS Key, CASE WHEN c.data_type LIKE '%int%' AND c.column_default LIKE '%nextval%' THEN 'auto_increment' ELSE '' END AS Extra, c.ordinal_position AS Position, c.column_default FROM information_schema.columns c LEFT JOIN ( SELECT kcu.column_name, kcu.table_name, kcu.table_schema FROM information_schema.table_constraints tc INNER JOIN information_schema.key_column_usage kcu on (kcu.constraint_name = tc.constraint_name and kcu.table_name=tc.table_name and kcu.table_schema=tc.table_schema) WHERE tc.constraint_type='PRIMARY KEY') pkc ON (c.column_name=pkc.column_name AND c.table_schema = pkc.table_schema AND c.table_name=pkc.table_name) WHERE c.table_schema='public' AND c.table_name='countries' ORDER BY c.ordinal_position
2022-04-18 14:47:09.384 UTC [197] LOG:  statement: DEALLOCATE pdo_stmt_00000002
2022-04-18 14:47:11.412 UTC [166] LOG:  statement: select * from countries;
2022-04-18 14:49:02.407 UTC [166] LOG:  statement: SELECT pg_catalog.quote_ident(c.relname) FROM pg_catalog.pg_class c WHERE c.relkind IN ('r', 'p') AND substring(pg_catalog.quote_ident(c.relname),1,3)='cou' AND pg_catalog.pg_table_is_visible(c.oid) AND c.relnamespace <> (SELECT oid FROM pg_catalog.pg_namespace WHERE nspname = 'pg_catalog')
	UNION
	SELECT pg_catalog.quote_ident(n.nspname) || '.' FROM pg_catalog.pg_namespace n WHERE substring(pg_catalog.quote_ident(n.nspname) || '.',1,3)='cou' AND (SELECT pg_catalog.count(*) FROM pg_catalog.pg_namespace WHERE substring(pg_catalog.quote_ident(nspname) || '.',1,3) = substring('cou',1,pg_catalog.length(pg_catalog.quote_ident(nspname))+1)) > 1
	UNION
	SELECT pg_catalog.quote_ident(n.nspname) || '.' || pg_catalog.quote_ident(c.relname) FROM pg_catalog.pg_class c, pg_catalog.pg_namespace n WHERE c.relnamespace = n.oid AND c.relkind IN ('r', 'p') AND substring(pg_catalog.quote_ident(n.nspname) || '.' || pg_catalog.quote_ident(c.relname),1,3)='cou' AND substring(pg_catalog.quote_ident(n.nspname) || '.',1,3) = substring('cou',1,pg_catalog.length(pg_catalog.quote_ident(n.nspname))+1) AND (SELECT pg_catalog.count(*) FROM pg_catalog.pg_namespace WHERE substring(pg_catalog.quote_ident(nspname) || '.',1,3) = substring('cou',1,pg_catalog.length(pg_catalog.quote_ident(nspname))+1)) = 1
	UNION SELECT 'ALL IN TABLESPACE'
	LIMIT 1000
2022-04-18 14:49:51.033 UTC [166] LOG:  statement: alter table countries alter column id type serial;
2022-04-18 14:49:51.034 UTC [166] ERROR:  type "serial" does not exist
2022-04-18 14:49:51.034 UTC [166] STATEMENT:  alter table countries alter column id type serial;
2022-04-18 14:50:09.992 UTC [166] LOG:  statement: alter table countries alter column id type serial;
2022-04-18 14:50:09.993 UTC [166] ERROR:  type "serial" does not exist
2022-04-18 14:50:09.993 UTC [166] STATEMENT:  alter table countries alter column id type serial;
2022-04-18 14:50:54.924 UTC [166] ERROR:  syntax error at or near "primary" at character 51
2022-04-18 14:50:54.924 UTC [166] STATEMENT:  alter table countries alter column id type serial primary key;
2022-04-18 14:51:06.757 UTC [166] LOG:  statement: alter table countries alter column id type serial;
2022-04-18 14:51:06.758 UTC [166] ERROR:  type "serial" does not exist
2022-04-18 14:51:06.758 UTC [166] STATEMENT:  alter table countries alter column id type serial;
2022-04-18 14:51:28.907 UTC [166] LOG:  statement: select * from countries;
2022-04-18 14:51:42.390 UTC [166] LOG:  statement: SELECT pg_catalog.quote_ident(c.relname) FROM pg_catalog.pg_class c WHERE c.relkind IN ('r', 'f', 'v', 'p') AND substring(pg_catalog.quote_ident(c.relname),1,3)='cou' AND pg_catalog.pg_table_is_visible(c.oid) AND c.relnamespace <> (SELECT oid FROM pg_catalog.pg_namespace WHERE nspname = 'pg_catalog')
	UNION
	SELECT pg_catalog.quote_ident(n.nspname) || '.' FROM pg_catalog.pg_namespace n WHERE substring(pg_catalog.quote_ident(n.nspname) || '.',1,3)='cou' AND (SELECT pg_catalog.count(*) FROM pg_catalog.pg_namespace WHERE substring(pg_catalog.quote_ident(nspname) || '.',1,3) = substring('cou',1,pg_catalog.length(pg_catalog.quote_ident(nspname))+1)) > 1
	UNION
	SELECT pg_catalog.quote_ident(n.nspname) || '.' || pg_catalog.quote_ident(c.relname) FROM pg_catalog.pg_class c, pg_catalog.pg_namespace n WHERE c.relnamespace = n.oid AND c.relkind IN ('r', 'f', 'v', 'p') AND substring(pg_catalog.quote_ident(n.nspname) || '.' || pg_catalog.quote_ident(c.relname),1,3)='cou' AND substring(pg_catalog.quote_ident(n.nspname) || '.',1,3) = substring('cou',1,pg_catalog.length(pg_catalog.quote_ident(n.nspname))+1) AND (SELECT pg_catalog.count(*) FROM pg_catalog.pg_namespace WHERE substring(pg_catalog.quote_ident(nspname) || '.',1,3) = substring('cou',1,pg_catalog.length(pg_catalog.quote_ident(nspname))+1)) = 1
	LIMIT 1000
2022-04-18 14:52:25.889 UTC [166] ERROR:  syntax error at or near "value" at character 23
2022-04-18 14:52:25.889 UTC [166] STATEMENT:  insert into countries value ('france');
2022-04-18 14:52:52.356 UTC [166] LOG:  statement: insert into countries (name) values ('france');
2022-04-18 14:52:52.357 UTC [166] ERROR:  null value in column "id" violates not-null constraint
2022-04-18 14:52:52.357 UTC [166] DETAIL:  Failing row contains (null, france, null, null).
2022-04-18 14:52:52.357 UTC [166] STATEMENT:  insert into countries (name) values ('france');
2022-04-18 14:54:11.706 UTC [166] LOG:  statement: insert into countries (id, name) values (1, 'france');
2022-04-18 14:54:15.947 UTC [166] LOG:  statement: select * from countries;
2022-04-18 14:55:30.560 UTC [166] LOG:  statement: SELECT pg_catalog.quote_ident(c.relname) FROM pg_catalog.pg_class c WHERE c.relkind IN ('r', 'p') AND substring(pg_catalog.quote_ident(c.relname),1,2)='co' AND pg_catalog.pg_table_is_visible(c.oid) AND c.relnamespace <> (SELECT oid FROM pg_catalog.pg_namespace WHERE nspname = 'pg_catalog')
	UNION
	SELECT pg_catalog.quote_ident(n.nspname) || '.' FROM pg_catalog.pg_namespace n WHERE substring(pg_catalog.quote_ident(n.nspname) || '.',1,2)='co' AND (SELECT pg_catalog.count(*) FROM pg_catalog.pg_namespace WHERE substring(pg_catalog.quote_ident(nspname) || '.',1,2) = substring('co',1,pg_catalog.length(pg_catalog.quote_ident(nspname))+1)) > 1
	UNION
	SELECT pg_catalog.quote_ident(n.nspname) || '.' || pg_catalog.quote_ident(c.relname) FROM pg_catalog.pg_class c, pg_catalog.pg_namespace n WHERE c.relnamespace = n.oid AND c.relkind IN ('r', 'p') AND substring(pg_catalog.quote_ident(n.nspname) || '.' || pg_catalog.quote_ident(c.relname),1,2)='co' AND substring(pg_catalog.quote_ident(n.nspname) || '.',1,2) = substring('co',1,pg_catalog.length(pg_catalog.quote_ident(n.nspname))+1) AND (SELECT pg_catalog.count(*) FROM pg_catalog.pg_namespace WHERE substring(pg_catalog.quote_ident(nspname) || '.',1,2) = substring('co',1,pg_catalog.length(pg_catalog.quote_ident(nspname))+1)) = 1
	UNION SELECT 'ALL IN TABLESPACE'
	LIMIT 1000
2022-04-18 14:56:14.441 UTC [166] LOG:  statement: create sequence test_id_seq owned by countries.id;
2022-04-18 14:56:33.709 UTC [166] LOG:  statement: SELECT n.nspname as "Schema",
	  c.relname as "Name",
	  CASE c.relkind WHEN 'r' THEN 'table' WHEN 'v' THEN 'view' WHEN 'm' THEN 'materialized view' WHEN 'i' THEN 'index' WHEN 'S' THEN 'sequence' WHEN 's' THEN 'special' WHEN 'f' THEN 'foreign table' WHEN 'p' THEN 'table' END as "Type",
	  pg_catalog.pg_get_userbyid(c.relowner) as "Owner"
	FROM pg_catalog.pg_class c
	     LEFT JOIN pg_catalog.pg_namespace n ON n.oid = c.relnamespace
	WHERE c.relkind IN ('r','p','')
	      AND n.nspname <> 'pg_catalog'
	      AND n.nspname <> 'information_schema'
	      AND n.nspname !~ '^pg_toast'
	  AND pg_catalog.pg_table_is_visible(c.oid)
	ORDER BY 1,2;
2022-04-18 14:57:47.792 UTC [166] LOG:  statement: alter table test alter column id set default nextval('test_id_seq');
2022-04-18 14:57:47.793 UTC [166] ERROR:  relation "test" does not exist
2022-04-18 14:57:47.793 UTC [166] STATEMENT:  alter table test alter column id set default nextval('test_id_seq');
2022-04-18 14:57:59.582 UTC [166] LOG:  statement: SELECT pg_catalog.quote_ident(c.relname) FROM pg_catalog.pg_class c WHERE c.relkind IN ('r', 'p') AND substring(pg_catalog.quote_ident(c.relname),1,3)='cou' AND pg_catalog.pg_table_is_visible(c.oid) AND c.relnamespace <> (SELECT oid FROM pg_catalog.pg_namespace WHERE nspname = 'pg_catalog')
	UNION
	SELECT pg_catalog.quote_ident(n.nspname) || '.' FROM pg_catalog.pg_namespace n WHERE substring(pg_catalog.quote_ident(n.nspname) || '.',1,3)='cou' AND (SELECT pg_catalog.count(*) FROM pg_catalog.pg_namespace WHERE substring(pg_catalog.quote_ident(nspname) || '.',1,3) = substring('cou',1,pg_catalog.length(pg_catalog.quote_ident(nspname))+1)) > 1
	UNION
	SELECT pg_catalog.quote_ident(n.nspname) || '.' || pg_catalog.quote_ident(c.relname) FROM pg_catalog.pg_class c, pg_catalog.pg_namespace n WHERE c.relnamespace = n.oid AND c.relkind IN ('r', 'p') AND substring(pg_catalog.quote_ident(n.nspname) || '.' || pg_catalog.quote_ident(c.relname),1,3)='cou' AND substring(pg_catalog.quote_ident(n.nspname) || '.',1,3) = substring('cou',1,pg_catalog.length(pg_catalog.quote_ident(n.nspname))+1) AND (SELECT pg_catalog.count(*) FROM pg_catalog.pg_namespace WHERE substring(pg_catalog.quote_ident(nspname) || '.',1,3) = substring('cou',1,pg_catalog.length(pg_catalog.quote_ident(nspname))+1)) = 1
	UNION SELECT 'ALL IN TABLESPACE'
	LIMIT 1000
2022-04-18 14:58:02.754 UTC [166] LOG:  statement: alter table countries alter column id set default nextval('test_id_seq');
2022-04-18 14:58:13.039 UTC [166] LOG:  statement: SELECT pg_catalog.quote_ident(c.relname) FROM pg_catalog.pg_class c WHERE c.relkind IN ('r', 'f', 'v', 'p') AND substring(pg_catalog.quote_ident(c.relname),1,3)='cou' AND pg_catalog.pg_table_is_visible(c.oid) AND c.relnamespace <> (SELECT oid FROM pg_catalog.pg_namespace WHERE nspname = 'pg_catalog')
	UNION
	SELECT pg_catalog.quote_ident(n.nspname) || '.' FROM pg_catalog.pg_namespace n WHERE substring(pg_catalog.quote_ident(n.nspname) || '.',1,3)='cou' AND (SELECT pg_catalog.count(*) FROM pg_catalog.pg_namespace WHERE substring(pg_catalog.quote_ident(nspname) || '.',1,3) = substring('cou',1,pg_catalog.length(pg_catalog.quote_ident(nspname))+1)) > 1
	UNION
	SELECT pg_catalog.quote_ident(n.nspname) || '.' || pg_catalog.quote_ident(c.relname) FROM pg_catalog.pg_class c, pg_catalog.pg_namespace n WHERE c.relnamespace = n.oid AND c.relkind IN ('r', 'f', 'v', 'p') AND substring(pg_catalog.quote_ident(n.nspname) || '.' || pg_catalog.quote_ident(c.relname),1,3)='cou' AND substring(pg_catalog.quote_ident(n.nspname) || '.',1,3) = substring('cou',1,pg_catalog.length(pg_catalog.quote_ident(n.nspname))+1) AND (SELECT pg_catalog.count(*) FROM pg_catalog.pg_namespace WHERE substring(pg_catalog.quote_ident(nspname) || '.',1,3) = substring('cou',1,pg_catalog.length(pg_catalog.quote_ident(nspname))+1)) = 1
	LIMIT 1000
2022-04-18 14:58:28.504 UTC [166] LOG:  statement: update countries set id = nextval('test_id_seq');
2022-04-18 14:58:32.944 UTC [166] LOG:  statement: SELECT pg_catalog.quote_ident(c.relname) FROM pg_catalog.pg_class c WHERE c.relkind IN ('r', 'S', 'v', 'm', 'f', 'p') AND substring(pg_catalog.quote_ident(c.relname),1,2)='co' AND pg_catalog.pg_table_is_visible(c.oid) AND c.relnamespace <> (SELECT oid FROM pg_catalog.pg_namespace WHERE nspname = 'pg_catalog')
	UNION
	SELECT pg_catalog.quote_ident(n.nspname) || '.' FROM pg_catalog.pg_namespace n WHERE substring(pg_catalog.quote_ident(n.nspname) || '.',1,2)='co' AND (SELECT pg_catalog.count(*) FROM pg_catalog.pg_namespace WHERE substring(pg_catalog.quote_ident(nspname) || '.',1,2) = substring('co',1,pg_catalog.length(pg_catalog.quote_ident(nspname))+1)) > 1
	UNION
	SELECT pg_catalog.quote_ident(n.nspname) || '.' || pg_catalog.quote_ident(c.relname) FROM pg_catalog.pg_class c, pg_catalog.pg_namespace n WHERE c.relnamespace = n.oid AND c.relkind IN ('r', 'S', 'v', 'm', 'f', 'p') AND substring(pg_catalog.quote_ident(n.nspname) || '.' || pg_catalog.quote_ident(c.relname),1,2)='co' AND substring(pg_catalog.quote_ident(n.nspname) || '.',1,2) = substring('co',1,pg_catalog.length(pg_catalog.quote_ident(n.nspname))+1) AND (SELECT pg_catalog.count(*) FROM pg_catalog.pg_namespace WHERE substring(pg_catalog.quote_ident(nspname) || '.',1,2) = substring('co',1,pg_catalog.length(pg_catalog.quote_ident(nspname))+1)) = 1
	LIMIT 1000
2022-04-18 14:58:33.758 UTC [166] LOG:  statement: select * from countries;
2022-04-18 14:58:58.134 UTC [166] LOG:  statement: insert into countries (name) values ('Belgique');
2022-04-18 14:59:03.064 UTC [166] LOG:  statement: select * from countries;
2022-04-18 14:59:28.476 UTC [24] WARNING:  could not open statistics file "pg_stat_tmp/global.stat": Operation not permitted
2022-04-18 15:00:42.743 UTC [225] LOG:  execute pdo_stmt_00000001: SELECT CASE WHEN COUNT(*) > 0 THEN 1 ELSE 0 END FROM information_schema.tables WHERE table_schema = 'public' AND table_name='countries'
2022-04-18 15:00:42.744 UTC [225] LOG:  statement: DEALLOCATE pdo_stmt_00000001
2022-04-18 15:00:42.785 UTC [225] LOG:  execute pdo_stmt_00000002: SELECT DISTINCT c.column_name AS Field, c.data_type AS Type, c.character_maximum_length AS Size, c.numeric_precision AS NumericSize, c.numeric_scale AS NumericScale, c.is_nullable AS Null, CASE WHEN pkc.column_name NOTNULL THEN 'PRI' ELSE '' END AS Key, CASE WHEN c.data_type LIKE '%int%' AND c.column_default LIKE '%nextval%' THEN 'auto_increment' ELSE '' END AS Extra, c.ordinal_position AS Position, c.column_default FROM information_schema.columns c LEFT JOIN ( SELECT kcu.column_name, kcu.table_name, kcu.table_schema FROM information_schema.table_constraints tc INNER JOIN information_schema.key_column_usage kcu on (kcu.constraint_name = tc.constraint_name and kcu.table_name=tc.table_name and kcu.table_schema=tc.table_schema) WHERE tc.constraint_type='PRIMARY KEY') pkc ON (c.column_name=pkc.column_name AND c.table_schema = pkc.table_schema AND c.table_name=pkc.table_name) WHERE c.table_schema='public' AND c.table_name='countries' ORDER BY c.ordinal_position
2022-04-18 15:00:42.787 UTC [225] LOG:  statement: DEALLOCATE pdo_stmt_00000002
2022-04-18 15:00:42.793 UTC [225] LOG:  execute pdo_stmt_00000003: INSERT INTO "public"."countries" ("name", "created_on", "updated_on", "id") VALUES ($1, DEFAULT, DEFAULT, DEFAULT)
2022-04-18 15:00:42.793 UTC [225] DETAIL:  parameters: $1 = 'Suisse'
2022-04-18 15:00:42.797 UTC [225] LOG:  statement: DEALLOCATE pdo_stmt_00000003
2022-04-18 15:00:42.800 UTC [225] ERROR:  relation "public.countries_id_seq" does not exist
2022-04-18 15:00:42.800 UTC [225] STATEMENT:  SELECT CURRVAL($1)
2022-04-18 15:01:43.172 UTC [166] LOG:  statement: SELECT n.nspname as "Schema",
	  c.relname as "Name",
	  CASE c.relkind WHEN 'r' THEN 'table' WHEN 'v' THEN 'view' WHEN 'm' THEN 'materialized view' WHEN 'i' THEN 'index' WHEN 'S' THEN 'sequence' WHEN 's' THEN 'special' WHEN 'f' THEN 'foreign table' WHEN 'p' THEN 'table' END as "Type",
	  pg_catalog.pg_get_userbyid(c.relowner) as "Owner"
	FROM pg_catalog.pg_class c
	     LEFT JOIN pg_catalog.pg_namespace n ON n.oid = c.relnamespace
	WHERE c.relkind IN ('r','p','')
	      AND n.nspname <> 'pg_catalog'
	      AND n.nspname <> 'information_schema'
	      AND n.nspname !~ '^pg_toast'
	  AND pg_catalog.pg_table_is_visible(c.oid)
	ORDER BY 1,2;
2022-04-18 15:02:08.173 UTC [166] LOG:  statement: select * from countries;
2022-04-18 15:03:24.488 UTC [166] LOG:  statement: SELECT n.nspname as "Schema",
	  c.relname as "Name",
	  CASE c.relkind WHEN 'r' THEN 'table' WHEN 'v' THEN 'view' WHEN 'm' THEN 'materialized view' WHEN 'i' THEN 'index' WHEN 'S' THEN 'sequence' WHEN 's' THEN 'special' WHEN 'f' THEN 'foreign table' WHEN 'p' THEN 'table' END as "Type",
	  pg_catalog.pg_get_userbyid(c.relowner) as "Owner"
	FROM pg_catalog.pg_class c
	     LEFT JOIN pg_catalog.pg_namespace n ON n.oid = c.relnamespace
	WHERE c.relkind IN ('r','p','')
	      AND n.nspname <> 'pg_catalog'
	      AND n.nspname <> 'information_schema'
	      AND n.nspname !~ '^pg_toast'
	  AND pg_catalog.pg_table_is_visible(c.oid)
	ORDER BY 1,2;
2022-04-18 15:04:36.913 UTC [236] LOG:  execute pdo_stmt_00000001: SELECT CASE WHEN COUNT(*) > 0 THEN 1 ELSE 0 END FROM information_schema.tables WHERE table_schema = 'public' AND table_name='countries'
2022-04-18 15:04:36.914 UTC [236] LOG:  statement: DEALLOCATE pdo_stmt_00000001
2022-04-18 15:04:36.944 UTC [236] LOG:  execute pdo_stmt_00000002: SELECT DISTINCT c.column_name AS Field, c.data_type AS Type, c.character_maximum_length AS Size, c.numeric_precision AS NumericSize, c.numeric_scale AS NumericScale, c.is_nullable AS Null, CASE WHEN pkc.column_name NOTNULL THEN 'PRI' ELSE '' END AS Key, CASE WHEN c.data_type LIKE '%int%' AND c.column_default LIKE '%nextval%' THEN 'auto_increment' ELSE '' END AS Extra, c.ordinal_position AS Position, c.column_default FROM information_schema.columns c LEFT JOIN ( SELECT kcu.column_name, kcu.table_name, kcu.table_schema FROM information_schema.table_constraints tc INNER JOIN information_schema.key_column_usage kcu on (kcu.constraint_name = tc.constraint_name and kcu.table_name=tc.table_name and kcu.table_schema=tc.table_schema) WHERE tc.constraint_type='PRIMARY KEY') pkc ON (c.column_name=pkc.column_name AND c.table_schema = pkc.table_schema AND c.table_name=pkc.table_name) WHERE c.table_schema='public' AND c.table_name='countries' ORDER BY c.ordinal_position
2022-04-18 15:04:36.947 UTC [236] LOG:  statement: DEALLOCATE pdo_stmt_00000002
2022-04-18 15:04:36.950 UTC [236] LOG:  execute pdo_stmt_00000003: INSERT INTO "public"."countries" ("name", "created_on", "updated_on", "id") VALUES ($1, DEFAULT, DEFAULT, DEFAULT)
2022-04-18 15:04:36.950 UTC [236] DETAIL:  parameters: $1 = 'Maroc'
2022-04-18 15:04:36.955 UTC [236] LOG:  statement: DEALLOCATE pdo_stmt_00000003
2022-04-18 15:04:36.955 UTC [236] ERROR:  relation "public.countries_id_seq" does not exist
2022-04-18 15:04:36.955 UTC [236] STATEMENT:  SELECT CURRVAL($1)
2022-04-18 15:04:42.181 UTC [166] LOG:  statement: select * from countries;
2022-04-18 15:05:28.665 UTC [24] WARNING:  could not open statistics file "pg_stat_tmp/global.stat": Operation not permitted
2022-04-18 15:08:00.642 UTC [166] LOG:  statement: create sequence countries_id_seq owned by countries.id;
2022-04-18 15:08:52.288 UTC [166] LOG:  statement: alter table countries alter column id set default nextval('countries_id_seq');
2022-04-18 15:09:00.440 UTC [166] LOG:  statement: SELECT pg_catalog.quote_ident(c.relname) FROM pg_catalog.pg_class c WHERE c.relkind IN ('r', 'f', 'v', 'p') AND substring(pg_catalog.quote_ident(c.relname),1,3)='cou' AND pg_catalog.pg_table_is_visible(c.oid) AND c.relnamespace <> (SELECT oid FROM pg_catalog.pg_namespace WHERE nspname = 'pg_catalog')
	UNION
	SELECT pg_catalog.quote_ident(n.nspname) || '.' FROM pg_catalog.pg_namespace n WHERE substring(pg_catalog.quote_ident(n.nspname) || '.',1,3)='cou' AND (SELECT pg_catalog.count(*) FROM pg_catalog.pg_namespace WHERE substring(pg_catalog.quote_ident(nspname) || '.',1,3) = substring('cou',1,pg_catalog.length(pg_catalog.quote_ident(nspname))+1)) > 1
	UNION
	SELECT pg_catalog.quote_ident(n.nspname) || '.' || pg_catalog.quote_ident(c.relname) FROM pg_catalog.pg_class c, pg_catalog.pg_namespace n WHERE c.relnamespace = n.oid AND c.relkind IN ('r', 'f', 'v', 'p') AND substring(pg_catalog.quote_ident(n.nspname) || '.' || pg_catalog.quote_ident(c.relname),1,3)='cou' AND substring(pg_catalog.quote_ident(n.nspname) || '.',1,3) = substring('cou',1,pg_catalog.length(pg_catalog.quote_ident(n.nspname))+1) AND (SELECT pg_catalog.count(*) FROM pg_catalog.pg_namespace WHERE substring(pg_catalog.quote_ident(nspname) || '.',1,3) = substring('cou',1,pg_catalog.length(pg_catalog.quote_ident(nspname))+1)) = 1
	LIMIT 1000
2022-04-18 15:09:18.198 UTC [166] LOG:  statement: update countries set id = nextval('countries_id_seq');
2022-04-18 15:09:28.144 UTC [246] LOG:  execute pdo_stmt_00000001: SELECT CASE WHEN COUNT(*) > 0 THEN 1 ELSE 0 END FROM information_schema.tables WHERE table_schema = 'public' AND table_name='countries'
2022-04-18 15:09:28.144 UTC [246] LOG:  statement: DEALLOCATE pdo_stmt_00000001
2022-04-18 15:09:28.179 UTC [246] LOG:  execute pdo_stmt_00000002: SELECT DISTINCT c.column_name AS Field, c.data_type AS Type, c.character_maximum_length AS Size, c.numeric_precision AS NumericSize, c.numeric_scale AS NumericScale, c.is_nullable AS Null, CASE WHEN pkc.column_name NOTNULL THEN 'PRI' ELSE '' END AS Key, CASE WHEN c.data_type LIKE '%int%' AND c.column_default LIKE '%nextval%' THEN 'auto_increment' ELSE '' END AS Extra, c.ordinal_position AS Position, c.column_default FROM information_schema.columns c LEFT JOIN ( SELECT kcu.column_name, kcu.table_name, kcu.table_schema FROM information_schema.table_constraints tc INNER JOIN information_schema.key_column_usage kcu on (kcu.constraint_name = tc.constraint_name and kcu.table_name=tc.table_name and kcu.table_schema=tc.table_schema) WHERE tc.constraint_type='PRIMARY KEY') pkc ON (c.column_name=pkc.column_name AND c.table_schema = pkc.table_schema AND c.table_name=pkc.table_name) WHERE c.table_schema='public' AND c.table_name='countries' ORDER BY c.ordinal_position
2022-04-18 15:09:28.182 UTC [246] LOG:  statement: DEALLOCATE pdo_stmt_00000002
2022-04-18 15:09:28.183 UTC [246] LOG:  execute pdo_stmt_00000003: INSERT INTO "public"."countries" ("name", "created_on", "updated_on", "id") VALUES ($1, DEFAULT, DEFAULT, DEFAULT)
2022-04-18 15:09:28.183 UTC [246] DETAIL:  parameters: $1 = 'Tunisie'
2022-04-18 15:09:28.188 UTC [246] LOG:  statement: DEALLOCATE pdo_stmt_00000003
2022-04-18 15:09:28.189 UTC [246] LOG:  execute <unnamed>: SELECT CURRVAL($1)
2022-04-18 15:09:28.189 UTC [246] DETAIL:  parameters: $1 = 'countries_id_seq'
2022-04-18 15:09:33.167 UTC [166] LOG:  statement: select * from countries;
2022-04-18 15:17:59.720 UTC [24] WARNING:  could not open statistics file "pg_stat_tmp/global.stat": Operation not permitted
2022-04-18 15:20:19.447 UTC [166] LOG:  statement: select * from countries;
2022-04-18 15:26:44.151 UTC [1] LOG:  received smart shutdown request
2022-04-18 15:26:44.163 UTC [1] LOG:  worker process: logical replication launcher (PID 26) exited with exit code 1
2022-04-18 15:26:44.163 UTC [21] LOG:  shutting down
2022-04-18 15:26:44.310 UTC [1] LOG:  database system is shut down
