2022-04-15 00:18:49.265 UTC [419] WARNING:  could not open statistics file "pg_stat_tmp/global.stat": Operation not permitted
2022-04-15 01:21:54.056 UTC [482] WARNING:  could not open statistics file "pg_stat_tmp/global.stat": Operation not permitted
2022-04-15 01:38:55.191 UTC [24] WARNING:  could not open statistics file "pg_stat_tmp/global.stat": Operation not permitted
2022-04-15 01:47:55.787 UTC [24] WARNING:  could not open statistics file "pg_stat_tmp/global.stat": Operation not permitted
2022-04-15 01:57:13.275 UTC [518] LOG:  execute pdo_stmt_00000001: SELECT CASE WHEN COUNT(*) > 0 THEN 1 ELSE 0 END FROM information_schema.tables WHERE table_schema = 'public' AND table_name='users'
2022-04-15 01:57:13.276 UTC [518] LOG:  statement: DEALLOCATE pdo_stmt_00000001
2022-04-15 01:57:13.333 UTC [518] LOG:  execute pdo_stmt_00000002: SELECT DISTINCT c.column_name AS Field, c.data_type AS Type, c.character_maximum_length AS Size, c.numeric_precision AS NumericSize, c.numeric_scale AS NumericScale, c.is_nullable AS Null, CASE WHEN pkc.column_name NOTNULL THEN 'PRI' ELSE '' END AS Key, CASE WHEN c.data_type LIKE '%int%' AND c.column_default LIKE '%nextval%' THEN 'auto_increment' ELSE '' END AS Extra, c.ordinal_position AS Position, c.column_default FROM information_schema.columns c LEFT JOIN ( SELECT kcu.column_name, kcu.table_name, kcu.table_schema FROM information_schema.table_constraints tc INNER JOIN information_schema.key_column_usage kcu on (kcu.constraint_name = tc.constraint_name and kcu.table_name=tc.table_name and kcu.table_schema=tc.table_schema) WHERE tc.constraint_type='PRIMARY KEY') pkc ON (c.column_name=pkc.column_name AND c.table_schema = pkc.table_schema AND c.table_name=pkc.table_name) WHERE c.table_schema='public' AND c.table_name='users' ORDER BY c.ordinal_position
2022-04-15 01:57:13.337 UTC [518] LOG:  statement: DEALLOCATE pdo_stmt_00000002
2022-04-15 01:57:13.345 UTC [518] LOG:  execute pdo_stmt_00000003: SELECT "users"."id", "users"."firstname", "users"."lastname", "users"."email", "users"."password" FROM "public"."users"
2022-04-15 01:57:13.355 UTC [518] LOG:  statement: DEALLOCATE pdo_stmt_00000003
2022-04-15 01:57:15.784 UTC [519] LOG:  execute pdo_stmt_00000001: SELECT CASE WHEN COUNT(*) > 0 THEN 1 ELSE 0 END FROM information_schema.tables WHERE table_schema = 'public' AND table_name='users'
2022-04-15 01:57:15.785 UTC [519] LOG:  statement: DEALLOCATE pdo_stmt_00000001
2022-04-15 01:57:15.826 UTC [519] LOG:  execute pdo_stmt_00000002: SELECT DISTINCT c.column_name AS Field, c.data_type AS Type, c.character_maximum_length AS Size, c.numeric_precision AS NumericSize, c.numeric_scale AS NumericScale, c.is_nullable AS Null, CASE WHEN pkc.column_name NOTNULL THEN 'PRI' ELSE '' END AS Key, CASE WHEN c.data_type LIKE '%int%' AND c.column_default LIKE '%nextval%' THEN 'auto_increment' ELSE '' END AS Extra, c.ordinal_position AS Position, c.column_default FROM information_schema.columns c LEFT JOIN ( SELECT kcu.column_name, kcu.table_name, kcu.table_schema FROM information_schema.table_constraints tc INNER JOIN information_schema.key_column_usage kcu on (kcu.constraint_name = tc.constraint_name and kcu.table_name=tc.table_name and kcu.table_schema=tc.table_schema) WHERE tc.constraint_type='PRIMARY KEY') pkc ON (c.column_name=pkc.column_name AND c.table_schema = pkc.table_schema AND c.table_name=pkc.table_name) WHERE c.table_schema='public' AND c.table_name='users' ORDER BY c.ordinal_position
2022-04-15 01:57:15.830 UTC [519] LOG:  statement: DEALLOCATE pdo_stmt_00000002
2022-04-15 01:57:15.836 UTC [519] LOG:  execute pdo_stmt_00000003: SELECT "users"."id", "users"."firstname", "users"."lastname", "users"."email", "users"."password" FROM "public"."users"
2022-04-15 01:57:15.845 UTC [519] LOG:  statement: DEALLOCATE pdo_stmt_00000003
2022-04-15 02:03:55.192 UTC [526] LOG:  execute <unnamed>: SET extra_float_digits = 3
2022-04-15 02:03:55.196 UTC [526] LOG:  execute <unnamed>: SET application_name = 'PostgreSQL JDBC Driver'
2022-04-15 02:03:55.222 UTC [526] LOG:  execute <unnamed>: SET application_name = 'DBeaver 22.0.2 - Main <phalcon>'
2022-04-15 02:03:55.244 UTC [526] LOG:  execute <unnamed>: SELECT current_schema(),session_user
2022-04-15 02:03:55.293 UTC [526] LOG:  execute <unnamed>: SELECT n.oid,n.*,d.description FROM pg_catalog.pg_namespace n
	LEFT OUTER JOIN pg_catalog.pg_description d ON d.objoid=n.oid AND d.objsubid=0 AND d.classoid='pg_namespace'::regclass
	 ORDER BY nspname
2022-04-15 02:03:55.337 UTC [526] LOG:  execute <unnamed>: SELECT n.nspname = ANY(current_schemas(true)), n.nspname, t.typname FROM pg_catalog.pg_type t JOIN pg_catalog.pg_namespace n ON t.typnamespace = n.oid WHERE t.oid = $1
2022-04-15 02:03:55.337 UTC [526] DETAIL:  parameters: $1 = '1034'
2022-04-15 02:03:55.344 UTC [526] LOG:  execute <unnamed>: SELECT typinput='array_in'::regproc as is_array, typtype, typname   FROM pg_catalog.pg_type   LEFT JOIN (select ns.oid as nspoid, ns.nspname, r.r           from pg_namespace as ns           join ( select s.r, (current_schemas(false))[s.r] as nspname                    from generate_series(1, array_upper(current_schemas(false), 1)) as s(r) ) as r          using ( nspname )        ) as sp     ON sp.nspoid = typnamespace  WHERE typname = $1  ORDER BY sp.r, pg_type.oid DESC
2022-04-15 02:03:55.344 UTC [526] DETAIL:  parameters: $1 = '_aclitem'
2022-04-15 02:03:55.353 UTC [526] LOG:  execute <unnamed>: SHOW search_path
2022-04-15 02:03:55.386 UTC [527] LOG:  execute <unnamed>: SET extra_float_digits = 3
2022-04-15 02:03:55.389 UTC [527] LOG:  execute <unnamed>: SET application_name = 'PostgreSQL JDBC Driver'
2022-04-15 02:03:55.392 UTC [527] LOG:  execute <unnamed>: SET application_name = 'DBeaver 22.0.2 - Metadata <phalcon>'
2022-04-15 02:03:55.395 UTC [527] LOG:  execute <unnamed>: SELECT current_schema(),session_user
2022-04-15 02:03:55.398 UTC [527] LOG:  execute <unnamed>: SHOW search_path
2022-04-15 02:03:55.411 UTC [527] LOG:  execute <unnamed>: SELECT db.oid,db.* FROM pg_catalog.pg_database db WHERE datname=$1
2022-04-15 02:03:55.411 UTC [527] DETAIL:  parameters: $1 = 'phalcon'
2022-04-15 02:03:55.430 UTC [527] LOG:  execute <unnamed>: select * from pg_catalog.pg_settings where name=$1
2022-04-15 02:03:55.430 UTC [527] DETAIL:  parameters: $1 = 'standard_conforming_strings'
2022-04-15 02:03:55.463 UTC [527] LOG:  execute <unnamed>: select string_agg(word, ',') from pg_catalog.pg_get_keywords() where word <> ALL ('{a,abs,absolute,action,ada,add,admin,after,all,allocate,alter,always,and,any,are,array,as,asc,asensitive,assertion,assignment,asymmetric,at,atomic,attribute,attributes,authorization,avg,before,begin,bernoulli,between,bigint,binary,blob,boolean,both,breadth,by,c,call,called,cardinality,cascade,cascaded,case,cast,catalog,catalog_name,ceil,ceiling,chain,char,char_length,character,character_length,character_set_catalog,character_set_name,character_set_schema,characteristics,characters,check,checked,class_origin,clob,close,coalesce,cobol,code_units,collate,collation,collation_catalog,collation_name,collation_schema,collect,column,column_name,command_function,command_function_code,commit,committed,condition,condition_number,connect,connection_name,constraint,constraint_catalog,constraint_name,constraint_schema,constraints,constructors,contains,continue,convert,corr,corresponding,count,covar_pop,covar_samp,create,cross,cube,cume_dist,current,current_collation,current_date,current_default_transform_group,current_path,current_role,current_time,current_timestamp,current_transform_group_for_type,current_user,cursor,cursor_name,cycle,data,date,datetime_interval_code,datetime_interval_precision,day,deallocate,dec,decimal,declare,default,defaults,deferrable,deferred,defined,definer,degree,delete,dense_rank,depth,deref,derived,desc,describe,descriptor,deterministic,diagnostics,disconnect,dispatch,distinct,domain,double,drop,dynamic,dynamic_function,dynamic_function_code,each,element,else,end,end-exec,equals,escape,every,except,exception,exclude,excluding,exec,execute,exists,exp,external,extract,false,fetch,filter,final,first,float,floor,following,for,foreign,fortran,found,free,from,full,function,fusion,g,general,get,global,go,goto,grant,granted,group,grouping,having,hierarchy,hold,hour,identity,immediate,implementation,in,including,increment,indicator,initially,inner,inout,input,insensitive,insert,instance,instantiable,int,integer,intersect,intersection,interval,into,invoker,is,isolation,join,k,key,key_member,key_type,language,large,last,lateral,leading,left,length,level,like,ln,local,localtime,localtimestamp,locator,lower,m,map,match,matched,max,maxvalue,member,merge,message_length,message_octet_length,message_text,method,min,minute,minvalue,mod,modifies,module,month,more,multiset,mumps,name,names,national,natural,nchar,nclob,nesting,new,next,no,none,normalize,normalized,not,"null",nullable,nullif,nulls,number,numeric,object,octet_length,octets,of,old,on,only,open,option,options,or,order,ordering,ordinality,others,out,outer,output,over,overlaps,overlay,overriding,pad,parameter,parameter_mode,parameter_name,parameter_ordinal_position,parameter_specific_catalog,parameter_specific_name,parameter_specific_schema,partial,partition,pascal,path,percent_rank,percentile_cont,percentile_disc,placing,pli,position,power,preceding,precision,prepare,preserve,primary,prior,privileges,procedure,public,range,rank,read,reads,real,recursive,ref,references,referencing,regr_avgx,regr_avgy,regr_count,regr_intercept,regr_r2,regr_slope,regr_sxx,regr_sxy,regr_syy,relative,release,repeatable,restart,result,return,returned_cardinality,returned_length,returned_octet_length,returned_sqlstate,returns,revoke,right,role,rollback,rollup,routine,routine_catalog,routine_name,routine_schema,row,row_count,row_number,rows,savepoint,scale,schema,schema_name,scope_catalog,scope_name,scope_schema,scroll,search,second,section,security,select,self,sensitive,sequence,serializable,server_name,session,session_user,set,sets,similar,simple,size,smallint,some,source,space,specific,specific_name,specifictype,sql,sqlexception,sqlstate,sqlwarning,sqrt,start,state,statement,static,stddev_pop,stddev_samp,structure,style,subclass_origin,submultiset,substring,sum,symmetric,system,system_user,table,table_name,tablesample,temporary,then,ties,time,timestamp,timezone_hour,timezone_minute,to,top_level_count,trailing,transaction,transaction_active,transactions_committed,transactions_rolled_back,transform,transforms,translate,translation,treat,trigger,trigger_catalog,trigger_name,trigger_schema,trim,true,type,uescape,unbounded,uncommitted,under,union,unique,unknown,unnamed,unnest,update,upper,usage,user,user_defined_type_catalog,user_defined_type_code,user_defined_type_name,user_defined_type_schema,using,value,values,var_pop,var_samp,varchar,varying,view,when,whenever,where,width_bucket,window,with,within,without,work,write,year,zone}'::text[])
2022-04-15 02:03:55.486 UTC [527] LOG:  execute <unnamed>: SELECT version()
2022-04-15 02:03:55.506 UTC [527] LOG:  execute <unnamed>: SELECT t.oid,t.*,c.relkind,format_type(nullif(t.typbasetype, 0), t.typtypmod) as base_type_name, d.description
	FROM pg_catalog.pg_type t
	LEFT OUTER JOIN pg_catalog.pg_type et ON et.oid=t.typelem 
	LEFT OUTER JOIN pg_catalog.pg_class c ON c.oid=t.typrelid
	LEFT OUTER JOIN pg_catalog.pg_description d ON t.oid=d.objoid
	WHERE t.typname IS NOT NULL
	AND (c.relkind IS NULL OR c.relkind = 'c') AND (et.typcategory IS NULL OR et.typcategory <> 'C')
2022-04-15 02:03:55.872 UTC [528] LOG:  execute <unnamed>: SET extra_float_digits = 3
2022-04-15 02:03:55.875 UTC [528] LOG:  execute <unnamed>: SET application_name = 'PostgreSQL JDBC Driver'
2022-04-15 02:03:55.878 UTC [528] LOG:  execute <unnamed>: SET application_name = 'DBeaver 22.0.2 - SQLEditor <Script-2.sql>'
2022-04-15 02:03:55.882 UTC [528] LOG:  execute <unnamed>: SELECT current_schema(),session_user
2022-04-15 02:03:55.884 UTC [528] LOG:  execute <unnamed>: SHOW search_path
2022-04-15 02:03:55.890 UTC [528] LOG:  execute <unnamed>: SET search_path = public,public,"$user"
2022-04-15 02:03:59.017 UTC [528] LOG:  execute <unnamed>: select * from users
2022-04-15 02:03:59.071 UTC [528] LOG:  execute <unnamed>: SELECT c.oid, a.attnum, a.attname, c.relname, n.nspname, a.attnotnull OR (t.typtype = 'd' AND t.typnotnull), a.attidentity != '' OR pg_catalog.pg_get_expr(d.adbin, d.adrelid) LIKE '%nextval(%' FROM pg_catalog.pg_class c JOIN pg_catalog.pg_namespace n ON (c.relnamespace = n.oid) JOIN pg_catalog.pg_attribute a ON (c.oid = a.attrelid) JOIN pg_catalog.pg_type t ON (a.atttypid = t.oid) LEFT JOIN pg_catalog.pg_attrdef d ON (d.adrelid = a.attrelid AND d.adnum = a.attnum) JOIN (SELECT 24578 AS oid , 1 AS attnum UNION ALL SELECT 24578, 2 UNION ALL SELECT 24578, 3 UNION ALL SELECT 24578, 4 UNION ALL SELECT 24578, 5) vals ON (c.oid = vals.oid AND a.attnum = vals.attnum) 
2022-04-15 02:03:59.097 UTC [527] LOG:  execute <unnamed>: SELECT c.oid,c.*,d.description,pg_catalog.pg_get_expr(c.relpartbound, c.oid) as partition_expr,  pg_catalog.pg_get_partkeydef(c.oid) as partition_key 
	FROM pg_catalog.pg_class c
	LEFT OUTER JOIN pg_catalog.pg_description d ON d.objoid=c.oid AND d.objsubid=0 AND d.classoid='pg_class'::regclass
	WHERE c.relnamespace=$1 AND c.relkind not in ('i','I','c') AND relname=$2
2022-04-15 02:03:59.097 UTC [527] DETAIL:  parameters: $1 = '2200', $2 = 'users'
2022-04-15 02:03:59.124 UTC [527] LOG:  execute <unnamed>: SELECT c.relname,a.*,pg_catalog.pg_get_expr(ad.adbin, ad.adrelid, true) as def_value,dsc.description
	FROM pg_catalog.pg_attribute a
	INNER JOIN pg_catalog.pg_class c ON (a.attrelid=c.oid)
	LEFT OUTER JOIN pg_catalog.pg_attrdef ad ON (a.attrelid=ad.adrelid AND a.attnum = ad.adnum)
	LEFT OUTER JOIN pg_catalog.pg_description dsc ON (c.oid=dsc.objoid AND a.attnum = dsc.objsubid)
	WHERE NOT a.attisdropped AND c.oid=$1 ORDER BY a.attnum
2022-04-15 02:03:59.124 UTC [527] DETAIL:  parameters: $1 = '24578'
2022-04-15 02:03:59.144 UTC [527] LOG:  execute <unnamed>: SELECT i.*,i.indkey as keys,c.relname,c.relnamespace,c.relam,c.reltablespace,tc.relname as tabrelname,dsc.description,pg_catalog.pg_get_expr(i.indpred, i.indrelid) as pred_expr,pg_catalog.pg_get_expr(i.indexprs, i.indrelid, true) as expr,pg_catalog.pg_relation_size(i.indexrelid) as index_rel_size,pg_catalog.pg_stat_get_numscans(i.indexrelid) as index_num_scans
	FROM pg_catalog.pg_index i
	INNER JOIN pg_catalog.pg_class c ON c.oid=i.indexrelid
	INNER JOIN pg_catalog.pg_class tc ON tc.oid=i.indrelid
	LEFT OUTER JOIN pg_catalog.pg_description dsc ON i.indexrelid=dsc.objoid
	WHERE  i.indrelid=$1 ORDER BY c.relname
2022-04-15 02:03:59.144 UTC [527] DETAIL:  parameters: $1 = '24578'
2022-04-15 02:03:59.288 UTC [527] LOG:  execute <unnamed>: SELECT c.oid,c.*,t.relname as tabrelname,rt.relnamespace as refnamespace,d.description, null as consrc_copy
	FROM pg_catalog.pg_constraint c
	INNER JOIN pg_catalog.pg_class t ON t.oid=c.conrelid
	LEFT OUTER JOIN pg_catalog.pg_class rt ON rt.oid=c.confrelid
	LEFT OUTER JOIN pg_catalog.pg_description d ON d.objoid=c.oid AND d.objsubid=0 AND d.classoid='pg_constraint'::regclass
	WHERE c.conrelid=$1
	ORDER BY c.oid
2022-04-15 02:03:59.288 UTC [527] DETAIL:  parameters: $1 = '24578'
2022-04-15 02:03:59.304 UTC [527] LOG:  execute <unnamed>: SELECT n.nspname = ANY(current_schemas(true)), n.nspname, t.typname FROM pg_catalog.pg_type t JOIN pg_catalog.pg_namespace n ON t.typnamespace = n.oid WHERE t.oid = $1
2022-04-15 02:03:59.304 UTC [527] DETAIL:  parameters: $1 = '22'
2022-04-15 02:03:59.315 UTC [527] LOG:  execute <unnamed>: SELECT typinput='array_in'::regproc as is_array, typtype, typname   FROM pg_catalog.pg_type   LEFT JOIN (select ns.oid as nspoid, ns.nspname, r.r           from pg_namespace as ns           join ( select s.r, (current_schemas(false))[s.r] as nspname                    from generate_series(1, array_upper(current_schemas(false), 1)) as s(r) ) as r          using ( nspname )        ) as sp     ON sp.nspoid = typnamespace  WHERE typname = $1  ORDER BY sp.r, pg_type.oid DESC
2022-04-15 02:03:59.315 UTC [527] DETAIL:  parameters: $1 = 'int2vector'
2022-04-15 02:03:59.319 UTC [527] LOG:  execute <unnamed>: SELECT n.nspname = ANY(current_schemas(true)), n.nspname, t.typname FROM pg_catalog.pg_type t JOIN pg_catalog.pg_namespace n ON t.typnamespace = n.oid WHERE t.oid = $1
2022-04-15 02:03:59.319 UTC [527] DETAIL:  parameters: $1 = '30'
2022-04-15 02:03:59.322 UTC [527] LOG:  execute <unnamed>: SELECT typinput='array_in'::regproc as is_array, typtype, typname   FROM pg_catalog.pg_type   LEFT JOIN (select ns.oid as nspoid, ns.nspname, r.r           from pg_namespace as ns           join ( select s.r, (current_schemas(false))[s.r] as nspname                    from generate_series(1, array_upper(current_schemas(false), 1)) as s(r) ) as r          using ( nspname )        ) as sp     ON sp.nspoid = typnamespace  WHERE typname = $1  ORDER BY sp.r, pg_type.oid DESC
2022-04-15 02:03:59.322 UTC [527] DETAIL:  parameters: $1 = 'oidvector'
2022-04-15 02:03:59.345 UTC [527] LOG:  execute <unnamed>: SELECT am.oid,am.* FROM pg_catalog.pg_am am 
	ORDER BY am.oid
2022-04-15 02:03:59.374 UTC [527] LOG:  execute <unnamed>: SELECT i.*,c.relnamespace FROM pg_catalog.pg_inherits i,pg_catalog.pg_class c WHERE i.inhrelid=$1 AND c.oid=i.inhparent ORDER BY i.inhseqno
2022-04-15 02:03:59.374 UTC [527] DETAIL:  parameters: $1 = '24578'
2022-04-15 02:03:59.746 UTC [528] LOG:  execute <unnamed>: SELECT current_schema(),session_user
2022-04-15 02:03:59.754 UTC [528] LOG:  execute <unnamed>: SHOW search_path
2022-04-15 02:14:05.582 UTC [540] LOG:  execute pdo_stmt_00000001: SELECT CASE WHEN COUNT(*) > 0 THEN 1 ELSE 0 END FROM information_schema.tables WHERE table_schema = 'public' AND table_name='users'
2022-04-15 02:14:05.583 UTC [540] LOG:  statement: DEALLOCATE pdo_stmt_00000001
2022-04-15 02:14:05.621 UTC [540] LOG:  execute pdo_stmt_00000002: SELECT DISTINCT c.column_name AS Field, c.data_type AS Type, c.character_maximum_length AS Size, c.numeric_precision AS NumericSize, c.numeric_scale AS NumericScale, c.is_nullable AS Null, CASE WHEN pkc.column_name NOTNULL THEN 'PRI' ELSE '' END AS Key, CASE WHEN c.data_type LIKE '%int%' AND c.column_default LIKE '%nextval%' THEN 'auto_increment' ELSE '' END AS Extra, c.ordinal_position AS Position, c.column_default FROM information_schema.columns c LEFT JOIN ( SELECT kcu.column_name, kcu.table_name, kcu.table_schema FROM information_schema.table_constraints tc INNER JOIN information_schema.key_column_usage kcu on (kcu.constraint_name = tc.constraint_name and kcu.table_name=tc.table_name and kcu.table_schema=tc.table_schema) WHERE tc.constraint_type='PRIMARY KEY') pkc ON (c.column_name=pkc.column_name AND c.table_schema = pkc.table_schema AND c.table_name=pkc.table_name) WHERE c.table_schema='public' AND c.table_name='users' ORDER BY c.ordinal_position
2022-04-15 02:14:05.627 UTC [540] LOG:  statement: DEALLOCATE pdo_stmt_00000002
2022-04-15 02:14:05.631 UTC [540] LOG:  execute pdo_stmt_00000003: SELECT "users"."id", "users"."firstname", "users"."lastname", "users"."email", "users"."password" FROM "public"."users" WHERE "users"."id" = 56 LIMIT $1
2022-04-15 02:14:05.631 UTC [540] DETAIL:  parameters: $1 = '1'
2022-04-15 02:14:05.631 UTC [540] LOG:  statement: DEALLOCATE pdo_stmt_00000003
2022-04-15 02:15:14.431 UTC [542] LOG:  execute pdo_stmt_00000001: SELECT CASE WHEN COUNT(*) > 0 THEN 1 ELSE 0 END FROM information_schema.tables WHERE table_schema = 'public' AND table_name='users'
2022-04-15 02:15:14.432 UTC [542] LOG:  statement: DEALLOCATE pdo_stmt_00000001
2022-04-15 02:15:14.474 UTC [542] LOG:  execute pdo_stmt_00000002: SELECT DISTINCT c.column_name AS Field, c.data_type AS Type, c.character_maximum_length AS Size, c.numeric_precision AS NumericSize, c.numeric_scale AS NumericScale, c.is_nullable AS Null, CASE WHEN pkc.column_name NOTNULL THEN 'PRI' ELSE '' END AS Key, CASE WHEN c.data_type LIKE '%int%' AND c.column_default LIKE '%nextval%' THEN 'auto_increment' ELSE '' END AS Extra, c.ordinal_position AS Position, c.column_default FROM information_schema.columns c LEFT JOIN ( SELECT kcu.column_name, kcu.table_name, kcu.table_schema FROM information_schema.table_constraints tc INNER JOIN information_schema.key_column_usage kcu on (kcu.constraint_name = tc.constraint_name and kcu.table_name=tc.table_name and kcu.table_schema=tc.table_schema) WHERE tc.constraint_type='PRIMARY KEY') pkc ON (c.column_name=pkc.column_name AND c.table_schema = pkc.table_schema AND c.table_name=pkc.table_name) WHERE c.table_schema='public' AND c.table_name='users' ORDER BY c.ordinal_position
2022-04-15 02:15:14.477 UTC [542] LOG:  statement: DEALLOCATE pdo_stmt_00000002
2022-04-15 02:15:14.482 UTC [542] LOG:  execute pdo_stmt_00000003: SELECT "users"."id", "users"."firstname", "users"."lastname", "users"."email", "users"."password" FROM "public"."users" WHERE "users"."id" = 56 LIMIT $1
2022-04-15 02:15:14.482 UTC [542] DETAIL:  parameters: $1 = '1'
2022-04-15 02:15:14.484 UTC [542] LOG:  statement: DEALLOCATE pdo_stmt_00000003
2022-04-15 02:15:24.817 UTC [543] LOG:  execute pdo_stmt_00000001: SELECT CASE WHEN COUNT(*) > 0 THEN 1 ELSE 0 END FROM information_schema.tables WHERE table_schema = 'public' AND table_name='users'
2022-04-15 02:15:24.817 UTC [543] LOG:  statement: DEALLOCATE pdo_stmt_00000001
2022-04-15 02:15:24.856 UTC [543] LOG:  execute pdo_stmt_00000002: SELECT DISTINCT c.column_name AS Field, c.data_type AS Type, c.character_maximum_length AS Size, c.numeric_precision AS NumericSize, c.numeric_scale AS NumericScale, c.is_nullable AS Null, CASE WHEN pkc.column_name NOTNULL THEN 'PRI' ELSE '' END AS Key, CASE WHEN c.data_type LIKE '%int%' AND c.column_default LIKE '%nextval%' THEN 'auto_increment' ELSE '' END AS Extra, c.ordinal_position AS Position, c.column_default FROM information_schema.columns c LEFT JOIN ( SELECT kcu.column_name, kcu.table_name, kcu.table_schema FROM information_schema.table_constraints tc INNER JOIN information_schema.key_column_usage kcu on (kcu.constraint_name = tc.constraint_name and kcu.table_name=tc.table_name and kcu.table_schema=tc.table_schema) WHERE tc.constraint_type='PRIMARY KEY') pkc ON (c.column_name=pkc.column_name AND c.table_schema = pkc.table_schema AND c.table_name=pkc.table_name) WHERE c.table_schema='public' AND c.table_name='users' ORDER BY c.ordinal_position
2022-04-15 02:15:24.861 UTC [543] LOG:  statement: DEALLOCATE pdo_stmt_00000002
2022-04-15 02:15:24.869 UTC [543] LOG:  execute pdo_stmt_00000003: SELECT "users"."id", "users"."firstname", "users"."lastname", "users"."email", "users"."password" FROM "public"."users" WHERE "users"."id" = 56 LIMIT $1
2022-04-15 02:15:24.869 UTC [543] DETAIL:  parameters: $1 = '1'
2022-04-15 02:15:24.870 UTC [543] LOG:  statement: DEALLOCATE pdo_stmt_00000003
2022-04-15 02:16:47.679 UTC [545] LOG:  execute pdo_stmt_00000001: SELECT CASE WHEN COUNT(*) > 0 THEN 1 ELSE 0 END FROM information_schema.tables WHERE table_schema = 'public' AND table_name='users'
2022-04-15 02:16:47.680 UTC [545] LOG:  statement: DEALLOCATE pdo_stmt_00000001
2022-04-15 02:16:47.723 UTC [545] LOG:  execute pdo_stmt_00000002: SELECT DISTINCT c.column_name AS Field, c.data_type AS Type, c.character_maximum_length AS Size, c.numeric_precision AS NumericSize, c.numeric_scale AS NumericScale, c.is_nullable AS Null, CASE WHEN pkc.column_name NOTNULL THEN 'PRI' ELSE '' END AS Key, CASE WHEN c.data_type LIKE '%int%' AND c.column_default LIKE '%nextval%' THEN 'auto_increment' ELSE '' END AS Extra, c.ordinal_position AS Position, c.column_default FROM information_schema.columns c LEFT JOIN ( SELECT kcu.column_name, kcu.table_name, kcu.table_schema FROM information_schema.table_constraints tc INNER JOIN information_schema.key_column_usage kcu on (kcu.constraint_name = tc.constraint_name and kcu.table_name=tc.table_name and kcu.table_schema=tc.table_schema) WHERE tc.constraint_type='PRIMARY KEY') pkc ON (c.column_name=pkc.column_name AND c.table_schema = pkc.table_schema AND c.table_name=pkc.table_name) WHERE c.table_schema='public' AND c.table_name='users' ORDER BY c.ordinal_position
2022-04-15 02:16:47.727 UTC [545] LOG:  statement: DEALLOCATE pdo_stmt_00000002
2022-04-15 02:16:47.733 UTC [545] LOG:  execute pdo_stmt_00000003: SELECT "users"."id", "users"."firstname", "users"."lastname", "users"."email", "users"."password" FROM "public"."users" WHERE "users"."id" = '56' LIMIT $1
2022-04-15 02:16:47.733 UTC [545] DETAIL:  parameters: $1 = '1'
2022-04-15 02:16:47.735 UTC [545] LOG:  statement: DEALLOCATE pdo_stmt_00000003
2022-04-15 02:17:13.161 UTC [547] LOG:  execute pdo_stmt_00000001: SELECT CASE WHEN COUNT(*) > 0 THEN 1 ELSE 0 END FROM information_schema.tables WHERE table_schema = 'public' AND table_name='users'
2022-04-15 02:17:13.162 UTC [547] LOG:  statement: DEALLOCATE pdo_stmt_00000001
2022-04-15 02:17:13.200 UTC [547] LOG:  execute pdo_stmt_00000002: SELECT DISTINCT c.column_name AS Field, c.data_type AS Type, c.character_maximum_length AS Size, c.numeric_precision AS NumericSize, c.numeric_scale AS NumericScale, c.is_nullable AS Null, CASE WHEN pkc.column_name NOTNULL THEN 'PRI' ELSE '' END AS Key, CASE WHEN c.data_type LIKE '%int%' AND c.column_default LIKE '%nextval%' THEN 'auto_increment' ELSE '' END AS Extra, c.ordinal_position AS Position, c.column_default FROM information_schema.columns c LEFT JOIN ( SELECT kcu.column_name, kcu.table_name, kcu.table_schema FROM information_schema.table_constraints tc INNER JOIN information_schema.key_column_usage kcu on (kcu.constraint_name = tc.constraint_name and kcu.table_name=tc.table_name and kcu.table_schema=tc.table_schema) WHERE tc.constraint_type='PRIMARY KEY') pkc ON (c.column_name=pkc.column_name AND c.table_schema = pkc.table_schema AND c.table_name=pkc.table_name) WHERE c.table_schema='public' AND c.table_name='users' ORDER BY c.ordinal_position
2022-04-15 02:17:13.203 UTC [547] LOG:  statement: DEALLOCATE pdo_stmt_00000002
2022-04-15 02:17:13.208 UTC [547] LOG:  execute pdo_stmt_00000003: SELECT "users"."id", "users"."firstname", "users"."lastname", "users"."email", "users"."password" FROM "public"."users" WHERE "users"."id" = '56' LIMIT $1
2022-04-15 02:17:13.208 UTC [547] DETAIL:  parameters: $1 = '1'
2022-04-15 02:17:13.209 UTC [547] LOG:  statement: DEALLOCATE pdo_stmt_00000003
2022-04-15 02:18:09.719 UTC [549] LOG:  execute pdo_stmt_00000001: SELECT CASE WHEN COUNT(*) > 0 THEN 1 ELSE 0 END FROM information_schema.tables WHERE table_schema = 'public' AND table_name='users'
2022-04-15 02:18:09.720 UTC [549] LOG:  statement: DEALLOCATE pdo_stmt_00000001
2022-04-15 02:18:09.759 UTC [549] LOG:  execute pdo_stmt_00000002: SELECT DISTINCT c.column_name AS Field, c.data_type AS Type, c.character_maximum_length AS Size, c.numeric_precision AS NumericSize, c.numeric_scale AS NumericScale, c.is_nullable AS Null, CASE WHEN pkc.column_name NOTNULL THEN 'PRI' ELSE '' END AS Key, CASE WHEN c.data_type LIKE '%int%' AND c.column_default LIKE '%nextval%' THEN 'auto_increment' ELSE '' END AS Extra, c.ordinal_position AS Position, c.column_default FROM information_schema.columns c LEFT JOIN ( SELECT kcu.column_name, kcu.table_name, kcu.table_schema FROM information_schema.table_constraints tc INNER JOIN information_schema.key_column_usage kcu on (kcu.constraint_name = tc.constraint_name and kcu.table_name=tc.table_name and kcu.table_schema=tc.table_schema) WHERE tc.constraint_type='PRIMARY KEY') pkc ON (c.column_name=pkc.column_name AND c.table_schema = pkc.table_schema AND c.table_name=pkc.table_name) WHERE c.table_schema='public' AND c.table_name='users' ORDER BY c.ordinal_position
2022-04-15 02:18:09.762 UTC [549] LOG:  statement: DEALLOCATE pdo_stmt_00000002
2022-04-15 02:18:09.768 UTC [549] LOG:  execute pdo_stmt_00000003: SELECT "users"."id", "users"."firstname", "users"."lastname", "users"."email", "users"."password" FROM "public"."users" WHERE "users"."id" = 1 LIMIT $1
2022-04-15 02:18:09.768 UTC [549] DETAIL:  parameters: $1 = '1'
2022-04-15 02:18:09.769 UTC [549] LOG:  statement: DEALLOCATE pdo_stmt_00000003
2022-04-15 02:18:21.168 UTC [550] LOG:  execute pdo_stmt_00000001: SELECT CASE WHEN COUNT(*) > 0 THEN 1 ELSE 0 END FROM information_schema.tables WHERE table_schema = 'public' AND table_name='users'
2022-04-15 02:18:21.169 UTC [550] LOG:  statement: DEALLOCATE pdo_stmt_00000001
2022-04-15 02:18:21.209 UTC [550] LOG:  execute pdo_stmt_00000002: SELECT DISTINCT c.column_name AS Field, c.data_type AS Type, c.character_maximum_length AS Size, c.numeric_precision AS NumericSize, c.numeric_scale AS NumericScale, c.is_nullable AS Null, CASE WHEN pkc.column_name NOTNULL THEN 'PRI' ELSE '' END AS Key, CASE WHEN c.data_type LIKE '%int%' AND c.column_default LIKE '%nextval%' THEN 'auto_increment' ELSE '' END AS Extra, c.ordinal_position AS Position, c.column_default FROM information_schema.columns c LEFT JOIN ( SELECT kcu.column_name, kcu.table_name, kcu.table_schema FROM information_schema.table_constraints tc INNER JOIN information_schema.key_column_usage kcu on (kcu.constraint_name = tc.constraint_name and kcu.table_name=tc.table_name and kcu.table_schema=tc.table_schema) WHERE tc.constraint_type='PRIMARY KEY') pkc ON (c.column_name=pkc.column_name AND c.table_schema = pkc.table_schema AND c.table_name=pkc.table_name) WHERE c.table_schema='public' AND c.table_name='users' ORDER BY c.ordinal_position
2022-04-15 02:18:21.212 UTC [550] LOG:  statement: DEALLOCATE pdo_stmt_00000002
2022-04-15 02:18:21.219 UTC [550] LOG:  execute pdo_stmt_00000003: SELECT "users"."id", "users"."firstname", "users"."lastname", "users"."email", "users"."password" FROM "public"."users" WHERE "users"."id" = 1 LIMIT $1
2022-04-15 02:18:21.219 UTC [550] DETAIL:  parameters: $1 = '1'
2022-04-15 02:18:21.219 UTC [550] LOG:  statement: DEALLOCATE pdo_stmt_00000003
2022-04-15 02:18:27.013 UTC [551] LOG:  execute pdo_stmt_00000001: SELECT CASE WHEN COUNT(*) > 0 THEN 1 ELSE 0 END FROM information_schema.tables WHERE table_schema = 'public' AND table_name='users'
2022-04-15 02:18:27.014 UTC [551] LOG:  statement: DEALLOCATE pdo_stmt_00000001
2022-04-15 02:18:27.050 UTC [551] LOG:  execute pdo_stmt_00000002: SELECT DISTINCT c.column_name AS Field, c.data_type AS Type, c.character_maximum_length AS Size, c.numeric_precision AS NumericSize, c.numeric_scale AS NumericScale, c.is_nullable AS Null, CASE WHEN pkc.column_name NOTNULL THEN 'PRI' ELSE '' END AS Key, CASE WHEN c.data_type LIKE '%int%' AND c.column_default LIKE '%nextval%' THEN 'auto_increment' ELSE '' END AS Extra, c.ordinal_position AS Position, c.column_default FROM information_schema.columns c LEFT JOIN ( SELECT kcu.column_name, kcu.table_name, kcu.table_schema FROM information_schema.table_constraints tc INNER JOIN information_schema.key_column_usage kcu on (kcu.constraint_name = tc.constraint_name and kcu.table_name=tc.table_name and kcu.table_schema=tc.table_schema) WHERE tc.constraint_type='PRIMARY KEY') pkc ON (c.column_name=pkc.column_name AND c.table_schema = pkc.table_schema AND c.table_name=pkc.table_name) WHERE c.table_schema='public' AND c.table_name='users' ORDER BY c.ordinal_position
2022-04-15 02:18:27.054 UTC [551] LOG:  statement: DEALLOCATE pdo_stmt_00000002
2022-04-15 02:18:27.059 UTC [551] LOG:  execute pdo_stmt_00000003: SELECT "users"."id", "users"."firstname", "users"."lastname", "users"."email", "users"."password" FROM "public"."users" WHERE "users"."id" = 2 LIMIT $1
2022-04-15 02:18:27.059 UTC [551] DETAIL:  parameters: $1 = '1'
2022-04-15 02:18:27.060 UTC [551] LOG:  statement: DEALLOCATE pdo_stmt_00000003
2022-04-15 02:18:29.400 UTC [552] LOG:  execute pdo_stmt_00000001: SELECT CASE WHEN COUNT(*) > 0 THEN 1 ELSE 0 END FROM information_schema.tables WHERE table_schema = 'public' AND table_name='users'
2022-04-15 02:18:29.401 UTC [552] LOG:  statement: DEALLOCATE pdo_stmt_00000001
2022-04-15 02:18:29.437 UTC [552] LOG:  execute pdo_stmt_00000002: SELECT DISTINCT c.column_name AS Field, c.data_type AS Type, c.character_maximum_length AS Size, c.numeric_precision AS NumericSize, c.numeric_scale AS NumericScale, c.is_nullable AS Null, CASE WHEN pkc.column_name NOTNULL THEN 'PRI' ELSE '' END AS Key, CASE WHEN c.data_type LIKE '%int%' AND c.column_default LIKE '%nextval%' THEN 'auto_increment' ELSE '' END AS Extra, c.ordinal_position AS Position, c.column_default FROM information_schema.columns c LEFT JOIN ( SELECT kcu.column_name, kcu.table_name, kcu.table_schema FROM information_schema.table_constraints tc INNER JOIN information_schema.key_column_usage kcu on (kcu.constraint_name = tc.constraint_name and kcu.table_name=tc.table_name and kcu.table_schema=tc.table_schema) WHERE tc.constraint_type='PRIMARY KEY') pkc ON (c.column_name=pkc.column_name AND c.table_schema = pkc.table_schema AND c.table_name=pkc.table_name) WHERE c.table_schema='public' AND c.table_name='users' ORDER BY c.ordinal_position
2022-04-15 02:18:29.442 UTC [552] LOG:  statement: DEALLOCATE pdo_stmt_00000002
2022-04-15 02:18:29.449 UTC [552] LOG:  execute pdo_stmt_00000003: SELECT "users"."id", "users"."firstname", "users"."lastname", "users"."email", "users"."password" FROM "public"."users" WHERE "users"."id" = 3 LIMIT $1
2022-04-15 02:18:29.449 UTC [552] DETAIL:  parameters: $1 = '1'
2022-04-15 02:18:29.450 UTC [552] LOG:  statement: DEALLOCATE pdo_stmt_00000003
2022-04-15 02:18:31.358 UTC [553] LOG:  execute pdo_stmt_00000001: SELECT CASE WHEN COUNT(*) > 0 THEN 1 ELSE 0 END FROM information_schema.tables WHERE table_schema = 'public' AND table_name='users'
2022-04-15 02:18:31.359 UTC [553] LOG:  statement: DEALLOCATE pdo_stmt_00000001
2022-04-15 02:18:31.400 UTC [553] LOG:  execute pdo_stmt_00000002: SELECT DISTINCT c.column_name AS Field, c.data_type AS Type, c.character_maximum_length AS Size, c.numeric_precision AS NumericSize, c.numeric_scale AS NumericScale, c.is_nullable AS Null, CASE WHEN pkc.column_name NOTNULL THEN 'PRI' ELSE '' END AS Key, CASE WHEN c.data_type LIKE '%int%' AND c.column_default LIKE '%nextval%' THEN 'auto_increment' ELSE '' END AS Extra, c.ordinal_position AS Position, c.column_default FROM information_schema.columns c LEFT JOIN ( SELECT kcu.column_name, kcu.table_name, kcu.table_schema FROM information_schema.table_constraints tc INNER JOIN information_schema.key_column_usage kcu on (kcu.constraint_name = tc.constraint_name and kcu.table_name=tc.table_name and kcu.table_schema=tc.table_schema) WHERE tc.constraint_type='PRIMARY KEY') pkc ON (c.column_name=pkc.column_name AND c.table_schema = pkc.table_schema AND c.table_name=pkc.table_name) WHERE c.table_schema='public' AND c.table_name='users' ORDER BY c.ordinal_position
2022-04-15 02:18:31.404 UTC [553] LOG:  statement: DEALLOCATE pdo_stmt_00000002
2022-04-15 02:18:31.408 UTC [553] LOG:  execute pdo_stmt_00000003: SELECT "users"."id", "users"."firstname", "users"."lastname", "users"."email", "users"."password" FROM "public"."users" WHERE "users"."id" = 4 LIMIT $1
2022-04-15 02:18:31.408 UTC [553] DETAIL:  parameters: $1 = '1'
2022-04-15 02:18:31.409 UTC [553] LOG:  statement: DEALLOCATE pdo_stmt_00000003
2022-04-15 02:18:33.545 UTC [554] LOG:  execute pdo_stmt_00000001: SELECT CASE WHEN COUNT(*) > 0 THEN 1 ELSE 0 END FROM information_schema.tables WHERE table_schema = 'public' AND table_name='users'
2022-04-15 02:18:33.545 UTC [554] LOG:  statement: DEALLOCATE pdo_stmt_00000001
2022-04-15 02:18:33.596 UTC [554] LOG:  execute pdo_stmt_00000002: SELECT DISTINCT c.column_name AS Field, c.data_type AS Type, c.character_maximum_length AS Size, c.numeric_precision AS NumericSize, c.numeric_scale AS NumericScale, c.is_nullable AS Null, CASE WHEN pkc.column_name NOTNULL THEN 'PRI' ELSE '' END AS Key, CASE WHEN c.data_type LIKE '%int%' AND c.column_default LIKE '%nextval%' THEN 'auto_increment' ELSE '' END AS Extra, c.ordinal_position AS Position, c.column_default FROM information_schema.columns c LEFT JOIN ( SELECT kcu.column_name, kcu.table_name, kcu.table_schema FROM information_schema.table_constraints tc INNER JOIN information_schema.key_column_usage kcu on (kcu.constraint_name = tc.constraint_name and kcu.table_name=tc.table_name and kcu.table_schema=tc.table_schema) WHERE tc.constraint_type='PRIMARY KEY') pkc ON (c.column_name=pkc.column_name AND c.table_schema = pkc.table_schema AND c.table_name=pkc.table_name) WHERE c.table_schema='public' AND c.table_name='users' ORDER BY c.ordinal_position
2022-04-15 02:18:33.599 UTC [554] LOG:  statement: DEALLOCATE pdo_stmt_00000002
2022-04-15 02:18:33.604 UTC [554] LOG:  execute pdo_stmt_00000003: SELECT "users"."id", "users"."firstname", "users"."lastname", "users"."email", "users"."password" FROM "public"."users" WHERE "users"."id" = 56 LIMIT $1
2022-04-15 02:18:33.604 UTC [554] DETAIL:  parameters: $1 = '1'
2022-04-15 02:18:33.605 UTC [554] LOG:  statement: DEALLOCATE pdo_stmt_00000003
2022-04-15 02:19:08.654 UTC [556] LOG:  execute pdo_stmt_00000001: SELECT CASE WHEN COUNT(*) > 0 THEN 1 ELSE 0 END FROM information_schema.tables WHERE table_schema = 'public' AND table_name='users'
2022-04-15 02:19:08.654 UTC [556] LOG:  statement: DEALLOCATE pdo_stmt_00000001
2022-04-15 02:19:08.693 UTC [556] LOG:  execute pdo_stmt_00000002: SELECT DISTINCT c.column_name AS Field, c.data_type AS Type, c.character_maximum_length AS Size, c.numeric_precision AS NumericSize, c.numeric_scale AS NumericScale, c.is_nullable AS Null, CASE WHEN pkc.column_name NOTNULL THEN 'PRI' ELSE '' END AS Key, CASE WHEN c.data_type LIKE '%int%' AND c.column_default LIKE '%nextval%' THEN 'auto_increment' ELSE '' END AS Extra, c.ordinal_position AS Position, c.column_default FROM information_schema.columns c LEFT JOIN ( SELECT kcu.column_name, kcu.table_name, kcu.table_schema FROM information_schema.table_constraints tc INNER JOIN information_schema.key_column_usage kcu on (kcu.constraint_name = tc.constraint_name and kcu.table_name=tc.table_name and kcu.table_schema=tc.table_schema) WHERE tc.constraint_type='PRIMARY KEY') pkc ON (c.column_name=pkc.column_name AND c.table_schema = pkc.table_schema AND c.table_name=pkc.table_name) WHERE c.table_schema='public' AND c.table_name='users' ORDER BY c.ordinal_position
2022-04-15 02:19:08.698 UTC [556] LOG:  statement: DEALLOCATE pdo_stmt_00000002
2022-04-15 02:19:08.703 UTC [556] LOG:  execute pdo_stmt_00000003: SELECT "users"."id", "users"."firstname", "users"."lastname", "users"."email", "users"."password" FROM "public"."users" WHERE "users"."id" = 56 LIMIT $1
2022-04-15 02:19:08.703 UTC [556] DETAIL:  parameters: $1 = '1'
2022-04-15 02:19:08.704 UTC [556] LOG:  statement: DEALLOCATE pdo_stmt_00000003
2022-04-15 02:19:11.696 UTC [557] LOG:  execute pdo_stmt_00000001: SELECT CASE WHEN COUNT(*) > 0 THEN 1 ELSE 0 END FROM information_schema.tables WHERE table_schema = 'public' AND table_name='users'
2022-04-15 02:19:11.697 UTC [557] LOG:  statement: DEALLOCATE pdo_stmt_00000001
2022-04-15 02:19:11.737 UTC [557] LOG:  execute pdo_stmt_00000002: SELECT DISTINCT c.column_name AS Field, c.data_type AS Type, c.character_maximum_length AS Size, c.numeric_precision AS NumericSize, c.numeric_scale AS NumericScale, c.is_nullable AS Null, CASE WHEN pkc.column_name NOTNULL THEN 'PRI' ELSE '' END AS Key, CASE WHEN c.data_type LIKE '%int%' AND c.column_default LIKE '%nextval%' THEN 'auto_increment' ELSE '' END AS Extra, c.ordinal_position AS Position, c.column_default FROM information_schema.columns c LEFT JOIN ( SELECT kcu.column_name, kcu.table_name, kcu.table_schema FROM information_schema.table_constraints tc INNER JOIN information_schema.key_column_usage kcu on (kcu.constraint_name = tc.constraint_name and kcu.table_name=tc.table_name and kcu.table_schema=tc.table_schema) WHERE tc.constraint_type='PRIMARY KEY') pkc ON (c.column_name=pkc.column_name AND c.table_schema = pkc.table_schema AND c.table_name=pkc.table_name) WHERE c.table_schema='public' AND c.table_name='users' ORDER BY c.ordinal_position
2022-04-15 02:19:11.740 UTC [557] LOG:  statement: DEALLOCATE pdo_stmt_00000002
2022-04-15 02:19:11.747 UTC [557] LOG:  execute pdo_stmt_00000003: SELECT "users"."id", "users"."firstname", "users"."lastname", "users"."email", "users"."password" FROM "public"."users" WHERE "users"."id" = 1 LIMIT $1
2022-04-15 02:19:11.747 UTC [557] DETAIL:  parameters: $1 = '1'
2022-04-15 02:19:11.749 UTC [557] LOG:  statement: DEALLOCATE pdo_stmt_00000003
2022-04-15 02:19:14.261 UTC [558] LOG:  execute pdo_stmt_00000001: SELECT CASE WHEN COUNT(*) > 0 THEN 1 ELSE 0 END FROM information_schema.tables WHERE table_schema = 'public' AND table_name='users'
2022-04-15 02:19:14.262 UTC [558] LOG:  statement: DEALLOCATE pdo_stmt_00000001
2022-04-15 02:19:14.306 UTC [558] LOG:  execute pdo_stmt_00000002: SELECT DISTINCT c.column_name AS Field, c.data_type AS Type, c.character_maximum_length AS Size, c.numeric_precision AS NumericSize, c.numeric_scale AS NumericScale, c.is_nullable AS Null, CASE WHEN pkc.column_name NOTNULL THEN 'PRI' ELSE '' END AS Key, CASE WHEN c.data_type LIKE '%int%' AND c.column_default LIKE '%nextval%' THEN 'auto_increment' ELSE '' END AS Extra, c.ordinal_position AS Position, c.column_default FROM information_schema.columns c LEFT JOIN ( SELECT kcu.column_name, kcu.table_name, kcu.table_schema FROM information_schema.table_constraints tc INNER JOIN information_schema.key_column_usage kcu on (kcu.constraint_name = tc.constraint_name and kcu.table_name=tc.table_name and kcu.table_schema=tc.table_schema) WHERE tc.constraint_type='PRIMARY KEY') pkc ON (c.column_name=pkc.column_name AND c.table_schema = pkc.table_schema AND c.table_name=pkc.table_name) WHERE c.table_schema='public' AND c.table_name='users' ORDER BY c.ordinal_position
2022-04-15 02:19:14.309 UTC [558] LOG:  statement: DEALLOCATE pdo_stmt_00000002
2022-04-15 02:19:14.317 UTC [558] LOG:  execute pdo_stmt_00000003: SELECT "users"."id", "users"."firstname", "users"."lastname", "users"."email", "users"."password" FROM "public"."users" WHERE "users"."id" = 6 LIMIT $1
2022-04-15 02:19:14.317 UTC [558] DETAIL:  parameters: $1 = '1'
2022-04-15 02:19:14.319 UTC [558] LOG:  statement: DEALLOCATE pdo_stmt_00000003
2022-04-15 02:19:17.226 UTC [559] LOG:  execute pdo_stmt_00000001: SELECT CASE WHEN COUNT(*) > 0 THEN 1 ELSE 0 END FROM information_schema.tables WHERE table_schema = 'public' AND table_name='users'
2022-04-15 02:19:17.227 UTC [559] LOG:  statement: DEALLOCATE pdo_stmt_00000001
2022-04-15 02:19:17.270 UTC [559] LOG:  execute pdo_stmt_00000002: SELECT DISTINCT c.column_name AS Field, c.data_type AS Type, c.character_maximum_length AS Size, c.numeric_precision AS NumericSize, c.numeric_scale AS NumericScale, c.is_nullable AS Null, CASE WHEN pkc.column_name NOTNULL THEN 'PRI' ELSE '' END AS Key, CASE WHEN c.data_type LIKE '%int%' AND c.column_default LIKE '%nextval%' THEN 'auto_increment' ELSE '' END AS Extra, c.ordinal_position AS Position, c.column_default FROM information_schema.columns c LEFT JOIN ( SELECT kcu.column_name, kcu.table_name, kcu.table_schema FROM information_schema.table_constraints tc INNER JOIN information_schema.key_column_usage kcu on (kcu.constraint_name = tc.constraint_name and kcu.table_name=tc.table_name and kcu.table_schema=tc.table_schema) WHERE tc.constraint_type='PRIMARY KEY') pkc ON (c.column_name=pkc.column_name AND c.table_schema = pkc.table_schema AND c.table_name=pkc.table_name) WHERE c.table_schema='public' AND c.table_name='users' ORDER BY c.ordinal_position
2022-04-15 02:19:17.273 UTC [559] LOG:  statement: DEALLOCATE pdo_stmt_00000002
2022-04-15 02:19:17.278 UTC [559] LOG:  execute pdo_stmt_00000003: SELECT "users"."id", "users"."firstname", "users"."lastname", "users"."email", "users"."password" FROM "public"."users" WHERE "users"."id" = 87 LIMIT $1
2022-04-15 02:19:17.278 UTC [559] DETAIL:  parameters: $1 = '1'
2022-04-15 02:19:17.279 UTC [559] LOG:  statement: DEALLOCATE pdo_stmt_00000003
2022-04-15 02:19:19.626 UTC [560] LOG:  execute pdo_stmt_00000001: SELECT CASE WHEN COUNT(*) > 0 THEN 1 ELSE 0 END FROM information_schema.tables WHERE table_schema = 'public' AND table_name='users'
2022-04-15 02:19:19.627 UTC [560] LOG:  statement: DEALLOCATE pdo_stmt_00000001
2022-04-15 02:19:19.670 UTC [560] LOG:  execute pdo_stmt_00000002: SELECT DISTINCT c.column_name AS Field, c.data_type AS Type, c.character_maximum_length AS Size, c.numeric_precision AS NumericSize, c.numeric_scale AS NumericScale, c.is_nullable AS Null, CASE WHEN pkc.column_name NOTNULL THEN 'PRI' ELSE '' END AS Key, CASE WHEN c.data_type LIKE '%int%' AND c.column_default LIKE '%nextval%' THEN 'auto_increment' ELSE '' END AS Extra, c.ordinal_position AS Position, c.column_default FROM information_schema.columns c LEFT JOIN ( SELECT kcu.column_name, kcu.table_name, kcu.table_schema FROM information_schema.table_constraints tc INNER JOIN information_schema.key_column_usage kcu on (kcu.constraint_name = tc.constraint_name and kcu.table_name=tc.table_name and kcu.table_schema=tc.table_schema) WHERE tc.constraint_type='PRIMARY KEY') pkc ON (c.column_name=pkc.column_name AND c.table_schema = pkc.table_schema AND c.table_name=pkc.table_name) WHERE c.table_schema='public' AND c.table_name='users' ORDER BY c.ordinal_position
2022-04-15 02:19:19.674 UTC [560] LOG:  statement: DEALLOCATE pdo_stmt_00000002
2022-04-15 02:19:19.681 UTC [560] LOG:  execute pdo_stmt_00000003: SELECT "users"."id", "users"."firstname", "users"."lastname", "users"."email", "users"."password" FROM "public"."users" WHERE "users"."id" = 1 LIMIT $1
2022-04-15 02:19:19.681 UTC [560] DETAIL:  parameters: $1 = '1'
2022-04-15 02:19:19.682 UTC [560] LOG:  statement: DEALLOCATE pdo_stmt_00000003
2022-04-15 02:19:59.268 UTC [562] LOG:  execute pdo_stmt_00000001: SELECT CASE WHEN COUNT(*) > 0 THEN 1 ELSE 0 END FROM information_schema.tables WHERE table_schema = 'public' AND table_name='users'
2022-04-15 02:19:59.269 UTC [562] LOG:  statement: DEALLOCATE pdo_stmt_00000001
2022-04-15 02:19:59.313 UTC [562] LOG:  execute pdo_stmt_00000002: SELECT DISTINCT c.column_name AS Field, c.data_type AS Type, c.character_maximum_length AS Size, c.numeric_precision AS NumericSize, c.numeric_scale AS NumericScale, c.is_nullable AS Null, CASE WHEN pkc.column_name NOTNULL THEN 'PRI' ELSE '' END AS Key, CASE WHEN c.data_type LIKE '%int%' AND c.column_default LIKE '%nextval%' THEN 'auto_increment' ELSE '' END AS Extra, c.ordinal_position AS Position, c.column_default FROM information_schema.columns c LEFT JOIN ( SELECT kcu.column_name, kcu.table_name, kcu.table_schema FROM information_schema.table_constraints tc INNER JOIN information_schema.key_column_usage kcu on (kcu.constraint_name = tc.constraint_name and kcu.table_name=tc.table_name and kcu.table_schema=tc.table_schema) WHERE tc.constraint_type='PRIMARY KEY') pkc ON (c.column_name=pkc.column_name AND c.table_schema = pkc.table_schema AND c.table_name=pkc.table_name) WHERE c.table_schema='public' AND c.table_name='users' ORDER BY c.ordinal_position
2022-04-15 02:19:59.318 UTC [562] LOG:  statement: DEALLOCATE pdo_stmt_00000002
2022-04-15 02:19:59.325 UTC [562] LOG:  execute pdo_stmt_00000003: SELECT "users"."id", "users"."firstname", "users"."lastname", "users"."email", "users"."password" FROM "public"."users" WHERE "users"."id" = 1 LIMIT $1
2022-04-15 02:19:59.325 UTC [562] DETAIL:  parameters: $1 = '1'
2022-04-15 02:19:59.325 UTC [562] LOG:  statement: DEALLOCATE pdo_stmt_00000003
2022-04-15 02:21:32.513 UTC [564] LOG:  execute pdo_stmt_00000001: SELECT CASE WHEN COUNT(*) > 0 THEN 1 ELSE 0 END FROM information_schema.tables WHERE table_schema = 'public' AND table_name='users'
2022-04-15 02:21:32.513 UTC [564] LOG:  statement: DEALLOCATE pdo_stmt_00000001
2022-04-15 02:21:32.553 UTC [564] LOG:  execute pdo_stmt_00000002: SELECT DISTINCT c.column_name AS Field, c.data_type AS Type, c.character_maximum_length AS Size, c.numeric_precision AS NumericSize, c.numeric_scale AS NumericScale, c.is_nullable AS Null, CASE WHEN pkc.column_name NOTNULL THEN 'PRI' ELSE '' END AS Key, CASE WHEN c.data_type LIKE '%int%' AND c.column_default LIKE '%nextval%' THEN 'auto_increment' ELSE '' END AS Extra, c.ordinal_position AS Position, c.column_default FROM information_schema.columns c LEFT JOIN ( SELECT kcu.column_name, kcu.table_name, kcu.table_schema FROM information_schema.table_constraints tc INNER JOIN information_schema.key_column_usage kcu on (kcu.constraint_name = tc.constraint_name and kcu.table_name=tc.table_name and kcu.table_schema=tc.table_schema) WHERE tc.constraint_type='PRIMARY KEY') pkc ON (c.column_name=pkc.column_name AND c.table_schema = pkc.table_schema AND c.table_name=pkc.table_name) WHERE c.table_schema='public' AND c.table_name='users' ORDER BY c.ordinal_position
2022-04-15 02:21:32.556 UTC [564] LOG:  statement: DEALLOCATE pdo_stmt_00000002
2022-04-15 02:21:32.560 UTC [564] LOG:  execute pdo_stmt_00000003: SELECT "users"."id", "users"."firstname", "users"."lastname", "users"."email", "users"."password" FROM "public"."users"
2022-04-15 02:21:32.567 UTC [564] LOG:  statement: DEALLOCATE pdo_stmt_00000003
2022-04-15 02:22:13.270 UTC [566] LOG:  execute pdo_stmt_00000001: SELECT CASE WHEN COUNT(*) > 0 THEN 1 ELSE 0 END FROM information_schema.tables WHERE table_schema = 'public' AND table_name='users'
2022-04-15 02:22:13.270 UTC [566] LOG:  statement: DEALLOCATE pdo_stmt_00000001
2022-04-15 02:22:13.305 UTC [566] LOG:  execute pdo_stmt_00000002: SELECT DISTINCT c.column_name AS Field, c.data_type AS Type, c.character_maximum_length AS Size, c.numeric_precision AS NumericSize, c.numeric_scale AS NumericScale, c.is_nullable AS Null, CASE WHEN pkc.column_name NOTNULL THEN 'PRI' ELSE '' END AS Key, CASE WHEN c.data_type LIKE '%int%' AND c.column_default LIKE '%nextval%' THEN 'auto_increment' ELSE '' END AS Extra, c.ordinal_position AS Position, c.column_default FROM information_schema.columns c LEFT JOIN ( SELECT kcu.column_name, kcu.table_name, kcu.table_schema FROM information_schema.table_constraints tc INNER JOIN information_schema.key_column_usage kcu on (kcu.constraint_name = tc.constraint_name and kcu.table_name=tc.table_name and kcu.table_schema=tc.table_schema) WHERE tc.constraint_type='PRIMARY KEY') pkc ON (c.column_name=pkc.column_name AND c.table_schema = pkc.table_schema AND c.table_name=pkc.table_name) WHERE c.table_schema='public' AND c.table_name='users' ORDER BY c.ordinal_position
2022-04-15 02:22:13.309 UTC [566] LOG:  statement: DEALLOCATE pdo_stmt_00000002
2022-04-15 02:22:13.313 UTC [566] LOG:  execute pdo_stmt_00000003: SELECT "users"."id", "users"."firstname", "users"."lastname", "users"."email", "users"."password" FROM "public"."users"
2022-04-15 02:22:13.327 UTC [566] LOG:  statement: DEALLOCATE pdo_stmt_00000003
2022-04-15 02:23:43.342 UTC [568] LOG:  execute pdo_stmt_00000001: SELECT CASE WHEN COUNT(*) > 0 THEN 1 ELSE 0 END FROM information_schema.tables WHERE table_schema = 'public' AND table_name='users'
2022-04-15 02:23:43.343 UTC [568] LOG:  statement: DEALLOCATE pdo_stmt_00000001
2022-04-15 02:23:43.378 UTC [568] LOG:  execute pdo_stmt_00000002: SELECT DISTINCT c.column_name AS Field, c.data_type AS Type, c.character_maximum_length AS Size, c.numeric_precision AS NumericSize, c.numeric_scale AS NumericScale, c.is_nullable AS Null, CASE WHEN pkc.column_name NOTNULL THEN 'PRI' ELSE '' END AS Key, CASE WHEN c.data_type LIKE '%int%' AND c.column_default LIKE '%nextval%' THEN 'auto_increment' ELSE '' END AS Extra, c.ordinal_position AS Position, c.column_default FROM information_schema.columns c LEFT JOIN ( SELECT kcu.column_name, kcu.table_name, kcu.table_schema FROM information_schema.table_constraints tc INNER JOIN information_schema.key_column_usage kcu on (kcu.constraint_name = tc.constraint_name and kcu.table_name=tc.table_name and kcu.table_schema=tc.table_schema) WHERE tc.constraint_type='PRIMARY KEY') pkc ON (c.column_name=pkc.column_name AND c.table_schema = pkc.table_schema AND c.table_name=pkc.table_name) WHERE c.table_schema='public' AND c.table_name='users' ORDER BY c.ordinal_position
2022-04-15 02:23:43.381 UTC [568] LOG:  statement: DEALLOCATE pdo_stmt_00000002
2022-04-15 02:23:43.386 UTC [568] LOG:  execute pdo_stmt_00000003: SELECT "users"."id", "users"."firstname", "users"."lastname", "users"."email", "users"."password" FROM "public"."users"
2022-04-15 02:23:43.418 UTC [568] LOG:  statement: DEALLOCATE pdo_stmt_00000003
2022-04-15 02:24:06.945 UTC [570] LOG:  execute pdo_stmt_00000001: SELECT CASE WHEN COUNT(*) > 0 THEN 1 ELSE 0 END FROM information_schema.tables WHERE table_schema = 'public' AND table_name='users'
2022-04-15 02:24:06.946 UTC [570] LOG:  statement: DEALLOCATE pdo_stmt_00000001
2022-04-15 02:24:06.983 UTC [570] LOG:  execute pdo_stmt_00000002: SELECT DISTINCT c.column_name AS Field, c.data_type AS Type, c.character_maximum_length AS Size, c.numeric_precision AS NumericSize, c.numeric_scale AS NumericScale, c.is_nullable AS Null, CASE WHEN pkc.column_name NOTNULL THEN 'PRI' ELSE '' END AS Key, CASE WHEN c.data_type LIKE '%int%' AND c.column_default LIKE '%nextval%' THEN 'auto_increment' ELSE '' END AS Extra, c.ordinal_position AS Position, c.column_default FROM information_schema.columns c LEFT JOIN ( SELECT kcu.column_name, kcu.table_name, kcu.table_schema FROM information_schema.table_constraints tc INNER JOIN information_schema.key_column_usage kcu on (kcu.constraint_name = tc.constraint_name and kcu.table_name=tc.table_name and kcu.table_schema=tc.table_schema) WHERE tc.constraint_type='PRIMARY KEY') pkc ON (c.column_name=pkc.column_name AND c.table_schema = pkc.table_schema AND c.table_name=pkc.table_name) WHERE c.table_schema='public' AND c.table_name='users' ORDER BY c.ordinal_position
2022-04-15 02:24:06.984 UTC [570] LOG:  statement: DEALLOCATE pdo_stmt_00000002
2022-04-15 02:24:06.992 UTC [570] LOG:  execute pdo_stmt_00000003: SELECT "users"."id", "users"."firstname", "users"."lastname", "users"."email", "users"."password" FROM "public"."users"
2022-04-15 02:24:07.010 UTC [570] LOG:  statement: DEALLOCATE pdo_stmt_00000003
2022-04-15 02:24:08.156 UTC [571] LOG:  execute pdo_stmt_00000001: SELECT CASE WHEN COUNT(*) > 0 THEN 1 ELSE 0 END FROM information_schema.tables WHERE table_schema = 'public' AND table_name='users'
2022-04-15 02:24:08.157 UTC [571] LOG:  statement: DEALLOCATE pdo_stmt_00000001
2022-04-15 02:24:08.214 UTC [571] LOG:  execute pdo_stmt_00000002: SELECT DISTINCT c.column_name AS Field, c.data_type AS Type, c.character_maximum_length AS Size, c.numeric_precision AS NumericSize, c.numeric_scale AS NumericScale, c.is_nullable AS Null, CASE WHEN pkc.column_name NOTNULL THEN 'PRI' ELSE '' END AS Key, CASE WHEN c.data_type LIKE '%int%' AND c.column_default LIKE '%nextval%' THEN 'auto_increment' ELSE '' END AS Extra, c.ordinal_position AS Position, c.column_default FROM information_schema.columns c LEFT JOIN ( SELECT kcu.column_name, kcu.table_name, kcu.table_schema FROM information_schema.table_constraints tc INNER JOIN information_schema.key_column_usage kcu on (kcu.constraint_name = tc.constraint_name and kcu.table_name=tc.table_name and kcu.table_schema=tc.table_schema) WHERE tc.constraint_type='PRIMARY KEY') pkc ON (c.column_name=pkc.column_name AND c.table_schema = pkc.table_schema AND c.table_name=pkc.table_name) WHERE c.table_schema='public' AND c.table_name='users' ORDER BY c.ordinal_position
2022-04-15 02:24:08.218 UTC [571] LOG:  statement: DEALLOCATE pdo_stmt_00000002
2022-04-15 02:24:08.223 UTC [571] LOG:  execute pdo_stmt_00000003: SELECT "users"."id", "users"."firstname", "users"."lastname", "users"."email", "users"."password" FROM "public"."users" WHERE "users"."id" = 1 LIMIT $1
2022-04-15 02:24:08.223 UTC [571] DETAIL:  parameters: $1 = '1'
2022-04-15 02:24:08.224 UTC [571] LOG:  statement: DEALLOCATE pdo_stmt_00000003
2022-04-15 02:24:10.315 UTC [572] LOG:  execute pdo_stmt_00000001: SELECT CASE WHEN COUNT(*) > 0 THEN 1 ELSE 0 END FROM information_schema.tables WHERE table_schema = 'public' AND table_name='users'
2022-04-15 02:24:10.316 UTC [572] LOG:  statement: DEALLOCATE pdo_stmt_00000001
2022-04-15 02:24:10.356 UTC [572] LOG:  execute pdo_stmt_00000002: SELECT DISTINCT c.column_name AS Field, c.data_type AS Type, c.character_maximum_length AS Size, c.numeric_precision AS NumericSize, c.numeric_scale AS NumericScale, c.is_nullable AS Null, CASE WHEN pkc.column_name NOTNULL THEN 'PRI' ELSE '' END AS Key, CASE WHEN c.data_type LIKE '%int%' AND c.column_default LIKE '%nextval%' THEN 'auto_increment' ELSE '' END AS Extra, c.ordinal_position AS Position, c.column_default FROM information_schema.columns c LEFT JOIN ( SELECT kcu.column_name, kcu.table_name, kcu.table_schema FROM information_schema.table_constraints tc INNER JOIN information_schema.key_column_usage kcu on (kcu.constraint_name = tc.constraint_name and kcu.table_name=tc.table_name and kcu.table_schema=tc.table_schema) WHERE tc.constraint_type='PRIMARY KEY') pkc ON (c.column_name=pkc.column_name AND c.table_schema = pkc.table_schema AND c.table_name=pkc.table_name) WHERE c.table_schema='public' AND c.table_name='users' ORDER BY c.ordinal_position
2022-04-15 02:24:10.359 UTC [572] LOG:  statement: DEALLOCATE pdo_stmt_00000002
2022-04-15 02:24:10.365 UTC [572] LOG:  execute pdo_stmt_00000003: SELECT "users"."id", "users"."firstname", "users"."lastname", "users"."email", "users"."password" FROM "public"."users" WHERE "users"."id" = 3 LIMIT $1
2022-04-15 02:24:10.365 UTC [572] DETAIL:  parameters: $1 = '1'
2022-04-15 02:24:10.366 UTC [572] LOG:  statement: DEALLOCATE pdo_stmt_00000003
2022-04-15 02:24:12.687 UTC [573] LOG:  execute pdo_stmt_00000001: SELECT CASE WHEN COUNT(*) > 0 THEN 1 ELSE 0 END FROM information_schema.tables WHERE table_schema = 'public' AND table_name='users'
2022-04-15 02:24:12.688 UTC [573] LOG:  statement: DEALLOCATE pdo_stmt_00000001
2022-04-15 02:24:12.724 UTC [573] LOG:  execute pdo_stmt_00000002: SELECT DISTINCT c.column_name AS Field, c.data_type AS Type, c.character_maximum_length AS Size, c.numeric_precision AS NumericSize, c.numeric_scale AS NumericScale, c.is_nullable AS Null, CASE WHEN pkc.column_name NOTNULL THEN 'PRI' ELSE '' END AS Key, CASE WHEN c.data_type LIKE '%int%' AND c.column_default LIKE '%nextval%' THEN 'auto_increment' ELSE '' END AS Extra, c.ordinal_position AS Position, c.column_default FROM information_schema.columns c LEFT JOIN ( SELECT kcu.column_name, kcu.table_name, kcu.table_schema FROM information_schema.table_constraints tc INNER JOIN information_schema.key_column_usage kcu on (kcu.constraint_name = tc.constraint_name and kcu.table_name=tc.table_name and kcu.table_schema=tc.table_schema) WHERE tc.constraint_type='PRIMARY KEY') pkc ON (c.column_name=pkc.column_name AND c.table_schema = pkc.table_schema AND c.table_name=pkc.table_name) WHERE c.table_schema='public' AND c.table_name='users' ORDER BY c.ordinal_position
2022-04-15 02:24:12.727 UTC [573] LOG:  statement: DEALLOCATE pdo_stmt_00000002
2022-04-15 02:24:12.732 UTC [573] LOG:  execute pdo_stmt_00000003: SELECT "users"."id", "users"."firstname", "users"."lastname", "users"."email", "users"."password" FROM "public"."users" WHERE "users"."id" = 2 LIMIT $1
2022-04-15 02:24:12.732 UTC [573] DETAIL:  parameters: $1 = '1'
2022-04-15 02:24:12.732 UTC [573] LOG:  statement: DEALLOCATE pdo_stmt_00000003
2022-04-15 02:24:14.614 UTC [574] LOG:  execute pdo_stmt_00000001: SELECT CASE WHEN COUNT(*) > 0 THEN 1 ELSE 0 END FROM information_schema.tables WHERE table_schema = 'public' AND table_name='users'
2022-04-15 02:24:14.615 UTC [574] LOG:  statement: DEALLOCATE pdo_stmt_00000001
2022-04-15 02:24:14.656 UTC [574] LOG:  execute pdo_stmt_00000002: SELECT DISTINCT c.column_name AS Field, c.data_type AS Type, c.character_maximum_length AS Size, c.numeric_precision AS NumericSize, c.numeric_scale AS NumericScale, c.is_nullable AS Null, CASE WHEN pkc.column_name NOTNULL THEN 'PRI' ELSE '' END AS Key, CASE WHEN c.data_type LIKE '%int%' AND c.column_default LIKE '%nextval%' THEN 'auto_increment' ELSE '' END AS Extra, c.ordinal_position AS Position, c.column_default FROM information_schema.columns c LEFT JOIN ( SELECT kcu.column_name, kcu.table_name, kcu.table_schema FROM information_schema.table_constraints tc INNER JOIN information_schema.key_column_usage kcu on (kcu.constraint_name = tc.constraint_name and kcu.table_name=tc.table_name and kcu.table_schema=tc.table_schema) WHERE tc.constraint_type='PRIMARY KEY') pkc ON (c.column_name=pkc.column_name AND c.table_schema = pkc.table_schema AND c.table_name=pkc.table_name) WHERE c.table_schema='public' AND c.table_name='users' ORDER BY c.ordinal_position
2022-04-15 02:24:14.660 UTC [574] LOG:  statement: DEALLOCATE pdo_stmt_00000002
2022-04-15 02:24:14.669 UTC [574] LOG:  execute pdo_stmt_00000003: SELECT "users"."id", "users"."firstname", "users"."lastname", "users"."email", "users"."password" FROM "public"."users" WHERE "users"."id" = 1 LIMIT $1
2022-04-15 02:24:14.669 UTC [574] DETAIL:  parameters: $1 = '1'
2022-04-15 02:24:14.669 UTC [574] LOG:  statement: DEALLOCATE pdo_stmt_00000003
2022-04-15 02:24:16.378 UTC [575] LOG:  execute pdo_stmt_00000001: SELECT CASE WHEN COUNT(*) > 0 THEN 1 ELSE 0 END FROM information_schema.tables WHERE table_schema = 'public' AND table_name='users'
2022-04-15 02:24:16.379 UTC [575] LOG:  statement: DEALLOCATE pdo_stmt_00000001
2022-04-15 02:24:16.420 UTC [575] LOG:  execute pdo_stmt_00000002: SELECT DISTINCT c.column_name AS Field, c.data_type AS Type, c.character_maximum_length AS Size, c.numeric_precision AS NumericSize, c.numeric_scale AS NumericScale, c.is_nullable AS Null, CASE WHEN pkc.column_name NOTNULL THEN 'PRI' ELSE '' END AS Key, CASE WHEN c.data_type LIKE '%int%' AND c.column_default LIKE '%nextval%' THEN 'auto_increment' ELSE '' END AS Extra, c.ordinal_position AS Position, c.column_default FROM information_schema.columns c LEFT JOIN ( SELECT kcu.column_name, kcu.table_name, kcu.table_schema FROM information_schema.table_constraints tc INNER JOIN information_schema.key_column_usage kcu on (kcu.constraint_name = tc.constraint_name and kcu.table_name=tc.table_name and kcu.table_schema=tc.table_schema) WHERE tc.constraint_type='PRIMARY KEY') pkc ON (c.column_name=pkc.column_name AND c.table_schema = pkc.table_schema AND c.table_name=pkc.table_name) WHERE c.table_schema='public' AND c.table_name='users' ORDER BY c.ordinal_position
2022-04-15 02:24:16.423 UTC [575] LOG:  statement: DEALLOCATE pdo_stmt_00000002
2022-04-15 02:24:16.430 UTC [575] LOG:  execute pdo_stmt_00000003: SELECT "users"."id", "users"."firstname", "users"."lastname", "users"."email", "users"."password" FROM "public"."users" WHERE "users"."id" = 3 LIMIT $1
2022-04-15 02:24:16.430 UTC [575] DETAIL:  parameters: $1 = '1'
2022-04-15 02:24:16.431 UTC [575] LOG:  statement: DEALLOCATE pdo_stmt_00000003
2022-04-15 02:24:18.273 UTC [576] LOG:  execute pdo_stmt_00000001: SELECT CASE WHEN COUNT(*) > 0 THEN 1 ELSE 0 END FROM information_schema.tables WHERE table_schema = 'public' AND table_name='users'
2022-04-15 02:24:18.274 UTC [576] LOG:  statement: DEALLOCATE pdo_stmt_00000001
2022-04-15 02:24:18.313 UTC [576] LOG:  execute pdo_stmt_00000002: SELECT DISTINCT c.column_name AS Field, c.data_type AS Type, c.character_maximum_length AS Size, c.numeric_precision AS NumericSize, c.numeric_scale AS NumericScale, c.is_nullable AS Null, CASE WHEN pkc.column_name NOTNULL THEN 'PRI' ELSE '' END AS Key, CASE WHEN c.data_type LIKE '%int%' AND c.column_default LIKE '%nextval%' THEN 'auto_increment' ELSE '' END AS Extra, c.ordinal_position AS Position, c.column_default FROM information_schema.columns c LEFT JOIN ( SELECT kcu.column_name, kcu.table_name, kcu.table_schema FROM information_schema.table_constraints tc INNER JOIN information_schema.key_column_usage kcu on (kcu.constraint_name = tc.constraint_name and kcu.table_name=tc.table_name and kcu.table_schema=tc.table_schema) WHERE tc.constraint_type='PRIMARY KEY') pkc ON (c.column_name=pkc.column_name AND c.table_schema = pkc.table_schema AND c.table_name=pkc.table_name) WHERE c.table_schema='public' AND c.table_name='users' ORDER BY c.ordinal_position
2022-04-15 02:24:18.317 UTC [576] LOG:  statement: DEALLOCATE pdo_stmt_00000002
2022-04-15 02:24:18.322 UTC [576] LOG:  execute pdo_stmt_00000003: SELECT "users"."id", "users"."firstname", "users"."lastname", "users"."email", "users"."password" FROM "public"."users" WHERE "users"."id" = 4 LIMIT $1
2022-04-15 02:24:18.322 UTC [576] DETAIL:  parameters: $1 = '1'
2022-04-15 02:24:18.322 UTC [576] LOG:  statement: DEALLOCATE pdo_stmt_00000003
2022-04-15 02:24:21.697 UTC [577] LOG:  execute pdo_stmt_00000001: SELECT CASE WHEN COUNT(*) > 0 THEN 1 ELSE 0 END FROM information_schema.tables WHERE table_schema = 'public' AND table_name='users'
2022-04-15 02:24:21.698 UTC [577] LOG:  statement: DEALLOCATE pdo_stmt_00000001
2022-04-15 02:24:21.736 UTC [577] LOG:  execute pdo_stmt_00000002: SELECT DISTINCT c.column_name AS Field, c.data_type AS Type, c.character_maximum_length AS Size, c.numeric_precision AS NumericSize, c.numeric_scale AS NumericScale, c.is_nullable AS Null, CASE WHEN pkc.column_name NOTNULL THEN 'PRI' ELSE '' END AS Key, CASE WHEN c.data_type LIKE '%int%' AND c.column_default LIKE '%nextval%' THEN 'auto_increment' ELSE '' END AS Extra, c.ordinal_position AS Position, c.column_default FROM information_schema.columns c LEFT JOIN ( SELECT kcu.column_name, kcu.table_name, kcu.table_schema FROM information_schema.table_constraints tc INNER JOIN information_schema.key_column_usage kcu on (kcu.constraint_name = tc.constraint_name and kcu.table_name=tc.table_name and kcu.table_schema=tc.table_schema) WHERE tc.constraint_type='PRIMARY KEY') pkc ON (c.column_name=pkc.column_name AND c.table_schema = pkc.table_schema AND c.table_name=pkc.table_name) WHERE c.table_schema='public' AND c.table_name='users' ORDER BY c.ordinal_position
2022-04-15 02:24:21.741 UTC [577] LOG:  statement: DEALLOCATE pdo_stmt_00000002
2022-04-15 02:24:21.746 UTC [577] LOG:  execute pdo_stmt_00000003: SELECT "users"."id", "users"."firstname", "users"."lastname", "users"."email", "users"."password" FROM "public"."users" WHERE "users"."id" = 6 LIMIT $1
2022-04-15 02:24:21.746 UTC [577] DETAIL:  parameters: $1 = '1'
2022-04-15 02:24:21.747 UTC [577] LOG:  statement: DEALLOCATE pdo_stmt_00000003
2022-04-15 02:24:39.650 UTC [578] LOG:  execute pdo_stmt_00000001: SELECT CASE WHEN COUNT(*) > 0 THEN 1 ELSE 0 END FROM information_schema.tables WHERE table_schema = 'public' AND table_name='users'
2022-04-15 02:24:39.651 UTC [578] LOG:  statement: DEALLOCATE pdo_stmt_00000001
2022-04-15 02:24:39.692 UTC [578] LOG:  execute pdo_stmt_00000002: SELECT DISTINCT c.column_name AS Field, c.data_type AS Type, c.character_maximum_length AS Size, c.numeric_precision AS NumericSize, c.numeric_scale AS NumericScale, c.is_nullable AS Null, CASE WHEN pkc.column_name NOTNULL THEN 'PRI' ELSE '' END AS Key, CASE WHEN c.data_type LIKE '%int%' AND c.column_default LIKE '%nextval%' THEN 'auto_increment' ELSE '' END AS Extra, c.ordinal_position AS Position, c.column_default FROM information_schema.columns c LEFT JOIN ( SELECT kcu.column_name, kcu.table_name, kcu.table_schema FROM information_schema.table_constraints tc INNER JOIN information_schema.key_column_usage kcu on (kcu.constraint_name = tc.constraint_name and kcu.table_name=tc.table_name and kcu.table_schema=tc.table_schema) WHERE tc.constraint_type='PRIMARY KEY') pkc ON (c.column_name=pkc.column_name AND c.table_schema = pkc.table_schema AND c.table_name=pkc.table_name) WHERE c.table_schema='public' AND c.table_name='users' ORDER BY c.ordinal_position
2022-04-15 02:24:39.695 UTC [578] LOG:  statement: DEALLOCATE pdo_stmt_00000002
2022-04-15 02:24:39.700 UTC [578] LOG:  execute pdo_stmt_00000003: SELECT "users"."id", "users"."firstname", "users"."lastname", "users"."email", "users"."password" FROM "public"."users" WHERE "users"."id" = 2 LIMIT $1
2022-04-15 02:24:39.700 UTC [578] DETAIL:  parameters: $1 = '1'
2022-04-15 02:24:39.701 UTC [578] LOG:  statement: DEALLOCATE pdo_stmt_00000003
2022-04-15 02:24:49.914 UTC [579] LOG:  execute pdo_stmt_00000001: SELECT CASE WHEN COUNT(*) > 0 THEN 1 ELSE 0 END FROM information_schema.tables WHERE table_schema = 'public' AND table_name='users'
2022-04-15 02:24:49.916 UTC [579] LOG:  statement: DEALLOCATE pdo_stmt_00000001
2022-04-15 02:24:49.955 UTC [579] LOG:  execute pdo_stmt_00000002: SELECT DISTINCT c.column_name AS Field, c.data_type AS Type, c.character_maximum_length AS Size, c.numeric_precision AS NumericSize, c.numeric_scale AS NumericScale, c.is_nullable AS Null, CASE WHEN pkc.column_name NOTNULL THEN 'PRI' ELSE '' END AS Key, CASE WHEN c.data_type LIKE '%int%' AND c.column_default LIKE '%nextval%' THEN 'auto_increment' ELSE '' END AS Extra, c.ordinal_position AS Position, c.column_default FROM information_schema.columns c LEFT JOIN ( SELECT kcu.column_name, kcu.table_name, kcu.table_schema FROM information_schema.table_constraints tc INNER JOIN information_schema.key_column_usage kcu on (kcu.constraint_name = tc.constraint_name and kcu.table_name=tc.table_name and kcu.table_schema=tc.table_schema) WHERE tc.constraint_type='PRIMARY KEY') pkc ON (c.column_name=pkc.column_name AND c.table_schema = pkc.table_schema AND c.table_name=pkc.table_name) WHERE c.table_schema='public' AND c.table_name='users' ORDER BY c.ordinal_position
2022-04-15 02:24:49.959 UTC [579] LOG:  statement: DEALLOCATE pdo_stmt_00000002
2022-04-15 02:24:49.964 UTC [579] LOG:  execute pdo_stmt_00000003: SELECT "users"."id", "users"."firstname", "users"."lastname", "users"."email", "users"."password" FROM "public"."users"
2022-04-15 02:24:49.975 UTC [579] LOG:  statement: DEALLOCATE pdo_stmt_00000003
2022-04-15 02:24:51.102 UTC [580] LOG:  execute pdo_stmt_00000001: SELECT CASE WHEN COUNT(*) > 0 THEN 1 ELSE 0 END FROM information_schema.tables WHERE table_schema = 'public' AND table_name='users'
2022-04-15 02:24:51.103 UTC [580] LOG:  statement: DEALLOCATE pdo_stmt_00000001
2022-04-15 02:24:51.162 UTC [580] LOG:  execute pdo_stmt_00000002: SELECT DISTINCT c.column_name AS Field, c.data_type AS Type, c.character_maximum_length AS Size, c.numeric_precision AS NumericSize, c.numeric_scale AS NumericScale, c.is_nullable AS Null, CASE WHEN pkc.column_name NOTNULL THEN 'PRI' ELSE '' END AS Key, CASE WHEN c.data_type LIKE '%int%' AND c.column_default LIKE '%nextval%' THEN 'auto_increment' ELSE '' END AS Extra, c.ordinal_position AS Position, c.column_default FROM information_schema.columns c LEFT JOIN ( SELECT kcu.column_name, kcu.table_name, kcu.table_schema FROM information_schema.table_constraints tc INNER JOIN information_schema.key_column_usage kcu on (kcu.constraint_name = tc.constraint_name and kcu.table_name=tc.table_name and kcu.table_schema=tc.table_schema) WHERE tc.constraint_type='PRIMARY KEY') pkc ON (c.column_name=pkc.column_name AND c.table_schema = pkc.table_schema AND c.table_name=pkc.table_name) WHERE c.table_schema='public' AND c.table_name='users' ORDER BY c.ordinal_position
2022-04-15 02:24:51.166 UTC [580] LOG:  statement: DEALLOCATE pdo_stmt_00000002
2022-04-15 02:24:51.175 UTC [580] LOG:  execute pdo_stmt_00000003: SELECT "users"."id", "users"."firstname", "users"."lastname", "users"."email", "users"."password" FROM "public"."users" WHERE "users"."id" = 5 LIMIT $1
2022-04-15 02:24:51.175 UTC [580] DETAIL:  parameters: $1 = '1'
2022-04-15 02:24:51.177 UTC [580] LOG:  statement: DEALLOCATE pdo_stmt_00000003
2022-04-15 02:27:11.671 UTC [584] LOG:  execute pdo_stmt_00000001: SELECT CASE WHEN COUNT(*) > 0 THEN 1 ELSE 0 END FROM information_schema.tables WHERE table_schema = 'public' AND table_name='users'
2022-04-15 02:27:11.672 UTC [584] LOG:  statement: DEALLOCATE pdo_stmt_00000001
2022-04-15 02:27:11.707 UTC [584] LOG:  execute pdo_stmt_00000002: SELECT DISTINCT c.column_name AS Field, c.data_type AS Type, c.character_maximum_length AS Size, c.numeric_precision AS NumericSize, c.numeric_scale AS NumericScale, c.is_nullable AS Null, CASE WHEN pkc.column_name NOTNULL THEN 'PRI' ELSE '' END AS Key, CASE WHEN c.data_type LIKE '%int%' AND c.column_default LIKE '%nextval%' THEN 'auto_increment' ELSE '' END AS Extra, c.ordinal_position AS Position, c.column_default FROM information_schema.columns c LEFT JOIN ( SELECT kcu.column_name, kcu.table_name, kcu.table_schema FROM information_schema.table_constraints tc INNER JOIN information_schema.key_column_usage kcu on (kcu.constraint_name = tc.constraint_name and kcu.table_name=tc.table_name and kcu.table_schema=tc.table_schema) WHERE tc.constraint_type='PRIMARY KEY') pkc ON (c.column_name=pkc.column_name AND c.table_schema = pkc.table_schema AND c.table_name=pkc.table_name) WHERE c.table_schema='public' AND c.table_name='users' ORDER BY c.ordinal_position
2022-04-15 02:27:11.709 UTC [584] LOG:  statement: DEALLOCATE pdo_stmt_00000002
2022-04-15 02:27:11.713 UTC [584] LOG:  execute pdo_stmt_00000003: SELECT "users"."id", "users"."firstname", "users"."lastname", "users"."email", "users"."password" FROM "public"."users" WHERE "users"."id" = 5 LIMIT $1
2022-04-15 02:27:11.713 UTC [584] DETAIL:  parameters: $1 = '1'
2022-04-15 02:27:11.714 UTC [584] LOG:  statement: DEALLOCATE pdo_stmt_00000003
2022-04-15 02:28:27.547 UTC [586] LOG:  execute pdo_stmt_00000001: SELECT CASE WHEN COUNT(*) > 0 THEN 1 ELSE 0 END FROM information_schema.tables WHERE table_schema = 'public' AND table_name='users'
2022-04-15 02:28:27.548 UTC [586] LOG:  statement: DEALLOCATE pdo_stmt_00000001
2022-04-15 02:28:27.587 UTC [586] LOG:  execute pdo_stmt_00000002: SELECT DISTINCT c.column_name AS Field, c.data_type AS Type, c.character_maximum_length AS Size, c.numeric_precision AS NumericSize, c.numeric_scale AS NumericScale, c.is_nullable AS Null, CASE WHEN pkc.column_name NOTNULL THEN 'PRI' ELSE '' END AS Key, CASE WHEN c.data_type LIKE '%int%' AND c.column_default LIKE '%nextval%' THEN 'auto_increment' ELSE '' END AS Extra, c.ordinal_position AS Position, c.column_default FROM information_schema.columns c LEFT JOIN ( SELECT kcu.column_name, kcu.table_name, kcu.table_schema FROM information_schema.table_constraints tc INNER JOIN information_schema.key_column_usage kcu on (kcu.constraint_name = tc.constraint_name and kcu.table_name=tc.table_name and kcu.table_schema=tc.table_schema) WHERE tc.constraint_type='PRIMARY KEY') pkc ON (c.column_name=pkc.column_name AND c.table_schema = pkc.table_schema AND c.table_name=pkc.table_name) WHERE c.table_schema='public' AND c.table_name='users' ORDER BY c.ordinal_position
2022-04-15 02:28:27.589 UTC [586] LOG:  statement: DEALLOCATE pdo_stmt_00000002
2022-04-15 02:28:27.594 UTC [586] LOG:  execute pdo_stmt_00000003: SELECT "users"."id", "users"."firstname", "users"."lastname", "users"."email", "users"."password" FROM "public"."users" WHERE "users"."email" = 'louise.doe@email.com' LIMIT $1
2022-04-15 02:28:27.594 UTC [586] DETAIL:  parameters: $1 = '1'
2022-04-15 02:28:27.595 UTC [586] LOG:  statement: DEALLOCATE pdo_stmt_00000003
2022-04-15 02:35:23.669 UTC [594] LOG:  execute pdo_stmt_00000001: SELECT CASE WHEN COUNT(*) > 0 THEN 1 ELSE 0 END FROM information_schema.tables WHERE table_schema = 'public' AND table_name='users'
2022-04-15 02:35:23.670 UTC [594] LOG:  statement: DEALLOCATE pdo_stmt_00000001
2022-04-15 02:35:23.709 UTC [594] LOG:  execute pdo_stmt_00000002: SELECT DISTINCT c.column_name AS Field, c.data_type AS Type, c.character_maximum_length AS Size, c.numeric_precision AS NumericSize, c.numeric_scale AS NumericScale, c.is_nullable AS Null, CASE WHEN pkc.column_name NOTNULL THEN 'PRI' ELSE '' END AS Key, CASE WHEN c.data_type LIKE '%int%' AND c.column_default LIKE '%nextval%' THEN 'auto_increment' ELSE '' END AS Extra, c.ordinal_position AS Position, c.column_default FROM information_schema.columns c LEFT JOIN ( SELECT kcu.column_name, kcu.table_name, kcu.table_schema FROM information_schema.table_constraints tc INNER JOIN information_schema.key_column_usage kcu on (kcu.constraint_name = tc.constraint_name and kcu.table_name=tc.table_name and kcu.table_schema=tc.table_schema) WHERE tc.constraint_type='PRIMARY KEY') pkc ON (c.column_name=pkc.column_name AND c.table_schema = pkc.table_schema AND c.table_name=pkc.table_name) WHERE c.table_schema='public' AND c.table_name='users' ORDER BY c.ordinal_position
2022-04-15 02:35:23.712 UTC [594] LOG:  statement: DEALLOCATE pdo_stmt_00000002
2022-04-15 02:35:23.717 UTC [594] LOG:  execute pdo_stmt_00000003: SELECT "users"."id", "users"."firstname", "users"."lastname", "users"."email", "users"."password" FROM "public"."users" WHERE "users"."id" = 1 LIMIT $1
2022-04-15 02:35:23.717 UTC [594] DETAIL:  parameters: $1 = '1'
2022-04-15 02:35:23.718 UTC [594] LOG:  statement: DEALLOCATE pdo_stmt_00000003
2022-04-15 02:35:48.728 UTC [595] LOG:  execute pdo_stmt_00000001: SELECT CASE WHEN COUNT(*) > 0 THEN 1 ELSE 0 END FROM information_schema.tables WHERE table_schema = 'public' AND table_name='users'
2022-04-15 02:35:48.729 UTC [595] LOG:  statement: DEALLOCATE pdo_stmt_00000001
2022-04-15 02:35:48.767 UTC [595] LOG:  execute pdo_stmt_00000002: SELECT DISTINCT c.column_name AS Field, c.data_type AS Type, c.character_maximum_length AS Size, c.numeric_precision AS NumericSize, c.numeric_scale AS NumericScale, c.is_nullable AS Null, CASE WHEN pkc.column_name NOTNULL THEN 'PRI' ELSE '' END AS Key, CASE WHEN c.data_type LIKE '%int%' AND c.column_default LIKE '%nextval%' THEN 'auto_increment' ELSE '' END AS Extra, c.ordinal_position AS Position, c.column_default FROM information_schema.columns c LEFT JOIN ( SELECT kcu.column_name, kcu.table_name, kcu.table_schema FROM information_schema.table_constraints tc INNER JOIN information_schema.key_column_usage kcu on (kcu.constraint_name = tc.constraint_name and kcu.table_name=tc.table_name and kcu.table_schema=tc.table_schema) WHERE tc.constraint_type='PRIMARY KEY') pkc ON (c.column_name=pkc.column_name AND c.table_schema = pkc.table_schema AND c.table_name=pkc.table_name) WHERE c.table_schema='public' AND c.table_name='users' ORDER BY c.ordinal_position
2022-04-15 02:35:48.771 UTC [595] LOG:  statement: DEALLOCATE pdo_stmt_00000002
2022-04-15 02:35:51.300 UTC [596] LOG:  execute pdo_stmt_00000001: SELECT CASE WHEN COUNT(*) > 0 THEN 1 ELSE 0 END FROM information_schema.tables WHERE table_schema = 'public' AND table_name='users'
2022-04-15 02:35:51.300 UTC [596] LOG:  statement: DEALLOCATE pdo_stmt_00000001
2022-04-15 02:35:51.344 UTC [596] LOG:  execute pdo_stmt_00000002: SELECT DISTINCT c.column_name AS Field, c.data_type AS Type, c.character_maximum_length AS Size, c.numeric_precision AS NumericSize, c.numeric_scale AS NumericScale, c.is_nullable AS Null, CASE WHEN pkc.column_name NOTNULL THEN 'PRI' ELSE '' END AS Key, CASE WHEN c.data_type LIKE '%int%' AND c.column_default LIKE '%nextval%' THEN 'auto_increment' ELSE '' END AS Extra, c.ordinal_position AS Position, c.column_default FROM information_schema.columns c LEFT JOIN ( SELECT kcu.column_name, kcu.table_name, kcu.table_schema FROM information_schema.table_constraints tc INNER JOIN information_schema.key_column_usage kcu on (kcu.constraint_name = tc.constraint_name and kcu.table_name=tc.table_name and kcu.table_schema=tc.table_schema) WHERE tc.constraint_type='PRIMARY KEY') pkc ON (c.column_name=pkc.column_name AND c.table_schema = pkc.table_schema AND c.table_name=pkc.table_name) WHERE c.table_schema='public' AND c.table_name='users' ORDER BY c.ordinal_position
2022-04-15 02:35:51.347 UTC [596] LOG:  statement: DEALLOCATE pdo_stmt_00000002
2022-04-15 02:35:51.352 UTC [596] LOG:  execute pdo_stmt_00000003: SELECT "users"."id", "users"."firstname", "users"."lastname", "users"."email", "users"."password" FROM "public"."users" WHERE "users"."id" = 90 LIMIT $1
2022-04-15 02:35:51.352 UTC [596] DETAIL:  parameters: $1 = '1'
2022-04-15 02:35:51.352 UTC [596] LOG:  statement: DEALLOCATE pdo_stmt_00000003
2022-04-15 02:35:53.943 UTC [597] LOG:  execute pdo_stmt_00000001: SELECT CASE WHEN COUNT(*) > 0 THEN 1 ELSE 0 END FROM information_schema.tables WHERE table_schema = 'public' AND table_name='users'
2022-04-15 02:35:53.944 UTC [597] LOG:  statement: DEALLOCATE pdo_stmt_00000001
2022-04-15 02:35:53.987 UTC [597] LOG:  execute pdo_stmt_00000002: SELECT DISTINCT c.column_name AS Field, c.data_type AS Type, c.character_maximum_length AS Size, c.numeric_precision AS NumericSize, c.numeric_scale AS NumericScale, c.is_nullable AS Null, CASE WHEN pkc.column_name NOTNULL THEN 'PRI' ELSE '' END AS Key, CASE WHEN c.data_type LIKE '%int%' AND c.column_default LIKE '%nextval%' THEN 'auto_increment' ELSE '' END AS Extra, c.ordinal_position AS Position, c.column_default FROM information_schema.columns c LEFT JOIN ( SELECT kcu.column_name, kcu.table_name, kcu.table_schema FROM information_schema.table_constraints tc INNER JOIN information_schema.key_column_usage kcu on (kcu.constraint_name = tc.constraint_name and kcu.table_name=tc.table_name and kcu.table_schema=tc.table_schema) WHERE tc.constraint_type='PRIMARY KEY') pkc ON (c.column_name=pkc.column_name AND c.table_schema = pkc.table_schema AND c.table_name=pkc.table_name) WHERE c.table_schema='public' AND c.table_name='users' ORDER BY c.ordinal_position
2022-04-15 02:35:53.991 UTC [597] LOG:  statement: DEALLOCATE pdo_stmt_00000002
2022-04-15 02:35:53.999 UTC [597] LOG:  execute pdo_stmt_00000003: SELECT "users"."id", "users"."firstname", "users"."lastname", "users"."email", "users"."password" FROM "public"."users" WHERE "users"."id" = 4 LIMIT $1
2022-04-15 02:35:53.999 UTC [597] DETAIL:  parameters: $1 = '1'
2022-04-15 02:35:54.001 UTC [597] LOG:  statement: DEALLOCATE pdo_stmt_00000003
2022-04-15 02:46:58.251 UTC [609] LOG:  execute pdo_stmt_00000001: SELECT CASE WHEN COUNT(*) > 0 THEN 1 ELSE 0 END FROM information_schema.tables WHERE table_schema = 'public' AND table_name='users'
2022-04-15 02:46:58.252 UTC [609] LOG:  statement: DEALLOCATE pdo_stmt_00000001
2022-04-15 02:46:58.288 UTC [609] LOG:  execute pdo_stmt_00000002: SELECT DISTINCT c.column_name AS Field, c.data_type AS Type, c.character_maximum_length AS Size, c.numeric_precision AS NumericSize, c.numeric_scale AS NumericScale, c.is_nullable AS Null, CASE WHEN pkc.column_name NOTNULL THEN 'PRI' ELSE '' END AS Key, CASE WHEN c.data_type LIKE '%int%' AND c.column_default LIKE '%nextval%' THEN 'auto_increment' ELSE '' END AS Extra, c.ordinal_position AS Position, c.column_default FROM information_schema.columns c LEFT JOIN ( SELECT kcu.column_name, kcu.table_name, kcu.table_schema FROM information_schema.table_constraints tc INNER JOIN information_schema.key_column_usage kcu on (kcu.constraint_name = tc.constraint_name and kcu.table_name=tc.table_name and kcu.table_schema=tc.table_schema) WHERE tc.constraint_type='PRIMARY KEY') pkc ON (c.column_name=pkc.column_name AND c.table_schema = pkc.table_schema AND c.table_name=pkc.table_name) WHERE c.table_schema='public' AND c.table_name='users' ORDER BY c.ordinal_position
2022-04-15 02:46:58.291 UTC [609] LOG:  statement: DEALLOCATE pdo_stmt_00000002
2022-04-15 02:46:58.295 UTC [609] LOG:  execute pdo_stmt_00000003: SELECT "users"."id", "users"."firstname", "users"."lastname", "users"."email", "users"."password" FROM "public"."users" WHERE "users"."id" = 4 LIMIT $1
2022-04-15 02:46:58.295 UTC [609] DETAIL:  parameters: $1 = '1'
2022-04-15 02:46:58.296 UTC [609] LOG:  statement: DEALLOCATE pdo_stmt_00000003
2022-04-15 02:47:01.747 UTC [611] LOG:  execute pdo_stmt_00000001: SELECT CASE WHEN COUNT(*) > 0 THEN 1 ELSE 0 END FROM information_schema.tables WHERE table_schema = 'public' AND table_name='users'
2022-04-15 02:47:01.748 UTC [611] LOG:  statement: DEALLOCATE pdo_stmt_00000001
2022-04-15 02:47:01.788 UTC [611] LOG:  execute pdo_stmt_00000002: SELECT DISTINCT c.column_name AS Field, c.data_type AS Type, c.character_maximum_length AS Size, c.numeric_precision AS NumericSize, c.numeric_scale AS NumericScale, c.is_nullable AS Null, CASE WHEN pkc.column_name NOTNULL THEN 'PRI' ELSE '' END AS Key, CASE WHEN c.data_type LIKE '%int%' AND c.column_default LIKE '%nextval%' THEN 'auto_increment' ELSE '' END AS Extra, c.ordinal_position AS Position, c.column_default FROM information_schema.columns c LEFT JOIN ( SELECT kcu.column_name, kcu.table_name, kcu.table_schema FROM information_schema.table_constraints tc INNER JOIN information_schema.key_column_usage kcu on (kcu.constraint_name = tc.constraint_name and kcu.table_name=tc.table_name and kcu.table_schema=tc.table_schema) WHERE tc.constraint_type='PRIMARY KEY') pkc ON (c.column_name=pkc.column_name AND c.table_schema = pkc.table_schema AND c.table_name=pkc.table_name) WHERE c.table_schema='public' AND c.table_name='users' ORDER BY c.ordinal_position
2022-04-15 02:47:01.793 UTC [611] LOG:  statement: DEALLOCATE pdo_stmt_00000002
2022-04-15 02:47:01.798 UTC [611] LOG:  execute pdo_stmt_00000003: SELECT "users"."id", "users"."firstname", "users"."lastname", "users"."email", "users"."password" FROM "public"."users" WHERE "users"."id" = 1 LIMIT $1
2022-04-15 02:47:01.798 UTC [611] DETAIL:  parameters: $1 = '1'
2022-04-15 02:47:01.799 UTC [611] LOG:  statement: DEALLOCATE pdo_stmt_00000003
2022-04-15 02:58:01.115 UTC [622] WARNING:  could not open statistics file "pg_stat_tmp/global.stat": Operation not permitted
2022-04-15 03:48:04.455 UTC [24] WARNING:  could not open statistics file "pg_stat_tmp/global.stat": Operation not permitted
2022-04-15 04:28:48.448 UTC [1] LOG:  received smart shutdown request
2022-04-15 04:28:48.457 UTC [1] LOG:  worker process: logical replication launcher (PID 26) exited with exit code 1
